7 -12.543197 -12.135788 -10.878157 -11.681944 -11.562019 -12.761679 72.974511 -11.629709 -11.893722 -11.437725 69.983167 -12.142868 -12.146495 -12.144372
8 -0.043347 -0.676958 -1.114421 -0.112303 -0.164242 -1.368847 -0.130725 4.292116 1.406723 -0.354676 -0.212434 -1.107546 -0.659703 0.246363
9 -0.263772 -0.750017 -1.216224 -0.330217 -0.567101 -0.159380 -0.864945 -0.670013 5.085668 -0.058702 0.197721 0.068772 0.647384 -1.119174
1 37.565380 -2.999854 -2.298004 -2.980895 -2.913153 -3.696601 -3.025098 -3.099451 -2.133203 -2.856093 -3.213632 -2.158763 -3.803321 -2.387312
6 0.576180 -0.325938 0.495752 -0.263973 0.513597 2.719796 -2.027780 -0.124362 -1.204889 -0.886825 -0.211936 1.535351 -1.236903 0.441930
1 3.538727 -0.155618 -0.476640 -0.243695 -0.271960 -0.435439 -0.481423 -0.322889 0.247299 -0.234792 -0.197521 -0.330375 -0.394357 -0.241318
12 -0.534020 -0.530581 0.060132 -0.076294 0.316204 1.310380 -0.477230 -0.105014 -0.428345 -0.269366 -1.032647 1.629675 0.415274 -0.278165
5 -0.528782 0.190519 -0.481748 0.779910 1.036021 0.699317 -0.348717 -0.575922 -0.460395 0.109885 0.080063 -0.021029 -0.673324 0.194201
5 -3.446740 -2.342336 -3.995736 -2.645523 31.188242 4.081678 -4.004950 -3.473189 -3.673461 -3.137148 -4.138406 3.236575 -3.763902 -3.885103
5 -2.023177 -1.359604 -1.367761 -1.742341 21.672856 -2.601266 -1.183078 -1.974591 -1.549142 -1.371704 -1.894742 -1.529059 -1.275084 -1.801306
13 -0.062864 -0.166954 0.378119 -0.296881 -0.008636 -0.197779 0.227463 0.003047 0.011790 -0.266162 -0.598209 0.035453 0.471342 0.470271
3 0.498471 -0.375447 7.822368 -0.780474 1.519262 -0.936393 -1.617585 -0.939356 -0.702936 -0.291097 -2.214209 -0.514621 -0.150236 -1.317745
3 -0.506604 -2.214077 19.352901 -3.412724 -2.586444 -0.956414 -1.594517 -2.116988 -1.622800 -0.376056 -0.345525 -2.753367 -0.871947 0.004564
4 -0.641362 0.085790 -0.140576 1.873407 -0.430763 -0.308508 0.791447 -0.014346 -0.921160 -0.039749 0.284052 0.152888 -0.794630 0.103509
1 109.603825 -8.871029 -7.798844 -8.120870 -9.052941 -9.655476 -9.121900 -8.573632 -8.537058 -8.445170 -8.155508 -7.884176 -10.003891 -5.383329
11 -4.700047 -3.168018 -1.310045 -2.400707 -5.027862 -3.344245 -4.215252 -3.007130 -3.733208 -2.960922 43.454648 -3.110058 -2.978421 -3.498732
4 -0.304340 -0.619216 -0.780820 3.553584 -0.573087 0.650158 0.214195 -0.267010 0.010886 -0.389962 -0.592598 -0.561331 0.061447 -0.401905
12 0.775987 -0.876488 0.044107 0.756398 -0.017857 -1.883855 -1.044051 -1.533857 0.078003 0.857883 -1.240343 3.844762 -0.315618 0.554929
14 -0.443264 -0.534040 0.734135 -0.940074 -1.600630 -0.530944 -0.105072 -0.832695 -0.771949 0.227548 -1.782173 -0.454127 -1.063963 8.097249
11 -2.733119 -3.457035 -3.716313 -3.461882 -3.528021 -3.499377 -1.812454 -2.337656 -3.467604 -3.626230 40.313657 -2.642866 -3.176508 -2.854594
3 -0.899330 -1.268082 14.865503 -1.029113 -1.038980 -0.585237 -1.012821 -0.769051 -1.157322 -1.195106 -1.067340 -1.448957 -1.361486 -2.032678
12 -0.242758 0.361220 0.302580 0.029529 -0.144891 -0.757949 -0.286330 -0.382416 -1.063432 -0.108992 -0.091834 1.822069 -0.005481 0.568685
11 -0.658547 0.263169 -0.819856 -1.429612 0.634572 0.708015 0.110366 -0.953037 0.419886 0.425155 1.631621 -0.611132 -0.223419 0.502819
9 -0.799307 0.765327 -0.100182 -1.212894 -1.064763 0.222313 -0.789322 -0.158155 3.381313 0.251941 0.702687 -0.630328 -0.790441 0.221812
5 -0.173214 0.145841 0.351251 -0.097823 0.815742 -0.424633 -0.183820 0.175766 -0.264588 0.051200 -0.561858 -0.074457 -0.121103 0.361699
8 -2.218176 -0.078630 -0.562004 1.060769 0.395131 -0.728880 0.387338 3.281624 -0.214868 -0.828014 -0.593015 -0.687280 -0.468337 1.254343
14 -0.630407 1.244541 -0.916637 0.416731 -0.080007 0.201803 -0.328924 -0.408400 -1.343591 -1.270348 -1.070749 -0.166956 0.077043 4.275901
2 -1.189075 20.434928 -3.161747 -1.422309 -0.863991 -2.234935 -1.196330 -1.494465 -2.265267 -1.559685 -1.582184 -1.291475 0.169188 -2.342655
1 60.542593 -5.782186 -4.785599 -5.330596 -4.761435 -2.271346 -5.211787 -4.149158 -4.751442 -4.869260 -3.990027 -4.295685 -6.037321 -4.306749
10 -0.363678 -0.474467 0.039312 -0.302526 0.050802 -0.076087 0.187573 -0.144740 -0.332689 0.818746 0.408410 -0.013402 -0.092236 0.294981
5 -1.888729 -1.058971 -1.354543 -0.994730 20.527945 -2.319588 -1.590120 -1.464576 -1.733225 -1.575001 -1.632017 -1.603890 -1.482478 -1.830075
6 0.743640 -0.575766 -0.106112 -0.471010 -0.294474 1.905738 -0.647287 -0.016120 0.276285 -0.336410 -0.227434 -0.868764 0.250018 0.367698
6 -1.213983 -1.848636 -1.006160 -2.057109 -1.110135 9.784105 -0.815973 -0.328434 -1.390900 -1.299287 -0.974307 -0.408026 -0.822047 3.490894
14 -0.611515 0.226790 -1.253160 0.013429 2.171111 -0.661908 -0.940578 -0.216266 -1.296091 -0.641524 -1.475775 1.669462 -0.235000 3.251026
7 -6.047950 -5.688693 -6.189028 -5.858201 -6.277994 -6.378055 80.735856 -6.419614 -6.979913 -6.259376 -5.784834 -5.442493 -7.139579 -6.270124
14 -1.618213 -1.744701 -1.669621 -1.524101 -2.054772 -2.798009 -0.424228 -0.847353 -1.331779 -1.310622 -1.493063 0.269223 -1.265261 17.812502
13 -0.025367 2.823033 -0.179898 -0.157818 -0.467870 -1.230418 -0.288939 -1.156907 -0.992199 0.101737 -0.232070 -0.602978 3.734262 -1.324566
2 -4.203694 24.130671 -3.081022 -1.922934 -2.620702 -2.619919 -1.785793 -2.774802 -3.141354 -2.815578 10.380425 -2.898905 -3.499415 -3.146977
2 -1.779468 11.683495 -0.530507 0.158781 -0.556093 -0.226017 -0.435552 -1.468301 -1.570612 -1.513286 -1.029532 -0.945128 -0.897169 -0.890611
1 2.186632 -0.383315 0.644452 -0.197362 -0.170703 0.240408 0.025640 -0.291433 -1.033708 -0.310485 -0.087324 -0.186757 -0.913816 0.477772
7 -0.539463 -0.446330 -0.004699 0.184114 -1.189457 1.594691 2.117948 -0.636233 -0.401739 0.202094 -0.299465 -0.527546 0.030538 -0.084452
3 -0.680977 -1.474229 5.971413 -0.479051 -0.937743 -2.336525 -0.163444 -0.478558 -1.242103 1.192091 1.341125 0.053598 0.122011 -0.887607
13 -0.668886 -0.123354 -0.598568 -1.146565 1.182206 -1.373799 -1.096043 1.078198 -0.691660 -0.980700 -0.346373 -0.142247 5.631454 -0.723662
3 -2.964159 -3.273259 39.658402 -2.882656 -3.335463 -2.817101 -3.245341 -2.877535 -3.030831 -2.991669 -3.662544 -2.935575 -3.059304 -2.582964
6 -3.835715 -2.336696 -1.419149 -1.020427 -2.356741 22.243754 -1.518158 -1.928366 -1.643823 -2.356162 -1.057362 -1.918673 1.083181 -1.935664
12 -0.881327 -0.666531 -1.448250 -0.433135 0.500991 -0.433088 0.761415 -0.335898 0.283512 1.028679 -0.546390 3.136060 -0.915690 -0.050349
6 -0.587591 -0.079880 0.064443 0.100006 0.021657 1.478343 -0.437774 -0.462779 -0.806347 0.168247 -0.211228 0.256708 -0.691603 1.187798
13 -0.710269 -0.766863 -0.520952 0.631589 0.170219 -0.398462 -0.405335 -1.051607 -1.567876 0.740498 -0.799125 -0.548805 4.938142 0.288846
11 -1.679584 3.872564 -0.971679 -0.464228 -1.207147 -0.606619 -0.974169 -1.384600 -1.069784 -1.248052 9.670334 -0.895024 -1.801295 -1.240717
13 1.451674 -1.357030 -0.275588 0.300651 0.495457 -1.625532 -0.565633 -0.312792 0.436846 -0.608255 -0.473431 -0.586293 2.962927 0.156999
14 0.023801 -0.636037 -0.431082 -0.483170 0.031590 -1.656470 0.215630 -0.773792 -0.244060 -0.400147 -0.742571 0.059015 -0.263253 5.300545
14 -0.064826 -0.067803 -0.251011 -0.237405 0.228439 0.000000 -0.295807 -0.097111 0.000000 -0.063101 0.011339 -0.034548 -0.206118 1.077952
14 -1.121594 -1.270271 -0.499963 -1.152419 -0.750016 -0.484851 -2.049165 -0.855825 -1.190077 -1.127534 -1.069293 -0.501519 -0.304571 12.377099
11 -6.391484 -5.732968 -5.414461 -5.193909 -6.552412 -5.488969 -6.866253 -6.236886 -5.778344 -5.313864 75.909810 -4.996633 -5.688897 -6.254730
7 -0.176308 0.587027 -0.490652 0.098184 -1.366636 0.115754 3.258698 -1.013513 -0.947171 -0.519955 1.159879 -0.309170 -0.722350 0.326213
6 -0.955333 -0.828793 -0.878742 -0.589587 -0.754120 10.229824 -1.488182 -0.889197 -0.924870 -0.784973 -0.138468 0.290851 -1.367874 -0.920534
4 -5.318602 -7.032436 -5.586609 80.557245 -7.958918 -6.377794 -6.409024 -5.449047 -5.856166 -6.443817 -5.381962 -5.951005 -6.531466 -6.260401
4 -6.262325 -6.706813 -6.149778 81.462209 -6.938565 -6.490785 -5.532834 -6.061912 -6.088888 -6.326365 -5.813599 -6.287235 -6.395050 -6.408059
4 -4.418243 -3.372952 -3.692383 44.882062 -3.683386 -4.355167 -2.786493 -2.747306 -4.335922 -3.573816 -2.479263 -3.591791 -3.925075 -1.920268
7 -6.643022 -5.886616 -6.413556 -5.954281 -7.165979 -5.720896 81.779993 -6.595446 -5.431247 -6.628180 -6.824820 -5.731517 -6.657293 -6.127137
7 -8.483960 -6.405717 -7.367245 -7.601231 -7.817397 -8.841239 90.790399 -7.221983 -7.292825 -6.673777 -3.345900 -7.993691 -4.936798 -6.808632
7 1.441769 -0.976462 0.359280 0.122283 0.132456 -0.698874 2.250519 -0.807675 -0.681682 -0.567549 -0.972758 -0.068986 0.073278 0.394402
7 -6.033198 -9.905824 -7.888240 -8.247590 -9.105559 -8.940563 99.022435 -7.551335 -8.481201 -7.599672 -1.357380 -7.794078 -7.605432 -8.512360
7 -6.527358 -6.612668 -7.081820 -7.816917 -6.857590 -7.373311 81.969323 -4.677177 -6.657034 -6.443362 -5.055354 -6.790962 -5.618268 -4.457499
6 -3.987324 -2.663497 -3.344854 -3.633799 -6.222997 44.540404 -3.557579 -3.118752 -3.366869 -3.178159 -3.078194 -2.761392 -3.488816 -2.138171
9 -0.903139 -0.191676 -0.361567 -0.057813 -0.272916 -0.491720 -0.282687 -0.477215 3.985204 -1.014003 0.788569 0.024633 -0.983288 0.237619
2 -1.433856 1.435809 -0.402077 0.707063 0.298575 0.953360 -0.134250 -0.119305 -0.716758 0.233970 -0.256691 0.170159 -1.206020 0.470020
8 -0.363612 -0.324184 1.087875 -1.611728 0.555584 -0.612347 -0.571730 4.745393 0.206354 -1.344976 0.185287 -0.662497 -0.007009 -1.282409
8 -1.160269 0.590581 -1.064629 0.710260 -0.306100 -1.277780 -0.584761 3.472275 -0.004069 -0.580299 0.609249 0.014844 -0.054339 -0.364961
13 0.090176 0.538619 -0.234892 -0.151157 -1.887485 2.222124 -1.677053 -1.232084 0.313958 -0.036055 -1.192507 -1.791864 2.529346 2.508873
4 -7.209390 -5.412869 -7.065030 81.731275 -8.074054 -6.599133 -4.225380 -6.239865 -5.412429 -6.934722 -6.838678 -7.001005 -3.187224 -7.531497
4 -6.491641 -7.492023 -6.023924 81.830970 -7.404665 -6.328717 -6.907330 -5.972534 -6.234177 -5.691191 -5.909999 -6.516906 -5.073511 -5.784354
4 -6.534162 -6.650541 -6.698230 81.735522 -7.405848 -6.678683 -6.283139 -6.130485 -4.856619 -6.249371 -5.737973 -5.768348 -6.713126 -6.028999
11 -1.582597 -1.720064 -1.363975 -2.028641 -2.454588 -1.225903 -1.991990 -1.635536 -1.780001 -1.475465 22.725667 -1.555431 -1.722066 -2.189411
11 -0.655464 -0.009354 -0.847261 -0.856443 0.441376 -0.647293 2.068557 0.422930 -1.333645 -0.420367 2.187471 -0.799882 0.574804 -0.125429
3 -0.484057 -1.656256 6.790035 -1.589265 0.182748 -0.431437 -0.486960 -1.039864 0.233367 0.054167 -0.339271 0.632413 0.109252 -1.974873
4 -6.490559 -6.323538 -6.146081 81.836580 -7.916331 -6.963716 -4.803813 -6.058719 -6.480359 -6.072878 -5.472257 -6.407710 -6.362210 -6.338410
5 -3.761245 -2.339141 -2.509512 -2.288714 37.743690 -4.623965 -2.455325 -3.091994 -3.530137 -2.556953 -2.524475 -2.188335 -3.504130 -2.369762
13 -0.346345 0.409515 -1.050269 -1.063647 0.169077 1.774045 -0.341480 0.090267 0.082185 -0.721594 -0.660082 -0.950143 1.798823 0.809648
13 -0.071653 -0.216827 -0.275407 0.289455 0.044852 -0.247054 0.471791 -0.550703 -0.021788 0.227808 -0.334010 0.143458 1.089480 -0.549404
11 -3.678791 -3.391298 -3.392732 -3.927278 -4.313734 -3.521787 -3.453525 -3.205664 -3.517198 -4.256604 48.132965 -3.516339 -3.466872 -4.491143
11 -5.795321 -4.424598 -5.011473 -4.526897 -4.827616 -4.956740 -5.045555 -4.541393 -5.712799 -5.429586 65.510635 -4.771909 -5.568837 -4.897913
11 -1.633294 -1.600829 -2.206986 -0.053315 -1.469802 -0.303567 -2.337783 -1.135046 -2.423248 -2.696075 20.471186 -1.194391 -1.907050 -1.509801
6 -0.723326 0.391453 -0.355295 -0.562679 0.076915 1.842809 -0.323437 -0.005761 0.139584 -0.157909 -0.784409 -0.892735 1.116660 0.238130
1 55.026316 -3.496155 -4.309657 -5.355509 -4.126241 -4.692812 -4.691260 -3.918686 -4.834270 -4.835149 -4.493586 -4.468419 -3.941438 -1.863135
13 -0.358999 -1.178515 0.714675 -0.935336 -0.733323 -0.320573 0.122204 -1.075858 -1.531507 -0.894042 0.043815 -0.989143 6.652409 0.484193
3 0.060290 -1.448246 6.074701 1.246288 -0.949048 -1.104354 -0.942506 -1.646201 -0.039947 0.004327 -1.318853 -0.924343 -0.202729 1.190620
4 -5.981890 -6.459320 -6.526500 81.694693 -6.768081 -7.225957 -6.267521 -6.443418 -7.012891 -6.589324 -5.918220 -6.524018 -5.484029 -4.493524
4 -5.790537 -6.468059 -6.410123 81.605563 -7.075288 -6.255258 -5.828392 -6.116428 -6.865956 -6.325661 -5.559932 -6.051598 -6.987252 -5.871080
2 -2.199448 9.878510 -0.392164 0.399390 -1.112990 -1.281799 -0.764149 -1.762758 -1.559387 -0.821234 -0.114296 -0.456791 -0.645025 0.832141
4 -0.631735 0.190013 0.289075 0.698455 0.123922 -0.078038 -0.157606 -0.447715 -0.823200 0.401504 0.107339 0.500225 -0.589382 0.417143
1 0.000000 0.000000 0.000000 0.000000 0.000000 0.000000 0.000000 0.000000 0.000000 0.000000 0.000000 0.000000 0.000000 0.000000
2 -1.283387 10.672813 -0.508663 -0.284965 -0.912667 -0.570704 -1.081692 -1.293913 -1.188541 -0.655715 -0.141989 -1.112148 -1.117582 -0.520845
13 -0.560158 -0.504891 0.119374 0.430509 0.289673 -0.578571 -0.214672 -0.873558 -1.185247 0.825651 0.048953 -0.066366 2.827977 -0.558670
1 56.571671 -4.628736 -4.061533 -4.813495 -3.808083 -3.759554 -2.759295 -4.133086 -4.773398 -5.086718 -4.585992 -4.499826 -4.923408 -4.738546
7 -5.546655 -7.835175 -7.245556 -8.039364 -8.236468 -8.778292 96.902710 -9.195103 -8.545572 -7.444268 -3.128108 -7.656771 -7.135737 -8.115639
6 -8.076181 -6.340634 -5.900911 -6.192088 -7.027363 77.958841 -5.477538 -4.793241 -5.382991 -6.213198 -5.944123 -6.335919 -5.195058 -5.079594
6 0.000000 -0.035782 0.000000 0.280288 -0.303604 0.399521 0.000000 -0.018627 -0.024198 -0.006696 -0.051470 0.000000 -0.090305 -0.149127
13 -1.240421 -1.209802 -0.609548 -0.347515 0.690520 -0.880625 -1.394624 -0.522038 -0.393065 -0.459687 -0.270792 -0.964417 7.660355 -0.058341
1 59.159458 -4.718776 -4.480819 -4.457741 -4.599376 -3.800574 -4.733284 -4.741121 -3.667907 -5.274996 -3.797422 -4.493693 -5.450002 -4.943746
7 -1.001475 0.064559 0.423958 0.189656 -0.018713 -0.568143 1.318970 -0.490573 -0.850102 0.248681 0.335901 0.166795 -0.537289 0.717774
10 0.131081 -0.545658 0.252829 -0.596279 -0.880320 -1.028614 -0.313361 -0.240383 -0.086934 3.374449 0.078510 -0.518659 -0.822671 1.196011
1 1.874482 0.790856 -0.462603 0.042849 0.273295 -0.075289 -0.054753 -0.287951 -0.477435 -0.027103 -0.160126 -0.213491 -1.188896 -0.033836
8 -0.719222 -1.103651 -0.803748 -1.458800 3.460844 0.135452 -0.743933 6.451021 -2.023208 0.084700 -0.434727 -1.209432 -0.100050 -1.535246
7 -4.315073 -6.953189 -5.899720 -6.855221 -6.211204 -6.941591 79.513235 -6.070465 -6.647892 -7.701447 -6.100600 -5.983936 -2.959278 -6.873617
2 0.000000 0.399521 0.000000 -0.020222 -0.046297 -0.033074 0.000000 0.399521 -0.228197 -0.014714 -0.129205 -0.045732 -0.224678 -0.056923
11 -1.502486 -1.717711 -0.492350 -1.060730 2.375897 -0.631918 -1.100141 -0.905342 -0.685082 -0.703279 8.807768 -0.827463 -0.960777 -0.596387
10 -0.150063 -0.454235 0.112797 -0.707242 -0.206061 -0.624460 -0.288746 -0.090012 -0.213173 4.138173 -0.302714 -0.618268 -0.157829 -0.438165
14 0.189292 -0.326594 -0.388744 -0.429356 -0.336015 -0.459730 -0.477097 -0.166374 0.724481 -0.710862 -0.457461 0.366062 0.094198 2.378198
13 -0.250946 -0.099387 1.500325 -0.509111 -0.408571 -0.380056 -0.407219 -0.720627 -0.499602 -0.383961 -0.459261 -0.334014 3.351655 -0.399226
2 19.382660 32.294767 -5.026631 -4.942392 -4.689683 -3.732410 -3.939116 -4.192678 -4.550006 -4.646697 -1.872000 -4.188294 -4.189161 -5.708359
6 -0.022689 -0.144932 -0.207114 -0.318412 -0.454518 1.520232 0.054714 -0.059630 0.064580 -0.165789 -0.235597 0.142594 0.401552 -0.574991
2 -1.773875 18.086479 -1.112419 -1.772664 -1.394254 -0.916979 -1.090369 -1.777553 -0.702849 -1.016507 -1.353082 -1.619338 -2.103047 -1.453541
4 -0.546237 0.268316 0.036131 0.422900 0.179165 -0.055888 0.198341 -0.273780 -0.702258 0.048802 0.382136 0.306436 -0.637818 0.373755
4 -7.400398 -7.607410 -8.380633 80.019006 -9.624181 15.885858 -7.926026 -7.249626 -8.408602 -8.442685 -7.847691 -8.028405 -6.763600 -8.225611
1 84.008059 -6.505188 -6.458744 -6.587529 -6.598216 -6.648448 -6.470415 -6.251765 -5.925075 -6.517449 -6.330100 -6.751502 -6.521931 -6.441696
1 81.069807 -5.836347 -5.450611 -6.215370 -6.811621 -6.595077 -7.741807 -5.728887 -6.302679 -5.918941 -5.792586 -6.159128 -6.457585 -6.059167
1 62.951097 -4.306105 -4.790305 -5.343957 -5.322542 -4.423231 -4.882025 -4.928013 -4.146765 -4.977369 -4.343771 -5.436147 -4.685368 -5.365497
9 -1.188293 -0.243759 0.350882 -0.733281 -0.570963 -1.556882 -0.059194 0.079915 5.611375 -0.663751 0.240840 -0.612798 -0.489411 -0.164681
4 -6.342723 -6.490576 -5.686437 84.016312 -7.572170 -6.260974 -6.598496 -6.695778 -6.863924 -6.270068 -5.713506 -6.781291 -7.138444 -5.601925
7 -1.210568 -0.626447 -0.585837 -0.293453 -0.476405 1.320797 2.005339 0.215222 -0.272637 -0.622596 -0.053639 -0.525928 1.016967 0.109186
2 -0.901570 18.488915 -0.932880 -1.703423 -1.817954 -1.348883 -1.582453 -1.108916 -0.924197 -1.039038 -1.318222 -1.781265 -2.342730 -1.687386
1 2.874891 -0.374231 -0.298283 0.451021 0.625122 -0.837737 -0.565177 -0.382351 -0.687221 -0.313119 0.183259 -0.007030 -0.526116 -0.143027
7 2.122456 -1.314746 -2.000601 -2.430247 -1.402489 3.343316 4.878054 0.193681 -0.994050 0.519371 -1.693918 -1.620810 1.269669 -0.869687
13 0.332331 0.683494 0.242228 0.545225 -2.031742 -0.226243 0.001102 -0.988372 -0.393760 -0.277493 -0.411118 0.420987 2.014038 0.089325
9 -0.996899 0.018385 -0.210494 -1.312066 0.671391 0.368336 -0.120448 -1.160061 4.008608 -0.637738 0.361518 -1.604565 1.587506 -0.973473
9 -1.999262 -0.404430 -0.575828 -1.121593 -0.045410 0.343370 -0.790329 0.027581 5.322672 0.117116 0.274906 -0.408152 0.105538 -0.846180
5 -0.279375 -1.098719 -0.602881 -1.345967 11.560854 -1.480907 0.429300 0.012510 -0.639152 -0.942167 -1.381330 -1.445471 -1.916622 -0.870073
4 -4.331875 -6.909967 -6.297439 81.095658 -7.617233 -6.184046 -6.372631 -6.110574 -5.928320 -6.721571 -6.403872 -5.758010 -6.625509 -5.834614
4 -7.407295 -1.719139 -7.316550 81.241649 1.292045 -7.851272 -7.160663 -7.272258 -7.176562 -7.251777 -7.259278 -6.925176 -8.013669 -7.180055
4 -6.121718 -6.498819 -5.147059 85.159491 -7.486903 -6.946535 -7.206538 -6.930566 -7.029546 -4.111828 -6.663361 -6.369923 -7.877252 -6.769441
4 -3.843453 -3.450095 -3.449914 46.251520 -3.858812 -3.857198 -3.634155 -3.301153 -3.603976 -3.566071 -3.320351 -3.277721 -3.783126 -3.305495
4 0.089533 -1.642205 -0.502503 3.580493 -0.674082 0.172340 -1.844670 1.383631 0.222783 -0.941946 -0.232232 -0.999745 1.097520 0.291083
1 53.254518 -4.308357 -3.986630 -5.111806 -3.924640 -3.820995 -4.351271 -2.755995 -4.967717 -4.160595 -4.274862 -2.949709 -4.141159 -4.500779
7 -0.779099 -1.097155 -1.237527 -1.197331 -0.313888 0.804504 4.149526 1.206071 -1.383740 -0.064009 1.038300 -0.947626 0.442772 -0.620797
8 -0.562440 -1.035914 -1.410385 -1.075405 -0.034697 -1.092340 -1.208216 10.980265 -1.656640 -0.060761 -0.737961 -1.291185 -0.086265 -0.728056
1 57.844045 -4.975066 -4.435242 -4.489239 -4.333246 -5.266822 -4.537785 -4.702305 -4.326874 -4.966025 -3.853549 -4.604122 -2.221657 -5.132112
1 58.783388 -4.983899 -4.367391 -3.791528 -4.761856 -4.146860 -3.649413 -4.550529 -5.153779 -4.782131 -4.474014 -4.220401 -5.223539 -4.678049
3 -0.749244 -1.461833 6.925451 0.635612 -1.103607 -1.385036 0.010789 -1.125288 -0.675966 -0.243862 -0.095581 -0.037290 0.262650 -0.956795
3 -1.692078 -1.194179 11.451065 -1.103517 -1.536408 1.409615 -0.735482 -0.517034 -0.794949 -0.891135 -1.719558 -1.216392 -0.202568 -1.257380
1 43.679668 -3.146215 -3.711789 -3.241525 -2.386927 -4.170583 -3.282956 -3.105027 -2.600446 -3.376803 -2.888945 -3.465862 -4.034898 -4.267692
3 -2.612565 -2.935472 36.884951 -2.969637 -2.868376 -2.745004 -2.632278 -2.567638 -2.454032 -2.900149 -2.781326 -2.887649 -3.487641 -3.043184
5 0.086716 -0.206712 -0.576588 -0.579394 1.112660 -0.066855 0.017390 0.957441 -0.708919 -0.922445 0.045486 -0.410137 0.489889 0.761467
14 -1.028915 -2.164615 -0.764439 -0.201070 -1.157654 -0.647685 -0.144139 -1.234879 -2.748675 -1.269509 -0.168164 -0.812827 -1.424415 13.766987
8 -1.153043 0.047421 -0.795043 -0.201200 -4.034136 -1.600920 2.732423 11.481253 -1.042092 -0.216656 -1.015017 -1.183155 -1.581655 -1.438179
3 0.066313 -0.394381 8.309913 -0.393589 -1.480379 -1.456429 -0.713493 -0.335513 -1.230598 -1.148603 -0.541019 -0.095827 -0.436829 -0.149566
6 -2.880099 -2.570190 -1.379866 -2.341243 -2.425258 27.946494 2.798912 -3.912982 -1.750342 -2.556977 -2.200980 -2.837022 -3.233432 -2.657015
13 -0.577387 -0.820982 0.167499 -0.817069 -0.843830 -0.191063 -0.485400 -0.515027 -0.691451 0.794123 -0.802861 0.318849 5.124606 -0.660009
3 -2.218287 -2.736190 27.548564 -2.564605 -2.238232 -2.441566 -2.436457 -0.544666 -1.388937 -2.315239 -2.519592 -1.238205 -2.438792 -2.467795
12 -0.102033 -0.067997 0.336097 -0.058849 -0.238308 0.000000 -0.053549 0.000000 -0.151943 -0.122693 0.263942 0.364456 -0.025554 -0.143569
11 -1.863643 -1.042683 -2.272352 -1.640449 -1.070877 -1.234979 1.873778 -0.577907 -1.078143 -0.887716 10.460096 -1.526166 -0.221843 1.082884
11 -1.191138 -0.673959 -1.313546 0.151159 -1.288433 -0.271305 -0.597597 0.328501 0.665386 0.419477 5.120901 0.433086 -0.989992 -0.792538
11 -5.948059 -6.251008 -6.240787 -5.101046 -6.108189 -5.537404 -6.406904 -5.340154 -5.178752 -5.948863 74.212717 -5.572529 -5.871893 -4.707128
11 -1.793304 -1.271529 -0.247719 -0.089152 -0.703612 -0.874758 -1.194404 -1.101781 -1.913201 -1.231734 13.051976 -0.467218 -1.232405 -0.931161
1 59.274095 -4.957428 -2.946253 -4.928588 -4.471872 -3.671609 -4.310180 -4.408298 -5.375126 -4.970484 -4.874204 -4.167874 -5.304895 -4.887282
5 -2.771782 -2.419160 -3.603843 -1.774588 27.251286 -1.305563 -1.568973 -2.889060 -2.088627 -1.096885 -1.555080 -2.064247 -2.142961 -1.970516
4 -6.861297 -5.554004 -6.707662 84.248025 -6.106092 -5.946695 -5.504543 -6.620180 -6.481941 -6.922331 -7.843908 -5.641659 -6.963029 -7.094685
7 -7.541163 -6.954152 -7.320488 -7.365051 -5.483808 -7.816728 92.724978 -5.965983 -6.966323 -6.608061 -9.689590 -7.278488 -6.431520 -7.303620
10 -0.281577 0.402580 0.134748 -0.393881 -0.216156 0.908913 -0.331384 -0.281994 -0.219701 1.123932 -0.809726 0.152966 -0.471323 0.282602
5 -2.040479 0.106418 -1.340145 1.399190 13.043552 -0.245525 -2.072295 -0.832929 -1.004740 -0.849368 -1.604241 -0.926964 -3.026765 -0.605711
4 -4.728720 -5.768058 -6.886249 82.090134 -6.276282 -6.228306 -6.011405 -6.685835 -6.312419 -5.341691 -7.030532 -6.204867 -7.153666 -7.462104
6 -5.433271 -5.068210 -6.350789 -6.892655 -5.557951 75.104961 -6.318784 -5.235879 -5.631572 -5.458890 -6.192858 -5.431954 -5.990667 -5.541480
8 -1.773807 -0.765134 -0.499948 -0.066310 -0.387081 2.492280 -0.730019 3.183904 -0.917991 -0.426664 -1.392443 2.610926 0.546828 -1.874541
6 -7.132347 -7.703903 -5.546927 -5.792159 -5.774566 79.155835 -5.807953 -5.714644 -5.537230 -5.527041 -5.846794 -5.892425 -6.436351 -6.443494
6 0.407848 -0.937207 -1.230062 -0.890925 -0.415369 7.999220 -0.944400 -0.942358 0.764827 -0.994308 -0.277101 0.130183 -1.856888 -0.813460
9 -0.451561 0.255592 -0.277564 0.191207 -0.451354 0.432333 -0.088603 0.787884 1.153509 -0.684373 0.302889 -0.113509 -0.600527 -0.455924
13 -1.366131 -0.873546 -0.514161 -0.506621 -0.573609 -0.692542 -0.746564 -0.460662 -0.009695 -0.124384 -0.678254 -1.142199 9.588892 -1.900525
13 0.090112 -0.283025 -0.391677 -0.104027 -0.536384 -0.510238 -0.439350 -0.709015 -0.640611 -0.481148 -0.468513 -0.590118 5.248076 -0.184083
14 -0.509638 -0.398503 -0.694751 -0.423362 0.113669 1.134685 -0.802783 0.599085 -0.366515 -0.696462 -0.302726 -0.495917 0.203117 2.640100
9 -2.133288 -1.321910 -1.803666 -1.329588 2.906784 -0.458661 -0.447283 0.453360 5.886523 -0.089802 -1.403149 -1.044178 0.303380 0.481478
12 2.127012 -1.267430 -0.339025 0.049373 -1.239020 -0.794345 -0.410977 -1.163918 0.188404 -0.627756 0.644219 2.870737 -0.510321 0.473046
4 -6.214589 -7.173872 -6.351179 83.080578 -7.321821 -6.990254 -5.929711 -5.256318 -6.172338 -6.564951 -6.077762 -6.057203 -7.477733 -5.492847
14 -0.574874 -0.838022 -0.206451 -0.691424 0.434751 -0.179826 -0.596378 0.461372 -1.137659 -0.766337 -0.448984 0.004777 0.970388 3.568666
4 -4.052306 -4.091172 -3.637604 51.391778 -4.447746 -5.593657 -4.254046 -3.932128 -4.345341 -3.663967 -2.337505 -3.222668 -3.747999 -4.065641
4 -6.087849 -6.255303 -7.363363 86.363031 -7.855075 -6.658495 -4.788890 -6.246267 -7.353391 -6.984675 -5.548062 -7.116880 -7.355997 -6.748785
3 -3.466640 -3.565852 48.288455 -3.955521 -3.370142 -3.004768 -3.867753 -4.088040 -3.462663 -3.197780 -4.455441 -3.154618 -4.257839 -4.441397
1 4.273133 -0.182780 3.020622 1.392977 -1.705102 0.335079 -1.202576 -1.295000 -1.299488 -0.117456 0.110108 -0.937910 -1.583623 -0.807983
12 0.573818 0.678016 -0.688535 0.004960 -1.241670 -0.691096 -0.694699 0.199108 2.083039 -0.732253 -1.228144 2.483269 0.775794 -1.521608
10 -0.504730 -0.474563 -0.576340 -0.440180 -0.303953 0.500540 -1.278238 0.371737 -0.433273 1.215609 0.618809 0.599460 0.023067 0.682056
14 -0.272360 0.475551 0.167058 -0.026742 0.198113 -0.253003 0.160376 -0.337107 -0.331578 0.191530 -0.430066 -0.194585 -0.204451 0.857265
14 -0.787422 0.158269 -0.084486 0.234950 -0.096563 -0.102046 0.127935 -0.353764 -0.714082 -0.026869 0.246644 0.169116 -0.743517 1.971837
14 -1.266529 -0.592420 0.290876 -1.268413 0.179311 -0.362003 1.759238 0.859601 -1.074509 0.164091 -0.234799 0.207295 -0.994821 2.333082
1 1.859492 -0.416052 -0.714546 1.401233 -0.471791 -0.151449 -0.214627 -0.274116 -0.070199 -0.233296 -0.229411 -0.225518 -0.077614 -0.182105
8 1.010886 -1.149926 0.186213 -0.934861 -0.531062 0.851472 -1.194594 1.483381 -0.257398 1.167355 -0.968315 -1.491561 0.680592 1.147818
4 -5.822056 -6.544721 -6.600753 81.047956 -7.697090 -6.251799 -5.226367 -5.391784 -5.013947 -7.198622 -5.792489 -6.005154 -7.158419 -6.344756
4 -6.323673 -6.213470 -6.449548 82.161883 -7.829883 -6.451249 -6.063532 -5.689407 -5.963471 -6.407642 -5.855148 -6.592757 -6.011813 -6.310289
1 3.024693 -0.319895 -0.400032 -0.338119 -0.653366 0.260710 -0.372227 0.499242 -0.706643 -0.430848 -0.635160 0.220508 -0.633955 0.485093
12 0.648268 -0.138035 -1.392064 -0.501256 -1.758267 -0.286744 0.091305 2.003548 -0.260401 0.233055 -0.413166 3.396140 -0.672393 -0.949993
1 17.765832 -0.860554 -0.432015 -1.298991 -2.904062 -0.623658 -1.747556 -2.012338 -1.034533 -1.176962 -1.330465 -0.902589 -1.897453 -1.544656
14 -0.555057 -1.087452 -0.031797 0.747535 -0.041893 -0.387883 -0.493500 -0.257200 0.293301 -0.571949 -0.542608 -0.979767 -0.556117 4.464387
1 1.581666 -0.126408 -0.138466 -0.443950 -0.325944 -1.070145 0.154907 -1.055201 -0.171153 1.089445 0.965502 0.160480 -1.478789 0.858057
4 -4.415243 -3.867591 -4.012843 46.777904 -4.875188 -4.366322 -0.979112 -3.320123 -3.274299 -3.812332 -3.439021 -3.117515 -5.253018 -2.045299
5 -3.278433 -1.792111 -2.546043 -0.558197 27.376667 -3.333523 -1.949909 -2.431541 -1.311682 -2.263096 -2.069560 -1.476028 -1.326271 -3.040274
4 -5.661732 -6.774114 -6.391538 83.186456 -7.042196 -6.711901 -6.744670 -6.392395 -6.778094 -6.162822 -6.013028 -5.759444 -7.115788 -5.638736
14 0.059654 -0.957577 -1.052969 -0.247610 -0.833184 0.240912 -0.302656 -0.668702 -0.471202 -0.889360 -0.527250 -2.540154 -0.209744 8.399842
9 -0.229612 0.000000 -0.049838 0.000000 0.000000 0.283840 0.000000 -0.102394 0.399521 -0.116721 0.000000 -0.158405 0.000000 -0.026391
9 -0.198324 -0.101862 -0.396364 -0.526594 0.234495 -0.293927 0.112406 0.285757 0.499166 0.030209 0.146930 -0.088581 0.278518 0.018169
4 -5.707410 -6.291445 -6.659790 81.440013 -7.555103 -5.427700 -4.401449 -6.043123 -6.431630 -6.735279 -6.257017 -6.180964 -6.700020 -7.049083
10 0.342991 -0.718677 -0.591713 -0.602267 -0.683118 -0.985634 -1.018879 -0.032573 -0.733223 4.786126 -0.649846 0.461553 -0.162323 0.587583
14 1.047397 -1.001164 -0.577597 -0.609441 -0.365074 0.012205 -0.513867 -0.508265 -0.082874 1.227261 -0.137090 -0.553774 -0.678884 2.741167
6 -4.553448 -3.895115 -3.080673 -3.542561 -4.336673 45.126266 -4.716742 -4.084536 -2.252761 -2.781845 -2.835950 -1.980650 -2.460600 -4.604714
6 -0.041481 0.059974 -0.448504 -0.459481 -0.560982 2.086120 -1.569592 -0.467868 0.072932 0.375504 -0.349831 -0.373251 1.340066 0.336396
11 -0.652547 0.089979 -0.085538 0.334627 -0.246949 -0.397247 0.813716 -0.340272 -0.387048 -0.065793 1.116574 0.018506 -0.852259 0.654251
4 -6.751377 -6.782722 -6.408198 84.109557 -7.928106 -3.288835 -6.326936 -6.292263 -6.667338 -6.925890 -6.914860 -5.914144 -7.173556 -6.735332
10 1.748807 -1.266205 -2.405019 -1.710900 -0.530636 -2.180062 -2.849506 -0.879090 -0.643487 16.888722 -1.690934 -1.286359 -0.280728 -2.914603
8 -0.939301 1.676551 -0.493850 -1.160920 -3.400396 -1.542840 -1.689288 11.781370 -1.372035 2.353936 -1.320955 -1.284620 -1.475591 -1.132060
8 -0.498347 -0.402174 -0.463696 -0.973466 -1.608881 -0.258275 -0.417006 8.252555 -0.348836 -0.293400 -1.034932 -0.888188 -0.304947 -0.760408
1 56.073279 -4.557770 -5.162689 -2.931918 -3.522701 -4.871939 -3.776852 -4.480408 -4.250897 -5.044725 -3.979859 -4.446195 -4.669729 -4.377597
4 -3.985333 -3.207299 -3.317356 46.244157 -4.695242 -4.222236 -3.776337 -3.245119 -3.244193 -3.889092 -2.829481 -2.980299 -3.645393 -3.206778
5 -2.734631 -0.907789 -1.846790 -2.396553 21.170225 -4.760066 -2.599384 1.453784 -1.495855 -3.288561 -2.680967 -2.358514 4.527959 -2.082857
11 -4.069715 -4.161357 -3.871725 -3.553038 -3.290895 -4.377416 -3.222195 -4.065975 -4.351759 -3.273291 50.463192 -4.109926 -4.666934 -3.448967
14 0.165454 -0.034653 1.194773 0.129527 0.457467 -0.958827 0.127984 0.059330 -0.982654 -0.583535 0.321681 -0.053817 -1.097596 1.254867
14 0.535721 0.106991 -0.335508 -0.400080 0.392585 -0.472158 -0.407403 0.388495 -0.282239 0.976306 -0.559989 -0.221168 -0.724546 1.002995
8 0.236868 -0.877205 -1.269689 0.171398 1.764696 1.834116 -1.149033 3.485453 0.076875 -0.744573 -1.053358 -0.849726 -1.230894 -0.394927
12 0.436237 0.092882 -0.135057 0.204608 1.848430 -0.078083 -0.884287 1.039395 -0.744935 -1.027871 -1.965192 2.166216 0.210014 -1.162355
5 -0.342731 -1.177282 -0.550771 2.227337 3.432847 0.671589 -1.528563 -0.686552 0.456594 -0.191992 -0.529904 -0.952651 -1.068875 0.240955
1 2.897337 0.377741 0.064336 0.016858 0.076714 -0.766211 0.040242 -0.611139 -0.025197 0.269039 -1.101098 -0.377145 0.041926 -0.903403
4 -7.271798 -7.140357 -6.448211 82.939835 -7.361156 -6.647131 -5.617921 -5.362436 -6.004328 -7.048964 -5.219828 -5.951223 -6.548295 -6.318189
7 -0.713703 0.331542 -0.203868 1.014089 -0.482181 0.441669 1.632614 -0.445576 -0.429315 -0.293800 0.133499 0.293065 -1.046980 -0.231056
13 -1.090256 -0.038094 0.200107 0.143944 -0.427940 0.092107 -0.485975 -1.080640 -0.346333 -0.764056 -1.001324 -1.114945 7.019119 -1.105715
1 23.847296 -2.809085 -2.200243 -1.776890 -1.212221 -2.841135 -1.286546 -1.615950 -1.877356 -1.713160 -1.856559 -0.949260 -2.423242 -1.285650
6 -2.076095 -3.477687 -3.157530 -2.905186 -3.452699 34.824281 -3.230480 -1.883440 -1.668061 -2.436079 -2.350642 -3.115538 -3.584651 -1.486194
3 -0.608966 -0.740350 7.776008 -1.012320 -1.188066 -1.103403 -0.825627 -1.014303 -0.692407 0.434711 -0.635294 0.795577 -0.352430 -0.833131
5 -1.450822 8.843061 -4.036233 -1.263941 20.611181 -3.968747 -2.185165 0.666519 -3.301524 -3.047683 -3.663925 -3.204069 -0.881369 -3.117283
8 -1.910253 -0.762769 -1.036314 0.102529 -0.956572 -0.648991 -2.642293 13.596362 -0.922017 -1.724516 -1.659582 -0.416562 -1.202306 0.183285
5 -0.166629 -0.019621 0.219574 -0.594527 0.889724 -0.458583 -0.084907 -0.098567 -0.290352 0.278802 -0.113075 -0.160394 -0.107767 0.706322
1 2.159488 0.656399 -0.827994 0.107383 -0.552751 -0.448643 -0.584069 0.009716 0.173172 0.616779 0.097607 -0.290523 -0.222078 -0.894486
6 -0.758264 -2.058890 -1.858592 -1.518377 -1.025426 18.050475 -1.978216 -1.610225 -0.468676 -1.473150 -2.274925 -0.283281 -1.594706 -1.147746
13 -0.539279 -0.378522 0.215397 0.536475 -0.088796 0.145668 -1.083314 -0.460743 -0.015320 -0.216481 -0.713207 1.230062 1.628260 -0.260200
3 -0.818540 -0.796465 8.992544 -1.061140 -0.711081 -0.831298 -0.403277 -1.204304 -1.059621 -0.338609 0.051523 -1.119295 -0.400030 -0.300409
9 -0.073031 -0.076783 -0.146144 -0.205152 -0.111283 -0.577677 0.406367 -0.134112 0.761634 -0.025844 -0.065559 0.458208 -0.074268 -0.136357
14 3.320888 -1.068610 -1.711363 -0.747368 -0.471058 -0.525813 -1.739592 -1.110199 0.124056 -0.902772 -0.772848 1.461921 -0.361063 4.503821
6 0.197403 1.290632 -0.151791 -0.810871 -0.719344 1.733018 -0.710577 -0.289900 -0.588604 -0.434597 -0.066206 0.076539 0.011720 0.462578
11 -2.008475 -2.646071 -2.183129 -1.952295 -2.202642 -2.137478 -3.434337 -2.186985 -1.827829 -1.838703 28.203924 -1.886371 -2.112538 -1.787070
13 -0.191486 0.447115 0.157290 -0.096662 -0.262243 -0.231138 -0.231747 -0.621575 0.086563 0.666435 -0.354368 -0.159376 0.822238 -0.031046
9 -0.339529 0.320248 -0.388536 0.188727 -0.363738 -0.411556 0.601890 -0.465266 0.867544 -0.585492 0.104657 -0.121621 -0.208584 0.801256
1 89.944906 -7.285695 -6.675008 -6.630030 -6.992536 -7.085397 -8.444613 -6.617917 -6.903481 -6.528190 -6.822063 -6.312096 -6.681267 -6.966609
7 -3.440299 -2.776204 -2.715613 -3.178463 -3.292823 -3.295232 39.348019 -3.114352 -2.842957 -3.155532 -3.313721 -1.865346 -3.049568 -3.307907
9 -1.376771 -0.234203 -0.024643 0.461275 -0.552453 -1.721444 -0.519827 0.376888 1.060652 -0.242143 0.956836 0.763918 0.973203 0.078714
3 -0.804450 -1.119566 3.282695 -1.399630 0.120491 -0.336260 0.732224 -0.173649 -0.431435 -0.896026 -0.469825 0.364912 0.921511 0.209007
1 55.470709 -4.285821 -4.482336 -4.409388 -4.628545 -4.668591 -4.372741 -3.973945 -3.701027 -3.734983 -3.216050 -4.220059 -5.000084 -4.777138
1 38.060465 -2.950668 -3.125713 -2.935435 -2.487934 -2.531527 -3.660457 -2.391089 -2.680331 -1.683569 -3.156939 -3.199754 -3.893709 -3.363339
2 -1.279429 3.049289 -0.781733 -0.218053 -0.011309 -0.701522 0.544587 -1.627323 -0.593740 1.723333 -0.237445 0.106477 -0.050312 0.077179
6 -3.203418 -1.756456 -1.019737 -2.177400 -1.266229 23.895754 -1.306208 -2.676237 -2.217322 -1.892628 -2.049171 -2.295212 0.550403 -2.586139
5 -1.652589 -0.977375 -0.888837 -1.213327 11.610345 -3.044252 0.193900 0.462730 -1.875927 0.445808 -0.885185 -1.552249 -0.998021 0.374979
6 0.573545 -0.950851 -1.222647 -1.759539 -2.236679 12.717712 -1.072266 0.184941 -0.820547 -0.773612 -1.423123 -1.459184 -1.479251 -0.278499
3 -0.332307 0.453702 1.284712 -0.238467 -0.258640 -0.388268 -0.649101 -0.523063 -0.395077 0.059756 -0.175839 0.771430 0.137002 0.254160
2 1.305228 3.683888 -0.490984 -0.619250 -1.321852 -0.181926 -0.607617 0.155444 -0.180066 -0.204864 -0.754785 -0.667908 -0.764343 0.649034
3 -2.271201 -2.423921 27.323032 -2.402966 -1.951975 -2.595993 -2.391638 -0.553866 -1.353110 -2.392109 -2.531173 -1.287063 -2.741763 -2.426254
14 -0.563637 1.260813 0.243555 -0.059981 -2.554411 0.518865 0.506954 -0.831985 -0.501189 0.605069 0.398272 0.401970 -0.766337 1.342042
6 0.056293 -0.255683 0.201616 0.429095 -0.630449 1.262726 -0.167377 -0.336185 -0.011124 -0.342911 -0.131202 -0.244047 0.281818 -0.112572
3 -2.321237 0.200620 5.299912 -0.002179 -1.213749 1.320258 0.226291 -0.088800 -1.372169 -0.547995 0.473485 -1.393681 -1.438698 0.857943
10 -1.987930 0.142784 -1.509622 -1.494398 -1.053086 -1.781956 -0.686260 -1.257193 -1.638651 17.364040 -0.442057 -1.974067 -2.083933 -1.597670
10 -1.896562 0.020645 -0.767477 -0.073637 0.561305 -1.348512 0.038151 -1.129055 -1.047427 4.989726 0.583368 0.487512 -1.049808 0.631770
7 -6.718829 -6.681400 -6.631463 -6.799747 -7.648253 -6.578896 91.074856 -6.952323 -6.449558 -6.440477 -9.262449 -6.780459 -6.904567 -7.226433
12 -0.706219 -0.761639 -0.786515 0.143533 -0.672376 -0.839567 0.411171 0.368804 -0.032261 -0.663881 1.595524 1.605491 -0.318122 0.656057
12 -1.517177 -0.463833 -0.539479 0.405384 -1.546193 0.254067 0.964688 -0.715760 -1.674960 -0.993801 -0.232885 8.225199 -1.866660 -0.298590
4 -0.546237 0.268316 0.036131 0.422900 0.179165 -0.055888 0.198341 -0.273780 -0.702258 0.048802 0.382136 0.306436 -0.637818 0.373755
11 -3.370696 -3.336756 -3.274041 -3.430259 -2.356208 -3.089347 -3.290410 -3.640795 -1.842993 -3.631859 40.042206 -2.190153 -3.689231 -2.899460
11 -8.970698 -6.878205 -6.158204 -6.526632 -5.506805 -6.236640 -7.268509 -6.207971 -6.852059 -6.295610 85.793936 -6.503591 -6.428732 -5.960280
13 -0.900601 -0.364671 -0.099519 -0.911714 0.114616 -0.582030 0.412993 0.488069 -0.881366 0.816070 0.562936 0.202008 0.935772 0.207436
3 -2.162697 -2.307985 25.609251 -2.427082 -1.752815 -2.454959 -1.933335 -0.363815 -1.153344 -2.167033 -2.690167 -1.065998 -2.556823 -2.573198
11 -0.077205 1.001889 -0.321179 -0.279220 -0.853695 -0.994304 -0.272492 -0.353677 -0.460122 -0.059157 2.198482 -0.349308 0.247536 0.572452
14 -0.990498 -0.985751 0.092736 -0.702438 1.063347 -0.573164 1.034255 -1.316170 -1.577301 -0.851715 -0.703646 0.830780 1.531527 3.148038
11 -1.123771 -0.851878 -0.615821 -0.148752 0.830604 0.482072 -0.663384 -0.288516 -0.734441 0.575660 3.677690 0.113488 -0.904369 -0.348581
7 -0.204727 -0.449059 -0.770135 -0.422912 -0.316085 -0.250834 1.577135 0.155026 -0.174449 -0.553058 1.264782 -0.386841 0.158504 0.372654
4 -0.154113 1.231058 -0.101098 1.673402 -0.704674 -0.300250 0.411708 -0.657106 -0.601213 -0.128520 0.196194 0.124337 -0.780194 -0.209532
11 -0.640584 -0.210726 0.228112 -0.377154 -0.206796 -0.490608 -0.480096 -0.368407 0.272424 0.700177 2.133500 0.489302 -0.231775 -0.817368
11 -4.507235 14.600960 -6.094756 -3.583788 -3.753077 -5.883172 -1.836145 -4.424691 -5.380599 -5.158190 38.818006 -5.492928 -3.807172 -3.497215
10 -0.727218 -0.784015 -0.863684 -0.937629 -0.603974 -0.342456 -0.325832 -1.729946 -0.899472 9.255318 -0.856871 -0.714151 0.221124 -0.691195
11 -3.304960 -4.668011 -4.127007 -3.705717 -0.887610 -3.446805 -2.493382 -3.155238 -4.530024 -3.074268 43.160728 -3.440738 -3.115258 -3.211713
11 -0.916293 -0.668958 -0.317192 -0.912166 -0.574708 -0.689392 -0.538982 -0.850097 -1.317135 -0.784759 9.909239 -0.685520 -0.997358 -0.656681
6 -2.300173 -3.000469 -3.166619 -1.785893 -2.745978 37.003651 -3.338905 -3.121373 -2.674332 -2.740714 -3.052144 -2.872880 -2.415154 -3.789018
13 -0.162443 -0.457372 -1.027158 -1.218238 -0.003938 0.339776 -0.068974 -0.451942 -0.994987 -0.877663 -0.798519 -0.906576 7.522920 -0.894887
5 -1.827083 9.812069 -3.556463 -1.291720 20.812420 -2.973530 -2.810513 -0.283769 -3.442937 -3.044079 -2.896264 -3.729863 -1.599980 -3.168286
2 -0.722604 4.360013 -0.246413 -0.289732 -0.663036 -0.460278 0.834930 0.436985 -0.690482 -0.789959 -0.784558 -0.383445 -0.530952 -0.070468
14 -0.780994 0.664345 -0.121280 -0.022963 0.433594 -0.939029 0.327363 -0.048944 -0.827483 0.275367 0.525954 0.116576 -1.267150 1.664644
14 -0.996765 -0.369066 -1.155480 -0.205917 -0.613141 -1.280259 -1.133484 -0.621183 -2.192907 -1.844561 4.727600 -1.476244 -0.368692 7.530100
4 -0.355997 -0.487193 -0.146404 0.817543 0.339524 -0.092103 0.468065 -0.364242 -1.253889 0.101256 0.588409 0.417697 -0.509211 0.476544
8 -2.968878 2.460332 -0.584999 1.106573 -0.156740 -0.071743 -0.175748 3.527926 -1.520310 1.107447 -0.646707 -0.441786 -1.541378 -0.093992
5 -0.646141 -0.609478 1.324889 -1.195184 10.009122 -1.054475 -1.763076 -0.831912 -0.177207 0.352606 -1.663210 -0.134478 -2.064603 -1.546853
1 2.402548 0.033362 -0.925015 -1.478206 -0.448840 -0.861086 -0.579913 1.205320 1.902009 -0.653986 0.743863 0.140357 -0.448965 -1.031448
13 -1.078800 -0.149941 -0.491054 0.695713 -0.018040 -0.217643 -0.928990 -0.838437 -1.420458 1.005193 0.092054 0.875107 2.084026 0.391268
5 -1.154109 0.836865 -0.452627 -0.658542 8.571183 -2.000950 -0.600144 -1.356594 -1.668688 -1.083623 -0.707999 -1.023229 2.448591 -1.150132
2 -1.289955 12.577790 -0.895151 -0.978653 -0.838584 -0.928955 -1.142073 -0.949951 -1.471414 -0.931976 -0.711845 -0.833631 -0.878814 -0.726789
13 -0.022778 -0.447424 -0.373129 0.167050 -0.778095 -0.568761 -0.549614 0.162054 -0.488969 0.296078 -0.121623 -0.477281 3.881323 -0.678830
14 -1.835536 -1.117182 -1.802906 -2.321643 -1.990065 -1.051984 1.923427 -1.227876 -1.258713 -1.463812 -1.879631 -1.935547 -0.013984 15.975454
9 0.013062 -0.632542 -0.251968 0.646491 -0.372090 -0.732966 0.258517 0.159608 0.867339 -0.328084 0.457138 -0.429374 -0.000510 0.345379
3 -1.575387 0.290183 10.912390 -0.352867 -1.932347 -1.036437 -0.624635 -1.059618 -1.397292 -0.079526 0.073233 -0.562921 -1.466629 -1.188145
12 -1.524260 -0.255040 -0.316225 0.886566 -0.116554 0.251852 -0.148860 -1.127958 0.136886 -0.305451 -0.782523 3.586447 0.893697 -1.178576
6 -0.319966 -3.252409 -2.455604 -1.886146 -3.384689 28.218244 -0.782146 -1.503064 -2.743569 -3.093106 -1.679598 -2.036639 -2.691362 -2.389946
6 0.179699 -0.352593 -0.798902 -0.295565 -0.669990 2.564887 -0.826052 1.125508 -0.251153 -0.645553 0.030181 -0.649920 0.800858 -0.211405
3 -0.996996 -0.752759 6.075906 -0.836610 -0.345385 -0.483871 -0.428871 0.309557 -0.964377 -0.954822 -0.646929 1.732640 -0.756119 -0.951363
1 22.804776 -2.046859 -1.548246 -2.125973 -2.049990 -1.513124 -1.735221 -1.019296 -0.658633 -2.414333 -2.181611 -1.637683 -1.985223 -1.888583
2 -0.474499 3.605005 -0.320291 -0.080906 -0.147192 0.003031 -0.361904 -0.270660 -0.201278 -0.498466 -0.350251 -0.375664 -0.427251 -0.099675
2 0.717780 1.713079 -0.167899 -0.664093 -0.529867 -0.054694 0.278659 -0.346739 0.561675 0.159656 -0.543278 -0.550612 -0.118540 -0.455128
6 0.964764 -0.548025 -0.813682 -0.164821 0.735074 1.723850 -0.260404 -0.072721 0.270566 -0.411704 -0.632426 -0.100529 -0.815925 0.125983
6 -1.258895 -2.002424 -1.431142 -1.119589 -1.113755 19.618384 -3.009441 -1.134245 -1.867360 -1.716691 -1.377251 -1.478083 -1.014810 -1.094697
3 -1.731331 -0.913375 8.533178 -0.117421 -0.109978 -0.619570 -0.779439 -1.870004 -0.928262 -0.899593 -0.343905 1.734910 -2.262364 0.307155
6 0.376840 -0.594805 -0.617287 0.206209 -1.218337 4.695202 -0.236077 -0.891603 -2.430077 1.480139 -1.001034 0.303831 -0.992500 0.919498
1 54.207069 -3.702880 -4.726785 -4.328862 -4.388031 -4.302521 -2.756970 -4.228658 -3.373823 -3.890190 -4.043480 -4.609129 -5.396263 -4.459476
14 -2.194889 0.235168 -0.968434 -0.532743 -0.141813 -2.663127 0.421579 -0.466867 0.469654 0.098149 0.301116 -0.196629 1.066261 4.572576
10 -1.093111 0.126824 -0.603109 0.232225 0.412368 -0.847217 0.347567 -0.689952 -0.596659 1.601989 0.633536 -0.050191 0.755993 -0.230262
11 -0.564325 0.227872 -0.061300 0.250684 -0.142775 0.238279 0.160152 -0.273780 -0.538517 0.301047 0.612751 0.154188 -0.714018 0.349742
12 4.858450 -1.072684 -1.607336 -0.671363 -1.301202 -0.752596 -1.375298 -2.853285 -1.891769 -1.328621 -1.735122 12.593294 -1.255144 -1.607323
1 36.647179 -4.013493 -4.037608 -3.176542 -1.529080 -4.133715 -1.194015 -3.263800 0.239069 -4.102841 -1.643278 -3.527131 -5.326609 -0.938135
9 -0.265012 -0.208962 -0.226480 -0.393707 -0.575113 -1.100375 0.115856 0.374075 2.276939 -0.418829 -0.336900 -0.017997 0.530808 0.245696
13 0.360983 -0.787730 -1.984765 -1.183240 -1.941144 0.243746 5.177757 -1.096155 0.692294 -0.922042 -0.046818 -1.723789 5.281910 -2.071006
14 -0.708130 0.060962 -1.300450 -0.189020 -0.182730 -0.375536 0.592518 -0.547589 -1.511887 1.305548 -0.879017 0.812030 -1.329092 4.252393
9 -1.155741 0.295007 -0.284154 -0.217140 -0.843307 -1.491126 -0.273042 -0.088971 5.709583 -0.382890 -0.489251 -0.492092 -0.329079 0.042205
3 -2.888058 -2.855635 34.815063 -2.981165 -2.867996 -2.708327 -2.353133 -2.250884 -2.483366 -2.689925 -2.534518 -2.562119 -3.094709 -2.545227
7 -6.456364 -5.340089 -5.833093 -7.290987 -7.396099 -6.007175 78.094028 -5.884590 -5.430858 -6.243105 -6.896720 -6.409615 -4.014103 -4.891226
11 -2.054606 -1.950832 -2.220180 -1.617239 -1.277882 -1.358889 -0.900895 -1.141364 -2.866420 -2.172064 22.006997 -1.595824 -1.871343 -0.979462
8 -0.385507 0.816560 0.242993 -1.745168 -3.632225 -1.884183 -1.256802 11.637089 -1.058910 1.713654 -1.578315 -1.160614 -1.165290 -0.543282
9 -0.790819 -0.905259 -0.792732 -0.154207 -1.442516 -2.287018 0.739531 -0.679925 6.343055 -0.713648 -0.601639 -0.619279 1.243842 0.660614
7 0.330368 -0.642588 -1.168933 0.262014 -1.176039 -0.361801 2.229464 -0.845943 0.782824 -0.203102 -0.708196 1.919530 -0.231521 -0.186078
6 -3.185918 -2.637127 -2.912433 -2.478205 -3.219574 37.614486 -2.886924 -3.152807 -2.643922 -2.638753 -2.741743 -3.373227 -3.227992 -2.515861
1 21.675569 -0.662981 -2.022693 -1.366821 -1.742955 -2.296085 -1.587247 -2.172653 -2.384123 -2.064094 -1.959117 1.095079 -1.870684 -2.641195
1 3.644974 0.186710 -0.171988 -0.664008 0.371498 -0.632375 -1.022614 -0.825766 0.981356 -0.782625 0.350671 -0.950577 -0.516017 0.030761
9 -0.816163 0.534264 -1.736352 -1.572284 0.270001 -0.950551 -0.532661 -0.291295 8.792116 0.267187 -1.166537 -0.079093 -1.743713 -0.974918
5 -0.107554 0.385041 0.052739 -0.653031 9.099315 -0.425088 -0.309426 -0.629421 -0.660402 -0.633661 -1.863986 -1.907005 -1.235129 -1.112393
5 0.491300 -1.208510 -1.080772 -0.938557 5.904350 -0.393177 -0.729752 0.922274 -0.524773 -0.879793 -1.753839 -0.372596 0.699894 -0.136050
6 -0.968364 -0.027900 -0.456526 0.199340 1.068334 1.488599 -0.039559 -0.248932 -1.065836 -0.068641 0.548674 0.294921 -1.066710 0.342600
1 45.082673 -3.136887 -4.090459 -3.951303 -1.224065 -5.956586 -3.288982 -2.773533 -2.869594 -3.428696 -3.610476 -3.914948 -3.117987 -3.719157
1 3.065691 -0.522661 -0.717242 -1.376255 -0.495349 1.630768 -0.817993 -1.620069 1.074529 -0.946460 -1.209756 -0.933223 2.010058 0.857960
12 -0.987559 -0.576304 -0.555411 0.239787 -0.609704 0.979257 0.255507 -1.534378 -0.492781 -1.315273 0.125454 6.007383 -0.934103 -0.601874
1 8.578422 0.456673 -1.157523 -0.254143 -2.308457 1.283651 -1.030503 -2.336370 -0.431782 -1.030224 -0.761465 -1.372190 0.599309 -0.235397
1 76.388337 -5.759941 -5.807147 -5.315692 -6.241739 -5.385355 -6.019323 -5.923742 -4.907333 -5.701195 -5.367568 -5.898437 -7.393244 -6.667621
1 35.985639 -2.674503 -2.619782 -2.795138 -3.126311 -2.581511 -3.201707 -2.618814 -2.962481 -2.721712 -2.482924 -3.193262 -3.078752 -1.928742
1 49.326747 -3.467991 -3.667258 -3.513099 -3.802401 -3.983363 -3.896190 -3.704837 -2.684719 -4.095433 -3.724584 -3.928349 -4.387134 -4.471388
1 46.456900 -4.793330 -3.821035 -5.195355 -4.856688 -3.344060 -3.746924 -3.514041 -3.601919 -4.238221 -4.012497 -3.986643 2.252038 -3.598223
1 63.663892 -4.767180 -4.850191 -4.729209 -5.034460 -5.055534 -5.550471 -4.443283 -4.941095 -4.420313 -4.706244 -4.272893 -6.178952 -4.714067
1 54.825203 -4.535995 -3.987797 -4.530218 -3.888897 -4.345029 -4.394696 -4.427053 -4.201035 -4.131608 -4.048902 -3.941060 -4.238054 -4.154859
1 56.384661 -4.050686 -3.907805 -4.607669 -4.405541 -4.534907 -4.912692 -3.623138 -4.100700 -4.144729 -4.721775 -4.615637 -3.925922 -4.833460
1 55.662781 -4.961892 -4.420065 -4.089753 -3.206966 -5.285189 -4.656656 -4.760385 -3.871686 -4.386295 -3.581269 -5.023447 -2.841908 -4.577268
1 58.427672 -4.869223 -4.705025 -4.687319 -4.308803 -3.702963 -4.209566 -4.397244 -4.923743 -4.558426 -4.194862 -4.755249 -5.153835 -3.961414
1 47.303400 -2.594441 -3.691473 -4.026905 -3.919089 -4.887081 -3.921286 -3.616740 -2.027106 -4.286223 -3.086489 -4.876805 -2.084341 -4.285419
1 24.734437 -1.829944 -1.722781 -1.941900 -1.893423 -1.781564 -1.938094 -1.980483 -1.579416 -1.991287 -1.785725 -1.998077 -2.065875 -2.225871
1 2.553323 -0.016455 -0.064910 0.199772 -0.050755 -0.280498 -0.035801 -0.480016 -1.401164 0.002010 0.200782 -0.201315 -0.422818 -0.002153
1 42.311582 -3.362377 -2.701408 -2.396675 -3.560390 -3.963601 -4.059691 -3.456459 -3.052730 -2.915679 -3.542163 -3.284635 -2.766443 -3.249331
5 0.224205 -0.131634 0.172046 -0.375266 0.563081 0.281069 -0.204417 -0.253679 -0.333966 -0.276970 -0.207703 -0.326730 0.380633 0.489332
1 57.128482 -4.900707 -4.842764 -4.678518 -3.014282 -4.978350 -4.055890 -4.268832 -3.164081 -4.839241 -4.010985 -4.176008 -5.551776 -4.647049
1 26.263687 -1.840627 -2.349574 -2.373639 -2.089098 -2.217002 -1.988280 -2.036459 -0.812779 -2.123413 -1.846668 -2.095461 -2.306845 -2.183842
1 38.156226 -2.873127 -2.505676 -1.622865 -2.747512 -4.218149 -2.694193 -2.759499 -3.185276 -3.316794 -2.437312 -2.035543 -4.292035 -3.468244
1 53.953071 -3.600009 -3.894768 -4.764169 -4.562430 -3.454227 -3.499470 -4.263600 -5.638432 -4.737530 -3.264406 -4.331966 -2.852656 -5.089408
1 8.256152 -1.033773 -0.696209 -0.896362 -1.104392 -0.829556 -0.752637 -0.736171 -0.509438 -0.847995 -0.903442 0.152772 -0.227602 0.128653
7 -0.513065 0.034482 0.061109 -0.536713 1.155334 0.430525 1.450676 -0.777894 0.402414 0.330071 -0.774791 0.105102 -0.544296 -0.822953
10 -1.337097 0.383753 -0.924150 -0.079476 -1.662300 -0.766590 2.348436 -1.001826 -2.023255 8.289185 0.304676 -0.762778 -2.563226 -0.205351
3 0.416941 -0.839294 1.778830 -0.034854 -0.687915 -0.872907 -1.039220 -0.515540 0.305262 0.363080 -0.324208 0.397398 1.504549 -0.452121
7 -0.361100 0.115111 -0.164369 -0.310225 -0.496992 -0.491738 1.596827 0.378730 1.098003 -0.052326 -0.417419 0.099481 -1.213660 0.219677
12 -0.350672 -0.597095 0.948445 -0.879942 -0.588152 -1.013830 -0.554781 1.060225 -0.396509 0.704895 0.221291 1.115838 0.122553 0.207734
10 -0.564812 -0.513215 -0.587378 -0.666684 -0.697711 -0.718107 -0.199302 0.404599 -1.099853 6.059917 -0.474418 -0.024481 0.261443 -1.179997
10 -0.320209 -0.338127 -0.127397 0.131800 -0.321640 -0.393100 0.217586 -0.302762 -0.082521 3.072007 -0.291232 -0.354671 -0.383499 -0.506236
10 -2.892482 -2.438292 -1.971459 -2.823967 -2.491213 -3.029738 -2.985373 -1.740389 -2.202594 33.232715 -2.901787 -2.786261 -2.142066 -2.827093
11 0.373397 -0.383134 -2.264004 -0.607168 -1.737851 2.127985 -0.746288 -0.664242 -0.898451 -0.491426 3.831066 -2.061104 0.458271 3.062949
6 -1.153052 -0.757902 0.297025 -0.510230 -0.127497 2.575054 0.541240 -0.838508 -1.381554 0.880754 -0.402569 -0.276381 1.371758 -0.218138
10 -2.472650 -1.090972 -1.290683 -1.356220 -1.077032 -2.151285 -1.279989 -1.895662 -2.083095 20.593012 -0.658551 -1.732747 -2.141833 -1.362292
8 -0.323358 -1.810954 -0.583313 -0.633587 0.838779 -0.337641 -0.310929 1.623779 -0.866733 0.568644 1.071329 0.065397 1.146609 -0.448021
13 0.199886 -0.166806 1.210701 -0.566317 -0.124386 -1.254529 -0.020250 -0.502617 -0.628937 -0.185758 0.375039 0.359745 1.767022 -0.462793
10 -0.680227 0.022326 0.632417 -0.325656 -0.781425 -1.902642 -0.408044 -0.689978 -0.775062 7.271171 -0.779870 -0.292872 -0.332616 -0.957522
9 -0.205803 -0.567348 -1.129234 -0.262601 0.069823 -0.287928 0.669593 0.197158 1.562857 -0.906331 1.344559 -0.599321 -0.094108 0.208686
10 -1.049488 -1.704142 -1.635021 -1.957831 -0.943328 -2.137443 -1.391025 -0.293205 -0.852995 18.358391 -1.479899 -2.348911 -0.646010 -1.919091
10 0.221084 -0.482363 -0.351211 0.460454 0.359336 0.258824 -0.598539 -0.029501 -0.420778 2.674894 -1.112611 0.278773 -0.916682 -0.341681
10 -1.710637 -1.182603 -0.018226 2.771002 -0.617049 -0.969351 -1.463105 -2.059011 -1.227541 13.005195 -0.411070 -2.369942 -2.176532 -1.571130
2 0.409138 1.889062 -0.092944 0.351202 -0.577960 -0.974098 -0.437805 0.009058 1.249268 -0.235934 -0.609883 -0.836941 0.933835 -1.075999
2 -0.625824 8.678775 -0.908324 -0.818390 0.031370 -0.920104 -0.556231 -0.994913 -1.061507 0.146322 0.188914 -0.640863 -1.843055 -0.676170
2 -0.758666 0.936587 -0.259470 -0.023576 0.150412 0.559118 0.652657 -0.537678 0.073857 0.053710 0.026688 0.153298 -0.553305 -0.473631
2 -1.463682 13.849240 -0.489314 -1.724358 2.248700 -2.970438 -1.605866 2.171307 -2.028136 -1.512906 -2.173539 -1.225958 -2.143688 -0.931360
2 -0.670599 2.955647 -0.632464 -0.765262 -1.869382 0.151875 0.340868 -0.591905 -0.240434 0.185542 0.681734 0.788875 -1.183645 0.849150
1 0.000000 0.000000 0.000000 0.000000 0.000000 0.000000 0.000000 0.000000 0.000000 0.000000 0.000000 0.000000 0.000000 0.000000
2 -1.944527 25.985666 -1.830852 -1.533496 -1.401359 -1.256962 -1.509238 -1.168851 -2.041897 -2.024706 -3.192619 -2.223958 -3.395221 -2.461978
2 -1.883270 16.625151 -0.933604 -1.563335 1.216367 -3.511654 -1.436983 1.116332 -2.507442 -1.730460 -1.705464 -0.512668 -1.904269 -1.268700
2 -0.535167 2.222768 -0.375039 -0.307352 0.020966 -1.365562 -0.493192 -0.335592 -0.278436 -0.180921 1.737665 0.059352 -0.093654 -0.075837
14 -1.580726 1.046088 0.239648 0.653277 0.160079 -0.872055 1.044884 -0.411161 -1.314853 0.254628 0.555749 0.276380 -1.169271 1.117333
2 -2.056555 20.279547 -1.211063 -1.479647 -0.620518 -0.826275 -2.157442 -1.734150 -1.585863 -1.334987 -1.534986 -1.662413 -2.373680 -1.701968
2 -0.354974 10.236153 -1.578234 -1.090845 -0.628840 -0.463483 0.614649 -0.675723 -1.480131 -1.617978 0.125392 -1.681642 -0.967077 -0.437268
2 0.017862 14.377450 -1.271800 -1.244497 2.258568 -2.441311 -1.849643 1.747758 -2.462313 -1.377101 -2.554830 -1.183146 -2.163819 -1.853177
2 -0.439006 0.665028 -0.276172 -0.296350 -0.164376 0.214173 -0.005559 0.162188 0.365200 -0.165124 -0.240906 0.165312 -0.526582 0.542174
2 0.094279 6.459032 -1.957953 -1.044229 5.939262 -1.564451 -1.863422 -2.223777 1.072177 -1.507822 -2.001476 -0.157578 -0.448094 -0.795946
2 0.718486 3.847912 -0.560929 0.407772 -0.642998 -0.471609 0.320965 -0.677596 -0.738232 0.013558 0.202177 -1.219622 -0.583436 -0.616447
2 -1.316872 19.565385 -1.664687 -1.389681 -1.749584 -1.228388 -1.677055 -1.944721 -0.611092 -1.102924 -1.627596 -1.592719 -2.057235 -1.602830
2 1.466031 3.463782 -0.853619 -0.854747 -0.485285 0.222935 -1.227385 -0.498563 -0.449933 -0.661050 -0.589623 0.797685 -0.583535 0.253308
2 -1.576929 6.670720 -0.690223 -0.741544 1.564276 -0.034611 -1.207842 -1.414526 -1.172404 -0.662201 1.304254 -0.683112 -0.490579 -0.865277
8 0.643589 -0.854900 -0.880005 -0.402351 -1.023303 1.331822 1.220027 1.468726 -0.667030 -0.591862 0.025821 -1.563370 0.473089 0.819746
13 -1.091716 0.840182 -0.889344 -0.738848 -0.786929 0.941521 0.082820 0.471552 0.153225 -1.050966 -0.166157 -0.084122 1.178775 1.140006
6 0.017657 -0.893853 -1.445720 -0.448237 0.021419 2.272823 2.166124 0.240059 -1.240082 -0.956888 -0.613583 0.089000 0.365699 0.425581
5 -0.538598 0.296584 0.150312 -0.384924 3.668306 -0.158375 0.159626 -0.875118 -0.698093 -1.041795 -0.331346 -0.250695 -0.348177 0.352293
5 -0.956519 -0.338618 -0.640128 -0.156600 8.819207 -1.099642 -0.297303 -0.908504 -0.487921 -0.465028 -0.176723 -1.004312 -1.272658 -1.015251
5 -0.345432 -0.534967 -0.192330 -0.391324 2.782201 -0.777237 -0.417676 -0.138213 -0.751768 -0.267379 -0.518848 -0.270027 -0.396584 2.219584
5 -0.819379 -1.080588 -0.499433 -1.600473 10.781614 0.373230 -0.168540 -0.801774 -0.902872 -1.683313 -0.952686 0.918386 -2.165873 -1.398300
6 -0.324179 0.213380 0.110154 1.391236 -0.772362 2.469194 -0.662384 0.749206 -2.213672 -1.945190 -0.694695 2.416084 -1.623476 0.886704
5 -0.503280 0.173045 -0.034587 0.188504 2.907920 -0.549532 0.348701 -0.095859 -1.555035 -0.173120 -0.318924 0.267524 -1.249973 0.594617
5 -0.389797 -2.626621 -0.699291 0.288508 5.069718 0.737324 -0.880632 1.236033 -0.929979 0.013216 0.519475 -0.664326 -0.944862 -0.728765
14 -0.333124 0.037310 -0.310916 0.756726 -0.192635 -0.762797 -0.193401 1.845606 0.170725 -0.474263 -0.819849 -1.085797 -0.817445 2.179860
1 0.726811 -0.195869 0.703858 0.097498 -1.286689 -0.417773 0.215562 0.332787 0.054811 -0.011639 0.479492 0.064257 -0.244603 -0.518503
5 -1.981471 2.082726 -0.933436 -0.365164 3.430357 1.449647 -1.416672 -0.431416 0.440830 -0.394587 1.403693 -1.063971 -0.246869 -1.973666
5 -3.918860 -4.114245 -5.091079 -3.410305 51.046478 -6.758915 -4.476452 -3.388378 -3.626097 -4.125874 -1.615752 -2.440735 -3.702782 -4.377006
5 -1.401254 -1.384679 -0.080571 0.638542 9.152251 -1.200849 -0.183476 -0.666049 -0.679976 -0.848888 -1.754610 -1.427574 0.566729 -0.729597
5 -3.661547 -2.379420 -3.142430 -3.102968 42.090426 -4.295982 -2.326919 -3.646296 -3.248631 -3.343227 -2.820467 -2.979484 -3.592078 -3.550977
5 -0.859702 -0.926121 -1.015195 -0.857044 10.212920 -0.982262 -0.788194 -0.935898 -0.282258 -0.022228 -1.017544 -1.158598 -0.350249 -1.017628
5 -2.728969 -3.175697 -3.933681 -2.776643 42.602060 -4.777887 -3.249401 -3.779170 -1.558985 -3.247168 -3.059621 -4.168865 -2.477208 -3.668766
5 -2.226314 -0.936231 -1.545680 -1.292958 20.882859 -1.747244 -1.524437 -2.083357 -2.150536 -1.557209 -0.632635 -2.158850 -2.576296 -0.451111
5 0.680866 -0.723817 -1.606946 -1.219598 9.275571 -0.988347 -0.182494 -1.163529 -1.082869 -0.817541 -1.275634 -0.989324 1.190526 -1.096863
5 -0.141097 -0.059620 -0.477535 0.068912 3.369424 0.783250 -0.467782 -0.660056 -0.696448 -0.118904 0.064846 -0.094536 -0.675828 -0.894624
11 -1.096650 -1.530025 -1.102465 -0.828292 -1.145515 -1.082597 -1.725536 -1.151474 -0.934705 -0.976422 14.917344 -0.969488 -1.245448 -1.128727
11 -2.858923 -4.552385 -4.279677 -4.262004 -3.588670 -3.343001 -6.045896 -3.545545 -5.293853 -4.425828 54.380092 -3.913979 -4.799605 -3.470725
7 0.246205 -0.499327 -1.817210 -1.564131 -2.264951 -0.238281 4.131099 -1.083130 -0.416579 0.107753 1.611121 0.197316 -0.039492 1.629603
11 -2.717504 -2.411252 -2.619348 -2.452439 -2.500406 -1.644780 -3.399005 -2.365211 -2.731629 -2.809931 34.216347 -2.785203 -2.420524 -3.359118
11 -1.492531 -1.786219 -2.638453 -1.966702 -1.779979 -1.235470 -0.852804 -0.939443 -1.935965 -1.994160 20.677837 -1.826464 -1.093613 -1.136036
11 -0.994199 -0.069596 -0.283293 0.035995 -0.666603 -0.249318 -0.047216 -0.553159 -0.990939 -0.460640 4.848877 -0.081053 -0.914331 0.425476
11 -0.273833 -0.840514 -0.172741 -0.836422 -0.548506 -0.547913 -1.098338 -0.409648 -0.681957 -0.611982 8.378453 -1.113155 -0.614116 -0.629328
1 1.586160 0.357964 -0.093186 -0.009362 -0.969515 -0.257236 -0.249633 0.237323 -0.167012 -0.131601 0.719230 -0.484606 0.004081 -0.542607
11 -0.004411 -1.579245 -1.695991 -1.856809 -2.035624 -0.763179 -1.701340 -1.386285 -1.969711 -1.773638 19.258376 -1.194495 -1.457891 -1.839757
11 -2.060560 -1.240257 -1.554824 -1.256166 -1.284728 -1.076775 -1.586239 -1.593339 -2.260036 -1.629160 19.694205 -0.831311 -2.018521 -1.302289
11 -4.663712 -5.541672 -5.207761 -4.926878 -4.374719 -4.673912 -6.701724 -4.994698 -4.628517 -4.923530 66.017564 -4.837722 -5.177122 -5.365596
11 -3.328645 -3.623390 -2.311696 -2.361408 -2.594116 -1.036881 -4.027559 -2.602109 -2.384412 -2.254771 33.397670 -2.105226 -1.736534 -3.030920
11 -2.358826 -2.776171 -2.249904 -1.903008 -2.319815 -2.395136 -3.212869 -1.892437 -1.893467 -1.995712 28.505071 -1.322425 -1.766185 -2.419115
11 -0.401272 -1.398142 -0.977254 -0.421972 2.283822 -1.013601 -0.632521 -0.244819 -0.567621 1.291692 2.969652 1.465918 -1.422916 -0.930965
11 -1.021741 -1.200489 -0.952182 -1.490366 -0.589784 -0.522621 -1.365599 -1.030640 -1.287915 -0.729915 13.706431 -1.206337 -0.994355 -1.314487
11 -3.521359 -3.650856 -3.242625 -2.072288 -3.000225 -3.284332 -5.287156 -3.680943 -2.906434 -3.041996 43.646812 -3.076967 -3.228553 -3.653081
11 -3.962658 -4.385363 -3.230194 -3.243300 -4.507079 -4.085299 -3.563302 -3.980689 -3.401762 -3.134326 47.443592 -2.850325 -4.139899 -2.959395
11 -2.836800 -3.367128 -3.732585 -3.685606 -3.188794 -2.955462 -2.384082 -2.134197 -3.306117 -3.490422 39.544076 -3.367120 -2.497914 -2.597851
11 -1.092219 -0.135273 -1.317477 -0.823561 -2.624932 -1.464955 -1.885544 -1.327234 -1.598924 -1.730800 15.475649 -1.081584 -0.694404 0.301260
7 0.000000 -0.079557 -0.112945 -0.099643 -0.118971 -0.033494 0.730116 -0.084721 0.722652 -0.111651 -0.134317 -0.091642 -0.247251 -0.338577
11 -1.554321 -0.358629 -1.256618 -1.147395 -2.405215 -1.514224 -1.783505 -1.117953 -0.766121 -0.682124 17.395703 -1.633596 -1.822577 -1.353425
9 0.949164 0.474814 -0.086551 -0.566457 0.276036 0.486283 -0.573011 -0.722744 0.954000 -0.179684 -0.226011 0.277855 -0.856060 -0.207633
14 -0.316969 -0.380459 -0.062645 1.463469 -0.544043 -0.288643 0.716410 -0.874037 -0.167918 -0.900313 0.638408 0.362719 -1.132122 1.486143
7 -4.167107 -2.371225 -3.382434 -1.783538 -3.938450 -4.863958 40.174911 -3.667653 2.327752 -2.542187 -4.275793 -3.778290 -2.994219 -4.737806
11 -0.683342 0.298752 -1.161961 0.500739 0.947407 -0.264968 0.035618 -1.067218 0.247217 -0.379451 1.187330 0.082873 -0.699474 0.956479
12 -0.599562 -0.147473 -0.624969 0.060793 0.167830 -0.572266 0.828904 0.047876 -1.213165 -0.344119 1.183932 1.215511 -0.740931 0.737639
7 -9.354067 -9.467174 -9.589348 30.421270 -3.285492 -10.254859 78.581354 -9.707773 -9.463884 -9.239332 -9.758590 -9.318718 -9.889784 -9.673600
1 3.701284 -0.681299 -0.841930 -0.530391 -1.391895 -0.417767 -1.179863 -0.080434 -0.626507 -0.524089 0.324662 -0.218271 0.482049 1.984451
4 -0.808593 -0.576048 0.513522 4.683582 -0.847481 -0.783322 -0.769752 -0.299508 0.134275 -0.500846 -0.276406 -0.266603 -0.600548 0.397728
5 -0.384921 -1.714205 -1.777602 0.878238 10.476387 3.082734 -1.479652 -1.474291 -0.132137 -1.052954 -2.080161 0.336617 -2.054780 -2.623275
6 -1.400512 0.402700 -0.657179 0.060127 -1.243654 2.268420 -0.092969 0.945044 0.364118 -0.852961 -0.268900 -0.358986 -0.122145 0.956898
4 -0.490013 0.588021 -0.411020 4.317350 -0.489850 0.974711 -0.282515 -0.491983 -1.127505 -0.153623 -0.513855 -0.904201 0.088877 -1.104394
8 1.069200 -0.657317 -0.609246 -0.066317 0.646126 -0.547741 -1.088357 4.796155 0.764804 -0.253210 -1.278268 -1.104411 -0.855257 -0.816160
4 -0.339403 -1.042325 -0.718411 5.472777 0.109138 0.112548 -0.645665 -1.247423 -1.003900 -0.402426 0.302210 -0.645208 -0.687303 0.735391
4 -1.039550 0.156000 -1.204835 3.787823 0.403830 -0.045180 -0.235236 0.199087 -0.814255 -0.507238 0.514093 0.173915 0.280424 -1.668878
6 0.372009 0.245123 0.220548 0.065289 0.353642 1.027646 -0.650715 -0.070178 -0.840089 -0.570859 0.300696 0.187121 -1.091655 0.451422
4 -0.265104 -0.484484 -0.751639 2.828830 -0.158955 -0.548390 0.409852 -0.352421 -0.035274 -0.267589 -0.779839 0.063087 0.451028 -0.109102
7 -3.816805 -2.955721 -3.257916 -3.062843 -3.270924 -4.070339 39.194172 -3.906527 1.337146 -3.291981 -2.925087 -3.404373 -2.754651 -3.814149
4 -0.448523 -0.545821 -0.190682 3.156929 0.557361 -0.596992 -0.619692 -0.857655 0.052899 -0.402141 -0.844212 -0.241912 1.602736 -0.622295
1 0.787541 0.753987 -0.299695 0.488894 0.119325 -0.130024 0.274052 -0.168081 -0.350844 0.361852 -0.323937 -0.429470 -0.551709 -0.531888
4 0.456559 -0.061339 -0.298240 0.578256 -0.135174 -0.090499 0.255966 0.285659 -0.693352 -0.087399 -0.260868 -0.150903 0.267916 -0.066582
10 -0.439196 -0.846289 -1.247297 0.390045 -0.964862 0.465679 0.442500 0.390668 -0.108403 0.566474 0.419860 0.325285 0.496133 0.109404
9 0.596860 -0.418486 0.116552 0.631793 -0.134650 -0.536257 0.233066 -0.152561 0.722308 -0.265593 -0.121509 -0.638690 0.161296 -0.194131
9 -0.153406 -0.153066 0.334758 0.237224 0.381239 -0.099948 -0.624194 -0.448183 1.178780 -0.606295 -0.797910 0.753397 -0.148638 0.146240
3 -1.386156 -1.620119 15.478118 -1.649506 -2.059917 -1.911696 0.022147 0.852741 -0.586548 -2.548000 -1.981053 0.222589 -1.718266 -1.114333
3 -1.311156 0.006821 6.151799 -0.036809 -0.653321 -0.991632 -0.363451 -1.606924 -0.662262 0.593951 -0.463040 -0.015674 -0.376869 -0.271432
12 -0.426289 0.384329 0.102568 -1.095425 0.266402 0.875916 -0.387764 -0.376827 -0.100570 0.350581 0.979313 1.402825 -1.258735 -0.716324
3 -2.156994 -0.387500 6.981218 -0.900179 -1.561427 -0.458871 0.934441 -0.068803 0.340244 -0.909502 0.410313 -1.225196 0.100391 -1.098136
3 -0.376919 -0.387567 6.392329 -0.407824 -0.578929 -0.616980 -0.325633 -0.345367 0.022861 -0.815979 -0.350080 -0.569107 -0.791149 -0.849655
9 -0.046188 -0.056273 0.000000 -0.169698 0.000000 0.000000 0.000000 0.000000 0.399521 0.000000 0.000000 -0.039472 -0.000289 -0.087600
8 -0.842241 -0.823007 -0.029124 -0.240261 -0.690061 -2.034752 -0.835792 3.661328 0.742081 3.140240 0.306637 -0.326133 -2.008822 -0.020093
12 0.463356 -0.866685 0.386474 -0.003496 0.633209 0.391660 -1.114348 0.202122 -0.767342 -0.905729 -0.383432 1.393374 0.364450 0.206388
3 -0.840639 -1.024761 13.131932 -1.394616 -0.895051 -1.001948 -2.307996 -1.957152 -2.270972 0.219561 0.629692 0.392065 -1.560535 -1.119579
3 -0.206139 -0.037653 4.197523 -0.319580 -0.589308 -0.130313 -0.551212 -0.095161 -0.855807 -0.395055 -0.082010 0.450227 -0.899413 -0.486100
3 -1.336234 -1.277689 14.474404 -0.051796 -1.067452 -1.178771 -0.869704 -1.345773 -2.286338 -1.679339 -0.411248 -0.753769 -2.078624 -0.137667
14 -0.628385 0.170539 0.012782 0.205306 -0.802527 0.143564 -0.007653 -0.043525 -0.702679 -0.246907 0.435867 -0.153537 -0.678502 2.295658
3 0.473826 -0.922563 6.443540 -0.594254 -0.653300 -1.147058 -0.487746 -0.782083 -0.217143 -1.704163 -0.567788 0.423667 0.251201 -0.516136
3 -1.585104 -0.344273 5.222222 -1.005756 -0.458539 0.465272 -0.841001 0.850327 1.804605 -1.134420 -0.123661 -1.404301 -0.219873 -1.225498
6 -2.052334 -2.751403 -2.240022 -1.217380 -1.250765 25.885835 -2.149483 -2.452100 -2.417223 -1.814856 -1.395263 -1.478493 -2.994336 -1.672178
6 -0.355878 -0.915371 -0.723874 -0.029858 -0.852617 5.806306 -1.203839 0.295124 -0.624131 -0.123230 -0.456237 -1.055163 0.740878 -0.502110
6 3.862824 -1.934587 -1.446438 -0.608065 0.507428 4.065104 -0.146580 -0.746503 -1.325540 -0.543872 -0.342535 -0.506735 -0.400351 -0.434149
6 -5.589156 -6.070901 -5.538287 -5.370077 -6.980771 82.829367 -7.111837 -7.538557 -6.565462 -6.695267 -6.501509 -5.686619 -6.363948 -6.816974
6 -1.212536 -0.729611 -1.145175 -0.402523 0.132288 7.744473 -0.186302 -0.421718 -1.404226 -0.466505 -0.916138 -0.158671 -0.343893 -0.489463
6 -5.280263 -5.052640 -5.500684 -4.613500 -6.097505 69.819511 -5.287665 -5.227451 -5.260654 -5.479580 -4.840336 -5.060269 -6.865383 -5.253581
6 -1.719731 -2.216724 -2.571165 -1.816526 0.042182 20.253708 -2.105544 -1.158878 -2.722561 -2.029712 -0.287704 -2.394059 1.224800 -2.498086
6 -6.037536 -5.711350 -4.357163 -4.647186 -5.152122 67.918495 -5.910588 -5.491349 -4.619242 -4.859327 -4.586354 -5.001980 -6.254908 -5.289389
6 -5.589156 -6.070901 -5.538287 -5.370077 -6.980771 82.829367 -7.111837 -7.538557 -6.565462 -6.695267 -6.501509 -5.686619 -6.363948 -6.816974
6 -0.895727 -0.748855 -0.646531 -0.513379 -0.098969 3.323579 -0.034641 0.360912 0.294445 -0.178380 -0.191091 -0.741245 0.233708 -0.163826
6 -0.723462 -0.572909 -0.419998 -0.431107 -1.631088 2.489682 -0.268717 0.513870 0.394077 -0.573711 -0.322886 0.139488 1.415914 -0.009154
6 -2.015138 -2.664114 -2.511515 -2.033169 -1.889158 24.989570 -2.278202 -1.137609 -2.011835 -0.998375 -1.724865 -2.120291 -1.365674 -2.239624
6 -0.518752 -3.647678 -4.523922 -4.280571 -3.711761 44.592100 -3.129601 -2.984537 -3.851844 -3.717624 -3.811718 -3.965818 -3.880964 -2.567308
6 -5.398947 -4.541491 -4.306227 -4.306420 -4.950777 66.018354 -5.851566 -5.913762 -4.291837 -5.131285 -4.635789 -5.397006 -6.589120 -4.704128
6 -0.713707 -0.268072 0.250314 0.265496 1.373153 1.647944 0.404145 -1.161745 -0.869986 0.022699 0.373016 0.094390 -0.841369 -0.576278
6 -1.387183 -3.783538 -1.840699 -3.178251 -0.712326 25.648177 -1.968594 -1.529974 -2.557192 -1.592935 -0.068852 -3.585625 -1.675727 -1.767282
2 -0.592170 0.563726 0.177659 -0.324254 0.137768 -0.053252 0.266934 -0.361476 0.354210 -0.023554 0.453383 -0.300310 -0.585366 0.286703
6 -2.106914 -1.997416 -2.285109 -1.750005 -2.668320 19.431038 -1.716637 -0.894774 -2.365846 -1.656973 -0.910901 -1.435874 -0.979632 1.337362
6 -5.589156 -6.070901 -5.538287 -5.370077 -6.980771 82.829367 -7.111837 -7.538557 -6.565462 -6.695267 -6.501509 -5.686619 -6.363948 -6.816974
6 -1.537140 0.707403 -0.301012 0.221944 0.133704 1.666051 0.418071 0.198518 -0.608595 -0.204631 -0.077153 0.357765 -0.920936 -0.053989
6 0.887710 -1.532760 -0.633699 -0.946113 0.131065 5.387501 -2.105944 0.945465 -1.341560 -1.238413 0.053334 -0.465590 0.047626 0.811376
6 -5.589156 -6.070901 -5.538287 -5.370077 -6.980771 82.829367 -7.111837 -7.538557 -6.565462 -6.695267 -6.501509 -5.686619 -6.363948 -6.816974
6 -2.454036 -0.887179 -1.601202 -0.987062 -1.689634 18.890030 -1.551181 -1.850724 -1.385200 -1.508292 -1.187937 -0.580564 -2.454024 -0.752994
6 -1.585750 -2.077699 -1.595697 -1.708580 -2.006867 20.609186 -1.537240 -1.575537 -1.184615 -1.505865 -1.380055 -1.775856 -1.069682 -1.605743
6 -2.454968 -2.397725 4.669014 -1.668045 -1.749900 17.839550 -1.632538 -2.195777 -1.523028 -0.802312 -1.705741 -2.025389 -2.482639 -1.870500
13 -0.285159 -1.487959 -2.863260 -0.818535 -1.415230 -2.874742 -2.697298 -1.143825 -1.790941 -1.956668 -2.316969 -1.438717 22.082873 -0.993571
13 0.774230 -0.396291 -0.539086 -0.446800 0.376094 -0.489458 0.438337 0.340806 -0.553766 -0.154019 -0.601347 -0.190755 2.187249 -0.745194
5 -0.155951 -0.254759 0.490195 -0.269936 1.130610 -0.753987 -0.879010 0.622039 -1.334332 0.303131 0.772005 -0.391050 -0.153624 0.874669
11 -0.136049 0.275123 -0.131508 -0.242030 -0.095514 0.531264 0.307717 -0.080380 -0.015785 -0.231694 0.719265 -0.086579 -0.760442 -0.053389
13 -0.922535 -1.168933 -0.256883 1.263614 0.022858 -0.971060 -1.228673 -0.032245 0.331018 0.092681 0.635055 0.859933 2.361963 -0.986791
13 -2.289596 -1.060231 -0.928410 -0.345682 0.068373 -0.170507 -1.112690 -1.162872 -0.219954 -0.445155 -0.544606 -1.710200 11.004227 -1.082696
13 -0.033369 -1.034161 -0.157382 -0.034585 0.582083 -0.284922 -0.994980 0.479306 0.185678 0.079215 -1.063422 0.375065 2.141139 -0.239664
13 0.907105 -0.298308 -0.044607 -0.026842 -0.054141 -0.132527 -0.260996 0.076387 0.041860 0.097411 -0.723830 -0.203487 1.383987 -0.762013
13 -0.149447 -0.272919 -0.830251 0.001993 -0.113562 -0.893540 -0.885229 -0.425058 -0.030535 -0.806347 -0.958386 -0.240830 6.573849 -0.969739
13 -1.684755 1.341764 -1.669092 -0.675307 -2.660817 0.384640 -0.162982 -0.072894 -0.383044 -0.134208 0.304875 0.013130 5.388087 0.010605
13 -0.211780 -0.739716 0.881175 0.627811 -1.676924 -0.472415 -0.563131 -0.409128 0.229692 -0.242520 -0.918027 -1.029017 5.172636 -0.648655
13 -1.178960 -0.985305 -0.859131 -0.262497 1.826970 -0.426447 -0.283960 -0.346106 0.843670 -1.194586 -0.806224 0.262554 4.370606 -0.960584
13 0.045451 -2.249267 -0.556065 -0.298071 -0.312644 -0.596514 -1.541913 -0.766440 0.973709 -0.029100 -1.977315 -0.460537 8.649487 -0.880781
13 0.374118 -0.284219 0.231738 -0.316806 -0.135100 -0.529594 0.104442 0.602818 -0.577345 -0.271874 -0.369887 -0.281892 1.719539 -0.265938
13 2.123024 -1.219640 -0.673264 -0.813064 -1.757521 -2.007272 -1.404170 -1.066613 -1.747994 -1.834452 -0.933583 2.223007 10.101581 -0.990039
13 -1.202966 -0.764724 0.037758 3.743435 -0.114357 -0.679082 -1.474205 -0.223951 -0.714510 -1.084907 -1.278200 -0.193577 5.649473 -1.700187
13 0.354737 -0.826914 -0.033305 -0.450640 -0.585160 -0.005314 -1.491783 -1.231371 1.143160 -1.373001 -0.457225 -1.051937 7.409938 -1.401185
8 -1.515517 1.890370 -0.972851 -0.601827 -3.669056 -0.999032 -0.939243 7.825111 -1.521666 0.684580 -0.655148 -0.472192 1.407682 -0.461212
13 0.765622 0.238355 -0.273964 -0.248370 0.023931 -0.432901 -0.415208 0.684428 0.024214 -0.001359 -0.800918 -0.007403 0.828523 -0.384951
9 0.029757 -0.413146 -0.289288 -0.456145 0.227454 -0.045468 0.367456 -0.269594 1.876388 -0.268139 0.169904 0.323752 -0.545160 -0.707771
13 -0.955004 -0.865409 -0.182343 -0.611043 -2.297965 -2.369757 -0.553931 -0.417292 -1.133783 -1.780400 -2.044685 0.427439 12.831969 -0.047796
13 0.079740 -0.130267 -0.223932 -0.224185 -0.496558 0.278800 0.202558 0.346511 0.016322 -0.182495 -0.483799 -0.137601 0.764258 0.190646
13 -0.611810 -0.525127 -0.910773 0.261894 -1.570399 -0.979576 -0.106927 0.432682 -1.241148 -1.101402 -0.848752 -1.278529 9.659896 -1.180029
1 1.306198 -0.732923 0.021617 -0.604690 -0.280265 0.070551 0.079568 0.927287 -0.039706 0.122746 -0.093593 -0.838758 0.710574 -0.648606
13 -0.222337 0.505445 0.364487 0.320958 -0.597538 -0.188418 -1.263071 -0.592055 0.498503 -1.331641 -0.638930 -0.198132 4.153285 -0.810555
13 0.221579 -1.219865 -0.949940 -0.851839 0.045396 -0.525244 -0.566847 -0.049905 -0.876443 -0.680898 0.245957 -0.601895 5.992513 -0.182570
7 -6.817174 -6.237667 -7.088824 -7.340832 -6.870873 -7.116933 82.667432 -6.153040 -6.826721 -6.482008 -4.176314 -6.589990 -6.091335 -4.875719
7 -0.454973 0.401943 -0.384013 -0.750367 -0.377290 -0.571105 4.987046 -0.328950 -0.729965 -0.515956 0.381700 0.026010 -0.791806 -0.892275
7 -7.245399 -8.197538 -7.620116 -7.395219 -6.528432 -5.645812 81.754214 -5.395926 -6.041025 -6.662444 -2.418781 -7.342607 -3.982470 -7.278442
5 0.296721 -0.805977 -0.079718 -1.788041 3.764405 0.321850 0.768979 1.131450 -0.444255 0.149220 -1.662431 -1.237146 -0.193823 -0.221235
7 0.375045 -1.633923 -2.286026 -2.115877 -1.869414 -1.999382 18.516209 1.151093 -1.530131 -1.435004 -2.232427 -2.154930 -0.938999 -1.846235
7 -0.402787 -1.119752 0.294113 -0.100432 -0.198372 0.853540 3.793238 -0.667387 -0.899715 -0.215862 -1.551744 -0.832665 0.046045 1.001780
7 -6.506515 -6.862424 -6.516482 -6.688689 -6.664997 -6.658950 88.134242 -6.747845 -6.878283 -6.497393 -7.228243 -6.711401 -7.070530 -7.102486
7 -1.024891 -1.296495 -0.493293 -0.029349 3.080008 0.296771 3.656882 -0.982619 -1.171416 -0.586150 -0.847118 0.482891 -1.989344 0.904124
7 -0.475748 -1.407953 -0.685398 -0.966342 0.112911 -0.717883 9.134461 0.513263 -0.172855 -1.069988 -0.785791 -0.945895 -1.188530 -1.344253
7 -0.253349 0.024743 -1.061072 -0.783716 -1.260135 -0.324554 6.430472 -1.154552 -0.371934 -0.596444 -1.131535 -0.768525 1.391694 -0.141091
7 -7.016497 -6.322376 -6.581506 -6.567977 -5.711605 -6.707580 80.510605 -6.928387 -6.054664 -5.823000 -7.086943 -5.650027 -2.986904 -7.073134
7 -6.279404 -5.080817 -6.895667 -6.791723 -3.742493 -7.170600 78.541506 -7.324965 -6.728150 -6.017188 -6.636848 -6.282261 -6.921172 -2.670215
7 -7.045166 -6.016838 -7.051694 -8.670141 -11.072895 -6.180098 93.566987 -6.321253 -6.752634 -6.924936 -7.299405 -5.828920 -6.744433 -7.658569
7 -5.854312 -6.183086 -5.898423 -6.989652 -5.043423 -6.663871 81.410908 -6.445554 -6.222309 -6.332336 -6.568401 -6.937626 -5.486052 -6.785857
12 0.350895 -0.325203 -1.088969 -0.208473 0.071456 0.386080 -0.469989 -0.057521 0.875510 -0.338277 -0.340343 1.301935 -0.005964 -0.151137
7 -6.537618 -6.358869 -6.191929 -5.662128 -5.859387 -6.595568 81.272206 -6.427460 -6.192491 -6.782258 -6.335679 -6.078292 -6.640466 -5.610057
7 -7.841274 -7.396985 -6.651751 -6.590125 -8.598018 -7.917987 94.730012 -6.689111 -7.273792 -7.808063 -8.471744 -5.613967 -6.586230 -7.290962
7 -1.052456 0.111733 -0.475357 -0.328028 -1.257981 -1.035009 6.988099 -0.752595 -1.165206 0.284837 -0.748180 0.187913 -0.684640 -0.073130
7 -8.283917 -5.676152 -6.340256 -6.292902 -5.520294 -6.111050 83.515313 -6.552062 -6.855683 -6.550533 -6.019622 -5.981639 -6.364452 -6.966746
11 -1.903304 -2.734425 -2.291752 -1.816563 -2.058005 -1.511107 -3.692502 -1.891454 -2.047343 -1.831419 28.399462 -1.829433 -2.507539 -2.284616
7 -6.874065 -6.723713 -6.555190 -6.632773 -6.848389 -7.250711 89.084266 -6.954285 -7.356447 -7.360579 -6.811367 -6.218150 -7.593726 -5.904868
7 -5.986033 -6.259898 -6.031451 -6.502348 -5.853034 -6.759037 81.398402 -6.270838 -6.065474 -5.923280 -6.985602 -6.595244 -7.188775 -4.977385
7 -6.586773 -7.189440 -7.455011 -8.018408 -6.820662 -7.324768 89.790263 -7.104885 -6.773862 -6.733836 -6.721606 -6.872700 -5.683850 -6.504458
7 3.449203 -2.695972 -3.781593 -3.790013 -3.756477 -3.829647 40.979177 -2.904772 -3.491582 -3.832367 -3.975239 -3.788238 -3.744608 -4.837870
7 -7.261849 -6.758769 -5.150733 -6.418150 -6.554176 -6.818854 83.651123 -6.729594 -7.035949 -6.759121 -4.901386 -7.621305 -6.795395 -4.845838
12 -1.127008 -0.556478 0.674991 -0.362920 -1.023618 0.231946 -0.217900 -0.455568 -0.707196 0.281016 0.905468 3.242171 -0.371446 -0.513458
13 0.043905 -0.530772 0.115172 0.227769 -1.104349 -0.615832 -0.545572 -1.034223 -0.785650 -0.794613 -0.233193 0.850416 5.205728 -0.798786
12 0.240350 -0.008974 0.481803 0.226482 -0.586593 0.048865 -0.570271 -0.575176 -0.923181 -0.399580 0.205698 2.847263 -0.483209 -0.503478
12 -0.424292 -0.378978 -0.757999 -0.197967 -0.128614 0.573522 0.234877 -0.276094 -0.042730 -0.041661 -0.080449 1.206843 0.061987 0.251558
9 0.428368 0.657877 -0.480868 -0.387712 -0.873374 -1.344190 -0.736067 -0.630919 1.898525 -0.438745 -0.244990 1.370790 0.640380 0.140927
14 -0.262587 -0.183180 -0.095727 -0.204761 -0.242246 -0.137561 -0.370873 -0.353585 0.162818 0.592096 -0.233056 -0.085980 -0.288374 1.703016
3 -2.431636 0.733167 7.419634 -0.443895 -0.095805 -1.455208 -1.219003 -1.348824 -1.489033 -0.446009 -0.692632 1.687678 -0.878701 0.660266
8 -0.233743 -0.138883 -0.603325 -0.218795 -0.485516 -0.157068 -0.282222 2.226005 -0.097704 -0.137492 -0.681834 0.155723 1.238926 -0.584072
12 -1.312875 -0.108786 0.997336 0.225403 -0.993542 0.124660 0.419166 -0.810000 -0.922143 -0.939381 -0.636031 6.589020 -1.417318 -1.215511
7 0.735991 0.290419 -0.424776 -0.018528 0.054205 -0.433846 0.867335 -0.251649 -0.826077 0.038562 0.109668 -0.146456 -0.255675 0.260826
10 0.515801 -0.468156 0.546931 -0.350505 -0.043005 -0.579722 0.093111 0.233978 -0.467820 0.640873 -0.525386 0.422073 0.197993 -0.216166
7 -0.352051 -1.607799 -0.847218 -1.736057 2.589306 0.005738 5.595003 -0.763889 -0.571740 -0.115188 -1.558641 -0.461262 0.111566 -0.287768
12 -1.373532 -1.498142 1.071856 -1.156089 -1.097791 -1.168772 -1.500914 -0.075839 -0.517311 -1.354147 -1.134554 11.495758 -0.853706 -0.836817
12 0.323267 -0.275124 -0.522294 0.005630 -0.019310 0.010856 -0.244035 -0.134310 -0.477036 0.465175 0.437575 1.193271 -0.434550 -0.329114
12 -0.193541 0.126522 -1.543909 -0.336577 0.425200 -0.224101 -0.573455 0.153689 -0.084275 -0.068412 0.269732 2.647828 -0.184833 -0.413868
12 0.122404 -0.094811 -0.373253 0.195980 -0.275996 -0.300274 1.268118 -1.038228 -1.699802 -0.389771 -0.207151 3.058155 -0.277537 0.012165
5 -0.528661 -0.349867 -1.915612 -1.161672 9.340436 -0.297692 -0.660428 -0.856471 -0.564161 -0.766495 -0.957897 1.238166 -0.987411 -1.532235
3 -0.074865 0.020874 1.125256 0.217859 0.324770 -0.551944 -0.159474 -0.546950 -1.148068 0.180165 0.481369 0.419404 -1.067445 0.779049
12 -0.095481 -1.491292 -0.993401 -0.168098 -0.061514 -0.657180 0.517484 -0.258727 -0.351571 1.365306 -0.987798 3.256152 0.120914 -0.194793
3 0.524153 0.618718 1.773514 -0.520834 -1.592329 -0.792738 -0.641795 -0.837862 -1.036761 1.048087 -0.267370 1.029885 -0.223515 0.918849
14 -0.010386 -0.291649 -0.710252 -0.510830 -2.044161 -0.512446 -0.699903 0.467444 -0.129569 -0.322036 -0.599661 0.586734 -0.468205 5.244919
12 -1.752676 -0.127934 -0.223693 -0.530502 -0.551413 -0.945405 0.532970 0.245578 -1.389970 -0.820364 -1.034944 8.683766 -2.091129 0.005715
12 -1.169731 -0.250989 -0.598400 -0.236252 -1.105044 -0.020586 -0.136467 -0.036407 -0.534794 0.263498 2.443359 2.816308 -0.950727 -0.483768
14 -2.215417 -2.147835 -1.634697 -2.006157 -2.451153 -1.663486 -0.784263 -0.664955 -1.811914 -0.979950 -1.745426 -0.966908 -2.184590 21.256752
14 0.870673 0.864311 -0.030697 -0.292108 -2.134205 -0.406194 -0.385136 -1.506188 0.206328 -0.520814 -0.682087 0.164562 0.291600 3.559955
14 -2.365613 -1.559299 -0.737586 -1.801314 -1.860334 -2.432992 -0.810828 -1.631712 -2.027033 2.618989 -1.035133 -1.189419 -1.428450 16.260724
14 -2.733233 -1.295467 -2.509952 -2.310057 -1.923806 -2.641909 -1.210190 -1.808092 0.520669 -1.578379 -1.169211 -2.789987 -1.303411 22.753025
2 -1.027612 1.812437 -0.318843 0.966944 -0.709112 -0.513124 -0.437770 0.119600 -0.381572 -0.124485 -0.594240 -0.129827 1.305493 0.032109
14 -1.552564 -0.869266 -1.205069 0.463794 -0.417797 -0.706893 -0.553117 -0.465216 -0.583524 0.234519 0.567550 -0.599845 -0.628994 6.316420
2 -1.120209 1.414986 -0.429447 0.189096 0.294490 0.572933 -0.922925 0.245934 -0.894260 -0.553489 0.387133 -0.338616 0.615293 0.539082
14 1.121721 -0.323943 -0.268868 -0.257347 0.329198 -0.282222 -0.751960 -0.171239 -0.246829 -0.098832 -0.162059 0.161302 -0.461914 1.412992
14 -0.295740 -1.219418 -1.426357 -2.242156 -2.568280 -2.136858 -1.524415 -1.816318 -0.338615 -0.299357 -2.076559 0.029728 -0.152423 16.066768
14 -0.512059 -1.441203 -0.595875 -1.362549 -1.042279 -0.725169 -0.463797 0.034476 -0.792333 -0.805040 -1.004378 -1.293293 -0.552332 10.555833
7 -0.963066 -0.167871 -0.642905 -1.203935 -0.426778 0.252724 1.341621 0.247675 0.783729 -0.682534 -0.421741 0.229410 0.770911 0.882758
14 0.742772 0.016417 -0.819929 -0.036206 0.360253 -0.227098 -0.267613 -0.418927 -0.308861 0.068997 -0.074879 -0.572299 0.648400 0.888971
14 -0.556486 0.320126 -0.454789 0.227294 0.419071 0.032194 -1.322951 -0.570089 -0.157666 0.895331 0.280280 -0.743045 0.439743 1.190987
14 -1.045958 -1.493871 -1.569958 -0.816831 -0.821545 -0.202938 -1.122845 0.170205 0.173242 -1.504468 -0.783109 -1.217730 -0.191320 10.427124
5 -0.457255 0.696158 1.204404 0.705125 2.511270 -0.242584 -0.627623 -1.550945 -1.347213 -0.146303 -0.303436 0.437375 -1.296765 0.417791
14 -0.664683 0.253987 0.027717 -0.512321 -0.512075 -0.785224 0.344933 -0.307614 -1.063952 0.211111 0.615090 0.099983 -1.564396 3.857443
14 -1.628471 -0.477290 -1.216004 -0.322075 -1.973562 -1.142094 0.972562 -0.204370 -0.568135 -1.594914 0.490373 -0.576078 -1.541336 9.781395
14 1.588676 -0.716337 -0.382495 -0.121016 -0.226544 -0.498662 -0.415063 0.199090 -0.588171 -0.366840 -0.426438 0.020422 -0.304459 2.237836
14 -0.535767 -0.480767 0.345650 -1.264897 -2.224346 -1.375089 -1.442234 -1.369003 0.137595 -0.261406 -2.078951 -1.370664 0.979225 10.940655
14 0.169256 -0.751770 -0.230738 -0.544071 -0.390882 -0.881500 -0.372701 -0.157214 -0.345113 -0.131599 0.027809 0.371396 0.254862 2.982264
10 0.311508 -0.338450 -0.342725 0.139033 0.627474 -0.491387 -0.223219 -0.176829 -0.412946 0.904816 0.386569 0.219803 -1.124795 0.521147
5 0.498480 -0.648154 -0.797075 0.083932 1.341443 -0.037102 -1.903004 0.660830 0.400133 -0.502311 -0.926292 -0.678925 1.319252 1.188792
8 -0.990593 0.646502 -0.588576 -0.666843 0.857377 -0.091815 0.057669 3.941629 -0.751581 -0.873648 -0.640300 -0.246696 -0.039720 -0.613404
8 0.249770 0.158757 -0.842272 -0.951096 -2.822132 0.308778 0.359084 6.775583 0.111787 -0.617150 -1.725661 0.214647 -0.010888 -1.209208
5 -1.133567 -1.268523 -2.505449 -2.621761 27.088329 -1.923810 -2.451134 -1.718628 -2.039105 -2.257315 -2.746326 -1.623538 -2.070081 -2.729093
8 -0.557687 -1.222807 -0.672833 -0.693826 -0.751041 -1.620605 -0.074074 9.605245 -0.605232 -0.439863 -1.596571 -0.711582 0.334206 -0.993331
8 0.369926 0.211284 -0.215816 0.127825 -0.884377 -0.391927 -0.602359 5.642548 -0.431603 0.069415 -1.147254 -0.384392 -1.092293 -1.270979
6 -0.427491 -0.567701 -0.580310 -0.466532 -0.335916 0.762938 0.100840 -0.142339 0.707936 0.515239 -0.011568 0.072546 0.585344 -0.212987
8 0.087942 -1.226661 0.825612 -1.290122 -1.143025 1.626588 -0.834402 4.886562 -0.674295 -0.567997 -1.474747 -0.963318 1.987429 -1.239566
8 -1.363443 -0.693698 -1.612945 -1.558768 -3.328855 -0.677117 1.818685 14.582499 -1.320805 -0.956302 -1.712713 -0.401599 -1.312498 -1.462441
8 0.048930 -0.638789 -0.569562 -0.455406 -0.902296 1.917334 -1.615590 8.595159 -1.431376 -0.549807 -1.002202 -0.411807 -1.976986 -1.007603
1 1.396529 0.644333 -0.353310 -0.426405 -0.550418 0.651800 -0.463413 0.879501 -0.340184 -0.467800 -0.316561 -0.071144 -0.598534 0.015607
8 -1.641104 0.119507 -0.386882 -0.748142 -0.640138 0.884128 -1.070344 3.267754 -2.065438 0.928461 0.661793 -0.177172 -1.447887 2.315466
8 -1.194370 -0.817115 -0.076789 -0.174814 0.525817 0.220667 -1.362109 8.003877 -0.707586 -0.685643 -1.123875 -0.824076 -0.816821 -0.967163
2 -0.983673 0.591494 -0.001888 -0.181554 0.140830 -0.415050 0.272466 0.333648 -0.679376 0.371117 -0.363598 0.443973 0.106408 0.365201
6 -0.098919 -0.162327 -0.419829 -0.187220 -0.419113 0.856912 0.742793 0.564315 -0.472799 -0.148758 -0.247484 -0.414441 0.539354 -0.132484
8 -0.958512 1.579113 -0.602547 -0.774343 -0.510923 -0.046841 -0.897436 4.495783 1.558277 -0.550615 -1.035160 -0.751575 -1.552330 0.047111
5 -0.080526 0.432678 -0.273407 0.165174 2.311509 -0.007206 -0.494767 -0.169463 -0.316207 -0.399098 -1.123722 0.237716 0.000183 -0.282863
13 -0.640434 0.056582 -0.804555 -0.749191 -1.061294 -0.217788 1.379126 0.309931 1.438059 -0.388527 0.246745 -0.522550 1.524007 -0.570111
8 -0.843108 -0.470650 -1.311147 -0.070280 -0.372305 -1.174598 0.097732 4.330308 0.440596 -0.801240 0.540411 -0.984866 0.086136 0.533009
6 -0.086995 -0.080626 -1.262582 -0.398098 0.218840 2.158263 -0.289532 -0.364104 -0.886331 0.517696 -0.200956 0.492356 -0.136767 0.318836
8 -1.056247 -0.045578 -1.587593 -0.730191 -0.678187 0.472037 0.179741 5.539075 -0.863761 0.047304 -0.256469 0.121301 -0.924795 -0.216638
8 0.241300 1.344053 -0.112030 -0.050095 -2.048889 -0.479211 -0.506650 3.622175 -0.635513 0.534157 -1.545967 0.239488 -0.255458 -0.347363
8 -0.901375 -0.815704 -0.283223 0.882239 -1.746439 1.747194 -0.811934 4.642809 -0.962520 -1.417484 -0.511659 -0.725037 1.021707 -0.118574
2 -1.067879 1.009050 -0.486962 0.400881 0.948972 -0.397314 0.177125 -0.484049 -0.288470 -0.354042 0.564557 0.159955 -0.187636 0.005810
1 1.352678 -0.229273 -0.272821 0.036811 1.073402 0.394509 0.628052 -0.297560 -0.519500 -0.360494 -0.432900 -0.002479 -1.138835 -0.231589
9 -0.455139 -0.077805 -0.061283 -0.566578 0.309848 -0.820509 1.164375 -0.216434 2.827379 -0.967284 -0.534007 0.687347 -0.917797 -0.372115
7 -0.020634 -0.681234 -0.212431 -0.635254 0.230052 0.099292 1.882161 -0.217809 1.017090 -0.346542 -0.129289 -0.204410 0.024252 -0.805245
10 1.123288 -0.783004 0.292101 -0.028887 -0.346293 -0.778582 -0.226804 -0.641075 0.231748 2.009419 -0.490640 0.278857 0.779742 -1.419872
9 0.529090 -0.890977 -0.074440 0.174925 0.877743 -0.375760 -0.173547 -0.528893 3.436147 -0.515875 0.010415 -0.739035 -0.796261 -0.933533
13 -0.071167 -0.705586 0.285442 -0.998124 -1.230420 -1.015177 -0.648715 0.235048 0.754937 -0.596634 -0.917054 -0.785163 6.507780 -0.815166
13 0.325305 -0.248580 1.010483 -0.386488 -0.540946 -1.074156 -0.124945 -0.208548 0.306934 0.010882 -0.512653 0.352726 1.498186 -0.408201
6 -0.464107 -0.047489 -0.009270 -0.093729 -0.165146 0.695715 -0.035232 -0.220712 0.270437 -0.106888 -0.015837 0.203204 -0.091671 0.080724
14 -0.562172 -0.267176 0.277651 -0.188385 0.177602 0.993811 -0.847066 -0.769037 0.794067 0.090977 -0.424955 0.827776 -1.138081 1.034989
9 0.853991 -1.163855 -0.752905 -0.252718 -0.071300 -0.754359 -0.680108 -0.127315 3.111935 -0.221962 -0.077337 -0.643627 1.540631 -0.761069
9 0.097981 -0.381526 -0.147684 0.410649 -0.376581 -0.293881 -0.468569 -0.228817 1.534327 -0.366281 0.071454 0.028870 0.401729 -0.281670
9 -1.190334 0.178441 0.237309 -0.307951 0.422420 -0.982235 -0.624257 -1.037665 2.406773 0.829570 -0.579703 -0.240795 -0.772230 1.660656
5 -0.253251 -0.830605 0.391568 -0.538283 1.310804 0.214006 -0.801710 0.407617 1.239097 0.409315 -0.203080 -0.509350 -0.540662 -0.295466
4 0.518224 -0.837024 0.359898 1.561384 0.482373 0.058960 -1.271366 -0.333390 0.739984 0.014010 -0.438087 -0.546940 0.165006 -0.473032
14 0.088105 -0.403735 0.870304 0.146212 -0.738208 0.225111 -0.587175 -0.528350 0.567376 0.215170 -0.641042 -0.797965 -0.090347 1.674547
12 0.568512 0.583087 -0.024989 -0.559658 0.331107 -0.613837 -0.439719 -0.488309 0.135388 0.114553 -0.101277 0.599649 -0.301905 0.197399
14 0.243884 -0.838128 -0.892271 0.301937 0.233453 -0.761148 0.387505 -0.888256 -0.953601 -0.122918 -0.525979 -0.126325 0.539026 3.402821
4 0.358268 -0.671116 -0.078255 2.503689 -0.172571 -1.360537 -1.092057 -0.980700 1.888752 -0.120033 -0.842855 0.159886 1.145152 -0.737623
14 0.464918 -0.258785 -0.239552 -0.726779 0.148364 1.396945 -0.735018 -0.412179 1.333080 -0.437991 -1.207369 -0.783400 -0.103000 1.560767
