11 -12.692971 -13.059285 -12.088962 8.415838 -10.522475 -15.778203 63.714821 -12.733936 -11.784988 -12.304313 69.179353 -12.852401 -14.044372 -13.448101
8 -1.393400 -1.042624 -1.325636 -1.152025 1.338675 2.076956 -0.569218 6.125539 0.256333 -1.467513 -1.585484 -1.072037 -0.597675 0.408110
9 -1.003813 -0.661192 -2.136789 -0.901937 -1.063531 1.521247 -0.435913 -1.365766 8.873118 -0.713694 -0.050646 -0.514929 0.036420 -1.582575
1 38.049592 -3.238409 -2.818589 -1.441156 -2.162097 -2.968140 -4.098462 -3.331686 -2.314765 -3.187661 -3.391008 -2.382881 -4.219041 -2.495697
6 0.615714 -0.460338 0.852886 0.111807 0.345229 2.378048 -2.378185 -0.113571 -1.293703 -0.348593 -0.575761 1.460897 -0.805251 0.210821
1 3.821030 -0.195620 -0.499030 -0.209664 -0.320322 -0.266469 -0.361374 -0.357094 0.246168 -0.214116 -0.228785 -0.465873 -0.554762 -0.394090
12 -0.470229 -0.503404 -0.176171 -0.040757 0.267310 1.288967 -0.543293 -0.206898 -0.457771 -0.091600 -1.010159 1.898051 0.375681 -0.329727
5 -0.598357 0.140502 -0.530358 0.960297 1.033726 0.722796 -0.792749 -0.461397 -0.522586 0.381855 0.078280 0.015253 -0.756835 0.329573
5 -4.688615 -1.501411 -2.589940 -2.096055 32.778395 0.343850 -5.810217 -2.533910 -3.568387 -2.587256 -3.268500 1.199847 -3.262510 -2.415292
5 -1.998153 -1.348283 -1.071960 -1.457093 22.198512 -2.829708 -1.761948 -1.931700 -1.814185 -1.366961 -1.713574 -1.513902 -1.551242 -1.839803
13 -0.037444 -0.091450 0.546814 -0.295139 -0.579888 0.022609 0.288498 0.093860 -0.031179 -0.647559 -0.441188 0.113110 0.561677 0.497280
3 1.098332 0.306337 5.934517 -0.434300 1.938999 -1.286063 -2.414759 -0.648397 -0.596616 0.355665 -2.036387 -0.290321 -0.862942 -1.064063
3 -1.045017 -2.256106 23.297652 -3.643806 -3.045605 -1.732592 -1.054266 -2.568279 -1.462873 -0.910831 -1.021634 -2.634780 -1.591231 -0.330633
4 -1.038365 0.064935 0.334530 1.985541 -0.387466 -0.278856 0.830241 0.004398 -0.990818 0.122694 0.173051 0.026589 -0.997670 0.151196
1 105.739064 -8.554862 -7.311365 -8.688097 -8.245415 -7.907061 -8.703497 -8.985656 -8.274279 -8.879058 -7.742227 -7.127020 -10.409243 -4.911283
11 -4.271029 -2.559649 -0.795338 -2.242017 -4.657272 -3.207789 -3.840992 -2.544513 -3.384243 -2.708776 38.236942 -2.357000 -2.230279 -3.438043
4 -0.157467 -0.698850 -0.655078 3.584653 -0.575274 0.919125 -0.380214 -0.347848 -0.071330 -0.377567 -0.426575 -0.535272 0.163860 -0.442163
1 3.564525 -1.017769 -1.059265 -0.045265 -0.026995 -1.748971 -1.538337 -1.301727 -0.845710 0.150281 -1.189733 3.399991 0.646174 1.012802
14 -1.592639 -1.561602 -0.640598 -1.970696 -2.599143 -1.874714 -1.956799 -2.174098 -2.174003 -0.953354 -3.288893 -2.025470 -2.613947 25.425955
11 -2.333528 -2.916865 -3.423108 -3.252786 -3.241252 -3.319161 -1.869474 -2.020951 -3.240672 -3.214778 36.043995 -2.331177 -2.807691 -2.072550
3 -1.132202 -1.714619 20.195789 -1.271431 -1.353320 -1.348287 -1.313462 -0.719408 -1.317383 -1.658705 -1.646460 -2.836252 -1.522747 -2.361512
12 0.067114 0.675962 0.073198 -0.044585 -0.544255 -1.030765 -0.549663 -0.305515 -0.826966 -0.246210 0.034246 1.606135 -0.039854 1.131158
11 -0.487655 0.220683 -1.317942 -1.245204 0.809131 0.468623 -0.006757 -0.977813 0.722102 0.628990 1.740235 -0.448293 -0.596698 0.490598
9 -1.023735 0.695775 -0.243912 -1.247491 -0.767183 -0.535056 -0.771116 -0.001889 4.639256 0.520311 0.148244 -0.811385 -0.811517 0.209700
5 -0.176590 0.069316 0.195730 -0.203155 0.786270 -0.324252 -0.173841 0.177690 -0.245247 0.154962 -0.058298 -0.225224 -0.085436 0.108074
8 -3.273993 -1.195608 -1.649488 0.121418 0.257216 -1.431494 -0.083595 12.548383 -0.951159 -1.109061 -1.471898 -0.772230 -2.001337 1.012848
14 -3.157213 -0.433359 -2.676713 -1.654967 -1.976759 -2.175418 -3.273787 -1.799840 -2.741205 -3.559025 -2.748270 -2.412961 -2.243068 30.852583
2 -1.176257 20.654978 -3.380022 -1.152780 -0.603968 -2.343586 -1.617662 -1.320013 -2.185679 -1.768516 -1.978847 -1.206342 0.282033 -2.203338
1 62.821127 -6.015442 -5.120495 -5.090589 -4.404435 -3.827195 -5.517471 -4.410137 -4.425113 -5.004295 -3.753379 -4.648853 -5.960111 -4.643609
10 -0.310196 -0.477164 -0.272956 -0.386053 0.338615 0.018139 0.226213 -0.234329 -0.300239 1.071064 0.209182 -0.110122 -0.162923 0.390768
5 -1.859528 -1.046092 -1.130200 -0.806303 20.567775 -2.449485 -2.074765 -1.459724 -1.809653 -1.521140 -1.348065 -1.557185 -1.731192 -1.774442
6 0.486133 -0.543583 -0.130654 -0.431628 -0.101148 0.782664 -0.448531 0.070466 0.358508 -0.506530 -0.175351 -0.694753 0.592085 0.742322
6 -1.411564 -1.646637 -0.993084 -2.053769 -1.136637 9.729169 -0.232611 -0.319755 -1.591873 -1.574547 -0.475166 -0.713677 -0.837499 3.257652
14 -4.849189 -2.707006 -4.014375 -3.070042 -0.775453 -3.196669 -5.737261 -3.851524 -5.045584 -4.424174 -5.041413 -1.475579 -3.679138 47.867407
7 -5.508642 -5.244767 -5.485341 -5.108614 -5.942106 -6.582209 72.505654 -5.010382 -6.027368 -5.102108 -5.675844 -4.604643 -6.809108 -5.404520
14 -1.553473 -2.330585 -2.195092 -1.794044 -2.158219 -2.673787 -0.353686 -0.406788 -1.653869 -0.875129 -1.928346 0.618042 -1.888475 19.193452
13 -0.092425 4.220689 -0.611865 -0.523103 -0.649214 -1.800236 -0.838122 -0.905331 -1.507224 0.404201 0.163174 -0.848156 4.240811 -1.253198
2 -4.500730 24.143676 -2.945193 -1.294187 -3.078458 -2.870287 -0.415900 -2.740348 -2.467675 -2.382905 8.111538 -2.735242 -4.048528 -2.775761
2 -1.499057 24.699229 -2.044264 -0.500587 -2.081197 -0.748747 -0.996224 -2.420823 -3.006023 -2.488850 -2.185306 -2.632818 -1.635780 -2.459551
1 2.346057 -0.500661 0.663276 0.001965 -0.194333 0.178269 0.078611 -0.043847 -1.703268 -0.015615 -0.067403 0.036017 -1.168878 0.389810
6 -3.717702 -4.732355 -4.823874 -4.299695 -5.584449 52.516596 -2.651495 -3.545387 -4.185477 -3.024891 -3.404851 -4.611543 -4.226311 -3.708565
3 -1.016621 -1.580540 10.261139 -0.711718 -0.776371 -3.228976 -1.215265 -0.628164 -1.578139 0.885139 1.295548 0.050700 -0.416762 -1.339972
13 -0.037045 -0.509770 -2.222705 -1.912102 1.897242 -2.279780 -0.853834 0.815360 -0.090289 -1.505541 -1.800099 -0.392180 10.531176 -1.640432
3 -2.829077 -3.246824 39.723155 -2.666189 -3.224287 -3.079001 -3.130278 -2.819602 -2.999800 -2.956078 -3.370472 -2.779062 -4.097336 -2.525149
6 -4.311590 -2.900145 -2.241119 -1.528941 -2.555153 29.254512 -1.883392 -2.397313 -2.193253 -2.660189 -2.486828 -2.290579 0.863939 -2.669948
12 -1.288782 -0.806691 -1.471678 -0.554054 0.570476 0.032779 0.027360 -0.360641 0.471184 1.762487 -0.681085 3.264169 -0.784729 -0.180793
14 -1.066396 -0.211185 -0.021959 0.199387 0.147710 0.650421 -0.374938 -0.265854 -0.471402 0.670171 -0.719627 0.025834 -0.383953 1.821791
13 -0.963254 -1.059127 -0.694027 0.847588 0.414525 -0.049705 -0.616054 -0.976629 -1.853347 0.842670 -0.878555 -0.186019 4.661495 0.510440
11 -2.711742 12.759714 -2.041885 -1.746067 -2.985621 -2.031146 -2.677148 -2.505051 -2.191315 -2.150799 14.944890 -1.890165 -2.320890 -2.452775
13 1.432947 -1.180395 -0.486376 0.131779 0.104653 -1.928426 -0.391235 -0.286572 0.583375 0.336910 -0.435826 -0.432398 2.715554 -0.163990
14 -0.009367 -0.494922 -0.522020 -0.694566 0.481794 -1.785690 0.242990 -0.864273 -0.646497 -0.569127 -0.797213 0.482491 -0.644634 5.821034
14 -0.104390 -0.111560 -0.275503 -0.281739 0.194944 -0.004291 -0.306070 -0.124319 -0.023538 -0.047180 -0.060272 -0.080845 -0.272467 1.497230
14 -1.420875 -2.590249 -1.855895 -2.227879 -1.902437 -1.591225 -4.839149 -2.417254 -2.920198 -1.988614 -3.198957 -1.820468 -1.898441 30.671641
11 -6.016671 -4.907963 -4.805229 -4.697008 -6.479661 -4.664587 -5.581261 -5.509198 -4.629669 -4.580222 67.861732 -4.926114 -5.038439 -6.025710
7 -0.507230 0.210106 -0.827795 0.186917 -1.483767 -0.100048 8.874401 -1.586358 -1.196362 -0.708780 -0.076762 -0.849291 -1.505753 -0.429277
6 -5.637926 -4.693033 -4.879890 -4.657067 -5.328927 61.672413 -5.770486 -4.902008 -5.181518 -4.904589 -2.516734 -3.761647 -5.060383 -4.378206
4 -5.494367 -7.312196 -5.386909 80.728773 -8.605977 -6.502458 -6.700616 -4.883225 -6.351850 -5.711874 -5.587829 -5.786936 -6.422464 -5.982070
4 -6.353554 -6.912488 -6.047937 81.580948 -7.761255 -6.518509 -5.679215 -5.787303 -5.992440 -5.767011 -5.462832 -6.114027 -6.489573 -6.694802
4 -4.449443 -3.905006 -3.856629 44.784143 -4.322889 -4.329849 -2.428278 -2.543264 -4.392951 -2.754975 -2.668186 -4.005016 -3.296227 -1.831432
7 -6.163496 -6.265214 -7.868377 -6.013492 -8.663708 -7.703548 91.517836 -7.325398 -5.816890 -6.650316 -7.969343 -6.561097 -7.991906 -6.525050
7 -7.833264 -5.796058 -6.728879 -6.812378 -7.348167 -9.249472 84.529107 -6.365772 -6.203931 -5.461251 -5.175450 -7.692224 -3.837819 -6.024442
7 -0.238001 -2.145630 -0.659815 -0.424208 -1.160382 -1.060059 15.695229 -1.890760 -2.128135 -1.970917 -1.580766 -1.135543 -0.782626 -0.518387
7 -5.679228 -9.253915 -7.367888 -6.613183 -9.433225 -9.301694 94.429213 -6.822202 -6.836859 -6.592384 -4.114933 -7.152242 -7.337791 -7.923666
7 -7.000522 -6.982724 -7.429524 -8.146748 -6.891317 -4.780788 78.043049 -4.618024 -6.941463 -6.595695 -3.827021 -5.625102 -5.259925 -3.944194
6 -5.701204 -2.852507 -4.346284 -4.846270 -8.161070 58.839071 -5.444366 -3.736397 -4.731864 -4.250695 -3.209599 -4.042647 -4.852741 -2.663426
3 -1.789766 -1.037459 10.895793 -0.763177 -1.503774 -1.695997 -1.138800 -0.888154 3.451357 -2.031867 -0.163210 -0.544293 -1.855880 -0.934773
6 -1.752078 0.937630 -0.250221 0.141806 0.565113 1.920309 -0.184193 -0.465693 -1.057933 -0.001089 0.081531 0.488244 -0.770821 0.347395
8 -0.843166 -1.304583 0.106618 -2.460147 0.281926 -1.503975 -0.933196 13.939865 -0.392515 -1.814243 -1.144789 -0.896167 -0.973825 -2.061802
8 -1.425836 0.519966 -1.434175 0.676158 0.025408 -1.914242 -0.425714 3.749598 0.174391 -0.204608 0.158641 0.283988 0.228063 -0.411636
14 -0.457971 0.727415 -0.312170 -0.362258 -0.944497 1.064254 -1.599273 -1.292625 0.401140 -0.146604 -1.769998 -2.051459 3.113801 3.630245
4 -6.952703 -5.833338 -6.829307 81.936355 -8.784516 -6.513335 -4.907930 -6.120759 -5.536417 -6.242892 -7.065665 -6.963859 -3.105644 -7.079987
4 -6.651435 -7.752336 -5.938155 81.831062 -7.886009 -6.523217 -7.075066 -5.774441 -6.038188 -5.240913 -5.694380 -6.596688 -4.893235 -5.766996
4 -7.289315 -6.983767 -6.189450 81.816287 -8.041043 -6.087904 -6.169019 -5.921214 -4.980354 -5.599425 -5.862630 -5.747950 -7.306822 -5.637394
11 -3.500016 -4.273098 -2.214015 -3.275337 -1.207634 -1.415166 -4.459073 -2.843570 -3.308429 -2.929417 37.888119 -2.691796 -2.710270 -3.060299
11 -0.726587 -0.111277 -1.117798 -1.015864 -0.232584 -0.883514 2.165175 0.373948 -1.265961 -0.567760 3.105517 -0.139236 0.648324 -0.232383
3 -0.289407 -1.590317 5.764080 -1.417847 0.589260 -0.334660 -0.533036 -1.076028 0.435963 0.209301 -0.376620 1.138421 -0.340871 -2.178238
4 -6.703185 -6.289081 -5.679791 81.796308 -9.274676 -6.878895 -4.660383 -5.824209 -6.245771 -5.402460 -5.222277 -6.899904 -6.585643 -6.130032
5 -4.416866 -1.596243 -1.833073 -1.812390 38.672192 -4.737011 -5.867177 -2.175255 -3.309425 -1.574834 -2.746423 -1.818940 -4.351793 -2.432763
6 -0.444297 0.399507 -1.145687 -0.544610 0.268256 1.735143 -0.344048 0.171376 0.612734 -0.837085 -0.889080 -1.096093 1.530411 0.583474
13 -0.447944 0.355027 -0.563942 0.116856 0.076878 -0.638588 0.540610 -0.379618 0.091766 0.263802 -0.279515 0.126160 1.289218 -0.550709
11 -2.949487 -2.625561 -2.954698 -3.496481 -3.753288 -3.618204 -2.975078 -2.144299 -2.978350 -4.010884 42.036236 -3.079446 -2.964768 -4.485690
11 -6.391507 -4.851709 -4.638997 -5.364277 -6.649974 -5.090500 -4.293529 -5.122817 -6.337112 -6.479509 70.358085 -5.505698 -5.039522 -4.592933
11 -1.016722 -1.611916 -1.900687 -0.237188 -0.237076 -0.906628 -1.859973 -0.978768 -2.767152 -2.858860 18.909886 -1.124496 -1.715563 -1.694858
6 -0.554582 0.626372 -0.426551 -0.786828 0.324872 2.515917 -0.846556 -0.147991 -0.411258 -0.412033 -0.985874 -1.153335 1.777725 0.480122
1 54.715536 -3.465567 -4.230641 -5.471102 -4.573010 -4.649981 -4.359014 -4.067276 -5.113861 -4.635889 -3.850594 -4.830119 -3.142183 -2.326297
13 -0.240924 -1.521883 0.553296 -1.022221 -0.167236 -0.457364 0.150916 -1.582715 -1.422241 -1.238627 0.414284 -1.375983 7.743885 0.166815
3 -0.428718 -2.109339 6.384349 0.826468 -0.957796 -0.363731 -0.719273 -2.832217 0.005123 1.718427 -1.946340 -1.280653 0.210923 1.492777
4 -6.200837 -6.388638 -6.380158 82.138428 -6.858317 -7.657269 -6.379040 -6.429049 -6.287153 -6.363790 -5.680187 -6.727930 -6.026958 -4.759099
4 -5.513577 -6.764870 -6.343493 81.645441 -8.285891 -6.431242 -5.524825 -5.728386 -6.708615 -5.566420 -5.639818 -6.042580 -7.290438 -5.805284
2 -2.950151 18.910476 -0.711604 -0.547244 -1.785854 -2.160424 -1.552768 -1.948193 -2.237898 -1.137852 -1.213812 -0.841983 -1.584885 -0.237808
4 -0.953107 0.151693 0.449805 0.759015 -0.021147 -0.113401 -0.429212 -0.375396 -0.932978 0.562326 0.410927 0.573780 -0.728826 0.646522
1 0.000000 0.000000 0.000000 0.000000 0.000000 0.000000 0.000000 0.000000 0.000000 0.000000 0.000000 0.000000 0.000000 0.000000
2 -1.383455 10.725877 -0.354886 -0.372998 -0.840786 -0.365382 -1.329401 -0.996350 -1.120238 -0.366476 -0.173556 -1.632765 -1.485104 -0.304480
10 -0.862135 -0.622538 -0.188117 0.642326 0.200835 1.300940 -0.737710 -1.569443 -1.787145 3.717418 -0.894695 -0.537569 2.380944 -1.043111
1 58.441544 -4.622187 -4.977383 -4.897266 -3.397308 -3.735778 -2.196762 -4.565941 -5.375159 -5.486404 -5.588871 -4.931743 -3.331921 -5.334820
7 -5.851364 -7.414091 -6.366453 -7.674046 -8.372537 -8.944585 94.197522 -9.266268 -7.151837 -6.381881 -5.464420 -6.957007 -6.233763 -8.119266
6 -8.519471 -6.451914 -6.120399 -6.199019 -7.307914 85.415169 -7.205630 -5.110986 -6.009402 -6.507212 -6.908601 -7.117198 -6.360061 -5.597360
6 -0.030106 -0.049027 -0.004667 0.251122 -0.279173 0.399521 0.000000 -0.044374 -0.000049 -0.021872 -0.046092 0.000000 -0.035742 -0.139540
13 -1.210878 -0.884034 -0.797994 -0.634804 1.907865 -0.177176 -1.485916 -0.654713 -0.576722 -0.985076 -0.549574 -1.211000 7.708393 -0.448371
1 61.136875 -5.221593 -4.883089 -4.927765 -3.779245 -4.175829 -5.037257 -5.236119 -3.596230 -5.344435 -4.257595 -3.601405 -6.624597 -4.451716
7 -1.279351 0.155302 0.490915 0.195824 0.016825 -0.672819 0.873342 -0.068343 -0.707434 0.476970 0.328404 0.187414 -0.840787 0.843740
10 0.065822 -1.269937 -1.206375 -0.967362 -0.936742 -0.197177 1.272286 -0.712140 -0.101887 5.269402 -0.303916 -0.965518 -0.783205 0.836749
2 0.480980 19.187735 -1.731374 -2.719061 -0.106523 -1.949687 -0.730446 -1.209823 -1.831496 -0.778943 -2.609456 -1.946616 -3.225095 -0.830193
8 -2.293038 -1.845970 -2.024728 -2.765339 2.931274 -1.342058 -2.430161 21.340183 -2.761254 -0.668572 -1.463972 -2.319707 -1.071917 -3.284740
7 -4.150629 -5.143879 -5.093698 -6.354652 -5.770015 -4.980197 71.558519 -5.998113 -5.988845 -6.738644 -6.821262 -5.340362 -3.110693 -6.067526
2 0.000000 0.399521 0.000000 -0.029901 -0.008440 0.000000 0.000000 0.399521 -0.278164 -0.009249 -0.159975 -0.043580 -0.208943 -0.060788
11 -1.978180 -3.179716 -1.055169 -1.341102 2.411199 -2.233119 -3.306106 -1.531115 -1.001980 -0.797360 17.986573 -1.330999 -1.754598 -0.888327
10 -0.101700 -0.511142 -0.035565 -0.620198 -0.324939 -0.483193 -0.311419 -0.091702 -0.205345 4.030421 -0.286479 -0.499335 -0.061154 -0.498250
14 -2.272523 -2.839539 -3.690157 -3.524670 -3.706945 -3.623687 -3.323526 -3.185319 -2.583354 -4.048597 -3.373725 -2.712952 -2.784933 41.669927
13 -0.014839 -0.198720 1.411046 -0.642997 -0.372904 -0.558038 -0.275266 -0.936734 -0.595393 -0.518257 -0.439816 -0.580180 4.172293 -0.450195
2 14.493487 60.152887 -6.434841 -7.530923 -8.169155 -3.806066 -6.095653 -7.225089 -6.169696 -6.521132 -2.212675 -5.346137 -7.234458 -7.900547
6 -0.033937 -0.192881 -0.234071 -0.287305 -0.391512 1.507539 -0.062183 -0.070716 0.118159 -0.254607 -0.212298 0.070499 0.372008 -0.328694
2 -1.978155 18.101459 -1.094470 -1.312095 -1.336596 -1.056194 -1.039935 -1.972675 -1.182600 -0.936818 -1.311824 -1.587289 -1.764220 -1.528590
4 -0.748406 0.204415 0.117546 0.506804 0.177034 -0.001226 0.110057 -0.210844 -0.753501 0.276356 0.331339 0.321179 -0.821131 0.490379
4 -9.124801 -7.306758 -8.905708 79.335105 -11.486525 24.817436 -8.757090 -7.642924 -10.619287 -9.130067 -7.338586 -9.070700 -6.687895 -8.082198
1 93.056868 -7.152149 -7.799588 -7.510575 -7.898220 -6.691345 -6.865556 -7.006065 -7.228802 -7.770407 -6.773190 -7.231075 -6.955069 -6.174825
1 79.889718 -5.711424 -5.141054 -6.133486 -6.706731 -6.391891 -7.532817 -6.071170 -6.345943 -5.732387 -5.940421 -5.936401 -6.228613 -6.017379
1 65.319624 -4.875780 -4.736585 -4.732747 -5.787574 -4.926971 -5.829361 -4.859645 -4.050598 -5.358330 -4.698164 -5.276644 -4.354483 -5.832740
9 -1.357040 -0.332114 0.599278 -0.758021 -0.517663 -2.062939 -0.025973 0.111598 5.945330 -0.626272 0.478572 -0.731334 -0.433526 -0.289897
4 -6.371650 -6.667367 -5.413120 84.112896 -8.115905 -6.569757 -6.629852 -6.467601 -6.840509 -5.595961 -5.668353 -6.829454 -7.632957 -5.310406
7 -1.198428 -0.917614 -0.700846 0.146815 -0.419864 1.316392 1.606315 0.375936 -0.450591 -0.588654 -0.212687 -0.432033 1.252037 0.223222
2 -2.128047 31.685761 -1.913511 -2.642608 -2.994188 -2.122301 -2.852963 -2.085369 -1.935818 -1.741473 -2.345673 -2.830939 -3.565309 -2.527562
1 2.990578 -0.276770 -0.426195 0.384426 0.541029 -0.714289 -0.505445 -0.347491 -0.872212 -0.344727 0.224985 0.100346 -0.561286 -0.192951
7 1.899918 -1.098151 -1.757403 -2.788977 -0.574453 3.068985 5.383682 -0.232294 -0.143704 0.349554 -3.427147 -1.598986 1.475308 -0.556332
13 1.600586 0.770889 0.166203 0.137465 -2.490968 -0.945335 -1.255487 -1.823562 -0.280771 1.201916 -1.521536 -0.523904 4.589519 0.374984
9 -2.390542 0.827018 -0.935107 -1.912052 0.478696 2.468307 -0.530086 -1.011093 7.940912 -1.525443 -0.409354 -1.786620 -0.040163 -1.174474
9 -2.831660 -1.194042 -1.374496 -2.093406 -0.847401 2.956438 3.610537 -0.746299 4.491545 -0.894256 1.097157 -0.593597 -0.404534 -1.175986
5 -0.442284 0.067621 -1.231068 -3.139765 17.085788 -1.081811 -0.519427 -1.524832 -0.339023 -2.444582 -2.485702 -1.579451 -1.187001 -1.178462
4 -4.495653 -7.071812 -6.230002 80.978903 -8.431410 -6.320996 -6.618479 -5.816341 -5.977848 -6.415959 -6.122147 -5.432513 -6.636338 -5.409404
4 -7.564618 -1.813733 -7.051259 81.588844 0.523055 -8.071322 -7.534508 -6.941861 -7.200522 -6.596073 -7.229818 -6.814429 -8.158690 -7.135063
4 -6.248967 -5.891450 -5.192545 85.376798 -8.184852 -6.935798 -7.839994 -6.919566 -6.872759 -3.445003 -6.797767 -6.275551 -8.238187 -6.534357
4 -3.735806 -3.653947 -3.363460 46.349985 -4.259622 -3.938557 -3.690223 -3.086196 -3.583018 -3.153737 -3.470098 -3.357905 -3.904850 -3.152568
4 0.072466 -1.346021 -0.506951 3.796422 -0.767811 -0.150382 -1.502527 1.730562 0.224320 -0.865055 -0.331394 -1.210074 1.011302 -0.154858
1 52.726344 -4.401091 -2.948635 -4.888906 -4.274364 -4.064797 -4.179269 -2.362918 -4.936752 -3.916395 -4.445680 -3.294652 -4.626252 -4.386632
7 -2.047795 -3.019134 -3.622517 -2.992847 -3.102394 -1.099877 26.137217 -0.567514 -3.624977 -2.721542 0.443977 -1.585383 -2.032767 -0.164447
8 -0.646796 -1.213634 -1.857128 -0.961919 0.150520 -0.672895 -1.365656 11.646505 -1.800145 -0.323577 -1.706533 -1.210609 0.631749 -0.669881
1 57.554328 -5.257897 -3.985038 -4.436637 -4.290118 -4.373334 -4.687026 -4.667464 -4.145864 -5.044664 -3.844983 -4.942800 -2.338335 -5.540168
1 58.025622 -4.878978 -3.865135 -3.676345 -4.945245 -3.684280 -3.492168 -4.289572 -5.441229 -5.116107 -4.210515 -4.090924 -5.722824 -4.612300
3 0.470436 -1.048779 5.923556 0.475553 -1.409546 -1.631155 0.426012 -1.877342 -0.860478 0.183925 -0.556266 0.324695 -0.247418 -0.173194
3 -2.094720 -1.210576 12.474996 -1.540246 -0.957983 1.579718 -1.670900 -0.548252 -0.915935 -0.661224 -1.787061 -1.553430 -0.386246 -0.728141
1 42.627686 -2.963039 -3.704427 -3.147272 -2.243902 -3.998454 -3.087488 -3.071053 -2.297196 -3.511617 -2.730194 -3.614985 -4.004824 -4.253235
3 -3.354262 -3.383292 42.994164 -2.916759 -3.996376 -2.162539 -2.433442 -3.671646 -2.862567 -3.302057 -3.227070 -2.865373 -5.101217 -3.717563
14 -2.754107 -3.249518 -4.157941 -4.151445 -3.052170 -3.510396 -2.859087 -1.672161 -3.881239 -4.132690 -3.130829 -4.059143 -1.818388 42.429112
14 -1.109848 -1.888502 -1.062229 -0.290569 -0.953292 -0.886207 0.182857 -1.302284 -3.378174 -0.697653 -0.577080 -1.002854 -2.301749 15.267585
8 -2.781362 -0.572086 -2.050344 -1.279536 -5.267879 -1.576408 0.210017 25.881168 -1.845308 -1.373927 -2.389120 -1.867370 -2.497321 -2.590523
3 -0.256606 -0.825160 12.886295 -0.742856 -1.814578 -1.928289 -1.224952 -0.446137 -1.447841 -1.907095 -1.538967 0.206643 -0.842563 -0.117894
6 -2.234143 -2.290722 -1.201614 -1.816850 -3.372459 28.692076 3.177706 -3.956296 -1.316299 -2.507659 -2.927278 -3.110720 -3.741246 -3.394496
13 -0.401545 -1.837135 -1.472672 -1.625165 -1.124893 -1.249976 -1.153051 -0.741782 -1.720402 1.230960 -1.588126 0.743393 12.584282 -1.643888
3 -2.191554 -2.553143 27.450208 -2.445548 -2.272281 -2.652309 -2.521050 -0.400872 -1.354529 -2.132487 -2.356744 -0.983086 -3.134638 -2.451968
3 -0.115665 -0.041205 0.399521 -0.038374 -0.113375 -0.049868 -0.004291 -0.000000 -0.163126 -0.202539 0.290589 0.351946 -0.126983 -0.186628
11 -1.550961 -1.174579 -2.627325 -1.418045 -2.068425 -1.398273 3.042799 -0.564115 -0.358211 -0.509744 9.903472 -1.388765 -0.564192 0.676366
11 -1.757486 -1.278923 -1.637617 0.128906 -0.852092 -1.663936 -1.083458 -0.105555 1.080722 1.583320 6.373531 1.173287 -0.493165 -1.467534
11 -5.021566 -5.343211 -6.022962 -4.691954 -6.982644 -5.625773 -4.341961 -4.308422 -4.114624 -4.905830 66.725492 -5.637539 -5.661403 -4.067603
11 -3.974457 -6.742749 -2.674131 -2.387481 -1.211679 -3.188551 -5.180428 -3.654593 -4.487089 -3.307051 47.395656 -2.479492 -4.263696 -3.844258
1 61.398561 -5.034285 -2.803447 -4.752457 -4.816835 -4.392391 -4.508484 -4.375221 -5.005931 -5.070864 -5.785608 -4.630751 -5.008098 -5.214188
5 -4.875630 -3.764623 -4.557190 -2.551063 43.945632 -3.010825 -3.574337 -3.402078 -2.591971 -1.461349 -3.239176 -2.617149 -4.490624 -3.809615
4 -7.141843 -5.488647 -6.866810 84.573826 -6.179756 -6.198930 -5.473960 -6.541164 -5.775444 -6.278849 -8.187130 -5.776801 -7.310610 -7.353879
7 -9.207159 -8.289224 -9.636300 -8.468645 9.292897 -12.326160 105.007645 -8.389397 -9.035103 -8.820692 -11.883591 -9.590532 -9.230804 -9.422931
10 -0.232493 0.295061 0.395966 -0.462443 -0.100653 0.644249 -0.245794 -0.244465 -0.167990 0.950491 -1.050140 0.120831 -0.283752 0.381133
5 -2.926438 -0.572455 -1.636934 0.933289 20.296000 -1.871766 -2.808351 -1.486896 -1.008442 -1.711964 -2.180819 -0.880049 -1.991700 -2.153472
4 -4.505255 -4.815819 -7.073862 82.722915 -7.442418 -6.528983 -6.652918 -6.773297 -6.114094 -4.852712 -7.121914 -6.006562 -7.381790 -7.453291
6 -6.185344 -5.760234 -7.545603 -8.100154 -6.456470 88.365098 -7.759530 -6.301052 -6.210882 -6.508427 -6.903261 -6.413037 -7.754656 -6.466448
8 -1.640686 -1.835422 -1.813937 -1.001307 -0.984485 1.674764 -1.587786 12.702683 -1.425970 -1.263182 -1.780036 2.648625 -0.955722 -2.737538
6 -7.676210 -8.493728 -6.423582 -6.975724 -6.809222 92.388528 -7.184448 -6.814972 -6.335140 -6.486416 -6.561363 -6.941205 -8.042965 -7.643552
6 -1.700227 -3.184201 -2.981912 -3.111435 -4.087054 38.332814 -3.383236 -2.312250 -1.026692 -3.033351 -2.144700 -2.923053 -5.220077 -3.224625
9 -0.374239 0.251057 -0.526364 -0.037940 -0.254278 0.050169 -0.797333 0.865783 1.717785 -0.510337 0.267726 0.304344 -0.329865 -0.626506
13 -3.962921 -1.860352 -2.772891 -2.037430 -3.323878 -1.759490 -3.267040 -3.179435 -2.719271 -3.098356 -2.623924 -3.000006 37.992648 -4.387653
13 -0.072800 -0.281715 -0.684828 -0.094026 -0.415040 -0.451749 -0.573427 -0.663296 -0.747983 -0.443908 -0.214670 -0.657473 5.482137 -0.181222
14 -0.797956 -0.054522 -0.757413 -0.364347 0.195210 0.960799 -0.308771 0.912464 -0.609569 -0.930260 -0.151149 -0.549487 0.105010 2.349993
9 -3.536336 -1.641221 -1.331209 -1.575584 2.809706 -1.962620 -0.958101 0.709996 6.888483 0.027838 -2.352094 0.190996 2.269784 0.460361
12 2.212819 -1.555756 -0.215820 0.060332 -1.189538 -1.320575 -0.598175 -0.933298 0.224720 -0.504707 0.434791 3.250332 -0.615999 0.750873
4 -6.348641 -7.510975 -6.312264 83.476368 -8.491778 -6.891902 -6.192105 -4.930049 -6.264387 -6.207626 -6.177630 -5.797612 -7.328444 -5.022952
14 -0.121548 -0.654916 -0.423233 -0.922127 0.145211 -0.012208 -0.341530 0.284281 -1.191139 -0.496156 -0.718276 -0.434942 0.874195 4.012388
4 -4.379076 -4.393112 -3.328358 51.429487 -5.134127 -5.103760 -4.400163 -3.972205 -4.453760 -3.412175 -2.631650 -2.729149 -3.075175 -4.416780
4 -5.980199 -6.316035 -7.415578 86.716600 -9.072827 -6.651477 -4.503242 -5.979261 -7.368350 -6.433972 -5.522051 -7.188004 -7.512890 -6.772713
3 -3.693360 -3.718547 48.715939 -3.609135 -3.488492 -3.472452 -4.132847 -4.402455 -3.518969 -3.011522 -4.700110 -3.276761 -3.143844 -4.547443
1 3.917559 -0.202327 3.051903 1.523028 -1.764549 -0.668816 -1.449117 -0.991533 -1.122502 0.317638 0.117592 -1.117515 -0.675266 -0.936093
12 0.310999 0.494330 -0.899110 -0.616725 -1.498188 0.201796 -2.725867 0.273430 2.042052 -1.482247 -1.701933 6.721814 0.525527 -1.645877
12 -0.121348 -1.917735 -0.016164 -0.577715 0.037658 0.229390 -1.735638 0.968443 -1.044720 1.329779 0.886150 1.526559 -0.398080 0.833420
14 -0.206355 0.410609 0.385463 0.009357 0.379689 -0.061095 0.006010 -0.271288 -0.294310 0.101028 -0.641715 -0.475071 -0.241814 0.899491
14 -1.031426 0.077697 -0.007281 0.199194 -0.112266 0.332038 -0.047014 -0.412809 -0.802652 0.177671 0.141636 0.050134 -0.966724 2.401804
14 -1.313258 -1.340248 0.068554 -0.889679 0.459066 -0.457934 0.851097 0.987499 -0.677649 0.217412 0.187117 0.527002 -1.915617 3.296639
1 2.033180 0.074156 -0.775056 1.200147 -0.437907 -0.253991 -0.068387 -0.323772 -0.248652 -0.200746 -0.217145 -0.336904 -0.252549 -0.192373
10 0.653403 -1.664535 0.034556 -1.115014 -0.514368 -0.219053 -0.691781 1.402522 -0.390469 2.646312 -0.704385 -1.481686 1.025078 1.019418
4 -5.574722 -6.217723 -6.163755 81.090147 -8.822436 -6.567335 -5.883535 -5.096562 -5.040397 -6.901718 -5.788359 -6.560050 -6.608388 -5.865165
4 -6.407216 -6.537186 -6.211185 82.276352 -8.584461 -6.535004 -6.311177 -5.420955 -5.863876 -5.851370 -5.865042 -6.557831 -6.009859 -6.121189
1 3.402621 -0.173344 -0.370816 -0.156241 -0.829474 -0.474759 -0.712618 0.426855 -0.400112 -0.466084 -1.001027 0.121044 0.196251 0.437702
12 0.844543 -0.456803 -1.611568 -0.541037 -1.710993 -0.969027 -0.311590 1.600267 0.204486 -0.043719 0.602332 4.489167 -0.904943 -1.191115
1 17.887818 -0.949419 -0.298928 -0.999728 -3.625043 -1.743780 -1.534074 -2.218219 -1.074431 -0.754927 -1.110681 -0.683304 -1.593570 -1.301715
14 0.067427 -1.391124 0.023433 0.558255 -0.485666 0.123401 -0.854523 -0.687905 0.298251 -0.673165 -0.012689 -1.082241 -0.473545 4.590091
12 0.009503 0.185146 -0.541934 -1.397140 -0.782491 -0.347474 -0.609797 -0.718388 -0.535524 -0.439876 0.808074 4.748559 -1.374003 0.995346
4 -4.096303 -4.014158 -3.843565 47.345807 -5.096496 -4.550743 -1.358616 -3.359468 -4.081388 -3.296611 -4.090900 -3.176879 -4.189051 -2.191630
5 -3.262424 -1.419177 -2.114369 -0.512727 27.874172 -3.869714 -3.061978 -2.385041 -1.863734 -2.334467 -2.023299 -0.821920 -1.495042 -2.710281
4 -5.943602 -7.016867 -6.012991 83.177830 -7.483261 -6.869531 -6.693908 -6.037865 -6.819766 -5.567456 -6.149728 -5.736413 -7.206494 -5.639947
14 -1.264243 -2.376638 -2.198120 -1.378971 -2.106851 -1.283700 -1.790853 -2.097806 -2.317038 -2.137165 -2.261042 -3.569337 -0.641323 25.423084
9 -0.166258 0.000000 -0.093903 0.000000 -0.125098 0.278659 0.000000 -0.109288 0.399521 -0.100501 0.399521 -0.208055 -0.009249 -0.265348
7 -0.593966 -0.235854 -0.054020 -0.589562 0.387283 -0.068332 0.445604 0.191583 0.226878 0.115720 0.054530 -0.047517 -0.059707 0.227361
4 -5.481832 -6.245688 -6.547796 81.730218 -8.619508 -5.612954 -5.700564 -5.859029 -5.614379 -5.833876 -6.754740 -5.952111 -6.960100 -6.547637
10 0.599776 -1.182917 -1.014806 -0.394714 -0.622710 -0.676587 -1.468879 0.025316 -0.854244 4.592705 -0.710665 0.430030 0.104123 1.173573
14 0.864224 -1.125308 -0.619856 -0.758353 -0.703433 -0.423115 -0.401079 -0.541437 -0.058685 1.688330 0.011863 -0.481206 -0.702948 3.251003
6 -3.001621 -3.510941 -3.813732 -4.965006 -6.082554 54.474382 -8.543778 -3.211956 -2.979094 -3.995929 -3.357799 -1.659086 -3.812352 -5.540533
6 0.073345 0.080859 -0.424561 -0.478149 -0.581688 2.327233 -1.432740 -0.524717 -0.127831 0.107870 -0.388235 -0.326947 1.064942 0.630619
11 -0.798857 -0.078500 0.117546 0.370028 -0.053228 -0.514854 0.408192 -0.241617 -0.497376 0.177817 1.028417 0.191141 -0.892529 0.783820
4 -6.531417 -6.680230 -6.119600 84.252326 -8.501918 -5.326128 -6.652994 -5.921128 -6.291444 -6.093930 -6.979147 -5.688926 -7.106340 -6.359121
10 1.051347 -2.084870 -2.408782 -1.428044 -0.711391 -2.041134 -2.733462 -0.872785 -0.734045 17.429914 -1.886580 -1.097128 0.485498 -2.968537
8 -0.578621 1.171599 -1.460054 -2.204194 -4.272208 -2.866827 -3.816530 25.144580 -2.535074 0.690813 -2.575998 -2.781191 -2.435074 -1.481221
8 0.060544 -0.417061 -0.196596 -0.967405 -1.888126 -0.466417 -0.817185 8.610334 -0.014657 -0.510830 -1.055441 -1.271738 -0.377540 -0.687882
1 56.328551 -4.472045 -4.849290 -3.149838 -3.300122 -4.922279 -3.626679 -4.625016 -4.554285 -4.745987 -3.554650 -4.737787 -5.396200 -4.394372
4 -3.977594 -2.644765 -3.372386 46.039796 -5.100732 -4.372925 -3.828188 -3.230313 -3.491602 -3.704099 -3.060077 -3.091278 -3.708654 -2.457184
5 -2.856115 -0.900074 -1.667516 -2.224817 20.803525 -5.244760 -3.200271 1.610092 -0.995945 -3.182091 -2.295945 -2.466236 4.812529 -2.192375
11 -3.460146 -3.559968 -3.464721 -2.894742 -4.124801 -4.387173 -1.533601 -3.583529 -3.340163 -2.764261 43.730119 -3.264186 -4.339369 -3.013459
14 -0.762261 0.164275 1.671823 -0.527630 0.491153 0.170420 -0.296649 0.162721 -2.326390 -1.376996 1.023276 -0.308755 -0.385528 2.300542
14 -0.111406 -0.736702 0.044671 -0.055329 0.404591 -1.312899 -1.234849 0.468242 0.845681 0.971156 -1.522877 0.077226 0.782534 1.379962
8 -1.253600 -2.308311 -3.168221 -1.375579 1.707660 0.587292 -2.750361 16.600491 -0.050970 -2.046880 -1.936258 -1.583383 -0.995502 -1.426378
12 0.599002 0.261859 0.547734 0.290938 2.037074 -0.238804 -1.768078 0.679598 -0.528274 -0.288131 -2.870659 2.110225 -0.386880 -0.445607
5 -0.884128 -1.802530 -0.959938 1.704662 6.657075 0.308355 -1.229952 -0.713494 0.139221 -0.224380 -1.015010 -0.570224 -1.309034 -0.100622
1 3.199379 0.182495 -0.252065 -0.186687 0.027256 -0.404067 -0.291550 -0.996909 -0.045211 1.833588 -1.117730 -0.685444 -0.054415 -1.208640
4 -7.504622 -7.394634 -6.440456 83.234778 -7.987755 -6.628173 -6.242241 -4.839639 -5.683739 -6.494920 -5.446618 -5.938386 -6.530074 -6.103520
7 -0.778403 0.312875 -0.137339 1.179723 -0.507547 0.558779 1.207619 -0.498755 -0.291521 0.162020 -0.047352 0.484414 -1.526988 -0.117524
13 -1.016437 -0.065129 0.732499 0.263441 -0.020569 -0.245528 -0.704731 -1.758527 -0.657299 -0.875123 -0.867971 -0.706636 6.668764 -0.746753
1 23.938068 -2.815507 -2.163864 -1.778201 -1.349590 -2.867366 -1.382064 -1.598620 -1.931453 -1.333291 -2.201372 -0.518703 -2.832088 -1.165950
6 -2.727371 9.357885 -4.774347 -4.411437 -5.687321 41.785639 -5.205223 -3.474303 -3.508492 -3.549979 -3.997419 -5.027731 -5.389062 -3.390840
3 -0.361459 -0.806123 7.711282 -0.993905 -0.911374 -1.032233 -0.744073 -0.958870 -0.613646 -0.004972 -0.672755 0.825766 -0.444046 -0.993593
5 -1.637747 9.209470 -3.669113 -1.127855 20.282581 -4.288212 -3.122684 1.167086 -2.734134 -3.302849 -3.680368 -3.649327 -0.770461 -2.676387
8 -2.549905 -0.852625 -1.224036 -0.220836 -0.660911 1.299212 -3.399262 14.039988 -1.236333 -2.165932 -2.164820 -0.481443 -0.963024 0.579927
5 -0.090877 -0.052039 -0.032926 -0.758589 0.945890 -0.511341 0.019403 -0.073925 -0.206846 0.398852 0.511602 -0.369821 -0.297541 0.518158
1 2.062700 1.173556 -0.992578 0.358445 -0.885796 -0.595276 -0.650457 -0.135820 0.270999 0.576141 0.350465 -0.463021 -0.225100 -0.844260
6 -5.820986 -5.935493 -5.536410 -5.769930 -5.305916 70.971234 -7.409910 -5.360789 -4.435084 -5.339118 -5.531216 -5.031893 -4.821070 -4.673422
12 -0.657210 -0.410620 -0.159025 0.415014 0.056365 -0.631177 -1.860821 -0.565035 0.638959 -0.404547 -1.268287 3.977081 1.772990 -0.903685
3 -1.166913 -0.870987 9.424768 -1.066749 -0.547985 -0.882347 -0.233592 -1.452967 -1.061929 -0.276688 0.220803 -1.177276 -0.549408 -0.358730
9 -0.090799 -0.048066 -0.148234 -0.217728 -0.125605 -0.572032 0.615274 -0.179623 0.757979 -0.008513 -0.044957 0.412649 -0.208493 -0.141852
14 2.935023 -0.892256 -1.887186 -0.712230 -0.996830 0.050958 -2.168090 -0.960051 0.102408 -0.496515 -1.186736 1.449432 -0.766245 5.528317
2 -0.266565 1.258915 -0.192957 -0.673725 -0.560607 0.781438 -0.565881 -0.140378 -0.763574 -0.453965 0.071549 0.188206 0.084843 1.232701
11 -0.678683 -1.391899 -1.697803 -1.804132 -4.074876 -1.736968 -1.955953 -3.380161 -1.361367 -2.325848 24.803304 -1.350273 -1.273085 -1.772256
3 -0.061057 0.397175 1.165489 -0.341745 0.086096 -1.176952 0.803399 -0.516565 -0.352688 0.523992 -1.219427 -0.659137 0.706136 0.645284
2 -1.368944 13.506483 -1.171070 -0.619304 -1.790999 -1.694816 -0.266375 -1.095780 -0.099301 -1.601860 -1.264176 -1.441625 -0.789326 -0.302907
1 93.003540 -7.198309 -7.041450 -7.157318 -8.087563 -6.495018 -9.060036 -6.716663 -8.150364 -7.356336 -5.973949 -6.459686 -6.613479 -6.693368
7 -3.139474 -2.738986 -2.649637 -2.872597 -2.849753 -3.303637 34.749176 -2.750336 -2.171293 -2.866483 -3.480712 0.443341 -2.819966 -3.549642
9 -1.918343 0.142188 -0.045678 0.064510 0.021051 -1.915711 -1.035177 0.594319 1.227225 0.136249 1.218647 0.429686 0.961060 0.119976
3 -1.205103 -0.808704 3.500266 -1.934901 0.491027 -0.872570 0.688179 -0.161768 -0.408204 -0.753458 -0.666244 1.338705 0.213292 0.579483
1 56.168314 -4.543460 -4.552894 -3.985172 -4.527314 -5.343852 -5.401503 -3.947569 -3.376278 -4.000974 -3.375054 -3.633637 -4.294128 -5.186477
1 36.594363 -2.785552 -2.903231 -2.667309 -2.316426 -1.857011 -4.030843 -2.469441 -2.362330 -1.465693 -3.078196 -3.239784 -4.123312 -3.295235
2 -2.061970 15.910224 -1.364558 -1.070974 -1.175262 -1.394148 -1.039362 -2.430501 -1.538057 0.848410 -1.850397 -1.113599 -1.066661 -0.653145
6 -3.176828 -2.041522 -1.164369 -2.224556 -1.963096 23.437605 -1.691806 -2.515260 -2.723011 -1.845344 -1.406743 -2.424475 1.928336 -2.188930
5 -2.481834 -2.097957 -1.399126 -1.720902 18.914123 -3.352322 -0.559450 0.369315 -2.648026 0.613034 -1.003139 -2.137092 -1.920983 -0.575640
6 0.397823 -0.918471 -1.243276 -1.526440 -1.974235 12.680510 -0.161377 -0.073925 -0.987286 -0.732981 -1.593999 -1.482883 -1.750361 -0.633098
10 -0.706864 0.505521 1.774714 -0.497004 -1.710822 0.289172 -1.302389 -0.270955 1.786397 1.913940 -0.903374 0.216211 -0.856161 -0.238387
2 0.880857 3.725217 -0.678433 -0.624542 -1.206318 0.018181 -0.161633 0.078678 -0.294672 0.018278 -0.792415 -0.468807 -0.799009 0.304620
3 -2.325889 -2.341960 27.267752 -2.282350 -1.975805 -2.869373 -2.318977 -0.374047 -1.306559 -2.224849 -2.425839 -1.100619 -3.414474 -2.307012
14 -0.717014 1.522113 0.648900 0.196882 -2.634726 -0.008862 -0.219717 -0.587607 -0.278906 1.062458 0.009007 0.562729 -1.093817 1.538560
6 0.072003 -0.293961 0.175310 0.478418 -0.623293 1.336851 -0.190033 -0.283410 -0.004289 -0.390793 -0.373064 -0.000051 0.233715 -0.137403
3 -3.382923 0.629129 5.921350 -0.239432 -0.799391 1.516131 -0.354153 0.053764 -1.381208 -0.753815 0.368779 -1.378958 -1.617189 1.417915
10 -2.541580 -0.718472 -1.247123 -1.439878 -1.659868 -2.041201 -1.165304 -1.663314 -1.832694 19.887176 -0.745890 -1.639352 -1.965391 -1.227107
10 -2.980477 -0.040000 -0.684873 -0.387031 0.727581 -1.218818 0.497054 -0.992537 -1.046010 6.279393 -0.116222 0.492088 -1.549236 1.019088
7 -7.627673 -6.918698 -6.949826 -7.157841 -8.282631 -7.804418 98.733073 -7.384959 -7.069432 -7.209073 -10.304381 -6.992810 -7.536206 -7.495122
11 -0.838382 -1.048632 -0.665217 0.143131 -0.720790 -0.668815 0.322504 0.632820 -0.240024 -0.550177 2.058298 1.644315 -0.327975 0.258944
12 -0.224277 -0.710719 -1.275572 0.397553 -1.204760 0.213597 1.152301 -0.864941 -2.270200 -1.077662 -0.522351 10.413131 -2.714613 -1.311487
4 -0.748406 0.204415 0.117546 0.506804 0.177034 -0.001226 0.110057 -0.210844 -0.753501 0.276356 0.331339 0.321179 -0.821131 0.490379
11 -3.319099 -2.990814 -3.043618 -3.475673 -2.115678 -2.943417 -2.205677 -3.039674 -1.255357 -3.106603 35.847958 -2.083825 -3.835506 -2.433017
11 -7.722663 -9.045536 -6.972859 -7.223217 -6.074786 -8.076219 -7.166558 -7.322496 -7.400612 -7.511531 95.847135 -6.983267 -8.003214 -6.344176
13 -0.837023 -0.547358 -0.347940 -1.138049 0.360073 -0.416203 0.119682 0.602132 -0.780039 1.060158 0.549352 -0.180466 1.116787 0.438892
3 -2.210558 -2.191145 25.550144 -2.318096 -1.707897 -2.652309 -1.864474 -0.228693 -1.190492 -2.044047 -2.662718 -0.725238 -3.377156 -2.377321
11 0.065426 1.289567 -0.323547 -0.225843 -1.189975 -1.178230 -0.377014 -0.347204 -0.570666 -0.125942 2.094689 -0.213977 0.304327 0.798389
14 -1.201366 -0.642085 0.064163 -0.447655 0.946849 -0.527547 1.450060 -1.524471 -1.140336 -0.793609 -1.843495 0.757179 0.710582 4.191730
11 -1.648796 -1.441553 -0.911829 -0.034234 0.832390 0.345993 -0.495154 -0.207414 -0.410038 0.944200 4.272854 0.228922 -1.232034 -0.243307
7 -0.189146 -0.727280 -0.970005 -0.352471 -0.485731 -0.240006 2.024870 0.250904 -0.293776 -0.547815 1.493708 -0.373733 0.134529 0.275951
4 -0.421948 1.205185 -0.450103 1.557386 0.051117 -0.272918 0.539439 -0.527511 -0.611355 0.135404 0.047656 0.088972 -0.930542 -0.410781
10 -2.385416 -0.667988 -0.326617 -1.820345 2.323786 -0.565557 -0.791197 -0.515458 -0.749802 3.693319 2.494460 0.410004 -0.381096 -0.718094
11 -4.109353 14.876877 -5.814097 -3.228268 -3.279111 -5.936899 -0.299220 -4.246185 -4.877061 -4.631377 34.567360 -5.169940 -4.546721 -3.306004
10 -0.698446 -1.063520 -0.890734 -1.119818 -0.455822 -0.300233 -0.547136 -1.758078 -0.196931 8.956897 -1.058436 -0.410556 0.261505 -0.718692
11 -3.552817 -5.943445 -4.635414 -3.706642 -1.186679 -4.247862 -3.047810 -3.691732 -4.536499 -3.047755 49.557289 -3.877010 -4.219214 -3.864408
11 -0.819671 -0.684175 -0.162484 -0.748671 -0.488007 -0.883663 -0.688756 -0.954680 -1.118953 -0.462695 9.439664 -0.722788 -1.082575 -0.622546
6 -2.834053 -4.127438 -4.322646 0.819785 -4.008736 50.228954 -6.202842 -4.167416 -3.210506 -3.029195 -4.848468 -4.214431 -3.679372 -6.403637
13 -0.511569 -1.244399 -1.292151 -1.438526 -0.609053 -1.251538 -0.831671 -0.872854 -1.879834 -1.088194 -1.371348 -1.634549 15.547710 -1.522024
5 -1.984034 10.450598 -3.185614 -1.122337 20.578883 -3.231177 -3.586220 0.143482 -3.109501 -3.178546 -2.848985 -4.114949 -1.524573 -3.287026
2 -0.742228 4.585343 -0.175121 -0.446461 -0.980996 -0.290999 0.174374 0.407047 -0.632390 -0.803234 -0.434771 -0.393800 -0.289181 0.022418
14 -1.532561 0.515870 -0.365709 -0.018686 0.481495 -1.081858 0.520826 -0.038776 -0.249498 1.034854 0.306220 -0.509402 -1.407105 2.344329
14 -0.516045 -1.267635 -1.123582 -0.743205 -1.045812 -2.070983 -0.464050 -0.424423 -2.344511 -1.694111 4.837577 -1.415165 -0.632248 8.904194
3 -0.834431 -0.366482 0.964090 0.527995 0.249314 0.000076 0.433889 -0.218046 -1.310935 -0.023391 0.793246 -0.200906 -0.584893 0.570475
8 -3.250249 2.490630 -0.201720 1.116688 -0.121225 -0.157179 -0.240303 3.839322 -1.687428 1.054965 -0.751101 -0.573953 -1.598256 0.079809
5 -1.380387 -1.141238 1.511263 -2.120301 16.464031 -1.254203 -2.249163 -1.332101 -0.414713 -0.156839 -2.548374 -0.581880 -2.579621 -2.216474
9 1.504263 1.271712 -1.602319 -2.200985 -1.140126 0.560279 -1.108835 0.446206 5.719052 -1.116212 0.439972 -0.228200 -1.033821 -1.510985
13 -1.391405 -0.212643 -0.634695 0.716212 0.248457 -0.224657 -1.069979 -0.558300 -1.350952 1.227740 -0.003430 0.818947 1.952496 0.482208
5 -1.049521 0.818196 -0.509980 -0.667632 8.938020 -2.043926 -1.180030 -1.380305 -1.860839 -1.035224 -0.304622 -1.105521 2.389260 -1.007876
2 -2.277743 12.615520 -1.002271 -0.866253 -0.482811 -0.767216 -0.896840 -1.004446 -1.344101 -0.684294 -0.352502 -0.683289 -1.523146 -0.730606
13 -0.396173 -1.107076 -0.973086 -0.072460 -1.290357 -0.957990 0.313257 -0.049356 -1.180402 0.346308 0.283263 1.137598 5.221804 -1.275330
14 -2.681278 -1.560226 -2.679827 -1.903653 -3.154554 -0.250235 0.569890 -1.333018 -2.054316 -0.948457 -2.673692 -2.771341 -0.453412 21.894121
5 -0.920835 -0.343462 -0.482565 0.027186 0.804475 0.286128 -0.533762 0.332587 0.659889 -0.323770 0.553993 0.017204 -0.120544 0.043477
3 -2.404628 -0.099119 15.717437 -0.614495 -2.297202 -1.504824 -1.611530 -0.944209 -1.633856 -0.066501 -0.320389 -0.074373 -2.425149 -1.721161
12 -1.028473 -0.047572 -0.437266 2.128379 -0.936717 0.388401 -1.131177 0.329865 0.009396 -0.654840 -1.825959 4.110525 1.129073 -2.033635
6 -1.829255 -3.472595 -1.983330 -2.748064 -4.272173 36.859175 -1.411980 -2.481344 -4.433727 -3.937237 -1.261274 -2.451789 -4.000511 -2.575896
13 0.025608 -0.366852 -1.214059 -0.458603 -0.314227 0.745852 -0.543839 1.214601 0.152287 -0.849080 0.059009 -0.096745 1.572547 0.073503
3 -0.954923 -1.103860 11.498531 -1.044358 -0.961825 -1.465272 -1.366608 0.327751 -0.775865 -1.572261 -1.362396 1.407308 -1.242831 -1.383390
1 21.808011 -1.986176 -1.612534 -2.207123 -2.095138 -0.741293 -2.008637 -1.000951 -0.083673 -2.567364 -2.156173 -1.547374 -2.129895 -1.671680
2 -0.669736 3.705175 -0.297083 -0.120250 -0.273745 0.041973 -0.323517 -0.176242 -0.175696 -0.460225 -0.395922 -0.328782 -0.413437 -0.112512
2 -0.281682 2.448005 -0.817762 -1.193145 0.289334 0.438509 0.095646 -0.427957 0.318273 -0.063363 -1.100670 -0.765452 1.423070 -0.362805
5 -0.806633 -2.110640 -2.025645 -1.447420 16.997120 -0.308125 -2.048542 -1.455960 -1.545722 1.793106 -2.623436 -1.313764 -2.122648 -0.981688
6 -0.894439 -2.263056 -1.189149 -1.109219 -1.577582 20.472264 -3.148080 -1.143606 -1.825107 -1.690105 -1.607046 -1.420763 -1.591239 -1.012870
3 3.113891 -0.618230 8.461264 -1.566604 -0.895274 -0.280326 -1.689972 -2.511447 -3.333715 -2.182934 0.174435 3.018630 -2.586317 0.896600
12 -0.553816 -1.371635 -0.549999 0.131800 -2.168677 1.631666 -0.535111 -1.502488 -2.615077 0.888860 -2.208317 10.689328 -1.935609 0.099076
1 53.355768 -3.782821 -4.123184 -4.069710 -4.407197 -4.408258 -2.737626 -3.641651 -3.311423 -3.935921 -3.834977 -4.527934 -6.206857 -4.368208
14 -2.574992 0.345104 -1.342311 -0.579572 -0.481697 -2.466409 0.427255 -0.362133 0.116719 0.708829 1.065173 -0.458794 0.386040 5.216791
10 -0.958730 0.084730 -0.652822 -0.087266 0.436439 -1.134653 0.153817 -0.453267 -0.476381 1.590683 0.586534 -0.020554 0.767758 0.163714
12 -0.760176 0.176969 -0.125812 0.252119 0.132004 0.029819 -0.328439 0.108105 -0.465222 0.465136 0.546744 0.565891 -0.917827 0.320688
12 4.409304 -1.008458 -2.017224 -0.970318 -1.341323 -0.344266 -1.556263 -3.062259 -1.880547 -1.419184 -1.764004 13.086139 -0.612717 -1.518881
1 38.520437 -4.276235 -4.655250 -3.203765 -1.320324 -4.529161 -0.597459 -3.092025 0.270922 -4.321199 -2.564288 -3.336677 -5.613284 -1.281692
9 -0.388619 -0.236456 0.134693 -0.518530 -0.369988 -1.168661 -0.485350 0.282085 2.321046 -0.676196 -0.231086 -0.258450 1.423522 0.171990
13 -0.252564 -1.816713 -2.357039 -1.679083 -2.372292 -0.301762 2.795724 -1.388214 0.120214 -1.418613 -0.736921 -1.355735 13.044723 -2.281723
14 -1.407546 0.052111 -1.465133 0.071704 -0.232805 0.225689 0.678142 -0.353350 -1.918137 1.632059 -0.832524 0.475166 -2.093166 5.167790
9 -1.278668 0.158492 -0.100695 -0.316647 -0.806044 -1.958952 -0.278449 -0.092387 6.457490 -0.317896 -0.276383 -0.650999 -0.563963 0.025101
3 -2.774319 -2.661091 34.695184 -2.886718 -2.876270 -2.945080 -2.353859 -2.184549 -2.170440 -2.564492 -2.540240 -2.395370 -3.860255 -2.482501
7 -5.703817 -5.913508 -6.887654 -7.924769 -8.482475 -8.182907 87.546777 -6.547164 -5.437454 -6.659829 -7.814851 -6.732621 -5.515779 -5.743944
11 -2.055742 -1.853933 -2.198407 -1.400782 -1.736179 -1.293064 -0.599311 -0.708712 -2.740030 -1.794746 20.476419 -1.493786 -1.854681 -0.747046
8 0.069134 0.892979 0.440374 -2.043965 -3.930293 -1.241146 -2.341231 11.999697 -1.782876 1.416350 -1.770378 -1.762710 0.351524 -0.297458
9 -1.763631 -1.344606 -1.098930 0.185399 -2.013183 -2.875475 0.587019 -0.434122 7.635986 -1.342937 -0.441972 0.263257 2.312192 0.331003
12 0.903023 -0.415030 -0.803983 0.701847 -2.098220 1.247200 1.565325 -1.286621 0.733413 -0.807650 -1.844754 2.228702 0.198882 -0.322134
6 -2.764865 -2.623459 -2.678887 -1.775172 -3.318857 37.985318 -5.373517 -2.609077 -2.303065 -1.929809 -3.211380 -3.195116 -3.423825 -2.778289
1 20.759542 -0.321212 -2.131697 -1.545357 -1.918277 -2.156762 -2.059835 -2.268465 -2.481711 -2.305618 -1.840515 2.669890 -1.532520 -2.867463
1 3.655578 0.395915 0.003672 -1.006348 0.611023 -0.199884 -1.541089 -0.554818 0.828496 -0.820317 0.139364 -0.681210 -0.919188 0.088806
9 -1.475670 0.462458 -2.093224 -1.997794 -0.403908 -0.318217 -0.987657 -1.145222 13.241592 0.105705 -1.528928 -0.589257 -2.136237 -1.133642
5 -0.692000 0.274700 -0.898225 -1.526625 15.431948 -2.362082 -0.690891 -0.193106 -1.010207 -0.143384 -2.158002 -1.913590 -2.556135 -1.562400
5 0.655007 -0.763560 -0.899723 -0.736215 5.328919 -1.189243 -0.886705 1.557571 -0.030850 -0.797652 -1.502857 -0.951282 1.129706 -0.913116
6 -1.293535 0.055099 -0.308504 0.188371 1.054443 1.586807 -0.202771 -0.230631 -1.081494 0.213104 0.530135 0.300826 -1.331918 0.520070
1 43.335882 -2.451834 -3.561625 -4.028617 -0.280965 -4.462492 -3.590963 -2.815021 -2.607019 -3.793593 -4.514056 -3.837943 -3.275910 -4.115843
1 19.472100 -2.329435 -2.182568 -2.337820 -1.660634 0.107841 -2.065673 -2.794832 0.277790 -1.388686 -2.220462 -2.441975 -0.140585 -0.295059
12 0.019603 -0.369895 -0.744065 0.015164 -0.687221 1.433350 -0.117343 -1.642622 -0.480944 -1.915995 0.004699 6.571814 -1.064181 -1.022363
1 10.361981 0.260679 -1.297949 -0.279905 -1.817051 1.604917 -2.762410 -1.642718 -0.634129 -1.540277 -1.506891 -0.654061 -0.039152 -0.053034
1 75.065654 -5.656261 -5.488737 -5.205052 -6.082621 -5.055604 -5.885713 -5.785314 -4.574284 -5.652235 -4.960032 -5.913553 -8.239371 -6.566878
1 44.553579 -4.042734 -4.012671 -3.079992 -4.499062 -2.311766 -5.669627 -3.724447 -4.608718 -5.113796 -3.135796 -1.355912 -2.034371 -0.964685
1 49.677217 -3.974895 -3.596132 -3.758465 -3.274961 -3.743533 -4.089949 -3.642285 -2.673057 -4.166981 -3.140914 -3.985674 -4.592297 -5.038073
1 49.276359 -5.778762 -4.444318 -5.847445 -5.484852 -4.285064 -4.747117 -4.288199 -5.183283 -6.174990 -4.284569 -4.662042 10.089864 -4.185581
1 63.677582 -5.217886 -4.366622 -4.499792 -4.693169 -3.320875 -6.484811 -4.470490 -5.239822 -4.014612 -5.501509 -4.660460 -6.662759 -4.544773
1 55.554377 -4.859482 -3.904779 -4.014541 -4.407876 -4.799468 -5.302269 -4.463373 -3.131331 -4.339216 -3.805686 -3.577639 -4.455130 -4.493588
1 55.640773 -4.202897 -3.606867 -4.318678 -4.458247 -4.643689 -4.806632 -3.418326 -4.359480 -4.103328 -4.484459 -4.469726 -4.293566 -4.474877
1 55.988762 -5.302465 -4.700363 -4.305084 -3.006777 -4.141126 -4.285790 -4.821483 -3.972581 -4.571187 -3.292815 -5.009533 -3.673419 -4.906139
1 61.607069 -6.345350 -5.567834 -5.305799 -4.898168 -4.760838 -5.071212 -3.597065 -5.432717 -4.912903 -4.428685 -4.453295 -4.528227 -2.304975
1 46.048378 -2.562522 -3.031087 -3.866684 -3.438633 -5.277835 -4.802834 -3.391403 -1.391720 -4.074315 -2.785651 -4.653926 -2.089821 -4.681946
1 23.862216 -1.901063 -1.675151 -1.976187 -1.811822 -1.701203 -1.966317 -1.875930 -1.512482 -1.909597 -1.357265 -1.781290 -2.133356 -2.260555
1 2.384199 -0.100046 0.113219 0.329146 -0.140858 -0.179472 -0.170893 -0.296510 -1.596437 0.124804 0.128539 -0.285141 -0.511662 0.201115
1 40.245220 -2.755917 -4.415080 -2.603937 -0.055508 -3.574412 -3.672193 -3.852881 -2.519103 -3.476586 -5.288518 -3.406420 -0.840709 -3.783956
1 1.301924 -0.149023 1.140187 -0.720418 0.485750 0.337092 -0.485669 -0.401316 -0.746679 -0.538594 -0.030501 -0.058399 -1.196381 1.062026
1 56.493930 -4.894455 -4.432805 -4.899367 -3.044952 -4.400204 -3.888639 -4.361687 -3.184203 -4.921697 -4.268198 -4.538981 -5.283536 -4.375205
1 25.860872 -1.833219 -2.297025 -2.345939 -2.074429 -1.892437 -1.868779 -2.032554 -0.755671 -2.041618 -1.789616 -2.057049 -2.554010 -2.318528
1 36.769781 -3.207070 -2.289045 -1.371676 -2.493392 -3.690727 -3.373574 -2.735754 -2.825612 -3.105304 -2.167101 -1.970756 -4.065967 -3.473802
1 72.322506 -4.524432 -5.228457 -6.175187 -6.093632 -5.226876 -3.919075 -5.728346 -7.376384 -6.194476 -4.687377 -5.720036 -5.063782 -6.384446
1 7.643003 -0.866348 -0.697016 -1.079022 -1.133377 -0.911905 -0.687700 -1.024582 -0.574474 -0.706443 -0.790360 0.133387 0.101231 0.593605
5 -0.998732 0.167117 0.410372 -0.727356 1.765404 -0.123268 1.532309 -0.878256 -0.016078 0.973029 -1.544911 0.161587 -0.094570 -0.626646
10 -1.031670 0.168547 -1.030612 -0.111864 -2.377030 -0.584196 2.434121 -1.034440 -1.508061 9.625025 -0.078952 -0.859547 -3.179570 -0.431750
3 0.645119 -0.934926 1.363709 -0.032499 -0.419824 -1.062498 -0.945581 -0.556970 0.064735 0.683838 -0.300755 1.052674 1.082842 -0.639864
10 0.716501 -0.608465 -1.943147 -1.722225 -0.378425 -0.922667 1.930774 2.599947 -1.645792 2.849005 0.416390 -0.769662 -1.333385 0.811151
10 -0.807691 -0.907719 0.151685 -1.440678 -1.624109 -1.048105 -0.607239 0.834907 -0.504467 5.916414 -0.392380 1.844896 -0.529362 -0.886152
10 -2.569994 -1.763093 -0.811043 -1.434387 -1.845305 -1.606339 -1.110259 -0.204361 -1.777439 16.385629 -0.924684 -0.459895 -0.477093 -1.401738
10 -0.494947 -0.410590 -0.181308 0.154839 -0.452608 -0.501186 -0.160110 -0.417532 -0.356538 5.126211 -0.471044 -0.608514 -0.514317 -0.712357
10 -3.516348 -3.691403 -2.041189 -1.855364 -4.031011 -2.321877 -3.536084 -4.053393 -4.056347 41.517828 -4.528913 -1.529123 -1.618055 -4.738719
10 -0.918337 -0.405259 -1.429009 -1.686133 -2.481976 0.366642 -0.572134 -1.262918 -2.178334 5.508730 4.675789 -2.991914 -0.502490 3.877341
10 -1.293826 -0.457834 0.468142 -0.404965 -0.100054 0.126309 0.435051 -0.445905 -1.195030 2.343611 -0.855110 -0.628453 1.128490 0.879574
10 -2.833170 -1.659531 -1.536526 -1.576099 -1.266087 -2.248408 -2.283816 -1.591220 -2.760298 25.719998 -1.312688 -2.410476 -2.290810 -1.950869
10 -0.304984 -2.159175 -0.671058 -0.710142 0.963518 -0.947161 -0.584575 1.913221 -1.220472 2.532270 1.044767 -0.154085 1.212526 -0.914651
10 -0.357085 0.009336 1.350382 -0.876311 -0.012244 -0.684736 -0.360530 -1.567425 -1.411733 4.561838 -0.535453 -0.307047 1.023314 -0.832307
10 -0.912704 -0.054205 0.930367 -0.212290 -1.050850 -1.930803 -1.058629 -0.653459 -0.738766 9.424378 -1.027503 -0.688300 -0.881942 -1.145293
9 -0.908671 -0.784741 -1.654662 -1.133994 0.000550 1.380409 1.329350 0.537263 1.604322 -1.657012 1.051560 -0.695715 0.896241 0.035100
10 -1.175778 -2.041246 -1.935782 -1.752478 -1.320721 -1.528872 -1.517321 -0.474331 -1.399015 18.930790 -0.933675 -1.913110 -0.550497 -2.387964
10 0.160351 -0.915693 -0.411294 0.111796 0.860164 0.446304 -0.706667 0.023150 -0.247295 3.335754 -1.257923 0.675803 -1.648871 -0.425578
10 -1.782157 -1.542698 0.035933 2.804494 -0.270426 -0.971879 -1.241638 -2.203875 -0.925501 13.384845 -0.706619 -2.193093 -2.586970 -1.800417
2 -0.153225 1.729882 -0.461769 0.471088 -0.693113 -0.786983 -0.527880 0.420917 1.141949 1.293986 -0.535834 -0.928843 0.574527 -1.544703
2 -0.878769 8.620301 -0.752668 -0.786739 -0.183580 -1.073039 -0.600118 -0.979538 -1.170895 0.324226 0.589821 -0.127370 -2.309037 -0.672595
2 -1.349041 14.004931 -1.617197 -0.841565 -1.206007 -0.344782 -0.802783 -1.450094 -0.593878 -0.870966 -1.072458 -0.764426 -1.714477 -1.377258
2 -1.938269 23.194680 -0.890933 -2.628129 2.065385 -3.232826 -2.950200 1.354346 -2.460911 -1.605166 -3.667967 -2.674810 -2.724758 -1.840441
2 -1.540639 31.466317 -2.734394 -3.488710 -6.687376 -2.779244 -1.864388 -2.084411 -2.159914 -2.439917 -0.618024 -1.004781 -3.102952 -0.961565
2 -0.747265 13.184178 -0.932812 -0.968856 -1.359975 -1.057026 -1.223625 -0.813202 -0.965708 -0.974884 -1.355620 -0.960035 -0.829477 -0.995694
2 -2.523039 27.191824 -2.125979 -1.143810 -0.992915 -1.836126 -1.143925 -1.474933 -1.907785 -1.901977 -3.422074 -2.351365 -3.952010 -2.415886
2 -3.665891 36.503633 -1.710723 -3.599777 -0.861590 -3.160617 -3.678003 -1.100072 -4.847599 -3.644879 -2.478818 -2.150268 -2.907695 -2.697700
2 -0.563172 2.631119 -0.774621 -0.528371 0.089463 -2.028585 -0.190126 -0.300680 -0.102171 -0.064072 1.449685 0.329578 0.263861 -0.211908
2 -2.890672 14.080929 -0.528778 -0.178283 -1.323095 -1.758889 -0.026208 -1.004618 -2.134714 -0.165156 -1.244251 -1.321936 -1.753527 0.249199
2 -1.972141 20.301637 -1.106906 -1.334856 -0.582418 -0.673867 -2.449371 -1.928911 -1.674005 -1.253481 -1.284969 -1.557214 -2.949723 -1.533774
2 -0.537321 10.026386 -1.589216 -1.024680 -0.811950 -0.546447 0.741093 -0.799841 -1.619059 -1.496785 0.790893 -1.413688 -1.271255 -0.448129
2 -0.153457 23.809621 -1.357079 -2.152462 1.768007 -3.004670 -2.745544 0.936966 -3.267217 -1.939673 -4.270087 -1.990242 -2.810276 -2.823886
14 -0.391290 0.636701 -0.179195 -0.230109 -0.223625 0.279560 -0.097541 0.492277 0.077342 -0.213346 -0.492130 0.128398 -0.448982 0.661939
2 -0.890991 7.397278 -2.024998 -0.779140 7.079978 -2.179031 -3.886075 -2.067509 2.063299 -1.556173 -2.090135 -0.079482 0.230145 -1.217165
2 -0.645564 33.517111 -2.801161 -2.057144 -5.084476 -3.088737 -1.548668 -3.013048 -2.762955 -2.373065 -0.702718 -3.425427 -3.016389 -2.997759
2 -2.141814 32.830073 -2.547619 -2.268293 -3.085192 -2.303066 -2.831575 -2.978414 -1.579588 -1.949252 -2.564996 -2.441109 -3.435870 -2.703285
2 0.720650 3.884916 -0.493537 -0.911988 0.623220 0.170494 -3.510887 -0.253235 0.060829 -1.155155 -1.237296 1.668162 0.614085 -0.180259
2 -1.836300 7.535789 -1.041144 -0.906837 1.469712 -0.386259 -2.123301 -2.460618 -1.194270 -0.836130 4.978376 -0.919522 -1.029603 -1.249893
6 -3.883285 -5.397641 -4.905205 -4.306817 17.695418 31.688909 -3.166773 -1.801095 -4.910683 -4.863977 -3.147547 -5.464732 -3.070828 -4.465744
11 -2.460737 -1.073026 -2.634236 -2.401178 1.005164 -0.422557 -2.298418 -0.223185 -1.114779 -2.326912 15.353634 -0.699458 -1.409520 0.705208
7 -0.004102 -0.935438 0.015565 -0.648721 0.592737 2.443808 2.529488 0.243520 -1.690631 -1.944960 -0.823821 -0.296864 -0.001695 0.521113
11 -3.044326 -2.384417 -0.870719 -1.990131 5.030324 1.451868 -2.121536 -2.741390 -2.476107 -2.504947 15.581822 -1.642486 -2.033583 -0.254372
5 -2.165582 -1.121554 -1.107028 -0.236011 15.603808 -1.644061 -0.799555 -1.342039 -1.036355 -0.601385 -0.780443 -1.487937 -1.616059 -1.665797
14 -0.793623 -0.603751 -0.449942 -0.659520 2.569920 -1.129261 -1.087446 -0.238952 -0.552680 1.309885 -0.426317 -0.398149 -0.417723 2.877559
5 1.681344 -2.008866 -0.517362 -2.235799 17.104882 -1.098965 -0.149085 -1.559144 -1.446519 -2.348410 -1.985694 0.283642 -3.242558 -2.477464
12 -0.698245 -0.132041 0.584674 1.714109 -0.892801 1.644305 -1.269004 0.158323 -1.626299 -1.786402 -0.257401 2.519036 -0.302235 0.343981
5 2.228937 -1.075099 -0.339815 0.071834 4.666340 -0.624882 -1.270335 -0.699347 -1.087750 -0.332340 -3.628715 2.743183 -0.223909 -0.428100
5 -1.246819 -2.929878 -0.686318 0.337248 6.265691 0.531466 -2.070245 0.138307 -1.294728 0.357087 3.237476 -0.668707 -1.208281 -0.762300
14 -0.135272 0.260868 -0.539977 0.617272 -0.289392 -0.903499 -0.544144 1.984974 -0.033481 -0.612067 -0.702948 -1.391803 -0.959459 3.248928
1 1.320870 -0.656847 0.684832 -1.396654 0.479435 0.085841 -0.727646 0.928738 0.796583 -0.026448 -0.724139 0.311722 0.504044 -1.580330
11 -4.134265 3.191166 -1.814869 -1.225014 3.325611 1.513262 -4.522745 -1.473314 -0.777183 -2.368991 12.861809 -1.016873 -1.513032 -2.045563
5 -5.650572 -5.775438 -6.719873 -4.555601 69.003720 -8.032673 -6.717109 -4.884167 -4.138160 -5.463469 -3.244447 -3.440737 -4.510229 -5.871244
5 -2.418851 -2.012130 -0.544050 -0.010659 16.632642 -2.513934 -0.528640 -1.047274 -1.240341 -1.078597 -2.555917 -2.143337 0.790844 -1.329755
5 -4.577012 -3.631133 -4.252407 -4.245793 52.658447 -4.131293 -4.089624 -4.531524 -3.752333 -4.185352 -3.740430 -3.565588 -3.901405 -4.054555
5 -1.846306 -1.916110 -1.409778 -1.388260 16.884572 -1.026949 -1.822549 -1.029352 -0.315226 -0.548142 -1.891917 -0.668946 -0.961194 -2.059840
5 -3.698139 -4.545874 -5.044901 -3.606256 53.742930 -5.408916 -4.779514 -4.926332 -1.720227 -4.042288 -3.849661 -4.199374 -3.060530 -4.860918
5 -2.444650 -0.858370 -1.310103 -0.970963 21.104224 -1.785220 -2.229043 -1.989724 -2.223406 -1.232731 -0.399447 -2.444235 -2.880543 -0.335790
5 -0.827762 -2.194483 -2.756841 -0.762974 18.986516 -1.527265 -1.376126 -2.440519 -2.387303 -3.025824 -0.923721 -1.734839 2.699663 -1.728520
5 -0.237248 -0.811012 -0.640376 -0.315900 5.357428 1.507441 -0.493630 -1.161023 -0.061704 0.392135 -0.209362 -0.719959 -1.438711 -1.168078
11 -0.906855 -1.414601 -1.023324 -0.765640 -1.309504 -1.075378 -1.284985 -0.945160 -0.818273 -0.842157 13.505674 -0.970634 -1.111723 -1.037439
11 -2.572518 -3.805713 -3.822312 -3.728903 -3.494568 -3.689978 -5.637021 -2.730352 -4.291576 -3.050509 48.285302 -4.395438 -3.612488 -3.453924
7 -0.916278 -0.860641 -2.436166 -2.143278 -2.645826 1.599647 7.057674 -1.657904 -1.270110 -0.849649 2.210880 0.487528 0.000690 1.423433
11 -3.101466 -3.512549 -3.061248 -2.974709 -3.897472 -2.727096 -3.979276 -3.188869 -2.821279 -3.496763 43.575542 -3.136616 -3.097370 -4.580829
11 -2.660580 -3.713368 -4.828908 -4.058757 -4.878090 -3.047766 -2.359616 -2.587980 -3.987284 -4.452034 46.311732 -3.450921 -3.120882 -3.165545
11 -1.021618 -0.087249 -0.135867 0.055898 -1.035911 -0.483996 0.221558 -0.412136 -1.031612 -0.102469 4.599462 -0.051949 -1.070590 0.556480
11 0.214059 -0.571649 -0.134238 -0.741985 0.124063 -0.655571 -1.146704 -0.360383 -0.984793 -0.506823 6.849741 -0.897335 -0.518085 -0.670298
11 1.587059 -0.330918 -0.457052 -0.041449 -0.955597 -1.139994 -0.423365 0.680542 -0.374571 0.341479 1.643932 0.857666 -0.579648 -0.808084
11 0.205179 -1.210264 -1.479798 -1.640074 -2.172302 -0.704535 -1.378191 -1.137912 -1.636868 -1.822724 17.584650 -1.109066 -1.623218 -1.874878
11 -3.874040 -2.336401 -1.844990 -1.258466 -3.411389 -1.939267 -4.590755 -3.026477 -2.625383 -3.196661 34.585881 -1.624218 -1.325021 -3.532810
11 -3.897987 -5.002230 -5.490369 -5.258495 -5.059406 -4.587617 -4.082303 -4.054877 -5.005116 -4.293563 60.280291 -4.097099 -5.111523 -4.339704
11 -2.950247 -3.298668 -2.175202 -2.216062 -2.697079 -0.805944 -3.935689 -2.024258 -2.227076 -1.999359 30.083989 -1.963850 -1.418810 -2.371744
11 -1.887518 -2.645479 -2.119154 -1.731755 -2.553695 -2.394017 -2.259679 -1.480265 -1.712272 -1.759512 25.756764 -1.328561 -1.634143 -2.250714
11 -1.342595 -2.702276 -0.936507 1.102284 1.626698 -1.728281 -2.270557 -0.704874 0.028973 1.513552 7.237320 1.313311 -1.633776 -1.503272
11 -2.490085 -2.606704 -2.220429 -2.890647 -1.774299 -1.447494 -3.713940 -2.312825 -2.337305 -2.022215 30.417674 -2.255739 -2.151543 -2.194449
11 -3.691334 -5.145299 -4.502871 -3.532655 -5.196902 -4.400717 -4.193851 -4.057943 -4.193320 -3.377999 53.623076 -3.275679 -4.301672 -3.752835
11 -4.568745 -6.002650 -5.172480 -5.176225 -8.112415 -5.919635 -2.808373 -5.323442 -4.968566 -5.286145 68.704495 -4.407732 -6.287426 -4.670661
11 -5.501749 -8.220362 -6.251181 -6.764812 -5.099730 -4.375607 -5.392190 -5.224475 -6.353450 -6.273147 77.654477 -5.899905 -6.106841 -6.191026
11 -2.759213 -2.765254 -2.358966 -2.260499 -1.057822 -2.322710 -5.055099 -2.636165 -2.754373 -2.866421 32.030246 -2.353622 -2.382159 -0.457943
11 -2.775375 -2.447053 -1.651601 -2.550784 -2.002799 -1.298018 -1.787776 -2.214632 -2.044225 -2.959395 26.764325 -1.786403 -0.962748 -2.283514
11 -5.246787 -5.175134 -3.765759 -4.064544 -4.809206 -3.799581 -5.181215 -4.273456 -3.386296 -3.574023 56.476001 -4.289674 -4.645034 -4.265292
4 -0.246471 -0.083628 -0.002712 5.742498 -0.149139 -1.374071 -3.647755 -0.735789 1.557073 -0.810469 -1.069252 0.698088 0.837936 -0.716309
4 -0.317893 0.076086 -0.008119 1.042222 -0.641067 -0.451993 1.029350 -0.643787 -0.245355 -1.096985 0.655019 0.313754 -0.719071 1.007839
7 -3.412581 -1.812103 -3.311988 -1.280351 -2.675160 -5.888789 35.308915 -3.116955 3.270655 -2.468946 -3.382547 -3.472614 -3.257631 -4.499904
4 -1.131421 -0.640320 -2.294605 7.526743 1.436796 -1.909069 -4.325852 -0.878199 -0.264009 -0.298269 1.735161 1.175176 -0.633643 0.501512
4 -1.661677 -1.197392 -0.726593 6.416422 -0.365013 -1.494798 -1.506494 0.219424 -0.977822 -0.494817 0.450041 2.039490 -0.022490 -0.678278
7 -9.887967 -9.362810 -9.090252 38.724304 -2.212771 -10.460426 66.656516 -9.247766 -9.891556 -9.234327 -8.268112 -8.461227 -9.650952 -9.612649
1 4.454167 -0.170296 -0.826792 -0.799122 -2.179671 0.814163 -1.844697 -1.165864 0.760376 -1.830032 -0.884024 0.911022 1.367282 1.393489
4 -0.921888 -0.202317 0.795971 4.844662 -1.158455 -1.179725 -0.427425 -0.231459 -0.118346 -0.677298 -0.181443 -0.321348 -0.844812 0.623882
5 -1.182106 -2.962014 -2.019960 0.382517 17.143395 2.148077 -1.974201 -1.861632 -0.300776 -1.687985 -3.130749 -0.100858 -1.336544 -3.117163
6 -2.033292 0.287515 0.314492 -0.113544 -1.302996 2.206071 -0.293402 1.465517 -0.298689 -0.452811 0.105346 -0.162600 -0.474318 0.752711
4 -0.558328 0.646204 -0.330554 4.379554 -0.229586 0.697052 -1.688662 -0.365912 -1.271106 0.203842 -0.441270 -0.755791 -0.120117 -0.165323
8 1.421494 -0.851201 -0.295073 0.091280 0.516402 -0.538173 -1.366361 5.066981 0.724994 -0.009569 -1.822857 -1.033071 -1.044239 -0.860608
4 -0.436064 -0.800913 -0.407502 5.418780 0.114505 0.204036 -1.650370 -1.270107 -0.789288 -0.385070 0.347057 -0.424188 -0.752839 0.831965
4 -0.566208 0.747808 -1.301291 3.477757 0.265310 -0.364542 -1.476118 0.088401 -0.668218 -0.451233 0.350247 0.652743 0.533369 -1.288024
6 -0.002069 0.273523 0.521086 0.211132 -0.000839 0.579343 -1.116245 -0.005944 -0.529748 -0.288797 0.229987 0.021283 -0.416184 0.523473
7 0.307671 0.627714 -3.341531 2.057348 1.686912 0.187542 3.292932 -0.667742 0.279247 -1.303437 -2.557009 -0.905719 0.844417 -0.508345
7 -4.082101 -2.523439 -2.497455 -2.816964 -3.722458 -4.594236 34.250217 -3.216732 2.797121 -3.059063 -3.340124 -2.275271 -1.294888 -3.624606
4 -0.198545 -0.663791 -0.377102 3.160162 0.309133 -0.663362 -0.589769 -0.693013 0.098129 -0.449431 -1.185255 -0.288155 1.962944 -0.421945
2 0.847864 1.143148 -0.357819 0.474446 -0.072079 -0.152309 0.538785 -0.301005 -0.296654 0.231232 -0.241663 -0.530809 -0.598732 -0.684406
1 1.493921 -0.093444 0.787753 0.347910 -0.461949 0.176743 0.317056 0.026385 -1.809981 -0.435460 -0.058300 0.131272 -1.110173 0.688269
7 -0.553766 -1.063423 -1.032602 0.472388 -1.156776 0.482500 0.708077 0.277903 0.108741 0.610941 0.366963 0.311726 0.376746 0.090582
9 0.526939 -0.430580 0.210841 0.447055 0.172490 -0.298396 0.277671 -0.110580 0.642849 -0.191738 -0.241085 -0.674363 0.007605 -0.338708
9 -0.276026 -0.367576 0.508563 0.403081 0.188728 -0.314897 -0.641420 -0.558712 1.344500 -0.850911 -0.697493 1.306413 0.331826 -0.376077
3 -2.539042 -2.603677 15.211741 -2.605536 -2.873490 0.439939 3.699206 0.445455 -1.924250 -3.543772 -0.513991 0.339027 -2.124854 -1.406755
3 -1.675811 0.196147 5.970039 0.268321 -0.731920 -0.930192 -0.437716 -1.746002 -0.802500 1.044505 -0.713865 0.434509 -0.898148 0.022635
12 -0.100428 0.616421 0.579247 -1.298438 0.079328 0.813697 -0.535281 -0.298537 -0.109518 -0.114076 1.047746 1.258317 -1.250685 -0.687794
3 -2.735728 -0.016373 7.277400 -0.898945 -1.843557 -0.560830 1.417454 0.016209 0.749816 -0.722977 0.375997 -1.537587 -0.289987 -1.230892
3 -0.846787 -0.765023 11.186576 -0.746566 -0.979727 -1.211716 -0.165210 -0.654066 -0.150143 -1.468556 -1.036727 -0.715115 -1.139768 -1.307173
9 0.000000 -0.021018 0.000000 -0.241157 0.000000 0.000000 0.000000 0.000000 0.399521 0.000000 0.000000 -0.026317 -0.082266 -0.028762
8 0.728104 -0.656729 1.172283 -0.718416 -0.744607 -1.906350 -1.314448 3.988842 -0.262942 3.326175 0.052173 -0.217681 -4.041021 0.594617
3 0.491449 -1.444528 11.186873 -1.013960 -0.928027 -0.405049 -1.550518 -0.576177 -1.665684 -2.268762 -1.149123 0.581879 -0.523372 -0.735000
3 -2.600273 -1.451071 21.063333 -1.518483 -1.607715 -2.830327 -2.617355 -2.163618 -2.357250 -0.346643 -1.437438 2.227492 -2.592673 -1.767977
3 -0.226375 -0.067365 4.789179 -0.944030 -0.697830 -0.426008 -0.664914 -0.033422 -1.017013 -0.118398 0.000493 0.630307 -1.004047 -0.220576
3 -2.174944 -1.964124 20.840774 -0.251491 -1.404209 -1.745450 -2.042715 -1.472518 -2.826257 -2.009043 -0.664416 -1.111576 -2.736909 -0.437122
14 -0.533693 0.207627 -0.118232 0.089126 -0.393870 -0.264739 0.081928 -0.017815 -0.976633 0.345582 -0.332912 -0.060801 -0.838088 2.812519
3 0.000624 -1.394763 10.958241 -1.026365 -0.688634 -1.161377 -0.667587 -0.689342 -0.462595 -1.989268 -1.752875 0.594750 0.015175 -1.735983
3 -2.168732 -0.362951 6.787865 -1.545900 -1.433170 -0.426185 -0.688198 1.537873 2.278099 0.261533 0.492776 -1.430632 -1.934046 -1.368333
6 -2.420577 -2.688113 -1.543957 -0.562460 -1.493546 26.916227 -4.985046 -2.227986 -2.154987 -1.508390 -1.655104 -1.030491 -2.803033 -1.842539
6 -1.168814 -0.927264 -0.235304 -0.780696 -1.306740 6.929285 -1.309236 0.289966 -1.549881 -1.038690 0.944274 -1.107965 0.859499 0.401565
6 3.191282 -2.248916 -1.837484 -0.552994 1.038931 3.852576 0.097138 -0.611446 -1.153839 -0.057825 -0.091758 -0.414858 -0.930894 -0.279914
6 -7.936314 -5.304909 -7.671959 -7.575574 -8.251320 94.205130 -7.268947 -9.581568 -6.675787 -7.157897 -5.436062 -5.975621 -7.732811 -7.636362
6 -6.334080 -4.790346 -5.341131 -4.640139 -4.854690 62.794833 -4.957230 -4.400251 -5.432585 -5.244017 -4.187644 -3.918903 -4.140600 -4.553217
6 -5.968605 -5.207543 -5.301897 -4.335156 -7.224682 77.268555 -7.798890 -5.603764 -5.443929 -5.395322 -5.749902 -5.956679 -7.419083 -5.863102
6 -6.283893 -6.070127 -6.452311 -5.750644 -4.395233 73.776706 -7.161324 -5.181889 -6.536315 -6.317110 -3.705631 -7.290618 -3.016283 -5.615328
6 -6.615662 -6.316056 -5.281111 -5.607490 -6.738903 81.311607 -7.018426 -6.404200 -5.218623 -5.274862 -5.979570 -6.278673 -7.999061 -6.578968
6 -7.936314 -5.304909 -7.671959 -7.575574 -8.251320 94.205130 -7.268947 -9.581568 -6.675787 -7.157897 -5.436062 -5.975621 -7.732811 -7.636362
6 -1.584121 -1.149700 -1.121485 -0.467349 0.427504 3.561228 -0.189310 0.247197 0.710857 0.074193 -0.129937 0.316110 -0.782586 0.087400
6 -1.600673 -1.362785 -0.848176 -1.598654 -1.478490 5.181493 1.994734 -0.159776 -0.101953 -1.921445 0.783098 -0.023052 1.309541 -0.173861
6 -2.751244 -2.669164 -3.071965 -2.765814 -2.875051 33.234869 -2.796701 -1.272971 -2.536747 -1.429657 -2.548600 -3.001801 -2.101135 -3.414017
6 1.969069 -4.989507 -7.263432 -5.242121 -3.754367 51.255006 -3.265171 -3.116704 -3.837607 -4.480422 -5.853781 -3.407845 -3.450129 -4.562988
6 -2.660236 -4.940885 -5.246483 -6.344004 -5.971470 75.006322 -8.933754 -5.252987 -4.668577 -5.521225 -6.356343 -7.509846 -5.309619 -6.290893
6 1.864483 -0.603211 -0.623903 -0.705209 2.045268 2.049882 -0.191529 -0.907451 -0.990553 -0.360843 0.313711 -0.181652 -0.741974 -0.967019
6 -4.590027 -5.541314 -4.060501 -5.822560 -2.873793 53.274455 -4.576910 -3.244962 -5.296074 -3.636672 -1.227844 -6.100312 -3.064788 -3.238696
6 -2.924793 1.504165 -1.104446 -2.593807 -1.634529 12.446003 -0.712042 -0.481098 -0.818983 -1.887300 -0.975432 -0.839019 1.109696 -1.088416
6 -1.947716 -2.480389 -2.069361 -1.589679 -2.767901 20.338021 -2.547407 -0.814600 -2.730954 -1.663941 -1.161134 -1.169805 -1.430977 2.035843
6 -7.936314 -5.304909 -7.671959 -7.575574 -8.251320 94.205130 -7.268947 -9.581568 -6.675787 -7.157897 -5.436062 -5.975621 -7.732811 -7.636362
6 -1.840169 0.312193 -0.144028 -0.377961 0.475800 2.501376 0.171131 0.227384 -0.843654 -0.502860 0.074426 0.735382 -0.622398 -0.166622
6 -0.799424 -1.661734 -0.508297 -2.055445 0.721462 8.018789 -3.384781 1.796307 -0.838029 -2.063166 -0.791222 -0.834342 1.847471 0.552412
6 -7.936314 -5.304909 -7.671959 -7.575574 -8.251320 94.205130 -7.268947 -9.581568 -6.675787 -7.157897 -5.436062 -5.975621 -7.732811 -7.636362
6 -2.665236 -0.848788 -1.374461 -0.987473 -1.755122 18.860827 -1.800736 -2.065105 -1.411898 -1.357713 -0.844610 -0.324252 -3.116758 -0.308675
6 -6.167105 -6.046787 -5.343635 -5.809898 -6.981694 74.507951 -6.112498 -5.428716 -5.113451 -5.681282 -4.313493 -6.788955 -5.388967 -5.331468
6 -3.159883 -2.601375 5.360719 -1.626976 -1.873169 18.157750 -2.048926 -2.123099 -1.433387 -0.385034 -1.748646 -2.242065 -3.140378 -1.135530
13 -1.311838 -3.379092 -4.132114 -1.213788 -2.419016 -5.108253 -4.097256 -2.283814 -2.807770 -2.829086 -3.468256 -2.732810 38.040764 -2.257671
13 1.160741 0.132319 -0.496540 -0.399782 0.252640 -2.078348 -0.598923 0.533694 0.555502 -0.099906 -1.244970 -0.153182 2.891507 -0.454752
5 -0.163877 -0.184598 0.274858 -0.121457 1.118273 -0.853934 -1.094516 0.789572 -0.667376 0.734245 0.321829 -1.008406 -0.125154 0.980542
5 -1.125864 0.870849 -0.771262 -0.441714 1.688774 0.456473 0.357093 -0.333918 0.457272 -0.621791 -0.026848 -0.535978 0.304553 -0.277637
13 -0.500695 -1.817062 -0.658973 0.625491 -1.182368 -1.616899 -0.840852 -0.238629 1.357507 0.575116 -0.011368 0.710835 4.313090 -0.715195
13 -5.655489 -3.562822 -2.693155 -2.359032 -2.477380 -1.768998 -3.195345 -3.808922 -3.298938 -3.152691 -2.431227 -3.740440 41.406210 -3.261771
13 -0.508879 -1.960472 -0.242101 0.762549 0.201678 -0.387108 -2.095276 0.036376 1.409216 1.146236 -1.599014 0.197731 3.899898 -0.860835
13 0.054033 -0.463287 -2.131757 -0.461987 0.121546 0.290132 -0.062569 -0.860774 0.572456 -0.398032 -2.466809 -1.097931 8.662287 -1.757308
13 -0.257093 -0.333998 -0.900226 -0.111603 -0.328274 -0.846704 -1.000942 -0.537315 -0.056486 -0.641466 -0.828127 -0.435028 7.096193 -0.818931
13 -1.408924 1.592684 -1.917365 -0.596822 -2.392887 -0.435619 -0.926184 0.137176 -0.296849 0.341115 -0.031789 0.569100 5.261434 0.104932
13 0.109458 -0.550904 0.697486 0.209194 -1.472372 -1.250591 -0.530643 -0.748236 0.087587 -0.819778 -0.542432 -1.275548 6.831347 -0.744568
13 -0.862606 -1.209074 -1.099114 -0.635193 1.694176 -1.071782 0.296466 -0.369920 1.064118 -1.101529 -1.043641 0.214261 5.229275 -1.105435
13 -2.243133 -4.737772 -2.831200 -2.330416 -1.926820 -2.216989 -3.838746 -2.845427 -1.505085 -2.801467 -3.995994 -2.623133 37.394809 -3.498628
13 -0.796421 -2.516623 -1.245101 -1.425208 -2.931077 -0.360662 -2.646562 -0.529274 -0.771988 -2.251556 -2.599029 -1.334421 20.562847 -1.154924
13 5.050429 -1.317562 -1.196915 -1.097262 -1.915357 -2.552041 -2.174043 -1.650698 -1.745349 -1.930695 -1.317899 2.361913 10.672288 -1.186807
13 -2.756382 -3.461463 -2.696751 4.923989 -3.042326 -3.222379 2.497967 -3.023310 -3.868522 -3.747463 -3.553228 -2.109435 27.339847 -3.280543
13 2.513655 -2.268104 -1.662518 -1.498731 -1.578579 -1.466857 -2.783243 -2.792984 -1.176060 -2.518255 -1.694114 -2.717213 22.979260 -3.336256
8 -1.233287 1.759257 -1.068147 -0.756883 -3.707565 -0.436590 -1.263748 8.366544 -1.748045 0.917308 -1.065700 -0.380298 1.015804 -0.398649
1 0.739696 -0.030844 -0.488064 -0.250546 -0.083913 -0.019057 -0.175307 0.587927 0.404380 0.253942 -0.804581 -0.323649 0.647486 -0.457470
13 -2.487206 -2.503178 -2.357235 -2.404795 -2.021578 -1.412636 -0.898712 -1.916385 -0.295706 -2.349047 -0.650087 -1.715916 22.990131 -1.977649
13 -0.462377 -1.220311 -0.546722 -0.553606 -2.750627 -2.741730 -0.772529 -0.845392 -0.771989 -2.070236 -2.015703 1.171483 13.384585 0.195154
13 0.086659 0.273104 -0.274188 -0.303320 -0.447669 0.034463 0.396421 0.312043 -0.015036 -0.288419 -0.516314 -0.108265 0.634390 0.216133
13 -0.440305 -0.507531 -0.698660 0.148487 -1.896334 -1.471897 0.060886 0.485960 -1.247322 -1.114112 -0.657582 -1.373278 9.930273 -1.218586
13 1.403318 -0.593816 1.429512 -0.731460 -0.773814 -1.029141 -0.240287 0.556428 0.147310 0.148116 -0.381554 -1.086066 2.407545 -1.256090
13 -0.048864 -0.117006 0.202664 0.745200 -1.462913 -1.420882 -1.807171 -0.899397 0.062918 -1.630131 -1.534772 -1.274629 10.281844 -1.096862
13 -0.500058 -1.781505 -1.349619 -1.210407 -0.306916 -1.688562 -1.199471 -0.482716 -1.940820 -1.152260 -0.386925 -0.861391 13.913752 -1.053102
7 -6.114330 -6.945083 -8.460770 -7.799822 -7.968141 -8.952777 92.421578 -6.587822 -7.401982 -6.947471 -5.382188 -7.216178 -7.420015 -5.224996
7 -0.361699 0.264243 -0.390687 -0.783882 -0.359805 -0.397371 5.331050 -0.442229 -0.678922 -0.571199 0.600714 -0.142402 -0.762393 -1.305419
7 -5.920571 -11.788935 -9.478419 -9.885534 -3.894863 -7.369686 102.744675 -6.988081 -7.516186 -6.906898 -9.211504 -8.964771 -7.001368 -7.817856
5 -0.102577 -0.392216 0.388189 -1.512827 4.375017 0.292998 0.440424 0.906099 -0.447075 0.483524 -3.107770 -1.006518 -0.199591 -0.117676
7 -2.041129 -3.699894 -3.353968 -3.376511 -3.979997 -3.201316 38.226599 -0.241791 -4.428217 -3.269058 -2.255089 -3.360750 -1.514686 -3.504192
7 -0.569653 -0.964286 0.572783 0.196304 0.513113 0.899199 3.819923 -0.791041 -1.152261 -0.326355 -2.827657 -1.174066 0.283531 1.520467
7 -6.407410 -7.280611 -7.716297 -6.776181 -7.628657 -8.585571 96.170065 -7.265815 -7.079189 -6.933894 -8.101289 -7.068314 -8.173421 -7.153412
7 -1.787476 -0.982505 -0.070208 -0.038073 3.642385 0.077558 4.060230 -1.086567 -1.326943 0.091909 -2.247506 0.781263 -2.143414 1.029347
7 -4.322719 -6.251149 -4.156839 -5.480272 -4.364735 -4.258604 62.940748 -3.860501 -2.911731 -6.163752 -6.388092 -5.727808 -4.255553 -4.798992
7 -0.292822 0.000775 -0.967896 -0.874891 -1.207267 -0.184691 7.079423 -1.780033 -0.306533 -0.511273 -1.129905 -0.670940 1.097871 -0.251817
7 -8.891801 -6.794114 -7.412595 -8.576397 -6.241443 -6.585492 93.841325 -6.939677 -7.165086 -7.568720 -8.343755 -5.861880 -5.208394 -8.251969
7 -5.291459 -4.314973 -6.356475 -5.863740 -1.994217 -8.315692 69.395876 -6.895324 -5.656512 -4.808546 -6.167729 -5.184714 -6.694505 -1.851989
7 -6.166536 -5.606209 -7.242491 -8.125568 -11.010087 -7.228777 90.629628 -5.925772 -5.741561 -6.515101 -7.636455 -5.303231 -6.667285 -7.460554
7 -4.613342 -7.139813 -6.732656 -7.321706 -5.439575 -7.563478 88.766028 -7.813858 -7.018027 -6.459387 -8.349810 -7.594697 -5.132779 -7.586899
1 2.562654 -0.429151 -1.978247 -1.234117 -0.074696 1.066159 -0.967751 -0.647479 -0.095963 -0.836496 0.134840 1.519453 -0.415318 1.396112
7 -5.631860 -5.774841 -5.623237 -5.134852 -5.247614 -6.686232 74.449418 -5.742758 -5.375893 -6.054209 -6.374471 -5.354487 -6.281517 -5.167447
7 -8.107840 -8.093894 -6.524217 -6.843526 -9.028439 -7.066227 94.008895 -6.201242 -7.732941 -8.060037 -7.376225 -5.156554 -7.240782 -6.576967
7 -1.095839 0.015234 -0.127921 -0.330182 -0.503543 -0.364347 5.619857 -0.624105 -0.970702 0.488254 -0.990144 -0.094124 -0.894028 -0.128411
7 -7.575469 -5.969340 -6.402855 -6.043685 -5.487024 -6.723160 76.729332 -5.009794 -6.249752 -4.982035 -5.716845 -4.127629 -5.706031 -6.735711
11 -3.074977 -2.408745 -4.364477 -3.731890 -4.842679 -2.084038 16.156001 -3.286408 -4.494175 -4.593097 25.774320 -3.971743 -2.805718 -2.272375
7 -8.368843 -7.972089 -7.555728 -6.993736 -8.531868 -8.417526 99.904130 -7.093429 -8.765879 -8.108230 -6.444601 -6.885692 -8.816446 -5.950060
7 -5.664232 -5.865840 -5.954501 -4.993192 -5.716625 -7.747498 78.724688 -6.020950 -5.400904 -5.217464 -7.367534 -6.432321 -7.688240 -4.655385
7 -6.249669 -7.463011 -7.681761 -8.379096 -6.587575 -6.430398 87.467478 -6.680797 -6.695791 -7.090701 -5.653804 -6.956775 -5.505397 -6.092700
7 2.904685 -2.459279 -5.103812 -4.721253 -5.637735 -5.957494 54.300654 -4.051852 -4.216114 -4.764073 -4.746272 -4.597476 -5.009573 -5.940404
7 -7.433052 -7.866888 -6.775459 -7.786699 -8.380090 -7.987694 97.257679 -7.220190 -9.281603 -8.469513 -4.904840 -8.354731 -7.749203 -5.047715
12 -0.113288 -0.693891 0.657335 -0.578757 -1.014366 0.111987 -1.128298 -0.524421 -0.163589 0.753697 0.574622 4.277751 -0.846217 -1.312566
13 -0.945875 -1.100584 -0.441377 -0.539068 -1.554474 -1.479111 -1.811880 -1.712005 -2.022765 -0.987990 -0.741252 2.586864 12.543923 -1.794405
12 0.376996 -0.126818 0.738452 0.051269 -1.202249 -0.424527 -0.756863 -0.878936 -1.144663 -0.665279 0.128841 3.590802 0.983196 -0.670220
7 -1.069493 -1.119708 -1.521535 -1.296253 -0.760155 3.833626 4.186198 -1.250569 -1.206426 -1.336771 0.805174 0.958885 -0.425124 0.202151
9 0.746985 0.313789 -0.570798 -0.555120 -1.063018 -1.893483 0.866887 -0.790384 2.085970 -0.283671 -0.262879 0.882235 0.574357 -0.050871
14 -0.620296 -0.408688 -0.178614 -0.160493 0.038081 -0.216875 -0.037032 -0.228075 0.207522 0.794831 -0.178009 -0.175302 -0.613506 1.776454
3 -2.888951 0.808002 12.393909 -0.722278 -0.718517 -1.592429 -2.031204 -1.507897 -1.560363 -0.642456 -1.458607 0.854074 -2.105374 1.172092
8 -0.502423 -0.667227 -0.222580 0.216826 -0.738190 -0.801314 -1.008781 2.249669 1.915384 -0.570312 -1.542878 1.155412 2.083463 -1.567047
12 -1.483951 -0.750504 1.340580 0.895964 -0.941300 0.569677 -1.059500 -1.772009 -1.387844 -1.457289 -0.343078 8.978664 -1.745669 -0.843743
12 -1.536663 -0.816671 -0.481309 0.076855 0.531894 0.533710 -0.939273 -0.192632 -0.708605 -0.219603 -1.382737 3.851144 2.194633 -0.910744
12 0.131059 -0.584520 0.632004 -0.230708 0.417031 -0.618207 -0.004764 0.358995 -0.602461 0.650697 -0.772990 0.663129 0.267796 -0.307060
7 0.149547 -2.271612 -0.323503 -2.124033 3.143860 -0.380192 6.504556 -1.124014 -1.530788 0.180098 -3.025753 1.772504 -0.770694 -0.199975
12 -2.307082 -1.556944 0.765537 -1.753281 -1.233846 -1.333865 0.249156 -0.353784 -1.263126 -2.190835 0.113483 12.202267 -1.140907 -0.196773
12 0.194644 -0.350274 -0.455137 -0.030335 0.080401 0.206786 -0.253450 -0.127240 -0.405278 0.422706 0.174040 1.428684 -0.549742 -0.335805
12 -0.254700 0.120773 -1.146215 -0.314340 0.447887 -0.192353 -0.405650 0.135609 -0.023004 -0.196896 -0.051820 2.590460 -0.224924 -0.484825
12 0.358157 -0.246437 -0.307996 0.308206 -0.527131 -0.221006 1.109591 -1.000179 -2.025732 -0.189055 -0.038828 3.720514 -0.648784 -0.291318
5 -1.656474 -1.105116 -2.545024 -1.517363 16.510793 -1.089297 -1.057108 -1.444990 -0.509020 -1.351749 -1.563878 0.912019 -1.688406 -1.894386
12 -1.215739 -0.304425 0.740784 0.638576 0.136462 -0.300826 -0.601543 -1.082662 -0.966172 -0.011500 0.014195 5.134513 -1.740043 -0.441619
12 0.783815 -2.011154 -0.988950 -0.150876 -0.101295 -1.779630 0.791455 -0.127688 -0.428062 1.496932 -1.154026 3.124073 1.318714 -0.773311
3 0.584238 0.383943 2.361446 -0.511347 -1.899042 -0.915771 -1.698657 -1.109032 0.033494 1.087595 -1.363115 1.681235 1.292321 0.072693
14 -0.297681 -0.196668 -0.710908 -0.468052 -2.201125 -1.260115 -1.274884 0.977974 -0.002079 -0.345139 -0.331615 1.073726 -0.520308 5.556875
12 -1.699319 -0.238540 -0.775407 -0.672797 -0.540209 -0.841348 -0.094759 0.407804 -1.239155 -0.612041 -0.710364 8.595055 -1.457021 -0.121899
12 -1.189879 -0.243036 -0.814100 -0.303930 -1.243637 -0.047373 -0.052068 -0.214437 -0.504597 0.574947 2.481177 2.927340 -0.873417 -0.496990
14 -2.020895 -2.260519 -2.253150 -1.788940 -2.184363 -1.600601 -0.437581 -0.941948 -2.216059 -0.726090 -1.817809 -0.874517 -2.477456 21.599929
14 1.061075 0.655784 0.154391 -0.438895 -2.008661 -0.435974 -0.637398 -1.838299 0.251012 -0.529836 -0.667339 0.093802 0.031224 4.309114
14 -2.263817 -1.913360 -0.791983 -1.524878 -2.282114 -2.145406 -0.718033 -1.463620 -2.347997 2.910980 -1.360984 -0.957249 -2.090320 16.948782
14 -5.635603 -3.808832 -4.989812 -5.004057 -3.657639 -6.156739 -2.786358 -3.604613 -1.035985 -3.970062 -3.325037 -4.101976 -4.089100 52.165811
2 -1.289963 3.882234 -0.582791 0.764721 -1.790104 0.255758 -1.634557 -0.680128 -1.397767 -0.339461 0.499468 -0.453183 0.377932 2.387840
14 -4.569075 -0.569322 -3.478298 -1.105104 -3.386373 -3.139032 -2.459636 -3.265005 -2.425395 -1.101453 -1.576114 -2.620083 -2.534008 32.228900
2 -1.003875 1.814575 -0.516528 0.393431 0.149896 0.693154 -0.892537 0.116939 -0.802515 -0.438355 0.361745 -0.181983 0.007652 0.298400
12 0.481185 -0.801454 -1.278558 -0.549604 -0.467079 -0.542832 0.250787 -0.797867 -1.049845 -0.262810 0.054587 2.516664 0.987548 1.459276
14 -0.247994 -3.711547 -5.042726 -6.367329 -5.685079 -4.876055 -5.074989 -6.246391 -3.660228 -3.254069 -5.627494 -3.028750 -1.137404 53.960055
14 -1.886507 -3.002698 -1.639650 -2.771099 -1.845810 -2.218701 -1.708831 -0.987066 -2.062700 -1.511788 -2.644534 -2.811724 -2.002150 27.093259
14 -0.737019 -0.222880 -0.722627 -1.270302 -0.458547 0.161129 1.092289 0.025591 0.885352 -0.347154 -0.303849 0.050724 0.589409 1.257884
13 0.857827 -0.331152 -1.475943 0.778303 -0.636966 -0.456862 -1.244727 -0.658135 -0.840400 0.107077 -0.565500 1.581219 1.841878 1.043381
14 -0.350727 0.008275 -0.267298 0.346634 1.089683 -0.190239 -1.265034 -0.427034 -0.029884 0.889902 -0.527524 -0.568153 0.162680 1.128721
14 -3.297232 -2.585158 -2.938921 -0.703825 -2.568978 -0.773482 -4.090536 -1.313846 -0.409714 -2.581713 -2.876879 -1.844682 -0.693440 26.678405
5 -0.496311 0.313163 1.280861 1.513620 2.531940 -0.467452 -0.772624 -1.674071 -0.834157 0.052213 -0.664723 0.675596 -1.496772 0.038716
14 -2.426089 -0.888749 -0.481202 -1.492453 -0.381825 1.800530 3.851164 -1.032091 -2.130157 -0.955137 2.094974 -0.124646 -2.250122 4.415806
14 -4.278652 -3.247033 -4.506082 -3.557784 -5.744354 -4.737694 -1.892799 -2.888815 -3.765961 -5.240333 -2.730519 -3.505100 -4.154046 50.249169
14 1.959308 -0.691457 -0.421112 -0.088359 -0.106228 -0.832010 -0.417531 0.216606 -0.689427 -0.216002 -0.725184 0.142594 -0.409887 2.278689
14 -1.600912 -1.914356 -0.535513 -2.505336 -2.843891 -2.924797 -3.145416 -2.923889 -1.347354 -1.552297 -3.922631 -2.755276 -0.254731 28.226396
14 0.542301 -0.721358 -0.419409 -0.630749 -0.713387 -0.761036 -0.356689 -0.249580 -0.515728 -0.159059 -0.053549 0.327464 0.582104 3.128675
14 -3.745434 -3.440307 -2.760137 -3.084821 -1.780865 -2.611086 -3.922478 -3.360441 -3.976117 -2.310731 -2.872322 -2.929317 -4.245636 41.039693
13 0.915490 -0.462195 -0.824304 0.037570 1.285839 -0.227571 -1.616401 0.815607 0.176100 -0.476067 -1.200771 -0.812408 1.331650 1.057461
8 -0.970778 0.519177 -0.769579 -0.610501 1.000967 -0.289289 -0.326499 4.293633 -0.934355 -0.729108 -0.631080 -0.400483 -0.034370 -0.117735
8 0.214150 -0.869683 -1.617546 -2.151556 -3.998281 0.070481 -1.588029 16.707411 0.151050 -1.398442 -3.711390 -0.060101 -0.395527 -1.352537
5 -1.053503 -1.409603 -1.588984 -2.486077 27.130459 -2.662901 -3.170316 -1.392607 -1.990495 -2.133157 -3.166285 -1.535993 -1.658150 -2.882387
8 -1.087953 -0.823691 -0.982036 -0.897823 -0.714471 -1.762762 -0.103963 9.870617 -0.534883 -0.397315 -1.197174 -0.819772 0.586171 -1.134945
8 -1.809176 -1.492514 -1.778540 -1.676681 -2.129671 -0.903501 -2.941786 23.596087 -2.266154 -1.759772 -1.614592 -1.997941 -2.515028 -0.710730
10 -0.583572 -0.718092 -0.480536 -0.535917 -0.274034 0.699036 -0.086451 0.080680 0.701463 0.732495 -0.027088 0.084503 0.516960 -0.109446
8 -0.107587 -1.053694 0.850184 -1.149475 -0.674873 1.644879 -0.877279 4.913478 -0.561785 -0.744076 -1.779517 -1.238317 2.449264 -1.671201
8 -1.563410 -0.256922 -2.138657 -1.786081 -3.053837 -0.758419 2.255639 14.579846 -1.635606 -1.066205 -1.925199 -0.291428 -0.654596 -1.705125
8 -0.405116 -0.805910 -0.401400 -0.045929 -1.208308 1.688433 -2.095935 8.585453 -1.052149 -0.426443 -1.235261 -0.641645 -1.118578 -0.837211
8 0.558401 1.156737 -0.333762 -1.022148 -0.150476 1.388574 -1.452555 1.733154 -0.017602 -1.119081 -0.742397 -0.220466 0.509098 -0.287476
8 -1.927773 0.186025 0.084823 -0.194809 -0.333298 0.450218 -0.953129 3.168851 -2.032033 1.644913 0.914096 -0.182386 -2.753931 1.928434
8 -2.363501 -2.280138 -2.507267 -1.825128 -0.438129 -1.579759 -2.390082 27.835046 -2.609379 -3.015837 -2.058963 -1.939748 -2.920058 -1.907056
9 -3.060072 1.023907 0.415309 -1.283618 0.579462 -0.092323 -0.634877 1.749776 2.828811 -0.450988 -1.120077 0.753417 0.097932 -0.806658
8 -2.173533 -1.521558 -1.915945 -2.401962 -1.716402 -0.832179 -1.459657 19.762653 -2.717402 -2.291756 -0.210575 -1.939603 -0.355947 -0.226134
2 -1.716670 14.590987 -1.627112 -2.184229 -1.760417 -0.950325 -2.252800 3.841666 0.439978 -1.982557 -2.080831 -1.344511 -1.730203 -1.242975
5 -0.191336 0.405270 -0.278678 0.309877 2.823717 0.216516 -0.803524 -0.438199 -0.215052 -0.379122 -1.279039 0.330009 -0.265023 -0.235416
8 -1.338311 -2.040076 -2.278901 -3.411336 -3.057589 -1.908138 -0.524495 19.552502 -0.557837 -2.575014 0.138426 -1.282150 0.656182 -1.373261
8 -1.294188 -1.710292 -2.514695 -0.847183 -0.946289 -1.988016 -0.395233 13.560479 -0.123209 -1.304986 -0.021235 -1.254451 -1.093789 -0.066912
6 -0.003556 -0.131826 -1.225418 -0.103551 0.354074 2.116186 -0.802823 -0.412151 -0.890423 0.575553 -0.044652 0.313758 -0.455313 0.710144
8 -3.217278 -1.019998 2.198404 -2.333265 -2.972611 -2.312817 -2.067309 19.287545 -1.229245 -1.161106 -2.060920 0.901922 -2.262599 -1.750721
8 0.518953 1.678852 0.032558 -0.262984 -2.191105 -0.302731 -0.755538 3.888849 -0.731701 0.339896 -1.593801 0.172676 -0.213486 -0.580439
8 -1.049459 -0.801738 -0.374436 0.894412 -1.644442 1.347297 -1.011166 5.254361 -1.108761 -1.486502 -0.738364 -0.587634 1.433708 -0.127276
8 -3.122886 -0.267631 -2.022844 -1.336547 -0.893092 -1.821817 -1.264197 18.415456 -2.179789 -2.382273 0.129614 -1.043267 -1.757297 -0.453429
10 0.481252 -1.308818 -0.331833 1.470074 0.512320 -0.574012 0.407289 -1.364712 0.798577 1.718753 -1.484660 0.469851 0.113326 -0.907404
9 -0.382881 -0.357100 -0.008957 -0.738862 0.447626 -0.686483 1.154025 -0.354398 3.749146 -1.350753 -0.655073 0.510040 -0.916466 -0.409865
9 -1.556450 -0.880878 -0.284706 -0.712960 0.130238 0.914016 1.611752 0.298416 2.206570 -1.852470 -0.142665 0.220767 0.668759 -0.620387
10 0.451797 -0.565754 -0.090119 -0.437902 0.069207 -1.210289 -0.678627 0.102560 0.702217 2.480186 -0.664354 0.678021 0.523804 -1.360747
9 -1.021208 -0.933503 0.011508 -0.735333 0.008587 1.027296 -0.072291 -0.246698 2.601364 -0.586967 0.954899 -0.621546 -1.214747 0.828637
13 -1.900421 -3.245756 -1.035420 -2.503878 -1.699148 -3.534293 -1.164286 -1.218921 0.679910 -1.965388 -2.763795 -0.845679 26.001769 -4.804695
13 -0.593202 -0.641289 1.046490 0.014891 -0.854177 -1.206303 -0.828819 -0.152336 1.635751 -0.258555 -0.781539 0.867250 2.709600 -0.957764
9 -1.638067 -0.361732 -0.098772 0.965616 -1.018078 0.722846 -1.662180 -0.194428 2.259556 -0.920321 -0.357800 1.478206 0.547936 0.277219
13 -1.741011 -0.152121 -1.550293 -0.165145 0.339482 1.067087 -1.190192 -1.516416 1.190897 -0.420001 -1.707800 0.247034 5.216303 0.382176
13 -1.302309 -1.460063 0.015139 -0.600998 -0.335627 0.291451 -1.087418 -0.416157 2.646930 -0.843015 0.706076 -0.621848 3.588485 -0.580645
13 -0.398792 -0.554204 -0.167249 0.711349 -0.140574 -0.238078 -1.163967 -0.311882 2.111814 -0.947759 -0.431889 0.539618 2.118703 -1.127089
9 -1.238088 -0.276742 -0.155202 -0.434213 -0.081619 -0.541940 -0.484123 -1.095063 3.484178 2.031930 -0.899775 -0.717401 -1.377753 1.785813
7 -0.649059 -2.061474 -0.328909 -2.129158 0.597899 2.490625 2.967742 0.127695 -0.230887 -0.737809 1.268469 1.910510 -1.815175 -1.410469
12 0.126756 -1.217728 -0.613414 1.208932 -0.607987 -0.194120 0.172047 -0.725547 0.410217 0.005090 -0.106413 1.822942 1.223876 -1.504653
3 -0.957179 -0.437499 2.197629 0.623137 -0.737536 0.024743 -2.140779 -0.586915 0.990175 -0.555447 -0.929473 -0.015018 1.514334 1.009829
13 0.311774 0.017752 0.005107 -0.706419 0.162990 -0.313921 -0.314612 -0.029734 -0.364439 0.301414 -0.104262 0.128692 0.493737 0.411921
14 0.056819 -0.942001 -1.332329 0.263072 0.248750 -0.795800 0.149270 -0.743450 -1.022228 0.288639 0.170230 0.133259 0.201408 3.324360
13 0.098763 -1.713066 -0.003702 1.832674 -0.724149 -2.162725 -1.499250 -1.357137 2.282505 2.626327 -1.397850 0.010122 3.005715 -0.998227
6 0.059408 -0.532761 0.251134 -1.033374 0.516225 2.556102 -1.097234 -0.895636 1.801092 -0.725838 -1.451480 -1.307739 -0.626879 2.486980
