11 -12.566149 -13.098422 -12.470367 8.487069 -10.835779 -15.745629 63.643120 -12.766875 -11.744830 -12.432344 70.305042 -13.097721 -13.733262 -13.943848
8 -1.327213 -1.146788 -1.301493 -1.189827 1.236378 2.283633 -0.337054 6.254963 0.206146 -1.310483 -1.738621 -1.430965 -0.594235 0.395559
9 -1.059521 -0.701417 -1.818763 -0.912789 -0.941300 1.040895 -0.544721 -1.374638 8.902709 -0.687779 -0.191235 -0.232206 0.078489 -1.557722
1 38.798945 -3.287747 -2.679832 -1.503349 -2.193889 -3.253379 -4.101967 -3.311093 -2.278282 -3.411460 -3.553712 -2.558799 -4.143844 -2.521591
6 0.496964 -0.466615 0.870889 0.465037 0.298834 2.628566 -2.273640 -0.259809 -1.405522 -0.561323 -0.558059 1.325881 -0.782115 0.220912
1 3.489536 -0.198795 -0.492362 -0.207644 -0.207695 -0.267410 -0.381790 -0.350601 0.273990 -0.248176 -0.205420 -0.395899 -0.482151 -0.325585
12 -0.450715 -0.493294 -0.173914 0.001254 0.225650 1.228316 -0.561841 -0.258048 -0.450634 -0.109047 -0.988716 1.869710 0.418937 -0.257659
4 -0.746581 0.173062 -0.345934 1.622267 0.194704 0.545408 -0.383892 -0.507303 -0.568734 0.353758 0.092549 -0.015738 -0.842697 0.429131
5 -4.182471 -1.368041 -2.393522 -1.768582 32.538559 -0.462451 -5.879345 -2.277479 -2.977079 -1.795643 -4.237323 0.713330 -3.339473 -2.570478
5 -2.060624 -1.313027 -1.120903 -1.311550 21.801477 -2.850093 -1.677673 -1.888209 -1.688301 -1.428315 -1.646080 -1.546074 -1.549408 -1.721219
13 -0.316631 0.001481 0.631930 -0.265510 -0.482675 0.185489 0.444234 -0.431703 0.181232 -0.700537 -0.447709 0.111584 0.928343 0.160473
3 0.955107 0.445734 5.775264 -0.464910 1.922814 -1.558407 -2.537812 -0.628454 -0.558296 0.387737 -1.987114 -0.008742 -0.839189 -0.903732
3 -0.745701 -2.257287 22.138439 -3.706672 -2.955315 -1.603894 -1.124649 -2.537159 -1.300690 -0.705743 -0.893895 -2.475212 -1.615854 -0.216366
4 -1.206528 0.129555 0.324263 2.282727 -0.474409 -0.384413 1.034930 -0.091442 -1.035288 0.125353 0.172341 -0.022193 -0.961682 0.106785
1 106.983491 -8.454514 -7.244649 -8.358868 -8.021766 -8.262019 -8.843404 -8.637008 -8.290494 -8.855014 -7.876311 -6.976187 -10.264736 -6.898523
11 -4.565664 -2.660924 -0.800847 -1.830604 -4.661625 -3.354389 -3.710646 -2.805053 -3.347025 -2.717116 38.822179 -2.573055 -2.296870 -3.498357
4 -0.159033 -0.659673 -0.699041 3.584275 -0.638295 0.791895 -0.423081 -0.410318 0.021365 -0.349155 -0.528682 -0.352526 0.165819 -0.343550
1 3.404509 -0.866544 -1.152266 0.469284 -0.562761 -1.967255 -1.319567 -1.414820 -0.858761 0.073707 -1.150176 3.277908 0.797181 1.269562
14 -1.915860 -1.494193 -0.677190 -1.903333 -2.447488 -1.581477 -1.883487 -2.339246 -1.959639 -0.961962 -3.306587 -2.305246 -2.023920 24.799629
11 -2.391487 -2.960487 -3.490815 -3.043709 -3.297328 -3.139836 -1.780666 -2.031553 -3.325693 -3.138675 36.456317 -2.513277 -2.881691 -2.461098
3 -1.043010 -1.534202 19.837821 -1.329210 -1.318206 -1.389450 -1.368387 -0.700491 -1.285747 -1.642815 -1.577758 -2.946689 -1.490556 -2.211299
12 -0.087804 0.749945 0.123802 0.042215 -0.516136 -1.108692 -0.612417 -0.427317 -0.768891 -0.098486 -0.048924 1.653164 -0.009469 1.109011
11 0.356402 -0.226601 -0.644569 -1.596022 0.662008 0.734509 -0.164757 -0.747688 0.470866 0.404211 2.026795 0.073446 -1.739751 0.391151
9 -1.260056 0.686957 -0.272402 -1.265221 -0.754721 -0.371402 -0.644857 -0.172362 4.714245 0.527035 0.236870 -0.872740 -0.756641 0.205294
5 -0.055078 0.128909 0.316004 -0.223784 0.805188 -0.321966 -0.196261 0.181703 -0.242520 0.203379 -0.355272 -0.191403 -0.172837 0.123937
8 -3.354324 -1.141386 -1.647209 0.591463 0.212065 -1.376236 0.477558 11.363328 -0.936374 -1.131639 -1.298184 -0.868641 -1.867629 0.977209
14 -3.013053 -0.312667 -2.679290 -1.545499 -1.647289 -2.129398 -3.206525 -1.817089 -2.674322 -3.433556 -3.015080 -2.313435 -2.131519 29.918722
2 -1.100698 20.795877 -3.643343 -1.021730 -0.541200 -2.397360 -1.672946 -1.318904 -2.055815 -1.635976 -2.185823 -1.312279 0.344539 -2.254342
1 62.976866 -5.995637 -5.007432 -5.006544 -4.262795 -3.768060 -5.628623 -4.432268 -4.433566 -4.983451 -3.923602 -4.703359 -6.035814 -4.795716
10 -0.413481 -0.307364 -0.338291 -0.390288 0.349911 -0.034492 0.227741 -0.241430 -0.228971 1.125057 0.119413 -0.147880 -0.132544 0.412620
5 -1.943997 -1.007309 -1.156522 -0.656503 20.187225 -2.448980 -2.027955 -1.415273 -1.693264 -1.546920 -1.281331 -1.649149 -1.727968 -1.632055
6 0.216925 -0.590732 -0.257652 -0.421099 -0.026734 0.838558 -0.481817 0.058731 0.391119 -0.406978 -0.171302 -0.677684 0.744735 0.783931
6 -1.394141 -1.512613 -0.982212 -1.982755 -1.038192 9.305409 -0.160342 -0.211398 -1.557463 -1.439803 -0.441926 -0.588529 -0.812373 2.816338
14 -4.833483 -2.611459 -3.799417 -2.784114 -0.737611 -3.456643 -5.400348 -3.935072 -4.984909 -4.219183 -5.037177 -1.457148 -3.696359 46.952924
7 -5.531546 -5.311090 -5.447605 -4.671967 -5.979241 -6.717561 72.595996 -5.109413 -5.990357 -5.121107 -5.492620 -4.747571 -6.806112 -5.669804
14 -0.468500 -0.992338 -1.259558 -0.040103 -1.105747 -1.428875 0.726233 0.663830 -0.436431 0.068559 -0.514453 1.548870 -0.845677 4.084192
13 -0.398002 3.467323 -0.597303 -0.291830 -0.507373 -1.609633 -0.690353 -0.961576 -1.459600 0.331344 -0.106996 -0.684716 4.364489 -0.855774
2 -4.595867 24.114644 -2.927737 -0.870171 -2.950538 -3.053174 -0.000569 -2.815086 -2.532966 -2.332957 7.512333 -2.656045 -4.029666 -2.862200
2 -1.633511 24.772270 -1.801544 -0.032629 -2.256793 -1.008394 -1.093759 -2.618945 -2.875539 -2.246431 -2.564143 -2.598549 -1.569394 -2.472638
1 3.882982 -0.985000 0.785335 0.114073 -0.417099 0.189887 -0.021516 -0.164369 -2.145257 0.036245 0.280577 0.505725 -2.373504 0.311922
6 -3.697028 -4.727918 -4.778702 -4.408086 -5.424613 52.373906 -2.485718 -3.607056 -4.388585 -3.002376 -3.632413 -4.550515 -4.101525 -3.569369
3 -1.166195 -1.350782 9.740710 -0.612809 -0.717552 -3.229141 -0.846097 -0.312738 -1.689345 0.644110 1.362431 -0.346102 -0.186346 -1.290146
13 -0.287240 -0.389729 -1.992343 -2.023250 1.815447 -2.046830 -0.887871 0.798669 -0.087689 -1.660765 -1.771032 -0.465747 10.487006 -1.488626
3 -2.780182 -3.329634 39.537092 -2.787632 -3.145572 -2.840337 -3.232755 -2.795056 -3.057173 -2.712548 -3.383659 -2.821348 -4.009341 -2.641854
6 -4.571157 -2.821599 -2.257508 -1.254838 -2.583429 29.127783 -1.669724 -2.616519 -2.406425 -2.663739 -2.432544 -2.278948 1.003346 -2.574697
12 -1.304487 -0.795370 -1.103711 -0.524732 0.546846 -0.283870 0.007112 -0.392452 0.683786 1.714878 -0.905171 3.346376 -0.614176 -0.375028
14 -1.469820 -0.197266 -0.017833 0.503066 0.120242 0.577386 -0.189475 -0.457069 -0.442154 0.704510 -0.665217 -0.019276 -0.286662 1.839569
13 -1.005556 -1.029175 -0.716485 1.103612 0.026374 -0.504213 -0.419098 -1.071410 -1.912144 0.802877 -0.800676 -0.189428 5.247024 0.468297
11 -2.880371 12.783465 -1.990750 -1.395454 -3.101195 -2.208696 -2.479043 -2.680947 -2.233349 -2.199266 15.287009 -2.025030 -2.340723 -2.535649
13 1.315228 -1.179137 -0.475744 0.165783 0.146745 -1.879648 -0.549807 -0.456233 0.565035 0.587046 -0.490944 -0.519786 2.976829 -0.205369
14 0.070829 -0.537484 -0.601010 -0.708819 0.570601 -1.710661 0.368306 -0.839982 -0.608110 -0.709833 -0.764659 0.426297 -0.626514 5.671039
14 -0.092914 -0.052973 -0.198240 -0.116436 0.310500 -0.006274 -0.251890 -0.058323 0.000000 -0.073281 -0.015652 -0.118762 -0.015273 0.689519
14 -1.538350 -2.714560 -2.038075 -1.926685 -1.733248 -1.463653 -4.863551 -2.380290 -2.795551 -2.004781 -3.256948 -1.790405 -1.913054 30.419153
11 -6.470824 -5.031673 -4.544567 -4.461933 -6.705584 -4.857802 -5.371090 -5.762794 -4.677961 -4.869662 68.941775 -4.783043 -5.363649 -6.041190
7 -0.536348 0.383714 -0.871858 0.340886 -1.606221 -0.201092 8.724773 -1.555001 -1.250880 -0.677079 -0.203374 -0.962408 -1.359508 -0.225602
6 -5.837077 -4.609704 -4.290209 -4.602095 -5.295565 61.337540 -5.835929 -4.738199 -5.127108 -4.850555 -2.637690 -4.369608 -4.927268 -4.216530
4 -5.419618 -7.199941 -5.325242 81.034141 -8.707147 -6.511177 -6.398834 -4.983577 -6.168225 -5.932957 -5.714162 -5.995637 -6.344989 -6.332634
4 -6.366300 -6.828109 -5.874117 81.851016 -7.838139 -6.669092 -5.388312 -5.903284 -5.874702 -5.947052 -5.557659 -6.193152 -6.443588 -6.967510
4 -4.769523 -3.843230 -3.723919 45.202481 -4.452802 -4.274933 -1.854644 -2.836891 -4.356896 -2.934082 -2.664281 -4.206542 -3.250917 -2.033822
7 -5.823805 -6.212357 -7.493926 -5.995605 -8.177554 -7.924805 90.051500 -7.153509 -5.760224 -6.993585 -8.066753 -6.027145 -7.951501 -6.470730
7 -7.977792 -6.290724 -6.531512 -6.342509 -7.265476 -9.164065 83.196202 -5.393256 -5.996204 -5.468789 -4.520437 -7.346744 -5.045735 -5.852958
7 -0.298670 -2.219215 -0.661166 -0.314489 -1.219805 -1.172928 15.920355 -1.949231 -2.193580 -1.746802 -1.721913 -1.229895 -0.755170 -0.437493
7 -6.046623 -8.632209 -7.040617 -7.650416 -8.439245 -9.353808 93.306801 -6.820202 -6.767727 -6.635694 -3.857482 -7.306510 -7.169654 -7.586613
7 -7.073393 -7.066691 -7.228910 -7.914511 -7.057468 -4.912789 77.813462 -4.756415 -6.765346 -6.538703 -3.596030 -5.754824 -5.069853 -4.078526
6 -6.880956 -1.998553 -5.066676 -4.464106 -8.147251 58.589927 -5.475270 -3.098804 -4.981152 -5.017507 -3.203326 -4.686051 -4.100953 -1.469319
3 -1.978260 -0.868794 10.585714 -0.461596 -1.504141 -1.803324 -0.775137 -0.984636 3.422795 -2.136642 -0.153297 -0.606591 -1.869835 -0.866257
6 -1.873152 0.958002 -0.246069 0.517742 0.344671 1.829897 0.089475 -0.531868 -1.073695 0.006722 0.067892 0.428396 -0.814514 0.296500
8 -0.776947 -1.070242 0.380716 -2.331613 0.322596 -1.472240 -0.844671 12.635986 -0.227865 -1.836161 -1.103141 -0.939250 -0.844617 -1.892552
8 -1.653393 0.700604 -1.530736 1.033980 -0.131939 -2.000454 -0.267507 3.559259 0.012572 -0.150240 0.371169 0.193977 0.284953 -0.422246
13 -0.211291 0.810172 0.174182 -0.474289 -1.134155 1.475187 -1.381922 -0.723862 -0.126472 0.222943 -0.995554 -1.011857 2.129850 1.247070
4 -7.306466 -5.630578 -6.617653 82.206346 -8.869968 -6.646929 -4.505928 -5.913082 -5.806307 -6.127791 -7.147106 -7.039999 -3.392382 -7.202158
4 -6.726981 -7.612031 -5.763159 82.169556 -8.008063 -6.627370 -6.803617 -5.935075 -5.889563 -5.403575 -5.732454 -6.676130 -4.946480 -6.045058
4 -7.385285 -6.939707 -6.058302 82.106736 -8.129432 -6.172043 -5.848097 -5.996751 -4.858654 -5.783398 -5.920223 -5.872448 -7.246322 -5.896073
11 -3.688738 -4.217333 -2.262105 -3.130615 -1.304498 -1.482289 -4.280140 -2.989171 -3.402633 -2.929359 38.329756 -2.768323 -2.712592 -3.161959
11 -0.980710 -0.097762 -1.116218 -0.989877 -0.292477 -0.965803 2.447590 0.178301 -1.289218 -0.538310 3.336019 -0.242040 0.727729 -0.177224
3 -0.394864 -1.657229 5.854048 -1.484760 0.632188 -0.211656 -0.582187 -0.996831 0.548875 0.015649 -0.361277 0.938490 -0.181960 -2.118486
4 -6.643283 -6.181369 -5.457573 82.123479 -9.343491 -6.981692 -4.321391 -5.766063 -6.292905 -5.864514 -5.198980 -7.026845 -6.460997 -6.584377
5 -4.562486 -1.324624 -1.896835 -1.359240 38.036153 -4.912465 -5.621967 -2.147055 -3.318350 -1.529389 -2.699528 -2.125641 -4.433870 -2.104704
13 -0.279509 0.806347 -0.752711 -0.362829 0.770457 0.932893 -0.659910 0.239202 0.333827 -0.814994 -0.739043 -0.832966 1.462777 -0.103541
12 0.435457 -0.089704 -0.382985 -0.143424 -0.049509 -0.470439 0.443315 -0.195509 -0.198315 0.328262 0.077248 0.739584 0.281464 -0.775444
11 -2.955974 -2.708400 -3.017617 -3.459772 -3.744563 -3.654945 -3.048503 -2.278569 -3.101232 -4.003968 42.773239 -3.141160 -3.045301 -4.613234
11 -5.904385 -4.954375 -4.376283 -5.044858 -6.388165 -5.920763 -4.093655 -5.176335 -6.044636 -5.935057 69.942356 -5.844854 -5.171747 -5.087240
11 -1.131649 -2.027478 -0.944024 0.008307 -0.593602 -0.383505 -1.674379 -1.991027 -2.825980 -2.568374 18.653395 -1.428919 -2.105348 -0.987418
6 -0.522434 0.617773 -0.418324 -0.802760 0.288724 2.491767 -0.880607 -0.133297 -0.429597 -0.378219 -0.942410 -1.116041 1.822048 0.403376
1 54.743431 -3.358007 -4.169635 -5.338890 -4.493156 -4.706412 -4.414835 -4.021968 -5.117183 -4.686117 -3.848922 -4.802657 -3.150534 -2.635113
13 -0.222804 -1.559641 0.555382 -1.001340 -0.127439 -0.487248 0.267774 -1.645445 -1.415072 -1.183922 0.321697 -1.269191 7.752316 0.014933
3 -0.052191 -2.143779 6.407505 0.506893 -0.958740 -0.249390 -0.877453 -2.213208 -0.342861 1.692429 -2.170749 -1.502076 0.412367 1.491252
4 -6.059146 -6.561293 -5.994041 82.617459 -7.411916 -7.029280 -5.976444 -6.122716 -6.518220 -6.339269 -5.615988 -6.522455 -6.715994 -5.750698
4 -5.585792 -6.637983 -6.269949 81.924362 -8.420975 -6.650967 -5.053920 -5.957297 -6.586292 -5.722835 -5.668646 -6.147013 -7.222292 -6.000401
2 -2.949278 18.611902 -0.710528 -0.089128 -2.102154 -2.328221 -1.125208 -2.469452 -2.257259 -1.033891 -1.176205 -0.864500 -1.477288 -0.028789
4 -1.130681 0.160308 0.349802 1.080731 -0.099300 -0.279188 -0.195945 -0.467907 -0.957930 0.552290 0.444636 0.461471 -0.626671 0.708384
1 0.000000 0.000000 0.000000 0.000000 0.000000 0.000000 0.000000 0.000000 0.000000 0.000000 0.000000 0.000000 0.000000 0.000000
2 -1.471537 10.921690 -0.474157 -0.020430 -1.020556 -0.472514 -1.288316 -1.161966 -1.184904 -0.265321 -0.055918 -1.639454 -1.403623 -0.462994
10 -0.884725 -0.845993 -0.322384 0.903615 0.085283 1.184815 -0.585785 -1.254387 -1.827178 3.737978 -1.012504 -0.777581 2.431985 -0.833138
1 58.384763 -4.611616 -4.942476 -4.798615 -3.198526 -3.714316 -2.243974 -4.723461 -5.344558 -5.506774 -5.735195 -5.093929 -3.192181 -5.279141
7 -6.239477 -7.482018 -6.193815 -6.634701 -8.087207 -9.141235 93.321002 -8.816508 -6.987511 -6.481958 -5.843534 -6.672152 -6.809828 -7.931057
6 -8.736678 -6.441213 -6.204264 -6.224113 -7.097441 84.933949 -7.235593 -4.903403 -6.142016 -6.420567 -6.939715 -6.994722 -6.108989 -5.485232
6 -0.037639 -0.043435 0.000000 0.248749 -0.273454 0.393246 0.000000 -0.035538 0.000000 -0.018312 -0.046046 0.000000 -0.036503 -0.151069
13 -1.395920 -0.929697 -0.783994 -0.565957 1.734514 -0.068818 -1.560131 -0.463262 -0.553389 -0.958224 -0.601406 -1.176427 7.659406 -0.336696
1 61.130961 -5.254718 -4.826203 -4.859269 -3.714716 -4.390978 -5.459377 -5.298280 -3.325332 -5.380103 -4.343668 -3.452084 -6.608164 -4.218069
7 -1.396660 0.212703 0.518977 0.517377 -0.081562 -0.795861 1.087803 -0.167944 -0.728570 0.415509 0.332525 0.064270 -0.812932 0.834366
10 -0.003904 -1.255184 -1.264266 -1.026659 -0.870002 -0.284973 1.434075 -0.700747 -0.031453 5.031691 -0.300251 -1.023790 -0.498857 0.794318
2 -0.331797 19.064663 -1.406084 -2.238567 -0.478774 -1.980120 -0.654419 -1.304710 -1.744106 -0.832214 -2.387237 -2.064840 -3.233400 -0.408393
8 -2.292974 -1.671942 -2.026083 -2.535320 2.998835 -1.250970 -2.219295 20.072443 -2.741810 -0.669125 -1.369220 -2.261009 -0.777866 -3.255664
7 -4.645707 -5.323482 -5.148940 -5.874678 -5.759044 -5.143655 71.307566 -5.690086 -6.011621 -6.652603 -6.698228 -5.579638 -2.803546 -5.976335
2 0.000000 0.399521 0.000000 -0.036971 -0.021339 0.000000 0.000000 0.399521 -0.277210 -0.001460 -0.126904 -0.057003 -0.207416 -0.070738
11 -1.562666 -2.870008 -0.957451 -0.917306 1.775760 -1.596846 -2.691802 -1.479583 -0.912401 -0.668278 16.971231 -1.314026 -1.601950 -2.174674
10 -0.185584 -0.271657 -0.026901 -0.640500 -0.371457 -0.617883 -0.169781 -0.167708 -0.192695 4.061610 -0.363316 -0.548909 -0.067919 -0.437301
14 -2.715774 -2.509140 -3.699077 -3.690429 -3.185674 -3.000261 -3.352046 -2.577007 -2.483333 -3.927387 -3.841366 -3.550790 -2.736139 41.268424
13 0.055175 -0.213855 1.481463 -0.649049 -0.338327 -0.555470 -0.344622 -0.923450 -0.595991 -0.464469 -0.564430 -0.568085 4.243752 -0.562642
2 15.183503 59.425298 -6.354381 -7.271369 -8.335149 -4.010297 -5.745635 -7.430796 -6.160441 -6.612590 -2.189601 -5.178567 -7.243933 -8.076041
6 0.656549 -0.523256 -0.057347 -0.547518 -0.492865 1.663007 -0.085530 0.075396 -0.208881 -0.194921 0.201160 0.564429 -0.571911 -0.478310
2 -1.913736 18.049729 -1.044884 -1.291568 -1.302185 -1.042999 -1.102814 -2.013737 -1.189621 -0.914962 -1.320455 -1.476100 -1.914825 -1.521842
4 -0.891804 0.251568 0.112509 0.823539 0.083403 -0.124068 0.326316 -0.312302 -0.783142 0.246282 0.373944 0.263985 -0.825494 0.455264
4 -6.560623 -5.537717 -6.670541 81.545989 -8.637421 -4.811506 -6.107315 -5.706904 -8.159847 -7.008053 -5.171340 -6.700493 -4.576472 -5.897757
1 93.029696 -6.930187 -7.692783 -7.380896 -7.802292 -6.646956 -6.919434 -6.803878 -7.106202 -7.768260 -6.790229 -7.527114 -6.824966 -6.836501
1 74.786015 -4.855330 -4.588366 -5.719424 -6.216886 -6.054315 -7.241501 -5.562122 -5.879728 -5.506915 -5.405702 -6.201253 -5.290471 -6.264002
1 65.999208 -5.213359 -4.460393 -4.797406 -5.774358 -4.795759 -6.033340 -4.820048 -4.137835 -5.343448 -4.480305 -4.887579 -5.298770 -5.956608
9 -1.448786 -0.287072 0.741530 -0.736013 -0.655426 -1.791055 -0.113681 0.106434 5.883082 -0.673816 0.464721 -0.693073 -0.451692 -0.345151
4 -6.347020 -6.596475 -5.240955 84.411176 -8.192177 -6.685333 -6.383312 -6.604613 -6.727988 -5.830734 -5.744291 -6.965828 -7.573067 -5.519384
7 -1.211473 -0.925282 -0.657592 0.256832 -0.305994 1.330873 1.719195 0.260117 -0.459575 -0.588493 -0.187195 -0.707540 1.210659 0.265468
2 -2.037208 31.620539 -1.901481 -2.538745 -3.008890 -2.167604 -2.895448 -2.073349 -1.905401 -1.707666 -2.330744 -2.906938 -3.643261 -2.503804
1 2.936148 -0.326526 -0.412398 0.383486 0.569285 -0.578676 -0.512159 -0.326674 -0.896387 -0.306600 0.243532 0.063217 -0.626677 -0.209570
7 1.907403 -1.233792 -1.669922 -2.689232 -0.457751 2.985964 5.278680 -0.323106 -0.166786 0.399053 -3.427727 -1.738756 1.863672 -0.727699
13 0.425624 0.766026 0.209824 0.402836 -2.321984 -0.587701 -0.678978 -1.548572 -0.046559 1.463807 -0.933912 -0.254336 2.356875 0.747050
9 -2.413841 0.711701 -0.563292 -1.951235 0.597209 2.365671 -0.543909 -0.989609 8.026416 -1.447572 -0.489338 -2.004392 -0.019746 -1.278063
9 -3.072601 -1.257877 -1.281605 -2.092990 -0.960165 2.921454 3.705299 -0.595278 4.557631 -0.808412 1.130672 -0.541266 -0.324219 -1.380643
5 -0.259803 0.110316 -1.285055 -3.111856 16.959855 -1.001301 -0.490637 -1.480561 -0.467092 -2.356478 -2.525879 -1.722021 -1.177517 -1.191971
4 -4.463891 -6.994200 -6.090230 81.336955 -8.482916 -6.441066 -6.362505 -5.943086 -5.795609 -6.608380 -6.256036 -5.681959 -6.552265 -5.664813
4 -7.612482 -1.906749 -6.991387 81.936639 0.464014 -8.206803 -7.162351 -6.975405 -6.983522 -6.837185 -7.307687 -6.984790 -8.107891 -7.324402
4 -6.288591 -5.827514 -5.283467 85.727739 -8.242693 -6.985466 -7.546656 -7.087306 -6.768667 -3.678394 -6.878202 -6.396882 -7.971352 -6.772550
4 -4.002208 -3.564970 -3.311697 46.654993 -4.367420 -3.786402 -3.368992 -3.220150 -3.565037 -3.258702 -3.477024 -3.470673 -3.871058 -3.390662
4 -0.036009 -1.288471 -0.452688 3.723554 -0.683595 -0.150651 -1.400989 1.755704 0.218041 -0.980764 -0.310880 -1.197728 1.035242 -0.230768
1 52.687724 -4.314335 -3.192078 -4.859895 -4.118782 -4.137529 -4.056782 -2.528598 -4.982596 -3.905133 -4.438821 -3.210975 -4.612191 -4.330006
7 -0.941251 -1.517503 -2.552165 -2.022098 -1.849409 0.979690 11.139883 0.484827 -2.647662 -1.849682 1.537147 -0.787051 -0.292093 0.317367
8 -0.559861 -1.297813 -1.922370 -0.952739 0.207489 -0.726915 -1.178692 11.622466 -1.777872 -0.418252 -1.713134 -1.159409 0.678686 -0.801584
1 57.296304 -5.201898 -4.062345 -4.411489 -4.071275 -4.444455 -4.740843 -4.681797 -4.138669 -4.978577 -3.998432 -4.967623 -2.150713 -5.448186
1 58.118063 -4.834620 -3.796286 -3.581996 -4.836126 -4.117641 -3.480794 -4.357261 -5.483224 -5.039832 -4.269256 -4.133346 -5.538410 -4.649270
3 0.378523 -1.072648 5.797414 0.565518 -1.346101 -1.857694 0.347802 -1.877031 -0.767555 0.318623 -0.809615 0.814835 -0.264799 -0.227272
3 -1.979257 -1.195343 12.855746 -1.448865 -0.967484 1.808017 -1.744909 -0.614894 -1.226555 -0.663459 -1.824792 -1.882723 -0.418810 -0.696672
1 43.238692 -2.884792 -3.782091 -3.180291 -2.370835 -4.133577 -3.189006 -2.981102 -2.353429 -3.765011 -2.702232 -3.685830 -3.912365 -4.298131
3 -3.131027 -3.267810 41.068707 -3.289736 -3.386388 -2.165083 -2.477287 -3.085314 -2.839243 -2.958792 -3.232794 -3.017523 -5.075065 -3.142646
14 -2.624349 -3.176427 -4.088919 -4.190216 -2.772669 -3.589191 -2.454043 -1.685567 -3.921460 -4.064750 -3.370738 -3.925258 -1.641627 41.505214
14 -1.023711 -1.850520 -1.063667 0.076496 -1.018554 -1.135786 0.458400 -1.532065 -3.330481 -1.141741 -0.751556 -1.082381 -2.150934 15.546499
8 -2.653022 -0.384596 -1.922796 -1.274833 -5.133929 -1.498456 0.235310 24.912575 -1.738985 -1.199557 -2.429050 -1.835672 -2.479793 -2.597196
3 -0.262812 -0.683251 12.455186 -0.727806 -1.873874 -1.639995 -1.219603 -0.491295 -1.399379 -2.080913 -1.472617 0.158050 -0.663373 -0.098318
6 -2.130704 -2.355588 -1.163201 -1.883334 -3.218096 28.233764 3.251935 -3.763035 -1.445367 -2.319435 -3.048744 -2.870072 -3.739712 -3.548409
13 -0.392076 -1.776398 -1.532003 -1.608053 -1.305348 -1.228670 -1.157079 -0.639827 -1.699903 1.230059 -1.705171 0.624578 12.544620 -1.354730
3 -2.151062 -2.677859 27.243374 -2.539578 -2.162647 -2.424079 -2.490818 -0.376541 -1.354226 -2.107502 -2.441987 -0.987137 -3.154042 -2.375895
3 -0.103772 -0.026101 0.399521 -0.065394 -0.093279 -0.035857 -0.032626 0.000000 -0.164400 -0.202556 0.287926 0.348837 -0.122567 -0.189732
11 -1.667735 -1.130215 -2.637446 -1.356877 -2.330661 -1.397079 3.433982 -0.752585 -0.465559 -0.555585 10.182045 -1.498786 -0.410558 0.587058
11 -0.756368 -1.612271 -1.341761 0.352428 -1.245420 -1.730051 -1.178899 -0.199662 0.650909 1.641499 6.750653 1.336820 -1.535450 -1.132425
11 -5.591111 -5.354190 -6.180821 -4.095338 -7.184002 -5.878044 -3.237656 -4.813099 -4.386376 -4.935162 67.442451 -5.989713 -5.586872 -4.210063
11 -4.369853 -6.309431 -2.826635 -2.185118 -1.275972 -3.630068 -4.216712 -4.101469 -4.689395 -3.379342 48.082946 -2.713036 -4.182237 -4.203676
1 61.509078 -5.085531 -2.740674 -4.631991 -4.461588 -4.296728 -4.763518 -4.580037 -5.080573 -5.037088 -6.003864 -4.658558 -4.889816 -5.279111
5 -4.170602 -1.848273 -3.806299 -1.226373 31.866943 -2.093281 -2.302609 -3.138106 -1.611945 -1.037512 -2.594055 -1.736908 -3.610768 -2.690211
4 -4.686393 -2.145966 -4.235606 48.552943 -2.489082 -3.381084 -2.339243 -4.073067 -3.241129 -3.781064 -5.723041 -3.191469 -4.319423 -4.946379
7 -9.463964 -8.428944 -9.544343 -8.387653 9.274784 -12.751558 105.630846 -8.744906 -9.081075 -8.873035 -11.673500 -9.572638 -8.917788 -9.466221
10 -0.193200 -0.286551 0.521583 -0.220879 -0.416195 0.401187 -0.119864 -0.027917 -0.073077 0.766989 -0.576332 -0.142492 -0.195351 0.562098
5 -2.838218 -0.460531 -1.604861 1.371835 20.095912 -1.830919 -2.408351 -1.813652 -1.039768 -2.139582 -2.019767 -0.943653 -1.836807 -2.531637
4 -4.544744 -4.757330 -7.068798 82.964552 -7.514673 -6.562182 -6.419288 -6.813297 -6.027714 -5.082151 -7.027843 -6.118232 -7.383368 -7.644932
6 -6.271934 -5.790489 -7.677807 -7.835647 -6.431108 88.350373 -7.895792 -6.116503 -6.251107 -6.549541 -7.185441 -6.405371 -7.589092 -6.350539
8 -1.711592 -1.689788 -1.654825 -0.858516 -0.938957 1.793506 -1.565776 11.584943 -1.398805 -1.216939 -1.737245 2.439258 -0.608658 -2.436607
6 -7.854269 -8.466697 -6.381733 -6.751746 -6.780734 92.318464 -7.246328 -6.617518 -6.518822 -6.580112 -6.734611 -7.207366 -7.862447 -7.316080
6 -1.710327 -3.033091 -2.977380 -3.072680 -4.165742 37.968276 -3.566418 -2.156832 -1.145971 -2.953709 -1.988166 -2.882678 -5.085797 -3.229486
9 -0.409986 0.358580 -0.533968 -0.169394 -0.230249 0.226371 -0.840713 0.839048 1.678670 -0.586255 0.280793 0.170092 -0.325017 -0.457971
13 -3.881112 -1.896945 -2.981387 -2.015212 -3.328693 -1.874105 -3.257864 -3.200000 -2.744484 -3.091558 -2.650612 -3.091139 38.317421 -4.304310
13 -0.136452 -0.285528 -0.596885 -0.077721 -0.449389 -0.600797 -0.662341 -0.654904 -0.653696 -0.363461 -0.089406 -0.632175 5.469038 -0.266285
14 -0.741683 -0.031582 -0.771727 -0.306981 0.161574 1.018215 -0.279939 0.901269 -0.553065 -0.946213 -0.289165 -0.560897 0.087089 2.313105
9 -3.487927 -1.463006 -1.443346 -1.339104 2.508078 -1.696073 -1.006096 0.810358 6.872019 -0.093497 -2.467967 0.070150 2.325865 0.410545
12 2.205080 -1.574085 0.013278 0.085579 -1.058791 -1.560663 -0.656085 -0.863823 0.180923 -0.529161 0.375472 3.422618 -0.660123 0.619782
4 -6.391736 -7.371419 -6.227866 83.805612 -8.575624 -6.894293 -5.952749 -5.078999 -6.138325 -6.386468 -6.344567 -5.926924 -7.247104 -5.269539
14 -0.137408 -0.600358 -0.376777 -0.713432 0.178653 0.043229 -0.509146 0.337292 -1.132637 -0.498766 -0.752145 -0.376032 0.614329 3.923198
4 -4.576653 -4.209777 -3.314144 50.921100 -5.371900 -4.714744 -4.320072 -3.688230 -4.331948 -3.692733 -2.648408 -2.788407 -2.950033 -4.314053
4 -6.144252 -6.279699 -7.172665 86.955178 -9.192186 -6.874274 -4.055884 -6.063059 -7.303232 -6.672510 -5.427170 -7.253237 -7.446440 -7.070572
3 -3.585917 -3.715096 48.005497 -3.694411 -3.329383 -3.445937 -4.153056 -4.247664 -3.203691 -2.921970 -4.798927 -3.436106 -2.925478 -4.547861
1 3.858237 -0.230334 3.121760 1.886933 -1.795726 -0.714250 -1.263974 -1.258748 -1.196805 0.299265 0.073857 -1.146507 -0.668086 -0.965622
12 0.215641 0.447870 -0.878698 -0.547217 -1.331504 0.057550 -2.530828 -0.627057 2.058426 -1.363392 -1.659891 7.180644 0.524595 -1.546139
12 -0.330952 -1.811207 -0.279843 -0.548155 -0.214043 0.161762 -1.546103 0.926530 -0.941382 1.291582 0.906554 1.470118 -0.443254 1.358394
14 -0.195211 0.404610 0.379891 0.048204 0.388708 -0.072398 0.042627 -0.295917 -0.322727 0.074243 -0.647556 -0.519545 -0.234007 0.949078
14 -1.208881 0.037388 0.351321 0.508817 -0.265883 0.066774 0.126574 -0.541234 -0.847043 0.020518 0.163951 -0.053944 -1.003710 2.645353
14 -1.773964 -1.176187 0.220912 -0.541848 0.310155 -0.358437 1.066680 0.941582 -0.595927 -0.075901 0.182041 0.358605 -1.797713 3.240003
1 1.788198 0.071761 -0.770507 1.276165 -0.415876 -0.282223 -0.012739 -0.262717 -0.264108 -0.222937 -0.197616 -0.374880 -0.203191 -0.129329
10 0.479176 -1.533136 -0.161046 -1.205552 -0.376994 -0.056765 -0.955584 1.566522 -0.279746 2.749079 -0.738478 -1.505479 1.083741 0.934262
4 -5.523598 -6.098954 -5.989320 81.465889 -8.814647 -7.063326 -5.574361 -5.283948 -4.993472 -7.133377 -5.932799 -6.616354 -6.304964 -6.136768
4 -6.442183 -6.478646 -6.048217 82.554166 -8.632170 -6.672397 -6.016563 -5.455267 -6.166723 -5.734915 -5.959265 -6.612807 -5.957353 -6.377661
1 3.440525 -0.227584 -0.309383 -0.113226 -0.756499 -0.377939 -0.718294 0.384968 -0.416587 -0.543829 -1.039510 0.072548 0.154820 0.449991
12 0.783922 -0.355125 -1.500373 -0.516286 -1.823928 -1.291379 -0.321575 1.635883 0.281875 -0.100569 0.606147 4.534951 -0.902104 -1.031440
1 17.873705 -0.855812 -0.319158 -0.803105 -3.365718 -2.313264 -1.536582 -2.443669 -0.968947 -0.591330 -1.489033 -0.621479 -1.554258 -1.011348
14 0.127414 -1.328426 0.032101 0.604443 -0.345914 0.075366 -0.830744 -0.726687 0.322968 -0.564743 0.053778 -1.042215 -0.484903 4.107564
12 -0.333801 0.458504 -0.714669 -0.980561 -0.970834 -0.774977 -0.275943 -0.920441 -0.311026 -0.524954 0.722255 4.967388 -1.207659 0.866720
4 -4.389122 -3.956114 -3.737817 47.705148 -5.304119 -4.445728 -0.881486 -3.436860 -4.088954 -3.339783 -4.197277 -3.386980 -4.124996 -2.415914
5 -3.346017 -1.442610 -1.897871 -0.284447 27.585223 -4.204276 -3.081641 -2.350154 -1.717279 -2.404180 -2.047175 -0.870667 -1.401428 -2.537478
4 -5.865976 -6.965791 -5.917269 83.429643 -7.576134 -7.010967 -6.467126 -6.164318 -6.668917 -5.785900 -6.267487 -5.759860 -7.061768 -5.918131
14 -1.234442 -2.401420 -2.155659 -1.376721 -2.010147 -1.221557 -1.809338 -2.089251 -2.326486 -2.038604 -2.376118 -3.524335 -0.560084 25.124162
9 -0.199784 0.000000 -0.097148 0.000000 -0.150363 0.293476 0.000000 -0.084738 0.399521 -0.116901 0.399521 -0.226945 -0.021293 -0.195346
7 -0.666385 -0.242251 -0.070587 -0.603292 0.399824 -0.064054 0.462492 0.240060 0.248263 0.128467 0.059836 -0.075321 -0.048343 0.231291
4 -5.516675 -6.158469 -6.421378 82.025421 -8.626721 -5.793070 -5.322367 -5.925314 -5.497598 -6.048057 -6.831080 -6.061421 -6.963047 -6.860225
10 0.494454 -1.052240 -0.978964 -0.430902 -0.570436 -0.805323 -1.143547 -0.130048 -0.847500 4.399942 -0.655938 0.359974 0.248071 1.112456
14 0.657459 -1.001169 -0.592341 -0.334855 -0.873513 -0.658344 -0.273697 -0.657842 0.055241 1.578605 -0.004745 -0.449963 -0.699370 3.254535
6 -5.029337 -3.704523 -3.738482 -4.454673 -5.350038 53.623223 -7.216606 -3.835652 -3.070073 -3.577321 -3.345692 -2.070673 -3.159030 -5.071123
13 0.092004 0.142965 -0.449349 -0.364664 -0.789115 1.136758 -1.167154 -0.416854 -0.080916 0.198028 -0.380895 -0.148284 1.659133 0.568341
11 -0.940664 -0.038371 0.104175 0.693427 -0.153284 -0.636322 0.600171 -0.341472 -0.550819 0.157837 1.075370 0.178082 -0.903479 0.755348
4 -6.559467 -6.591696 -5.965594 84.559071 -8.546281 -5.592847 -6.221402 -6.014108 -6.206195 -6.190026 -7.110742 -5.832867 -7.035124 -6.692722
10 1.291518 -2.068721 -2.115076 -1.503115 -0.774578 -2.001964 -3.136267 -0.625150 -0.539236 17.427884 -1.883530 -1.366703 0.310134 -3.015195
8 0.358925 0.894880 -1.159838 -2.283792 -4.086701 -2.562212 -3.815825 24.162548 -2.673332 0.783768 -2.294228 -2.258267 -3.394126 -1.671800
8 0.177180 -0.339756 -0.428999 -0.997473 -1.948832 -0.417790 -0.810270 8.637604 0.100405 -0.470048 -1.120410 -1.257116 -0.359744 -0.764750
1 56.359494 -4.356266 -4.945769 -3.018792 -3.289197 -5.030089 -3.636686 -4.757319 -4.504354 -4.629948 -3.706233 -4.915945 -5.255191 -4.313706
4 -4.228969 -2.522456 -3.320298 46.410709 -5.265555 -4.352722 -3.487520 -3.362336 -3.529780 -3.750398 -3.130485 -3.164968 -3.657105 -2.638119
5 -2.880802 -0.862709 -1.702389 -2.159176 20.441128 -5.292265 -3.137883 1.548664 -0.907241 -3.102988 -2.135269 -2.523111 4.872664 -2.158622
11 -3.713102 -3.576556 -3.317476 -2.457662 -4.110589 -4.509790 -1.052642 -3.762198 -3.532999 -2.709567 43.651272 -3.348329 -4.399901 -3.160458
14 -0.219172 0.210950 1.817072 -0.175723 0.671820 -0.526569 -0.284686 0.329655 -1.836236 -0.961720 0.276948 -0.547014 -0.590477 1.835151
14 0.110217 -0.788164 0.340184 -0.329725 0.431074 -1.359800 -1.233926 0.364200 0.926578 0.831867 -1.573075 0.045491 0.792947 1.442133
8 -1.194115 -2.064124 -3.154777 -1.531235 1.654499 0.714540 -2.426686 15.374556 0.009133 -1.874728 -2.039125 -1.542471 -0.777788 -1.147680
5 0.349621 0.403935 1.247716 -0.412349 2.691692 -0.993441 -1.122707 0.661530 -0.006887 -0.372097 -2.435262 -0.011181 -0.313623 0.313055
5 0.227619 -1.827317 -0.733625 1.636384 6.494416 0.429245 -1.197098 -0.535090 -0.143473 -0.496514 -0.589391 -0.479010 -2.230134 -0.556012
1 3.177287 0.296164 -0.276004 -0.303597 -0.059767 -0.405834 -0.426405 -0.741399 -0.002749 1.887137 -0.915589 -0.790580 -0.174198 -1.264465
4 -7.510144 -7.417348 -6.229771 83.494258 -8.033408 -6.821106 -5.853173 -4.860439 -5.607470 -6.748390 -5.568719 -6.000438 -6.482912 -6.360940
7 -0.919483 0.390155 -0.138885 1.490684 -0.591720 0.365103 1.505264 -0.564966 -0.316164 0.107442 -0.010067 0.371797 -1.541261 -0.147899
13 -1.024538 -0.062111 0.666132 -0.021641 0.000900 -0.310846 -0.608549 -1.674785 -0.656207 -0.869769 -0.756947 -0.537539 6.619458 -0.763557
1 24.359913 -2.881227 -2.227544 -1.712523 -1.305184 -3.015893 -1.177881 -1.633554 -1.907629 -1.453470 -2.304119 -0.644821 -2.803232 -1.292837
6 -2.953524 9.389758 -4.738898 -4.508624 -5.694118 41.669312 -5.025534 -3.445559 -3.490522 -3.511590 -4.077457 -5.050070 -5.267727 -3.295444
3 -0.369444 -0.663683 7.540114 -1.049489 -0.887227 -1.018250 -0.800842 -0.946160 -0.594936 0.052799 -0.698915 0.803217 -0.455115 -0.912067
5 -1.603348 9.333572 -3.802134 -0.828213 19.823704 -4.118319 -3.280118 0.982205 -2.575427 -3.174495 -3.822181 -3.586596 -0.780737 -2.567914
8 -2.158619 -1.289809 -0.985665 0.627426 -0.798553 0.220046 -2.871420 12.681679 -1.437713 -1.436762 -1.751309 -0.480538 -1.295542 0.976777
5 0.052789 0.009889 0.127749 -0.755112 0.954787 -0.510907 -0.043862 -0.061670 -0.184560 0.430844 0.174828 -0.322897 -0.393568 0.521691
1 2.037149 1.149420 -0.917074 0.264898 -0.979247 -0.608288 -0.676538 -0.052082 0.285095 0.593146 0.505067 -0.470216 -0.241970 -0.889359
6 -5.881106 -5.875603 -5.300350 -5.643897 -5.334083 70.994918 -7.478737 -5.382891 -4.762143 -5.254365 -5.690390 -5.261879 -4.572760 -4.556713
12 -0.656487 -0.406792 -0.139116 0.559795 -0.147391 -0.827972 -1.870190 -0.605832 0.650001 -0.395203 -1.386873 4.320253 1.806032 -0.900223
3 -1.078193 -0.847491 9.415224 -1.045164 -0.572145 -0.911089 -0.158338 -1.452479 -1.057092 -0.243489 0.188903 -1.387865 -0.520451 -0.330331
9 -0.074711 -0.052011 -0.164147 -0.207298 -0.113221 -0.618695 0.649415 -0.174197 0.737881 0.000000 -0.041763 0.422720 -0.205159 -0.158814
14 3.035862 -0.774429 -1.600549 -0.666837 -1.044874 -0.130474 -2.336604 -1.004209 0.095785 -0.497678 -1.117360 1.472984 -0.770524 5.338905
2 -0.699047 1.244521 -0.403996 -0.262284 -0.572603 0.690283 -0.428719 -0.253571 -0.652386 -0.361744 0.097181 0.185719 0.177451 1.239195
11 -0.795012 -1.298752 -1.826071 -1.774751 -4.137049 -1.694903 -1.894892 -3.408152 -1.404961 -2.472921 25.418077 -1.612256 -1.286241 -1.812115
3 -0.010418 0.345559 1.195643 -0.221392 0.023839 -1.177182 0.820860 -0.505442 -0.322129 0.578280 -1.289751 -0.670322 0.671249 0.561205
2 -1.447282 13.517313 -1.245889 -0.575704 -1.805198 -1.731095 -0.263803 -1.109779 -0.016761 -1.612953 -1.201392 -1.347933 -0.801323 -0.358202
1 92.915983 -6.959892 -6.962100 -6.875140 -8.078886 -6.659236 -8.890404 -6.438323 -8.034692 -7.547404 -6.148106 -6.660792 -6.481528 -7.179480
7 -3.170480 -2.753047 -2.608183 -2.828015 -2.807086 -3.548955 34.545683 -2.729794 -2.140200 -2.888337 -3.484110 0.773823 -2.751418 -3.609881
11 -2.068177 0.127699 0.104043 0.500522 0.046342 -1.937528 -0.970551 0.445406 1.109841 0.093576 1.200812 0.437072 0.960966 -0.050023
3 -0.965930 -0.785985 2.729160 -1.954365 0.556119 -0.876555 0.960585 -0.111533 -0.324437 -0.596919 -0.650856 1.261531 0.247219 0.511967
1 57.105601 -4.945491 -4.313446 -4.062475 -4.591732 -5.177856 -5.577801 -3.899475 -3.581202 -4.060031 -3.147363 -3.213418 -5.201025 -5.334285
1 37.006643 -2.808631 -3.230130 -2.644024 -2.378422 -2.310016 -4.032339 -2.390456 -2.402006 -1.605938 -3.112519 -3.064460 -3.743919 -3.283784
2 -2.159692 15.886098 -1.196322 -0.675194 -1.217532 -1.542524 -1.171306 -2.476716 -1.456552 0.843203 -1.778438 -1.352667 -1.114506 -0.587854
6 -3.249940 -2.085544 -1.104232 -2.127030 -1.749255 23.558393 -1.959630 -2.462545 -2.660430 -1.838433 -1.369742 -2.643573 1.991744 -2.299784
5 -2.826759 -1.769861 -1.408981 -1.355307 18.687098 -3.447533 -0.557780 0.287478 -2.650270 0.600169 -1.007930 -2.361825 -1.763375 -0.425121
6 1.107044 -1.434636 -1.060218 -1.596371 -2.050244 12.853409 -0.148208 0.146821 -1.368610 -0.575443 -1.256465 -1.024734 -2.798426 -0.793919
10 -0.943161 0.501775 1.743475 -0.440758 -1.801085 0.622051 -1.428499 -0.273434 1.779841 1.880022 -0.859686 0.205170 -0.735671 -0.250038
2 1.773210 3.192075 -0.434620 -0.747570 -1.310000 0.139110 -0.161110 0.233473 -0.583370 0.084698 -0.483125 0.042745 -1.918816 0.173298
3 -2.218531 -2.378363 27.064801 -2.351219 -1.828482 -2.624503 -2.420760 -0.386086 -1.235834 -2.181715 -2.445414 -1.034535 -3.545974 -2.413384
3 0.226668 -0.194931 1.389128 0.612279 -0.620994 0.571138 0.029774 -0.730715 -1.195339 1.184468 -0.029579 0.592207 -2.361960 0.527858
6 0.135483 -0.294238 0.139035 0.486414 -0.644796 1.319313 -0.201208 -0.308131 -0.028597 -0.383400 -0.346518 -0.006027 0.246073 -0.113403
3 -3.714484 1.004972 5.708983 0.359101 -1.394349 1.167109 -0.325756 0.192211 -1.524780 -0.712779 0.398683 -1.460931 -1.338911 1.640931
10 -2.677497 -0.467932 -1.250849 -1.231653 -1.690368 -2.308177 -1.000569 -1.861624 -1.781454 20.110661 -0.803731 -1.784010 -2.042887 -1.209910
10 -2.351296 -0.449082 -0.429055 -0.222679 0.545234 -1.202787 0.765590 -1.033473 -1.338415 6.318141 0.284910 0.925129 -2.630520 0.818302
7 -7.711165 -7.056615 -6.870365 -6.887889 -8.233581 -8.095124 98.421747 -7.271168 -6.827067 -7.128319 -10.202349 -6.962957 -7.397481 -7.777666
11 -1.080324 -1.072045 -0.545053 0.276871 -0.680581 -0.472444 0.283765 0.611399 -0.305875 -0.618361 2.020110 1.613447 -0.294408 0.263498
12 -0.720361 -0.675650 -1.160918 0.797912 -1.424649 -0.207264 1.642104 -1.006415 -2.191970 -1.044263 -0.665681 10.472621 -2.477038 -1.338426
4 -0.891804 0.251568 0.112509 0.823539 0.083403 -0.124068 0.326316 -0.312302 -0.783142 0.246282 0.373944 0.263985 -0.825494 0.455264
11 -3.412432 -3.002256 -3.113150 -3.064685 -2.185353 -3.082442 -2.310325 -3.215396 -1.289649 -3.151489 36.261768 -2.185991 -3.706854 -2.541744
11 -7.916234 -8.853525 -6.948374 -6.879339 -5.952233 -8.340519 -6.268670 -7.696283 -7.619683 -7.494783 95.816043 -7.172413 -7.989402 -6.684581
13 -0.859733 -0.531756 -0.193829 -1.087771 0.363577 -0.457411 0.185833 0.572100 -0.756924 0.990521 0.539167 -0.267232 1.061018 0.442442
3 -2.104818 -2.257415 25.331531 -2.363316 -1.586655 -2.424079 -1.875980 -0.210864 -1.129270 -1.961850 -2.764664 -0.748092 -3.462152 -2.442374
11 0.024873 1.310255 -0.282042 -0.263381 -0.633722 -0.991348 -0.367998 -0.314165 -0.553499 -0.139364 1.314032 -0.218677 0.303353 0.811683
14 -0.563519 -0.967312 0.207655 -0.148104 1.008953 -0.450492 1.521562 -1.629399 -1.432019 -0.740286 -1.492951 1.283161 -0.557823 3.960573
11 -1.817012 -1.284605 -0.787760 0.259965 0.820795 0.229870 -0.419805 -0.326040 -0.360120 0.825511 4.208383 0.123068 -1.178395 -0.293855
7 -0.260312 -0.706681 -0.919478 -0.289364 -0.495160 -0.306779 2.185652 0.139997 -0.322403 -0.574048 1.507834 -0.431232 0.167360 0.304614
4 -0.605093 1.343027 -0.478480 1.862021 -0.016275 -0.219602 0.775576 -0.593432 -0.942131 0.083365 0.125314 0.010052 -0.889437 -0.454906
10 -2.355348 -0.578508 -0.417971 -1.676451 1.287661 -0.424715 -0.671033 -0.526150 -0.764860 3.895858 2.840765 0.486182 -0.389337 -0.706093
11 -4.343638 14.694993 -5.928515 -2.663433 -3.349574 -6.063962 0.210478 -4.685823 -4.907963 -4.602220 34.800743 -5.341380 -4.451493 -3.368211
10 -0.707358 -1.274124 -1.009944 -0.979658 -0.430967 -0.183938 -0.541742 -1.732850 -0.234100 8.939425 -1.052966 -0.441406 0.267223 -0.617596
11 -4.031959 -5.829759 -4.633699 -3.276623 -1.281334 -4.467401 -2.548175 -4.062038 -4.646114 -3.206839 50.152274 -4.135611 -4.119563 -3.913156
11 -1.194573 -0.718488 -0.268241 -0.451175 -0.568729 -0.942743 -0.454032 -0.953246 -1.270420 -0.575874 9.798638 -0.644406 -1.185993 -0.570718
6 -2.910061 -4.088385 -4.311468 0.834189 -3.933258 50.213815 -6.360237 -4.136690 -3.352809 -3.051801 -4.953724 -4.257064 -3.556694 -6.135811
13 -0.547195 -1.269724 -1.373485 -1.442160 -0.550467 -1.272685 -0.841025 -0.917824 -1.837125 -0.958394 -1.484639 -1.604141 15.584184 -1.485319
5 -1.882687 10.586444 -3.295396 -0.875518 20.134594 -3.244313 -3.673665 -0.028810 -2.918475 -3.080533 -2.956346 -4.059941 -1.526635 -3.178719
2 -0.723047 4.606560 -0.247675 -0.376471 -1.079396 -0.300096 0.191994 0.401992 -0.626980 -0.751297 -0.420844 -0.402606 -0.345060 0.072927
14 -1.629262 0.477295 -0.168350 0.312393 0.441194 -1.140322 0.758361 -0.305859 -0.165075 0.917969 0.359887 -0.583490 -1.459631 2.184889
14 -1.417368 -0.487118 -1.124157 -0.197618 -1.066074 -2.142053 -0.225964 -0.602227 -2.376836 -1.815340 4.741487 -1.553055 -0.528525 8.794849
14 -0.802103 -0.151361 0.847863 0.073242 0.022652 0.197604 0.348040 -0.040486 -1.217611 -0.261373 0.812632 -0.213019 -0.472494 0.856414
8 -3.350620 2.521485 -0.209456 1.388098 -0.297321 -0.437767 -0.031725 3.868265 -1.681596 1.019772 -0.721509 -0.563946 -1.635074 0.131394
5 -1.461672 -1.123762 1.565369 -2.181911 16.543417 -1.270573 -2.334774 -1.274444 -0.372384 -0.072051 -2.604893 -0.699141 -2.477070 -2.236111
9 1.100879 1.233236 -1.231853 -2.175461 -1.195061 0.470321 -1.120174 0.482260 5.807446 -0.989471 0.473856 -0.350689 -0.991190 -1.514098
13 -1.788205 0.120467 -0.642196 1.241637 0.265403 -0.750250 -0.828981 -0.914513 -1.439190 1.317433 0.155577 0.450440 2.035472 0.776907
5 -1.086177 0.614051 -0.532321 -0.679489 8.976413 -2.044099 -1.165721 -1.285322 -1.765914 -1.009466 -0.300868 -1.173823 2.462102 -1.009366
2 -2.335181 11.920842 -0.703521 -0.406870 -0.734152 -0.940778 -0.808902 -1.013716 -1.343473 -0.596156 -0.255334 -0.698968 -1.513722 -0.570067
13 -0.578176 -1.019740 -0.906549 -0.156334 -1.232487 -0.907537 0.357681 -0.030892 -1.196734 0.431879 0.331388 1.079980 5.055854 -1.228333
14 -2.493023 -1.685414 -2.733563 -1.903846 -3.342202 -0.504102 1.080920 -1.249657 -2.115291 -1.142283 -2.531857 -2.805993 -0.496574 21.922884
9 -0.831931 -0.405443 -0.367235 0.047907 0.627778 0.294687 -0.482203 0.492755 0.678418 -0.326913 0.420140 0.008390 -0.127057 -0.029294
3 -1.669612 -0.395054 15.519584 -0.541068 -2.372411 -1.403696 -1.396350 -0.817893 -2.008617 0.009254 0.093811 0.403805 -3.475412 -1.946341
12 -1.219654 -0.003334 -0.399403 2.595304 -1.130763 0.258074 -0.908060 0.254426 -0.053010 -0.697822 -1.819109 3.499155 1.266054 -1.641858
6 -1.619263 -3.365839 -1.697798 -2.568784 -3.320868 36.407629 -1.559488 -1.949644 -4.069039 -3.406807 -2.968105 -3.388939 -3.693846 -2.799208
13 -0.295012 -1.009922 -1.241938 -0.502263 0.612193 -0.203792 -0.609536 0.611992 -1.067850 0.266423 -0.613960 -0.060023 2.995129 1.118559
3 -0.978578 -0.972111 10.862302 -1.091912 -0.853558 -1.477771 -1.159579 0.338483 -0.765245 -1.568305 -1.250494 1.490900 -1.252124 -1.322008
1 22.449791 -2.031790 -1.606678 -2.216335 -2.102226 -0.895186 -1.878176 -1.501535 -0.155575 -2.639747 -2.071194 -1.576950 -2.032821 -1.741580
2 -0.624362 3.725174 -0.311477 -0.120813 -0.253132 0.000496 -0.288764 -0.202732 -0.181706 -0.491012 -0.404249 -0.353440 -0.414793 -0.079188
2 -0.186364 2.407519 -0.752742 -1.123344 0.340484 0.530412 0.032743 -0.499588 0.298825 -0.088956 -1.103497 -0.820592 1.440140 -0.475040
5 -1.008149 -2.161479 -1.842615 -1.247099 16.976214 -0.399566 -2.034286 -1.400635 -1.635954 1.823540 -2.622911 -1.490340 -2.164322 -0.792397
6 -1.094550 -2.226453 -1.157426 -1.085429 -1.572689 20.529851 -3.202299 -1.174056 -1.729374 -1.783984 -1.573541 -1.386519 -1.547740 -0.995790
3 3.136015 -0.512387 8.277060 -1.134702 -1.187235 -0.448065 -1.381100 -2.678430 -3.273513 -2.155399 0.265441 2.820349 -2.550827 0.822795
12 -0.715656 -1.169436 -0.552671 0.539107 -2.098512 1.491955 -0.333130 -1.385252 -2.596319 0.866935 -2.032527 9.816815 -1.912873 0.081565
1 53.384099 -3.761897 -4.113576 -4.070601 -4.275022 -4.421782 -2.822499 -3.737246 -3.302783 -3.968987 -3.939891 -4.502366 -6.150246 -4.317202
14 -2.520565 0.404276 -1.311382 -0.116982 -0.540470 -2.612333 0.633965 -0.144494 0.036365 0.442468 1.131348 -0.619098 0.380677 4.836224
10 -1.179045 0.073377 -0.651280 0.288747 0.423282 -1.360898 0.484485 -0.647532 -0.674375 1.521730 0.863372 -0.096942 0.735395 0.219684
11 -0.891804 0.200858 -0.134949 0.535125 0.075252 -0.078836 -0.106843 0.029809 -0.515678 0.420813 0.610843 0.495767 -0.936674 0.296317
12 4.487691 -1.067699 -2.019511 -0.840962 -1.384341 -0.584886 -1.588446 -3.021609 -1.883530 -1.365796 -1.632451 12.991846 -0.512738 -1.577569
1 38.348221 -4.191552 -4.824265 -2.769301 -1.374217 -4.832334 -0.164202 -3.401141 0.224920 -4.491904 -2.545478 -3.355589 -5.243973 -1.379185
9 -0.340579 -0.250792 0.233596 -0.431938 -0.476300 -1.388555 -0.475478 0.301565 2.232081 -0.710461 -0.251130 -0.167307 1.587042 0.138256
13 0.071157 -1.678617 -2.301681 -1.645698 -2.249084 -0.309879 2.139495 -1.290265 0.082042 -1.344003 -0.800794 -1.319496 12.892368 -2.245545
14 -1.778610 0.089123 -1.420066 0.455357 -0.288829 0.297157 0.793920 -0.637590 -1.725954 1.513374 -0.790731 0.438302 -1.769772 4.824319
9 -1.355129 0.194747 -0.001111 -0.257989 -0.927223 -1.706522 -0.329817 -0.097818 6.376831 -0.359063 -0.314752 -0.619645 -0.584727 -0.017781
3 -2.729587 -2.862453 34.500744 -2.999763 -2.870109 -2.634707 -2.304938 -2.254648 -2.180796 -2.359036 -2.663932 -2.359656 -3.747863 -2.533256
7 -5.462386 -5.905905 -6.866574 -7.944917 -8.303213 -8.459499 87.582056 -6.533990 -5.281274 -6.657443 -8.014887 -6.709781 -5.469933 -5.972252
11 -2.358725 -1.988671 -1.887295 -1.036932 -1.859909 -1.511309 0.302374 -0.822197 -2.850158 -2.038110 19.881815 -1.065748 -2.003661 -0.761474
8 0.116817 0.769167 0.514107 -2.019020 -4.017485 -1.636624 -2.425916 12.007863 -1.747842 1.442886 -1.901959 -1.737380 0.979718 -0.344332
9 -1.781641 -1.347787 -0.972400 0.285717 -2.237907 -2.636162 0.575628 -0.502812 7.609787 -1.402848 -0.436469 0.253454 2.297939 0.295502
12 0.458441 -0.465648 -0.573053 0.749721 -2.083650 1.059233 1.820129 -1.377245 0.797359 -0.800870 -1.824572 2.271078 0.319408 -0.350330
6 -2.261534 -2.679314 -2.724657 -1.821088 -3.003067 38.096009 -5.469542 -2.627500 -2.623788 -1.901661 -3.640229 -3.075260 -3.524288 -2.744080
1 22.011623 -0.740162 -1.987147 -1.882393 -2.165481 -2.269161 -2.166962 -2.079938 -2.765754 -2.306620 -1.451792 3.197434 -2.343092 -3.050555
1 1.266838 0.234472 -0.127319 -0.543183 0.441410 -0.421245 -0.835984 -0.165605 1.040294 -0.251168 -0.214640 -0.462331 -0.476148 0.514610
9 -1.619161 0.270847 -0.893242 -1.695392 -0.576822 -0.659675 -0.815046 -1.250964 13.102419 -0.027613 -1.513913 -0.779963 -2.376889 -1.164586
5 -1.060440 0.499358 -0.791757 -1.494227 15.149850 -2.413334 -0.928472 -0.127095 -1.152754 -0.167861 -1.993795 -1.779944 -2.525529 -1.213999
5 0.777047 -0.769255 -0.799155 -0.720467 5.356576 -1.154809 -0.919431 1.361436 -0.081666 -0.715763 -1.619084 -0.933659 1.179329 -0.961098
6 -1.461337 0.166928 -0.254535 0.539832 0.978533 1.135292 0.018910 -0.212881 -1.105262 0.155090 0.588843 0.249294 -1.307882 0.509176
1 44.061421 -2.539508 -3.619506 -4.194191 -0.168179 -4.493313 -3.684221 -2.839924 -2.815436 -3.836765 -4.725194 -3.895649 -3.138601 -4.110932
1 18.809829 -1.994910 -2.160426 -1.961524 -1.765804 0.213289 -2.177532 -2.664220 0.375045 -1.558830 -2.128811 -2.395927 -0.488720 -0.101462
12 -0.124002 -0.351265 -0.975836 0.152754 -0.622903 1.066807 -0.245593 -1.662572 -0.359718 -1.630400 0.055372 6.499562 -0.866379 -0.935828
1 10.165831 0.367853 -1.464735 -0.397713 -1.698508 1.566982 -2.671295 -1.654856 -0.616115 -1.692430 -1.385836 -0.715067 0.175366 0.020522
1 74.937388 -5.413202 -5.365924 -5.266060 -5.799627 -5.421820 -5.892672 -5.770180 -5.559549 -5.683764 -5.102831 -5.664815 -7.710719 -6.286223
1 45.279271 -4.047829 -3.748663 -2.815279 -4.599084 -2.860848 -5.774810 -3.790882 -4.416378 -5.525241 -3.295287 -1.395564 -1.869326 -1.140080
1 49.830591 -3.875395 -3.679297 -3.666683 -3.282262 -3.871024 -4.055736 -3.671888 -2.646293 -4.282961 -3.287136 -4.082690 -4.361104 -5.068121
1 49.944894 -5.819148 -4.279433 -5.765870 -5.528980 -4.453642 -4.876037 -4.239806 -5.116106 -6.119211 -4.521726 -4.753022 10.017929 -4.489842
1 63.355595 -5.184138 -4.215209 -4.490157 -4.443847 -3.177315 -6.642117 -4.520691 -5.249463 -4.138142 -5.477767 -4.862116 -6.640037 -4.314598
1 57.300516 -5.232942 -3.698698 -4.240236 -4.541739 -4.788160 -5.874791 -4.452147 -3.420822 -4.468521 -3.666138 -3.106970 -5.514568 -4.294782
1 56.457545 -4.225954 -3.420597 -4.396774 -4.393073 -4.865789 -5.334342 -3.500512 -4.475943 -4.186413 -4.638149 -4.495423 -4.328960 -4.195617
1 55.660549 -5.266783 -4.676878 -4.119873 -2.667935 -4.119057 -4.234059 -4.907323 -4.064131 -4.698755 -3.349988 -5.019205 -3.615409 -4.921153
1 57.556440 -5.679821 -4.996785 -4.817127 -4.847029 -4.568753 -5.140305 -3.320986 -5.167792 -4.707503 -4.158039 -4.141857 -4.045438 -1.965006
1 46.734552 -2.646877 -3.018683 -4.035933 -3.567808 -5.264159 -4.899773 -3.330708 -1.590298 -4.246532 -2.817380 -4.694914 -2.110119 -4.511368
1 24.463714 -1.951287 -1.684030 -1.986496 -1.840891 -1.812020 -1.969693 -1.939002 -1.572426 -1.963531 -1.423032 -1.845234 -2.133804 -2.342269
1 2.259652 -0.114044 0.078225 0.647158 -0.250435 -0.301487 0.031920 -0.393151 -1.632715 0.100357 0.193779 -0.301098 -0.499001 0.180841
1 41.030835 -2.730663 -4.571236 -2.595758 -0.039474 -3.755446 -3.793905 -3.796434 -2.706703 -3.585928 -5.365135 -3.648335 -0.722787 -3.719033
1 1.316425 -0.170234 1.190997 -0.767818 0.501612 0.324377 -0.427735 -0.426015 -0.727542 -0.529808 -0.043888 -0.008014 -1.221776 0.989421
1 57.325529 -5.376334 -4.189707 -5.128011 -3.105147 -4.287971 -4.046882 -3.883492 -3.465161 -4.852024 -3.979990 -3.980284 -6.391123 -4.639401
1 26.086394 -1.862350 -2.301727 -2.340545 -1.987432 -2.018248 -1.907115 -2.089838 -0.790534 -2.152898 -1.823560 -2.030664 -2.460441 -2.321042
1 36.986663 -3.133935 -2.342635 -0.993354 -2.541849 -3.473599 -3.104286 -2.955330 -2.810213 -3.302043 -2.290876 -2.311297 -4.077965 -3.649282
1 72.569071 -4.550053 -5.469320 -5.962268 -5.805245 -5.896105 -4.099825 -5.854517 -7.313550 -5.911494 -4.696298 -5.421983 -5.045917 -6.542495
1 7.793261 -0.850005 -0.807405 -1.035088 -1.166186 -0.934674 -0.608380 -1.025422 -0.605051 -0.735630 -0.824790 0.055178 0.194069 0.550125
5 -1.025851 0.141997 0.078353 -0.606789 1.848360 -0.122945 1.681483 -0.834980 0.088892 0.944697 -1.658339 0.134715 -0.057682 -0.611911
10 -1.331713 0.404304 -0.943541 0.387772 -2.558341 -0.776930 3.260090 -1.260667 -1.457617 8.514976 -0.094293 -0.912175 -3.191371 -0.040495
13 0.566698 -1.468193 0.695327 -0.066090 0.053821 -1.070838 -0.857658 -0.393600 0.232703 0.764803 -0.209475 0.928199 1.224396 -0.400092
10 0.292360 -0.496168 -2.231630 -1.605024 -0.254144 -0.955701 2.532392 2.571933 -1.500673 2.783752 0.618200 -0.938968 -1.336046 0.519717
10 -0.043464 -1.323755 0.296001 -1.496918 -1.861873 -0.879260 -0.702441 1.023287 -0.695871 5.953675 -0.167058 2.273117 -1.563857 -0.811584
10 -2.401585 -1.674415 -0.867395 -1.525567 -1.777042 -1.729692 -1.007792 -0.232685 -1.805772 16.308329 -1.044548 -0.508981 -0.445931 -1.286925
10 -0.541313 -0.376578 -0.251181 0.152175 -0.414936 -0.489751 -0.067372 -0.506056 -0.274697 5.121293 -0.509918 -0.618702 -0.468211 -0.754752
10 -2.436249 -3.856366 -2.802654 -3.449033 -3.563201 -1.883899 -4.306487 -2.157599 -4.496972 41.609076 -4.138774 -2.341624 -2.861567 -3.314651
10 -1.350332 -0.508377 -1.783367 -1.515481 -2.525001 0.451471 -0.567478 -1.344002 -1.976757 5.753178 4.529230 -2.885524 -0.161201 3.883640
10 -1.390931 -0.441851 0.726818 -0.116509 -0.171001 -0.050093 0.905048 -1.002887 -1.243894 2.305738 -0.740783 -0.705696 1.123582 0.802462
10 -2.675020 -1.605042 -1.255056 -1.621455 -1.203677 -2.244161 -2.377433 -1.682433 -2.680010 25.669879 -1.264114 -2.627088 -2.356141 -2.078248
10 -0.205513 -2.199703 -0.660072 -0.734246 0.876545 -0.880551 -0.592291 1.922240 -1.186410 2.613302 0.919942 -0.168172 1.187455 -0.892526
10 -0.267165 -0.090080 1.107946 -1.183187 -0.009754 -0.670998 -0.284462 -1.275683 -1.396422 4.618276 -0.637121 -0.368028 1.214183 -0.757504
10 -1.086336 0.032829 0.874901 0.082114 -1.038123 -1.702426 -0.772611 -0.802377 -1.124064 9.285034 -0.955611 -0.771370 -0.859957 -1.162005
7 -1.042166 -0.796961 -1.590566 -0.982160 -0.154316 1.290472 1.626298 0.511555 1.586215 -1.609119 0.925812 -0.861551 1.000909 0.095577
10 -1.060126 -2.191764 -1.874104 -1.866483 -1.165956 -1.471955 -1.856929 -0.337774 -1.415038 18.985679 -0.794206 -1.971002 -0.692778 -2.287563
10 -0.416907 -0.928142 -0.330513 0.488559 0.968776 0.140101 -0.602493 -0.064985 0.041645 3.291928 -1.214530 0.499665 -1.692400 -0.180704
10 -1.691604 -1.530095 0.163075 3.097710 -0.357599 -0.882591 -1.062285 -2.194201 -1.601566 13.316511 -0.530956 -2.296652 -2.620820 -1.808927
2 -0.208833 1.893601 -0.497994 0.520871 -0.774457 -0.650132 -0.523646 0.413985 0.858586 1.354720 -0.545532 -1.008869 0.675454 -1.507753
2 -1.893801 8.760021 -0.761442 -0.449113 -0.661772 -0.882491 -0.417144 -1.063139 -1.076504 0.459949 0.633760 0.155090 -2.172254 -0.631161
2 -1.366990 14.007446 -1.392502 -0.834901 -1.243834 -0.327012 -0.936579 -1.365440 -0.506967 -1.049211 -1.083511 -0.835726 -1.697962 -1.366810
2 -1.993100 22.743670 -0.845880 -2.487897 2.219434 -3.259886 -2.915742 1.391151 -2.263142 -1.604178 -3.660648 -2.745099 -2.769078 -1.809604
2 0.241766 4.556793 -1.604408 -1.792295 -3.393751 -0.456038 0.480087 0.396229 -0.626722 -1.002815 1.701219 0.600767 -1.073598 1.972766
2 -0.763444 13.184178 -0.906385 -0.927614 -1.396764 -1.070293 -1.252788 -0.771065 -0.937795 -0.965632 -1.344803 -1.019271 -0.842265 -0.986058
2 -2.106143 27.181195 -2.203263 -1.219274 -0.803939 -1.777422 -2.641385 -1.317728 -1.912903 -1.795600 -2.790291 -2.279144 -3.912371 -2.421730
2 -3.900160 35.689401 -1.835396 -3.038936 -0.799362 -3.342301 -3.230228 -1.087871 -4.664349 -3.514277 -2.394666 -2.097054 -3.026671 -2.758129
2 -0.585428 2.653570 -0.802680 -0.588885 0.010885 -1.939868 -0.342807 -0.382082 -0.088030 -0.019565 1.464814 0.328775 0.340924 -0.049622
2 -3.022872 14.129500 -0.378430 0.202486 -1.501712 -1.927536 0.203237 -1.175719 -2.099225 -0.206564 -1.187245 -1.364698 -1.834704 0.163481
2 -1.889845 20.279248 -1.110375 -1.331802 -0.532806 -0.668206 -2.519246 -1.947941 -1.646316 -1.235505 -1.279735 -1.546068 -2.997582 -1.573823
2 -0.551011 10.008540 -1.549012 -1.003518 -0.845954 -0.628207 0.898113 -0.863784 -1.599025 -1.529883 0.793717 -1.480109 -1.262418 -0.387450
2 -0.270716 23.332631 -1.311661 -2.104561 1.990142 -2.947403 -2.802033 1.003871 -3.101271 -1.964738 -4.223908 -2.040993 -2.769185 -2.790175
14 -0.348148 0.606961 -0.155610 -0.181509 -0.246178 0.366704 -0.109964 0.492764 0.059106 -0.215399 -0.512415 0.054174 -0.439701 0.629215
2 -1.430701 7.898101 -2.554432 -0.513778 6.716064 -2.527967 -3.854561 -1.351678 1.734369 -2.284255 -1.833212 -0.319693 0.956822 -0.635079
2 -0.554654 32.740637 -2.893110 -2.189645 -5.084613 -3.249576 -1.206137 -3.072628 -2.800602 -2.219939 -0.214876 -2.966238 -3.139595 -3.149023
2 -2.085033 32.794787 -2.548915 -2.226501 -3.065966 -2.352377 -2.859999 -3.005173 -1.524131 -1.901875 -2.583105 -2.533597 -3.457145 -2.650971
2 0.298330 4.376029 -0.740640 -0.668638 0.306886 -0.895306 -3.540870 0.321061 -0.004382 -1.889029 -0.953768 1.463842 1.480227 0.446259
2 -2.019211 7.718624 -0.949400 -0.461907 1.370219 -0.575672 -1.833380 -2.519177 -1.324384 -1.020571 4.975584 -1.232943 -1.053518 -1.074264
6 -4.259803 -5.271020 -4.895982 -4.180902 17.482860 31.435703 -3.221847 -1.946099 -4.955318 -4.894047 -3.102797 -5.431745 -2.816444 -3.942558
11 -2.742288 -0.771958 -2.896332 -2.480654 0.585811 -0.668361 -2.074130 0.331870 -1.230818 -2.335804 15.283976 -0.667865 -1.148095 0.814649
6 -0.087559 -0.967477 -0.122297 -0.572465 0.669146 2.509817 2.485048 0.241546 -1.537813 -2.142155 -0.789364 -0.329080 0.090809 0.551845
11 -3.181808 -2.428273 -1.027800 -1.858546 4.833980 1.355823 -2.053114 -2.380980 -2.406671 -2.553636 15.403457 -1.708428 -1.962489 -0.031515
5 -2.370325 -1.109156 -1.026960 0.134855 15.495341 -1.819430 -0.641062 -1.459192 -1.104178 -0.590844 -0.703012 -1.597739 -1.510852 -1.697444
14 -1.061458 -0.146785 -0.711290 -0.634713 2.000637 -1.295088 -1.295647 0.180908 -0.521262 1.259319 -0.153600 -0.513465 -0.280024 3.172468
5 1.714996 -2.143009 -0.480414 -2.182581 17.240576 -1.059774 -0.509693 -1.705258 -1.440894 -2.291043 -2.066359 0.368388 -2.881950 -2.562983
12 -0.941236 -0.210158 0.441884 2.016070 -0.794851 1.694269 -0.914319 0.022569 -1.670081 -1.894798 -0.288362 2.357479 -0.047351 0.228884
5 2.087949 -0.813770 -0.747406 0.545842 4.283585 -0.735499 -1.100649 -0.732774 -0.976145 -0.320990 -3.669482 2.297522 -0.036328 -0.081854
5 -1.131545 -2.850691 -0.875378 0.330201 6.363135 0.638430 -2.033190 0.236432 -1.281358 0.230885 3.122768 -0.674113 -1.197488 -0.878089
14 -0.336720 0.306064 -0.531694 1.016018 -0.937519 -1.018574 -0.426248 1.686715 -0.065054 -0.445414 -0.642253 -1.393045 -0.688024 3.475746
1 1.306199 -0.715357 0.290554 -1.197156 0.391291 0.006658 -0.446310 0.925627 0.941490 0.197896 -0.924371 0.328075 0.519800 -1.624396
11 -4.163611 3.299866 -1.833320 -1.103982 3.221708 1.398247 -4.232636 -1.475143 -0.810470 -2.412853 12.772853 -1.190028 -1.521042 -1.949587
5 -6.121046 -5.363226 -6.604182 -4.383591 68.157630 -8.010572 -6.159961 -4.791530 -4.243559 -5.540901 -2.976762 -3.595962 -4.541565 -5.824771
5 -2.461042 -1.935993 -0.437138 -0.014571 16.575789 -2.388078 -0.584024 -1.104401 -1.117292 -1.397996 -2.511217 -2.115199 0.816570 -1.325407
5 -4.582446 -3.298083 -4.257064 -4.089794 51.913331 -4.212636 -4.132919 -4.311230 -3.612776 -4.218559 -3.646827 -3.773056 -3.891781 -3.886160
5 -1.812774 -1.833940 -1.328310 -1.392750 16.821670 -1.015782 -1.884478 -1.036262 -0.342531 -0.551381 -1.858489 -0.718319 -0.912551 -2.134102
5 -3.744622 -4.205693 -5.109417 -3.517553 52.989169 -5.694563 -4.842903 -4.780063 -1.527070 -4.104235 -3.797779 -4.206097 -3.101895 -4.357280
5 -2.322007 -0.847401 -1.322191 -0.589882 20.651646 -1.910827 -1.917951 -1.994323 -2.186659 -1.324798 -0.260356 -2.474526 -2.879099 -0.621627
5 -0.848813 -2.217463 -2.594307 -0.622679 18.883796 -1.736715 -1.323264 -2.390627 -2.427330 -3.015049 -0.933479 -1.660878 2.705491 -1.818681
5 -0.419439 -0.806375 -0.615097 -0.016535 5.172652 1.433054 -0.323903 -1.194384 -0.095723 0.313865 -0.115298 -0.761055 -1.381988 -1.189774
11 -0.971046 -1.389121 -1.044604 -0.789801 -1.353135 -1.091616 -1.211704 -0.992080 -0.852818 -0.858578 13.764259 -1.009610 -1.116025 -1.084122
11 -2.590834 -3.758153 -3.794232 -3.394264 -3.638641 -3.785783 -5.367652 -3.091459 -4.334638 -3.046557 48.930659 -4.569846 -3.780926 -3.777672
7 -1.260241 -0.284841 -2.931159 -1.706856 -2.841990 0.910557 5.224445 -0.810848 -1.076763 -1.511757 2.465741 0.600299 0.906847 2.316565
11 -3.187889 -3.564784 -3.087946 -2.957922 -3.885916 -2.828582 -4.051478 -3.414171 -2.960094 -3.481689 44.425970 -3.160271 -3.117409 -4.727817
11 -2.743701 -3.756298 -4.887037 -4.037375 -4.846772 -3.213817 -2.020419 -2.947467 -4.148776 -4.414769 47.054170 -3.482831 -3.158476 -3.396431
11 -1.125859 -0.101573 -0.085937 0.417933 -1.137627 -0.640271 0.356013 -0.499385 -1.077398 -0.112120 4.603884 -0.070659 -1.047288 0.520289
11 0.200503 -0.572514 -0.096260 -0.716572 0.160784 -0.665350 -1.204557 -0.339466 -0.921284 -0.499900 6.820382 -0.973337 -0.501931 -0.690497
11 1.414372 -0.256294 -0.463989 0.014258 -1.071068 -1.213272 -0.429799 0.669906 -0.682320 0.413635 1.733152 0.818394 -0.474379 -0.472599
11 0.199894 -1.251897 -1.487285 -1.606152 -2.188186 -0.718250 -1.377426 -1.221256 -1.652072 -1.786516 17.825308 -1.147443 -1.664534 -1.924184
11 -3.889802 -2.392957 -2.142809 -1.043451 -3.604936 -1.992210 -4.548897 -3.351881 -2.623183 -3.110370 35.189833 -1.782056 -1.271136 -3.436143
11 -3.977252 -4.881506 -5.641959 -5.336284 -5.360738 -4.699345 -3.745444 -4.231443 -5.130663 -4.314425 61.174359 -4.268478 -5.231755 -4.355065
11 -3.070852 -3.186520 -2.175180 -2.199326 -3.022930 -0.745779 -3.854412 -2.114249 -2.177983 -2.101403 30.782857 -2.298032 -1.447683 -2.388506
11 -1.976486 -2.570526 -2.167969 -1.729773 -2.635677 -2.386102 -2.176152 -1.563671 -1.753705 -1.865960 26.263565 -1.507549 -1.642708 -2.287286
11 -1.457931 -2.582801 -0.770123 1.470168 1.579278 -2.008485 -2.010390 -0.828181 0.061152 1.415072 7.147874 1.137352 -1.531729 -1.621255
11 -2.702196 -2.349449 -2.136492 -2.647120 -1.875609 -1.642000 -3.066462 -2.578088 -2.457974 -2.110992 30.287895 -2.222470 -2.163727 -2.335317
11 -3.691448 -4.997006 -4.504534 -3.628651 -5.328341 -4.564548 -3.887604 -4.322152 -4.443213 -3.478292 54.235277 -3.350106 -4.357890 -3.681490
11 -4.723807 -5.868269 -5.168180 -5.242136 -8.014762 -6.103884 -2.128611 -5.597432 -5.122967 -5.189296 68.857334 -4.425371 -6.252442 -5.020175
11 -5.525618 -8.230622 -6.341572 -6.687154 -4.717538 -4.647745 -4.853628 -5.620966 -6.601063 -6.280920 77.754888 -6.055676 -5.798764 -6.393618
11 -2.963570 -2.569357 -2.265298 -2.090332 -1.099061 -2.353917 -4.602842 -2.928352 -2.814254 -2.925176 31.819258 -2.367867 -2.281360 -0.557872
11 -2.888503 -2.469617 -1.752110 -2.457095 -2.122270 -1.467251 -1.791460 -2.464148 -2.068705 -2.851680 27.464612 -1.734158 -1.035312 -2.362302
11 -5.526229 -5.104327 -3.660560 -3.736939 -4.831543 -4.073666 -4.983157 -4.401957 -3.469874 -3.533037 56.620711 -4.264864 -4.560212 -4.474344
4 -0.096656 -0.097530 0.086856 5.865419 -0.110187 -1.322228 -3.668165 -0.847442 1.526074 -0.836626 -1.203417 0.654882 0.759147 -0.710128
7 0.684021 -0.264777 0.139947 0.724150 -0.716064 -0.298438 0.987563 -0.508181 -0.474196 -0.932451 0.836951 0.765041 -1.620226 0.676660
7 -3.666881 -1.828862 -3.139238 -1.429498 -2.810601 -5.717242 35.129002 -2.952846 3.279188 -2.465656 -3.089324 -3.650910 -3.208961 -4.448171
4 -1.230673 -0.323594 -2.617899 7.630668 1.294035 -2.048177 -4.285977 -0.785000 -0.241556 -0.261793 1.471477 1.019230 -0.568338 0.947595
4 -1.748136 -1.169958 -0.690095 6.892507 -0.490184 -1.646272 -1.185291 0.031593 -0.981020 -0.562830 0.427151 1.953545 -0.159345 -0.671664
7 -9.596073 -9.291728 -8.738828 38.881250 -2.570893 -10.888666 66.265353 -8.998195 -9.709563 -9.344872 -8.198442 -8.369430 -9.689174 -9.750737
1 4.550873 -0.145308 -0.718366 -0.677448 -2.218740 0.816048 -1.924422 -1.190501 0.783576 -1.830690 -0.988236 0.676031 1.519687 1.347495
4 -0.847085 -0.128058 0.748718 4.856806 -1.088821 -1.328815 -0.422889 -0.305127 -0.023121 -0.682866 -0.270000 -0.352306 -0.684988 0.528553
5 -0.273231 -3.113223 -1.438661 0.306205 16.955555 2.529968 -2.607563 -1.697937 -0.697114 -2.064985 -2.883056 0.134315 -2.054302 -3.095971
6 -1.947266 0.201447 0.519635 0.107599 -1.407625 3.547840 -0.875906 1.328047 -0.030562 -0.814440 -0.726247 -0.426452 -0.806536 1.330467
4 -1.145505 0.762800 -0.426062 4.749737 -0.317616 0.554680 -1.503986 -0.357327 -1.341946 0.121067 -0.284729 -0.804061 0.017865 -0.024917
8 1.369472 -0.920966 -0.278268 0.055058 0.540363 -0.654097 -1.189637 4.999915 0.773706 -0.053603 -1.804593 -1.078530 -0.995954 -0.762867
4 -0.389429 -0.719704 -0.527175 5.371327 0.091428 0.060051 -1.599201 -1.283898 -0.739787 -0.357909 0.288976 -0.449983 -0.555942 0.811246
4 -0.573351 0.756837 -1.271850 3.584832 0.229678 -0.548306 -1.300513 0.096491 -0.726707 -0.449223 0.192626 0.703241 0.518797 -1.212553
4 -0.062887 0.313183 0.514123 0.547489 -0.011753 0.502908 -0.907808 -0.160220 -0.574956 -0.322740 0.238277 -0.102555 -0.424281 0.451221
7 0.087325 0.679740 -3.323329 1.976164 1.620500 0.156201 3.311201 -0.797194 0.320471 -1.363199 -2.435607 -1.068082 1.192029 -0.356220
7 -3.955431 -2.504667 -2.360864 -2.728996 -3.688973 -4.713463 33.988720 -3.261068 2.881496 -3.079479 -3.318433 -2.403382 -1.206738 -3.648723
4 -0.075060 -0.662313 -0.792787 3.276620 0.095471 -0.528071 -0.575178 -0.732468 0.221900 -0.469586 -1.192076 0.067673 1.886647 -0.520771
2 0.824974 1.140525 -0.309013 0.396230 -0.133157 -0.188807 0.552211 -0.230560 -0.318866 0.243552 -0.080854 -0.487131 -0.695032 -0.714071
1 2.451534 -0.467681 1.101854 0.075217 -0.643295 0.396337 0.219843 0.155136 -2.129459 -0.408556 0.375419 0.740139 -2.297658 0.431170
10 -0.499029 -1.014336 -1.116753 0.431610 -1.319662 0.499485 0.640920 0.212426 0.115056 0.657997 0.280193 0.454056 0.409037 0.249000
9 0.530287 -0.433258 0.202237 0.494049 0.189033 -0.300378 0.254521 -0.147213 0.605863 -0.202796 -0.214794 -0.619002 0.000114 -0.358662
9 -0.145711 -0.348423 0.283608 -0.006662 0.482274 -0.628618 -0.459254 -0.453931 1.514890 -0.521300 -0.469019 1.118737 0.278552 -0.645143
3 -2.503895 -2.582946 15.577336 -2.655200 -2.939944 0.489917 3.660129 0.512151 -2.038548 -3.439786 -0.632352 0.244436 -2.167060 -1.524238
3 -1.170924 0.083938 5.072267 0.718082 -1.077476 -1.011191 -0.420496 -1.887900 -0.841341 1.164437 -0.637674 0.401012 -0.692860 0.300127
12 -0.195581 0.661740 0.362981 -1.185920 0.189900 0.779851 -0.591488 -0.294850 0.024836 0.007981 0.815156 1.317437 -1.214609 -0.677436
3 -2.566518 0.047998 7.369470 -0.870880 -1.824524 -0.614604 1.462672 0.208935 0.561317 -1.026302 0.428123 -1.726942 -0.160709 -1.288037
3 -0.835604 -0.701137 10.787055 -0.786463 -0.950240 -1.158841 -0.179673 -0.590117 -0.159765 -1.437898 -0.931812 -0.671103 -1.127317 -1.257087
1 0.853606 -0.443782 0.221246 -0.487032 -0.102067 0.181057 -0.045068 0.152984 0.093125 0.034934 0.390328 0.496203 -1.140703 -0.204831
8 0.587815 -0.752827 0.996589 -0.649775 -0.636785 -1.831340 -1.077588 3.973715 -0.220720 3.273950 0.019969 -0.269353 -3.801042 0.387392
3 0.337562 -1.393077 10.762284 -0.973996 -0.868898 -0.318479 -1.629220 -0.560152 -1.657059 -2.229298 -1.075532 0.729987 -0.455314 -0.668808
3 -2.098783 -1.392002 17.117713 -1.431054 -1.275569 -2.245887 -2.392092 -1.981028 -2.566651 -0.010755 -0.341798 3.019614 -2.960292 -1.441416
3 -0.126736 -0.006935 4.862054 -0.976807 -0.712939 -0.350832 -0.668821 -0.066637 -0.876675 -0.224880 -0.078640 0.436996 -0.968966 -0.240182
3 -2.395890 -1.921370 20.461772 0.083756 -1.471179 -1.868874 -1.621642 -1.532764 -3.180726 -2.053819 -0.280163 -0.976773 -2.752201 -0.490127
14 -0.476331 0.260836 -0.075775 0.221762 -0.347850 -0.534818 -0.085886 -0.017900 -0.980438 0.217327 -0.361066 -0.189314 -0.810621 3.180074
3 -0.345603 -1.322643 10.578993 -1.077330 -0.749149 -1.095043 -0.681199 -0.692753 -0.254680 -1.983657 -1.627330 0.294012 0.275598 -1.319214
3 -2.125844 0.026631 6.813752 -1.513607 -1.870512 -0.112099 -0.893289 1.407564 2.282720 0.211956 0.694104 -1.589990 -2.026506 -1.304878
6 -2.274881 -2.762697 -1.675016 -0.486253 -1.482407 26.506049 -4.789562 -2.155952 -2.131345 -1.514805 -1.758132 -0.986287 -2.671077 -1.817635
6 -1.140155 -0.916985 -0.318180 -0.468837 -1.652613 6.875318 -1.314486 0.270208 -1.451986 -0.958943 0.911904 -1.082458 0.803244 0.443969
6 3.183770 -2.189114 -1.573728 -0.318008 0.819163 3.607773 0.193098 -0.716196 -0.998855 -0.172871 -0.143178 -0.462157 -0.951430 -0.278267
6 -7.748674 -5.641027 -7.505454 -8.552775 -6.520659 93.463393 -8.416383 -8.156903 -6.765468 -5.280639 -7.761634 -5.979120 -6.958660 -8.175994
6 -6.392265 -4.740626 -5.313945 -4.505984 -5.231782 62.753706 -5.096303 -4.344330 -5.492763 -5.101081 -4.145952 -3.823110 -4.180901 -4.384662
6 -3.515741 -3.026708 -2.973225 -1.792890 -4.872856 46.085377 -5.191946 -3.313164 -3.396652 -3.084042 -3.267055 -3.091670 -5.324564 -3.234866
6 -6.885972 -5.692839 -6.560087 -5.837999 -4.039924 74.255585 -7.205846 -4.964194 -6.710862 -6.328855 -4.006148 -7.829938 -3.122813 -5.070105
6 -6.708832 -6.305561 -5.266154 -5.625093 -6.549900 80.872371 -7.143847 -6.094815 -5.412491 -5.178749 -6.097493 -6.183684 -7.801295 -6.504454
6 -7.748674 -5.641027 -7.505454 -8.552775 -6.520659 93.463393 -8.416383 -8.156903 -6.765468 -5.280639 -7.761634 -5.979120 -6.958660 -8.175994
6 -1.906514 -0.781293 -0.985788 -0.447923 0.561280 3.949385 -0.560344 0.170318 0.496656 -0.054783 -0.242348 0.308288 -0.532208 0.025273
6 -1.736663 -1.320829 -1.058051 -1.676163 -1.396123 5.294288 2.179354 -0.146326 0.107797 -1.765841 0.682181 -0.056532 1.229493 -0.336585
6 -2.763211 -2.662819 -3.043656 -2.821117 -2.586392 33.202373 -2.841792 -1.243611 -2.669221 -1.381887 -2.918450 -2.975401 -1.837034 -3.457782
6 2.051602 -4.879551 -6.949576 -5.231569 -3.771968 51.402044 -3.369722 -3.046520 -3.813208 -4.600941 -5.906783 -3.891781 -3.299080 -4.692946
6 -2.527875 -4.940861 -5.349295 -6.427638 -6.254588 74.097549 -8.988678 -4.913883 -4.945185 -5.346091 -6.511067 -7.140104 -4.572326 -6.179955
6 1.924326 -0.595085 -0.631920 -0.410573 1.763610 1.930447 -0.013324 -0.879941 -1.103295 -0.261379 0.207175 -0.148196 -0.745088 -1.036754
6 -4.716329 -5.523530 -3.947898 -5.692132 -2.842399 53.110425 -4.618601 -3.286390 -5.356525 -3.709960 -1.515223 -5.964689 -2.855459 -3.081288
6 -3.017441 1.705164 -1.453622 -2.454556 -1.775102 12.514835 -0.737045 -0.347741 -0.702302 -1.743844 -1.289476 -0.893128 1.198606 -1.004348
6 -2.109243 -2.369747 -2.311781 -1.168981 -2.856922 20.441124 -2.297972 -0.956951 -2.608706 -1.957863 -1.130059 -1.374758 -1.355697 2.057556
6 -7.748674 -5.641027 -7.505454 -8.552775 -6.520659 93.463393 -8.416383 -8.156903 -6.765468 -5.280639 -7.761634 -5.979120 -6.958660 -8.175994
6 -1.867532 0.370666 -0.139084 -0.061398 0.264439 2.392961 0.461840 0.125744 -0.879782 -0.582169 0.024336 0.643145 -0.592595 -0.160571
6 -0.679417 -1.595107 -0.792307 -1.779840 0.584712 8.267681 -3.339189 1.825105 -0.696364 -2.083872 -1.012699 -0.921340 1.751422 0.471216
6 -7.748674 -5.641027 -7.505454 -8.552775 -6.520659 93.463393 -8.416383 -8.156903 -6.765468 -5.280639 -7.761634 -5.979120 -6.958660 -8.175994
6 -2.768824 -0.871339 -1.423480 -0.580947 -1.795531 18.753415 -1.657153 -2.055830 -1.360470 -1.330803 -0.811251 -0.479787 -3.135725 -0.482273
6 -6.801625 -5.728618 -5.324587 -5.815345 -6.713515 75.061664 -6.220794 -5.257651 -5.281310 -5.699639 -4.599247 -7.343732 -5.463721 -4.811878
6 -3.276666 -2.514134 5.339458 -1.154024 -1.984804 18.018217 -1.787399 -2.264806 -1.435552 -0.426556 -1.683302 -2.496220 -3.029448 -1.304764
13 -1.253620 -3.421640 -3.933648 -1.147597 -2.395340 -5.179195 -4.224407 -2.405226 -2.918715 -2.663261 -3.549452 -2.765213 38.051627 -2.194313
13 1.178144 0.151845 -0.560892 -0.365575 0.262426 -2.076057 -0.620211 0.509196 0.562546 -0.103764 -1.186005 -0.169074 2.914366 -0.496945
5 -0.051146 -0.097076 0.252558 -0.169153 1.028256 -0.790994 -1.059664 0.744900 -0.588945 0.748444 0.241102 -0.975779 -0.192442 0.909938
5 -1.151369 0.943393 -0.865578 -0.413470 1.697113 0.495837 0.379722 -0.385679 0.451825 -0.614191 -0.028279 -0.652628 0.359381 -0.216076
13 -0.551852 -1.812048 -0.366702 0.725941 -1.163051 -1.758598 -0.847133 -0.336920 1.285540 0.598719 -0.120097 0.554234 4.467971 -0.676002
13 -5.616686 -3.566213 -2.745740 -2.341539 -2.555059 -1.957674 -3.133149 -3.818221 -3.292233 -3.021824 -2.454969 -3.737687 41.567406 -3.326412
13 -0.450221 -1.802631 -0.129231 0.917832 -0.145389 -0.499555 -2.018142 -0.017578 1.658993 1.184259 -1.725272 -0.194805 3.992558 -0.770818
13 0.038176 -0.382662 -2.124259 -0.446142 0.209033 0.332487 -0.371933 -0.851488 0.490901 -0.403778 -2.467150 -1.256059 8.891808 -1.658935
13 -0.200607 -0.364469 -0.970927 -0.118521 -0.287591 -0.902308 -0.981242 -0.634370 -0.058051 -0.693397 -0.740047 -0.435304 7.244149 -0.857314
13 -0.552662 0.155539 -1.188698 -0.162186 -0.578681 0.174992 -0.677289 -0.006096 -1.260260 0.378246 -0.058251 0.651800 3.931921 -0.808375
13 -0.106594 -0.611830 0.691496 0.201550 -1.380980 -1.193279 -0.625615 -0.697400 0.238094 -0.652437 -0.569787 -1.251456 6.879521 -0.921283
13 -0.874670 -1.160681 -1.051938 -0.562332 1.529572 -1.147454 0.187208 -0.230809 1.079499 -1.150149 -1.109811 0.197703 5.299341 -1.005480
13 -2.196093 -4.564799 -2.932985 -2.555456 -2.070875 -2.340870 -3.620345 -2.893677 -1.552110 -2.831123 -3.950843 -2.722213 37.650238 -3.418846
13 -0.665688 -2.473817 -1.442677 -1.375245 -3.018915 -0.186046 -2.699290 -0.537821 -0.655258 -2.205964 -2.788376 -1.324372 20.550111 -1.176643
13 5.017926 -1.372523 -1.200783 -1.155856 -1.865321 -2.616334 -2.168908 -1.602664 -1.671762 -2.033806 -1.335898 2.416853 10.834096 -1.245021
13 -2.862358 -3.550729 -2.719197 5.098470 -3.068369 -3.328826 2.513577 -3.058364 -3.876000 -3.628707 -3.637619 -2.148360 27.429201 -3.162720
13 2.564318 -2.413671 -1.609027 -1.606710 -1.520701 -1.484969 -2.783544 -2.772655 -1.319123 -2.322016 -1.683777 -2.629377 23.039472 -3.458220
8 -1.374018 1.877826 -1.077566 -0.444735 -3.688298 -0.582192 -1.122029 8.402576 -1.791488 0.892936 -1.112853 -0.393441 0.962774 -0.549492
1 0.643873 -0.020003 -0.499756 -0.192563 -0.121757 0.023161 -0.189755 0.607902 0.389692 0.249056 -0.759563 -0.393848 0.631096 -0.367536
13 -2.476116 -2.532280 -2.276124 -2.272974 -2.072946 -1.513226 -0.855492 -1.992905 -0.219638 -2.264125 -0.759668 -1.821710 23.061434 -2.004230
13 -0.485146 -1.263890 -0.530252 -0.546333 -2.882716 -2.608519 -0.803149 -0.778320 -0.792312 -1.971134 -2.122759 1.362797 13.330713 0.091020
13 0.018003 0.267433 -0.229387 -0.220491 -0.471615 0.009481 0.455147 0.236112 -0.014072 -0.252324 -0.510032 -0.161546 0.649175 0.224116
13 -0.566807 -0.641585 -0.828962 0.089945 -1.714904 -1.527098 0.108059 0.415988 -1.294401 -1.232874 -0.602594 -1.369944 10.242000 -1.076823
1 2.329319 -1.060619 1.510489 -1.065660 -1.000256 -0.803488 -0.235614 0.691671 -0.182785 0.279014 0.036449 -0.550248 1.419898 -1.368169
13 -0.019729 -0.156886 0.278051 0.863124 -1.852440 -1.868614 -1.791026 -0.882358 0.095822 -1.605510 -1.593543 -1.227805 10.863715 -1.102799
13 -0.392846 -1.846461 -1.282221 -1.227589 -0.224748 -1.655703 -1.197664 -0.498423 -1.949999 -1.155525 -0.457767 -0.898255 13.913800 -1.126599
7 -6.575322 -6.393794 -8.642251 -7.772177 -7.671303 -8.734562 92.099234 -6.570558 -7.469668 -6.908075 -5.669864 -7.883010 -7.451491 -4.357158
7 -0.375117 0.356038 -0.353508 -0.646425 -0.403824 -0.340038 4.939471 -0.420055 -0.718610 -0.554358 0.617149 -0.113327 -0.778235 -1.209161
7 -6.904154 -10.948013 -9.695398 -9.715110 -3.862400 -7.761251 103.729387 -7.249556 -7.473295 -7.000410 -9.423092 -8.995810 -6.696666 -8.004229
5 0.235192 -0.439199 0.175778 -1.477704 4.469609 0.286517 0.446127 1.071021 -0.407642 0.519886 -3.235629 -0.991763 -0.146679 -0.505513
7 -2.194916 -3.791223 -3.451138 -3.076177 -3.916678 -3.395859 38.594865 -0.229497 -4.388905 -3.249020 -2.520519 -3.363961 -1.423141 -3.593832
7 -0.557386 -0.985798 0.602641 0.393705 0.688382 0.872118 3.464766 -0.908567 -1.243649 -0.564114 -2.884035 -1.034938 0.409753 1.747121
7 -6.226248 -7.296462 -7.681032 -6.774249 -7.486357 -8.868876 96.099531 -7.229660 -7.138735 -6.851790 -8.238304 -7.014253 -8.111142 -7.182423
7 -1.333765 -0.944156 -0.391275 0.414299 3.304887 -0.066075 4.264036 -1.162242 -1.252151 0.066514 -2.540741 0.568713 -2.116377 1.188333
7 -4.520744 -6.336375 -4.199408 -5.236084 -4.185308 -4.534134 62.172208 -3.952323 -2.876738 -5.974022 -6.412280 -5.326427 -3.998053 -4.620310
7 -0.365450 -0.022951 -0.969544 -0.678064 -1.211138 -0.251211 7.327338 -1.690044 -0.233846 -0.552120 -1.397280 -0.661083 1.202587 -0.497193
7 -7.993990 -7.327353 -6.737239 -8.478526 -6.323774 -6.860234 93.831145 -6.821810 -7.521740 -7.482361 -7.947600 -5.887434 -5.964771 -8.484311
7 -5.069351 -4.268739 -6.325772 -5.759585 -1.924543 -8.532152 69.015095 -6.861086 -5.559421 -5.258509 -6.085255 -5.258888 -6.596969 -1.514824
7 -6.757135 -5.294890 -7.636971 -7.793806 -11.184447 -7.956245 90.621020 -5.401196 -5.796010 -7.088360 -7.505141 -5.367726 -5.869881 -6.969212
7 -4.482205 -7.094519 -6.710931 -7.034761 -6.222370 -7.748342 88.006213 -7.410422 -6.942963 -6.427491 -8.225015 -7.373756 -5.351900 -6.981536
1 2.514078 -0.394559 -2.003341 -1.092492 -0.192986 0.921890 -0.934055 -0.699239 0.081841 -0.825282 0.193933 1.559350 -0.451088 1.321951
7 -5.466782 -5.845527 -5.593826 -5.010410 -5.216963 -6.706782 74.107571 -5.787370 -5.152041 -6.012388 -6.523152 -5.441127 -6.114527 -5.236674
7 -8.154355 -8.115185 -6.525378 -6.638960 -9.088301 -7.187380 94.210897 -6.036477 -7.508347 -7.909365 -7.454928 -5.243805 -7.206039 -7.142377
7 -0.990362 0.025569 -0.128782 -0.177341 -0.588535 -0.379537 5.463158 -0.668003 -0.991475 0.446582 -1.030476 -0.206722 -0.717135 -0.056942
7 -7.632170 -5.675288 -6.352548 -5.455823 -5.590148 -6.831320 75.737912 -5.312826 -6.058955 -5.036206 -5.519004 -4.307933 -5.429423 -6.536266
11 -3.507594 -2.244727 -4.423212 -3.680566 -4.829688 -2.362662 16.075673 -3.360548 -4.401006 -4.429253 26.084263 -3.745871 -2.853574 -2.321235
7 -8.421771 -8.113580 -7.574352 -6.439407 -8.704589 -8.811078 100.468955 -7.354736 -8.564979 -8.034617 -6.649787 -7.086386 -8.633712 -6.079961
7 -5.456279 -5.830519 -5.886940 -4.802673 -6.477457 -7.827179 78.748886 -5.960597 -5.363237 -5.190831 -7.369984 -6.478896 -7.544830 -4.559464
7 -6.329016 -7.543200 -7.545739 -8.254907 -6.638235 -6.660460 87.395192 -6.381436 -6.592396 -7.107037 -5.705652 -6.839048 -5.352409 -6.445657
7 1.539464 -2.159559 -5.180528 -4.794916 -5.339335 -5.541211 55.446643 -3.581343 -4.385043 -4.613242 -4.927415 -5.425220 -5.263057 -5.775236
7 -6.993853 -7.569206 -6.551060 -7.311713 -8.182018 -8.219746 94.396266 -7.117406 -8.685718 -7.954594 -5.288347 -8.158030 -7.545864 -4.818710
12 -0.127001 -0.565466 0.583894 -0.598713 -1.029266 0.128369 -1.135458 -0.590891 -0.095123 0.794184 0.528541 4.225972 -0.827374 -1.291667
13 -0.964804 -1.172713 -0.309054 -0.582541 -1.461527 -1.649678 -1.799062 -1.741046 -2.031216 -0.853889 -0.845753 2.832860 12.640640 -2.062217
12 -0.447764 -1.676626 4.651627 -0.557094 -1.317400 1.019601 -0.986463 -1.304326 -1.393664 -0.776450 0.183301 5.391017 -0.937869 -1.847890
7 -1.618562 -1.204835 -1.435561 -1.216006 -0.843399 3.601535 4.359516 -1.078386 -1.052936 -1.131682 0.890405 0.986027 -0.354848 0.098732
9 0.311506 0.397863 -0.488983 -0.538827 -1.106672 -1.696116 0.856023 -0.816321 2.054935 -0.307936 -0.252486 0.978181 0.577323 0.031509
14 -0.533713 -0.368006 -0.204138 -0.177183 0.032715 -0.246976 -0.098085 -0.247409 0.194142 0.717950 -0.125708 -0.150665 -0.580758 1.787833
3 -3.145959 1.126997 11.783852 -0.386628 -0.847186 -1.825028 -1.863072 -1.450075 -1.566018 -0.686636 -1.225332 0.701140 -2.021821 1.405764
8 -0.465307 -0.717719 -0.122665 0.272675 -0.817840 -0.813662 -1.080827 2.250375 1.962478 -0.614985 -1.592838 1.148266 2.097275 -1.505229
12 -0.860564 -0.936954 1.717913 -0.029035 -1.369300 0.769634 -0.725443 -1.001986 -1.386910 -1.296992 -0.353385 9.255052 -2.549501 -1.232528
12 -1.740726 -0.741400 -0.408457 0.525051 0.428044 0.308468 -0.702509 -0.284532 -0.697600 -0.226442 -1.510273 3.794256 2.196623 -0.940502
12 0.101484 -0.506179 0.633254 -0.290141 0.372104 -0.645476 -0.035464 0.367213 -0.548401 0.605470 -0.751711 0.733094 0.286250 -0.321497
7 0.319862 -2.261793 -0.732548 -2.113555 3.258190 -0.326121 6.297256 -0.865665 -1.306447 0.233337 -3.225103 1.675986 -0.693261 -0.260138
12 -2.359746 -1.813696 0.864133 -1.817237 -1.327966 -1.352691 0.397324 -0.224932 -1.195995 -2.013637 0.067523 12.304539 -1.035854 -0.491764
12 0.148485 -0.343674 -0.484033 0.019730 0.073606 0.232275 -0.289788 -0.166346 -0.370623 0.453227 0.142434 1.427751 -0.494237 -0.348808
12 -0.203019 0.119782 -1.131464 -0.350824 0.464599 -0.254377 -0.399928 0.100147 0.002763 -0.203381 -0.029875 2.587473 -0.234545 -0.467351
12 0.191360 -0.240900 -0.434126 0.665247 -0.595916 -0.309673 1.631888 -1.127014 -2.070298 -0.161794 0.027572 3.568321 -0.681636 -0.463030
5 -1.633996 -1.080142 -2.243825 -1.626909 16.530164 -1.113107 -1.156263 -1.467274 -0.415543 -1.556084 -1.609653 0.865176 -1.571907 -1.920637
12 -1.501321 -0.234049 0.710014 0.992314 0.098670 -0.679293 -0.343643 -1.212729 -0.978308 -0.069617 -0.038747 5.337475 -1.557194 -0.523573
12 0.683740 -1.736713 -1.295015 -0.107336 -0.045846 -1.890425 0.669181 -0.100459 -0.311249 1.413755 -1.146165 3.139255 1.455535 -0.728258
3 0.475997 0.459412 2.452399 -0.427315 -1.833030 -0.959998 -1.665346 -1.104482 -0.043209 1.054056 -1.325966 1.235627 1.270835 0.411021
14 0.164204 -0.133708 -0.512509 -0.653261 -2.667508 -0.672113 -1.288370 1.587468 -0.087603 -0.621355 0.313415 0.953042 -1.471527 5.089825
12 -1.803001 -0.064935 -0.832019 -0.276018 -0.639392 -0.992736 -0.105452 0.325867 -1.266254 -0.695944 -0.704854 8.579460 -1.383834 -0.140887
12 -1.263253 -0.165419 -0.883533 -0.585276 -1.129937 -0.012466 0.035828 -0.069690 -0.496294 0.564255 2.440379 2.878471 -0.911004 -0.402060
14 -2.009316 -2.276745 -2.196452 -1.836422 -2.488645 -1.878323 -0.409854 -0.896503 -2.261837 -1.295895 -1.798182 -0.935956 -2.519326 22.803458
14 1.176362 0.713561 0.185442 -0.726126 -1.905446 -0.409071 -0.632901 -1.790804 0.238674 -0.536096 -0.782642 0.021748 0.096569 4.350731
14 -1.818873 -1.354366 -0.623486 -1.074932 -2.039493 -1.968572 -0.157010 -1.242053 -2.109284 -1.254531 -1.150105 -0.765142 -1.644157 17.202003
14 -5.752970 -3.519972 -5.278724 -4.563813 -4.485535 -6.548817 -2.690062 -3.453794 -1.217889 -3.999482 -3.192183 -4.208082 -3.730293 52.641618
2 -1.463783 4.029770 -0.737942 0.860483 -1.824436 -0.023736 -1.537810 -0.557229 -1.251136 -0.280470 0.456814 -0.208988 0.239090 2.299374
14 -4.743688 -0.514275 -3.513387 -0.712352 -3.266952 -3.440670 -2.209197 -3.432913 -2.336260 -1.440796 -1.756052 -2.640647 -2.316853 32.324043
2 -1.105124 1.876079 -0.552442 0.352114 0.225870 0.873992 -0.923988 0.072068 -0.851656 -0.438738 0.386737 -0.128612 -0.077153 0.290855
12 1.343924 -1.188737 -0.936933 -0.815347 -0.967108 -0.351846 0.249320 -0.578219 -1.364966 -0.259067 0.503241 3.027402 0.053059 1.285277
14 -0.207680 -3.661069 -4.953618 -6.103976 -5.689271 -4.828048 -5.047122 -6.236309 -3.602013 -3.021441 -5.827549 -3.143296 -0.941051 53.262443
14 -1.751397 -2.971612 -1.738196 -2.780708 -1.922894 -2.110120 -1.915258 -0.965860 -2.015787 -1.497390 -2.642598 -2.840837 -1.915605 27.068262
7 -0.778192 -0.133246 -0.784185 -1.094786 -0.469154 0.245834 1.307323 0.057717 0.900602 -0.301351 -0.341080 -0.021038 0.345108 1.066446
13 0.838577 -0.370006 -1.468330 0.778991 -0.538294 -0.499209 -1.228489 -0.668733 -0.786862 0.103892 -0.622880 1.454862 1.966769 1.039712
14 -0.327534 0.004092 -0.262051 0.276536 0.500106 -0.230818 -1.088278 -0.445015 -0.065068 1.012589 -0.548965 -0.571480 0.242508 1.503379
14 -3.423496 -2.477729 -2.941870 -0.691727 -2.461421 -0.685129 -4.073295 -1.315402 -0.480974 -2.430763 -2.904388 -1.810478 -0.574231 26.270906
5 -0.904288 0.398369 1.181736 1.907438 2.440057 -0.577261 -0.592704 -1.683737 -0.789184 0.041694 -0.537816 0.500292 -1.330433 -0.054163
7 -2.630034 -0.939372 -0.628638 -1.156733 -0.548520 1.589941 4.290567 -1.044786 -2.026272 -0.840685 1.922174 -0.136146 -2.065347 4.213850
14 -2.890311 -4.384532 -3.676610 -3.694296 -3.998170 -4.074013 -1.311726 -3.464702 -4.082208 -4.673310 -3.351969 -3.223734 -4.366903 47.192485
14 1.964666 -0.722221 -0.382075 -0.142272 -0.105022 -0.839635 -0.427162 0.240987 -0.738144 -0.291537 -0.661037 0.216997 -0.428581 2.315034
14 -1.387046 -1.903200 -0.476997 -2.645933 -2.685373 -2.784640 -3.119269 -2.891151 -1.453830 -1.526706 -4.033733 -2.724675 -0.097039 27.729595
14 1.468215 -1.240496 -0.225378 -0.858848 -0.805495 -0.550292 -0.431572 -0.114654 -0.794306 -0.042228 0.129610 0.962685 -0.487642 2.990401
14 -3.891282 -3.407716 -2.659550 -2.611274 -1.734573 -2.800672 -3.710054 -3.425673 -3.863791 -2.209794 -2.831527 -2.937667 -4.200034 40.283609
1 1.652174 -1.019914 -0.560482 -0.138010 1.202990 0.035931 -1.854480 0.936355 -0.062979 -0.436077 -0.816307 -0.149788 0.255559 0.955030
8 -1.304339 0.604827 -0.763417 -0.303357 0.544075 -0.353103 0.021853 4.294892 -1.059032 -0.823711 -0.552528 -0.315575 -0.018448 0.027863
8 0.054832 -0.261718 -2.011543 -1.742363 -4.238240 -0.172775 -1.660787 16.060167 0.012772 -2.128850 -3.312617 -0.044336 -0.062911 -0.491631
5 -1.162595 -1.476735 -1.418845 -2.282450 26.806016 -2.634500 -3.190228 -1.417351 -1.832225 -2.223916 -3.127916 -1.763790 -1.596894 -2.678573
8 -1.037131 -0.776161 -1.072934 -0.919871 -0.753747 -1.748081 -0.133489 9.931236 -0.504136 -0.335617 -1.294270 -0.765370 0.591669 -1.182099
8 -2.035044 -1.240111 -1.794329 -1.479890 -2.219270 -0.915853 -2.858606 21.993490 -2.039769 -1.462598 -1.269703 -1.938820 -2.318826 -0.420670
9 -0.699610 -0.636041 -0.329311 -0.127200 -0.341942 0.478228 0.152607 -0.078879 0.658055 0.611651 -0.045496 -0.022110 0.491820 -0.111772
8 0.105113 -1.253207 0.664777 -1.216264 -0.542871 1.104093 -0.869875 3.990910 -0.449669 -0.443602 -1.578642 -0.822159 2.628103 -1.316707
8 -1.726684 -0.219450 -2.113467 -1.895161 -3.081748 -0.631714 2.838084 14.562980 -1.558833 -1.197378 -1.859043 -0.403027 -0.735853 -1.978707
8 -0.484250 -0.747391 -0.355191 0.277249 -1.322282 1.560036 -1.759497 8.440637 -1.085479 -0.384092 -1.263238 -0.717020 -1.169037 -0.990445
8 0.644454 1.192612 -0.289531 -0.951470 -0.324144 1.492495 -1.388455 1.802675 -0.035799 -1.096078 -0.868760 -0.334096 0.505784 -0.349686
8 -1.994572 0.340694 -0.145841 0.015891 -0.342343 0.543691 -0.740322 2.984865 -2.121129 1.587006 0.861289 -0.159470 -2.687569 1.857810
8 -0.853894 -0.681039 -1.201311 -0.465796 0.188775 0.704211 0.066519 8.750639 -1.726264 -1.766944 -0.347453 -0.713190 -1.442023 -0.512230
9 -3.020865 1.058536 0.541040 -1.242110 0.453324 -0.116487 -0.603827 1.698497 2.891561 -0.407605 -1.163340 0.600856 0.037405 -0.726986
8 -2.208101 -1.363144 -1.853350 -2.208107 -1.763692 -0.834131 -1.440972 18.263900 -2.534060 -2.041303 -0.087221 -1.728036 -0.259468 0.057685
2 -1.663350 14.565871 -1.577146 -2.196474 -1.997492 -0.890872 -2.194824 3.985620 0.477046 -1.998396 -2.129098 -1.374941 -1.757800 -1.248145
5 -0.180071 0.435699 -0.282673 0.262213 2.816736 0.171266 -0.809245 -0.403322 -0.220205 -0.349237 -1.273438 0.294674 -0.253813 -0.208585
8 -1.374321 -1.780767 -2.286458 -3.030336 -3.123255 -1.904266 -0.582276 18.055784 -0.430767 -2.314587 0.283055 -1.205003 0.831487 -1.138290
8 -1.345345 -1.591642 -2.443039 -0.611034 -0.901062 -1.992927 -0.137907 12.322894 -0.069970 -1.245238 0.084040 -1.254330 -0.914724 0.100285
6 -0.195897 -0.023725 -1.335469 0.277761 0.290213 2.057167 -0.626581 -0.543565 -0.891502 0.600998 0.000056 0.202712 -0.486099 0.673929
8 -3.538897 -0.899350 1.842183 -1.820422 -3.022116 -2.281918 -1.722695 18.136729 -1.319325 -0.973215 -1.847698 0.687390 -1.684655 -1.556012
8 0.471718 1.647117 0.094438 -0.319783 -2.112908 -0.487624 -0.530022 3.896256 -0.751729 0.321193 -1.599078 0.036034 -0.155590 -0.510020
8 -1.139690 -0.735366 -0.733100 0.892292 -1.566813 1.569212 -1.152912 5.172535 -1.124206 -1.441828 -0.737071 -0.558749 1.474668 0.081028
8 -3.130272 -0.035542 -2.074074 -1.223396 -0.987737 -1.919666 -1.155091 16.825480 -1.936551 -1.933816 0.125751 -0.933373 -1.606026 -0.015687
10 0.434549 -1.160021 -0.301569 1.468846 0.463851 -0.622891 0.404391 -1.433144 0.855709 1.636969 -1.636268 0.350758 0.392949 -0.854129
9 -0.371651 -0.499108 0.068694 -0.710233 0.530177 -0.666401 1.416187 -0.303202 3.708905 -1.356034 -0.551952 0.416215 -0.984672 -0.696926
9 -1.614215 -1.006133 -0.321281 -0.472050 -0.085208 0.940069 1.567317 0.147393 2.349681 -1.743602 -0.138979 0.072851 0.835417 -0.531258
10 0.401087 -0.597016 -0.097057 -0.508767 0.063414 -1.216123 -0.811530 0.205044 0.692575 2.464662 -0.648688 0.650725 0.594822 -1.193150
9 -1.274299 -0.995719 -0.167477 -0.367023 -0.025755 0.916168 -0.040368 -0.324138 2.779094 -0.456357 0.969289 -0.628249 -1.189660 0.804493
13 -1.909742 -3.316763 -0.648015 -2.481938 -1.799295 -3.549834 -1.497026 -1.160755 0.834683 -1.916575 -2.859628 -0.943397 26.047951 -4.799665
13 -0.527695 -0.660705 1.106974 0.083038 -0.962630 -1.247069 -0.837675 -0.158994 1.650451 -0.287282 -0.924923 0.836095 2.782325 -0.851910
9 -1.652872 -0.452483 0.004970 0.964543 -1.030087 0.788385 -1.656692 -0.036365 2.302109 -0.979178 -0.391650 1.396065 0.519261 0.223995
13 -1.931753 0.004181 -1.657863 0.087074 0.322637 0.889936 -0.816517 -1.615410 1.098448 -0.416504 -1.757311 0.000830 5.443888 0.348364
13 -1.307300 -1.421825 0.048331 -0.377631 -0.488550 0.114843 -1.014482 -0.520505 2.803977 -0.860170 0.632799 -0.679995 3.615274 -0.544764
9 -0.359283 -0.535623 -0.119287 0.829208 -0.226370 -0.349766 -1.181268 -0.336165 2.201160 -0.935875 -0.475117 0.462231 2.135876 -1.109720
9 -1.277543 -0.143456 -0.017821 -0.521451 -0.330535 -0.519803 -0.440383 -1.143520 3.477155 1.940645 -0.885304 -0.709477 -1.311043 1.882535
7 -0.991652 -2.056453 -0.396787 -2.056074 0.576084 2.374568 3.191867 0.122312 -0.057406 -0.572785 1.164363 1.842634 -1.609247 -1.531422
12 0.017409 -1.130576 -0.519069 1.182941 -0.599974 -0.161209 0.218617 -0.679385 0.343021 -0.032180 -0.099930 1.629212 1.340220 -1.509098
3 -0.931889 -0.430815 1.968751 0.544459 -0.778772 0.113808 -2.133563 -0.430980 0.990278 -0.575087 -0.975165 -0.008357 1.605302 1.042029
1 0.672914 0.011825 0.247277 -0.566189 0.255448 -0.325666 -0.660009 -0.059808 -0.117141 0.462529 -0.048752 0.297233 -0.567535 0.397872
14 -0.017970 -0.778951 -0.905741 0.630509 -0.033110 -0.689928 0.320604 -0.877701 -0.892344 0.136473 0.360678 0.160259 0.204612 2.382608
13 0.133050 -1.569731 0.032956 1.901055 -0.908937 -2.004119 -1.677350 -1.328639 2.396052 2.709677 -1.525253 -0.182641 3.180115 -1.156237
6 0.294212 -0.462248 0.430107 -1.250871 0.637960 2.638579 -0.991067 -0.842652 1.101354 -0.652562 -1.520774 -1.332332 -0.493784 2.444077
