7 -5.201550 -7.811585 -6.277092 -5.286847 -5.642536 -5.469832 46.369684 -6.308981 -4.289356 -6.353557 24.010288 -5.131075 -5.813273 -6.794286
14 -0.069352 -0.680336 0.266838 -1.230002 0.150891 0.106924 -0.593090 1.893023 -0.101203 -0.209875 -0.647481 -0.020697 -0.758769 1.893129
9 -0.797513 -1.559660 0.273289 0.394834 0.332834 -1.414573 -1.049666 -0.920638 3.554823 0.038541 0.528985 -0.865118 1.762788 -0.278926
1 16.658271 -0.970101 -1.869237 -1.198045 -1.340692 -1.040429 -1.712683 -1.206165 -0.877886 -1.421859 -1.695938 -0.836437 -1.290542 -1.198256
6 -0.254810 0.573310 0.149392 0.999039 -0.191114 1.294992 -1.353497 -0.589318 -1.331996 -0.409393 0.819135 0.193358 -0.510795 0.611696
1 2.650595 -0.269301 -0.507636 -0.129241 -0.264848 -0.274332 -0.211575 -0.151954 0.322607 -0.245688 -0.155483 -0.260096 -0.216911 -0.286137
6 -0.466948 -0.588402 -0.353873 0.073518 0.163663 2.212934 -0.020278 0.188660 -0.245287 -0.597520 -0.351984 -0.403985 0.549010 -0.159509
7 -0.741330 0.795531 0.768686 0.391163 0.268670 -0.188038 0.925811 -0.964470 -0.116506 -0.552154 0.390470 -0.270710 -0.103366 -0.603755
5 -2.995476 -1.775834 -2.917262 -1.434290 17.332522 2.262175 -1.507966 -1.502282 -1.679538 -1.733402 -1.742865 2.417489 -2.238142 -2.485128
5 0.944473 -1.013540 0.653261 -0.775284 2.809037 -0.131408 -1.580287 -1.195576 -0.359627 0.744435 -1.055650 0.975850 -1.132660 1.116976
10 0.350510 -0.221895 -0.897037 -1.250258 0.082595 0.914586 0.889715 -0.697772 -1.310426 1.060687 -0.421613 0.491852 0.064860 0.944195
3 0.098743 -1.513286 3.507944 -0.085724 0.478321 -0.505953 -0.925356 -0.652895 0.312845 0.079653 -0.628644 -0.082561 0.442786 -0.525874
3 -0.188898 -0.348545 4.918111 -1.121490 -1.014584 -0.431898 -0.738779 -0.275495 -0.453441 -0.008729 0.187233 -1.242883 -0.624264 1.343662
7 -1.258991 0.291932 -0.213119 0.859501 0.420550 -0.101347 0.937969 0.226465 -1.446167 -0.571620 0.745083 0.193451 -0.660727 0.577019
1 56.292801 -4.127129 -3.901993 -4.095110 -4.321668 -4.907942 -4.975645 -4.344719 -4.590059 -4.277137 -4.205920 -4.321723 -4.957934 -3.265823
11 -2.176837 -1.500112 1.030011 -0.763814 -1.310730 -2.040952 -2.300715 -2.357953 0.328693 -3.128890 17.669960 -1.660456 -0.222609 -1.565596
4 0.152597 -0.947344 0.189795 3.934843 -1.316030 0.395852 0.768661 -0.794563 -0.332535 -0.237773 -0.807864 -0.470740 0.074412 -0.609312
12 -1.821633 -0.791941 0.879737 1.316652 -0.272544 -1.004357 -0.230410 -1.354221 -0.508284 0.431773 -0.466236 3.706606 -0.331911 0.446770
3 -0.056391 -0.563525 1.476060 -0.326920 -1.109171 0.581322 -0.551635 -0.772998 -1.066427 1.237952 0.834304 0.085765 -0.330221 0.561884
11 -0.604329 -1.996341 -1.125185 -2.486993 -1.394219 -1.216720 -1.677359 -0.301192 -1.199549 -1.823136 16.280959 -0.171933 -1.295981 -0.988021
3 -0.205399 -1.650206 9.233368 -0.644552 -0.821654 -0.744848 -0.895863 -0.233768 0.063137 -0.900560 -0.607068 -1.007045 -0.976947 -0.608594
12 0.062510 -0.035657 1.059282 -0.450592 -0.241871 -0.709551 -0.460291 -0.679698 -0.297002 0.507821 -0.264370 1.398918 0.056724 0.053777
14 -0.461966 -0.817717 -0.108808 -0.484204 0.158017 0.760573 0.797708 -2.286640 0.003530 -0.324430 1.138114 0.199837 -0.319375 1.745362
9 -0.751684 -0.274168 -0.565507 -1.062325 -0.084836 0.382510 0.244247 -0.169970 2.801107 0.191913 -0.037855 -0.361332 -0.522244 0.210142
2 -1.053472 1.343345 -0.663251 -0.299428 0.745798 -0.436731 0.176130 0.483409 -1.450384 -0.060457 -0.643489 -0.121411 0.892766 1.087175
8 -1.957764 -0.329017 -0.722238 1.243409 -0.415976 -0.370617 0.631410 3.073459 -0.227247 -0.667243 -0.212491 -0.405646 -0.372879 0.732842
14 -0.093181 0.049139 -0.906832 -0.484406 0.196546 0.574272 -0.028109 -0.850065 0.375766 -0.567206 -0.407898 0.285848 0.763106 1.093019
2 -0.024178 7.033731 -0.893371 -0.965780 -0.455269 -0.077728 -1.023711 -1.835285 -0.513017 0.722614 -1.164824 -0.828184 1.369379 -1.344377
1 29.752261 -2.587751 -2.399806 -3.120280 -2.584641 0.131223 -2.382187 -2.037045 -3.991725 -2.212659 -0.939443 -2.400679 -3.550628 -1.676640
10 0.022137 0.642357 -0.532488 -0.449054 0.076139 -0.338887 -1.008012 0.218127 -0.600022 1.251693 -0.982617 0.364540 0.245568 1.090519
5 -0.792174 -1.068497 -0.653970 -0.256017 9.915447 -0.828537 -0.811503 -0.927416 -0.654244 -0.784750 -0.682291 -0.859922 -0.680650 -0.915477
6 0.604677 -0.870060 0.148786 -0.323664 -0.342280 1.906525 -0.425666 0.045869 -0.627186 -0.199009 -0.173852 -0.821371 0.582430 0.494802
6 -0.707818 -1.838284 0.216931 -1.270126 -0.192447 3.743831 0.016000 -0.486293 -0.149921 -0.195556 -0.653914 -0.475512 0.281199 1.711910
14 -0.184125 1.205457 -0.847594 -0.038359 1.061178 -0.416465 -0.862113 -0.179409 -0.862365 -0.937663 -0.117860 0.191038 -0.121452 2.109733
7 -3.888039 -3.549745 -3.995351 -3.476258 -3.690461 -4.151825 50.357759 -3.685876 -5.014087 -3.579373 -3.257346 -3.802581 -4.634343 -3.632473
14 0.129317 -3.482159 -1.683874 -0.430131 -1.266308 -0.658265 0.595771 0.490400 -2.035946 0.014485 -1.454024 0.315189 -1.089363 10.554909
2 -0.502548 2.433849 -0.549651 0.463216 -0.153168 -0.910960 0.558326 -0.367925 -0.448386 -0.467334 -0.529092 0.067987 0.548768 -0.143083
2 -2.161456 11.685611 -1.145195 -1.278880 -1.752323 -1.602932 0.533783 -1.818982 -1.651054 -1.296720 4.626749 -1.229548 -1.603413 -1.305641
2 -1.428209 8.724012 -0.123586 0.465475 -0.128404 -0.264641 -0.538582 -1.946710 -1.443309 -0.649805 -1.112459 -0.088511 -0.744655 -0.720617
14 0.680765 0.020103 0.601211 -0.338507 -0.433418 -0.613129 0.080303 0.173574 -1.245658 -0.163010 -0.044012 0.274634 -0.212829 1.219972
7 -0.047327 -1.041434 -0.600569 0.134385 0.407028 0.718460 2.334957 0.192138 -1.259331 -0.761525 0.612460 -0.581397 -0.473789 0.365944
3 0.898562 0.504566 3.839283 -0.096834 -1.098912 -2.478125 0.796135 0.367018 -1.612228 -0.072336 1.204001 0.617282 -1.329111 -1.539301
13 0.089883 -0.771818 -0.340920 -0.458555 1.248157 -0.673172 -0.316012 -0.345309 -0.548502 -0.656176 0.026071 0.260263 3.068658 -0.582567
3 -1.724853 -2.070512 23.726352 -1.827130 -1.660112 -1.657188 -1.698023 -1.697230 -1.747202 -1.665784 -2.007156 -1.795508 -2.118009 -2.057645
6 -2.783630 -2.393707 -0.425031 0.994550 -2.104420 12.612921 -0.917416 -0.886380 -0.093648 -2.249574 -0.933653 -0.348851 0.619364 -1.090524
10 -0.470812 -1.022314 0.835422 -1.480532 0.991969 -0.279781 -0.773204 -0.523898 0.057817 1.465429 0.925295 1.107659 0.058142 -0.891192
6 -0.125762 -1.177077 0.829950 -0.206502 0.053525 2.412869 -1.259943 -0.520239 -1.353603 0.990651 -0.509420 0.716741 -1.199971 1.348782
13 -0.459514 -0.599788 -0.191601 1.518121 -0.103679 0.010498 1.055030 -1.607531 -1.369550 0.221160 -0.699997 -0.143437 2.575434 -0.205146
11 -1.226336 2.223994 -0.613311 0.044645 -0.685242 -0.285450 0.050060 -0.753650 -0.722496 -0.864091 4.396056 -0.402506 -0.659570 -0.502105
13 1.980250 -0.141075 -0.559760 -0.850048 0.103429 -0.882995 -0.657550 0.860388 0.247442 -0.831336 -0.935340 -0.018678 2.045162 -0.359889
14 -0.736120 -1.277150 -0.342230 -1.297190 0.885451 -0.528128 -0.318383 -1.301214 -0.832370 0.723183 -0.634358 -0.063178 -0.375736 6.097422
13 0.608148 -0.309964 0.451852 0.120074 -0.658475 0.707956 -0.247743 -1.260508 -0.157113 -0.236808 -0.544269 0.537613 0.955107 0.034131
14 -0.092044 -2.140796 0.165538 -0.513831 -0.716646 0.218163 -2.159116 -1.275722 -0.221353 0.130444 -0.503656 -0.102353 -1.191109 8.402480
11 -1.386971 -1.850457 -2.855816 -2.509684 -1.546285 -3.476661 -4.919850 -3.460345 -2.459627 -2.731601 31.176818 -1.321385 -0.957232 -1.700905
7 0.117418 -0.034477 -0.842637 -0.364470 -0.593063 -0.195062 3.783160 -1.249312 -0.377429 -0.726604 -0.156062 0.165485 -0.592776 1.065828
6 -0.743113 0.141629 -0.494082 -0.336320 0.020311 3.756900 -0.374560 0.325004 -0.987103 -0.631598 0.099406 0.242301 -0.730751 -0.288024
4 -3.309137 -4.530563 -2.397494 40.824908 -3.593286 -3.910068 -3.505342 -2.533354 -2.985634 -2.622250 -2.709408 -2.716751 -3.223859 -2.787762
4 -3.194866 -4.020091 -3.043720 41.943269 -3.710420 -3.575069 -2.785365 -2.853562 -3.238139 -3.017740 -3.292050 -2.877595 -3.674030 -2.660621
4 -2.351230 -0.124035 -2.526991 22.785053 -1.841980 -2.449901 -0.741710 -0.391293 -3.377689 -1.869054 -1.294161 -2.894543 -3.073862 0.151395
7 -3.849610 -2.842846 -4.202922 -4.110505 -5.135042 -3.024513 53.436241 -5.163432 -4.075638 -4.086717 -5.190415 -3.958822 -4.694580 -3.101197
7 -5.697665 -4.484992 -4.893608 -5.727755 -4.689773 -6.288069 62.475510 -5.129096 -4.741977 -4.178642 -3.458163 -5.064496 -3.150556 -4.970717
7 1.799496 -1.330910 0.691529 -0.285712 -0.794000 -0.840997 3.844504 -1.028844 -0.695789 -0.331180 -0.738039 0.677153 -0.291588 -0.675622
7 -4.908702 -6.552203 -5.447971 -6.293150 -5.699962 -5.986493 73.433240 -5.324280 -5.289175 -5.187050 -5.044630 -5.612613 -5.667399 -6.419613
7 -4.228482 -4.206292 -4.099689 -4.590860 -4.082518 -4.648981 52.263271 -3.603306 -4.180304 -3.678251 -3.655246 -4.211495 -3.825536 -3.252311
6 -1.736168 0.059787 -0.687396 -1.088480 -1.897212 13.229195 -0.156729 -0.962350 -1.986150 -0.979883 -1.106253 -0.657232 -1.574743 -0.456387
9 -0.804577 0.064059 0.267032 0.702149 -0.412217 -0.165605 -0.007897 -0.148743 1.460932 -0.567142 0.578799 -0.303115 -0.793069 0.129395
10 0.404614 0.202997 1.679146 -0.705883 0.375602 0.066007 0.222813 -1.262168 -1.362555 2.183868 0.841011 0.672690 -2.071196 -1.246945
8 -0.260842 -0.006376 -0.242248 -0.156247 0.361893 0.645359 -0.273593 2.468198 -0.297743 -0.818096 -1.122745 -0.480559 0.594096 -0.411097
2 -1.409504 2.291109 -0.979737 1.268109 -0.278853 -0.747773 -0.159674 2.261988 -0.558622 -0.340799 0.772216 -1.060020 -0.470677 -0.587762
6 0.133015 -1.920313 0.354379 0.359219 -0.671420 3.145399 -1.159037 -0.906954 0.405656 0.418917 -1.633434 -0.188533 1.179662 0.483445
4 -4.447963 -3.452690 -3.831464 41.646591 -4.168036 -3.846716 -0.493166 -2.552427 -1.800122 -3.796770 -3.899906 -3.270141 -2.304398 -3.782793
4 -3.997487 -4.634969 -2.269673 40.948884 -2.950929 -4.234925 -3.261590 -3.342311 -3.238027 -2.040017 -3.082336 -3.119161 -1.040828 -3.736631
4 -3.886257 -3.952318 -2.567581 41.971513 -3.597512 -3.410148 -2.671716 -3.674252 -2.449373 -3.327864 -3.280420 -2.229869 -4.255240 -2.668964
11 0.300390 0.138046 0.219485 -0.392463 -0.024772 -0.074129 -0.870589 -0.457017 -0.520136 -0.550050 2.067085 -0.110790 0.503313 -0.228373
7 -0.461801 0.216443 -0.321698 -0.817449 0.352454 -0.829385 1.878372 0.136440 -0.753490 -0.089921 0.780421 -0.447461 0.506859 -0.149785
9 -0.232304 -0.178653 -1.013015 -0.294607 0.111848 0.253649 -0.386021 -0.288214 0.935084 -0.501337 0.403642 0.070426 0.905768 0.213735
4 -3.778221 -2.519661 -2.861569 41.392996 -3.701994 -3.216889 -2.365679 -2.243302 -3.740604 -3.653662 -1.685325 -4.481465 -3.477157 -3.667469
5 -2.037764 -1.279987 -1.148026 -0.752168 19.755289 -1.950750 -1.561352 -1.340671 -2.271841 -1.777990 -1.021565 -1.099629 -2.565619 -0.947928
13 0.006130 0.195663 -0.289154 0.693604 0.001260 1.213875 -0.059370 -1.600697 -0.798172 -0.650460 -0.430950 -1.091043 2.144095 0.665218
13 0.021559 -0.610606 -0.011877 0.304314 -0.179335 -0.582760 0.362017 -0.495280 0.597706 -0.027689 -0.299724 -0.009460 1.055545 -0.124410
11 -1.241064 -0.953181 -0.818772 -2.672960 -1.734190 -1.645010 -0.757702 -2.174103 -1.329053 -2.553010 20.001961 -0.080273 -1.695071 -2.347573
11 -3.916954 -2.024443 -2.863915 -2.138818 -2.637275 -2.836628 -3.314757 -2.375022 -2.823685 -3.507192 36.592692 -2.492891 -2.730132 -2.930981
11 0.038960 -0.125466 -0.666165 0.225465 -0.952085 0.627932 -0.948835 0.434452 -2.494391 -0.944998 5.168518 0.268497 -0.468159 -0.163727
6 0.755310 -0.260375 1.005569 -2.088446 0.139032 3.078034 -0.527580 -1.217646 -0.443465 0.882142 -1.616520 0.070867 0.089131 0.133948
1 28.055821 -1.226644 -1.989802 -2.757064 -1.855985 -2.480671 -2.042083 -2.210693 -3.207099 -3.236894 -2.364147 -2.446444 -1.344514 -0.893781
13 -0.233637 -0.695005 0.726190 -0.173050 -0.955007 -0.957730 0.468454 -0.724627 -1.751273 -0.813068 -0.050892 -1.360249 6.394822 0.125071
3 0.718741 -1.255074 3.434003 0.417957 -0.674726 -1.132840 -1.369262 -0.673119 1.389154 -0.138341 -1.791310 -0.029505 0.160003 0.944319
4 -2.891279 -3.534895 -3.166862 42.175856 -3.545195 -4.097887 -2.972898 -2.646472 -3.537628 -3.149104 -3.169094 -3.370183 -2.914744 -3.179616
4 -2.276696 -0.533058 -2.266239 41.191605 -2.913013 -3.293662 -3.259695 -2.733169 -5.161570 -4.263043 -2.381431 -3.593442 -4.751611 -3.764975
2 -1.700166 10.034006 0.152084 0.429743 -0.237570 -0.411115 -1.283340 -1.505160 -1.403560 -1.240243 -1.132994 -1.137669 -0.871142 0.307125
3 -0.586770 -0.403956 1.087417 0.964993 -0.110886 -1.033879 -0.590081 -0.903229 -0.033716 0.811297 0.091794 0.426547 -0.307740 0.588209
1 0.000000 0.000000 0.000000 0.000000 0.000000 0.000000 0.000000 0.000000 0.000000 0.000000 0.000000 0.000000 0.000000 0.000000
2 -3.102540 10.594019 -0.454119 -0.114172 -0.354241 -0.530031 -0.403110 -0.557274 -1.479763 -0.914458 -0.079837 -1.089722 -1.065118 -0.449634
3 -0.181335 -0.559749 1.343486 0.147615 0.160874 -0.438809 -0.344381 -0.541674 -0.794631 0.831549 -0.135886 -0.042479 0.555253 0.000169
1 28.013873 -3.256480 -1.532098 -1.618553 -2.374677 -1.716378 -1.237017 -1.771714 -2.572070 -3.713091 -0.967117 -2.949755 -2.304172 -2.000752
7 -5.570860 -5.268032 -5.348117 -5.315156 -5.706215 -5.741840 71.988153 -6.011282 -6.094622 -5.398339 -4.309213 -5.256058 -5.514480 -6.453937
6 -3.721023 -3.183493 -2.395346 -2.450524 -3.484253 36.203560 -2.854732 -2.424123 -2.134450 -3.347586 -2.696940 -2.641141 -1.996860 -2.873088
4 0.729130 -1.435470 -0.744719 1.117134 0.052280 0.254851 0.094168 0.155645 -0.612881 0.007880 0.203438 -0.115515 -0.297340 0.591399
13 -0.517122 -0.357854 -0.387174 -1.398723 0.929253 2.296233 -3.548452 -0.385697 0.111319 1.991125 -0.117443 -1.288026 2.342708 0.329854
1 2.450445 -0.132173 -0.773897 -0.889961 -0.107296 0.803519 -0.249646 -0.568052 -1.059235 0.074543 -0.170104 -0.377877 -0.211838 1.211572
3 -0.722898 -0.047702 2.129825 0.112188 -0.209028 -0.432509 0.991240 -0.485142 -1.237896 -0.322054 0.487987 -0.214306 -0.549218 0.499513
10 0.012854 -0.205954 0.974845 -1.284737 -0.357570 -0.504019 -0.954611 -0.685813 -0.329814 2.198253 -0.379507 0.226890 -0.475619 1.764803
1 2.794466 0.667715 -0.739805 0.408227 0.134488 0.215487 -1.137374 -0.596823 -0.975810 -0.602288 -0.271211 -0.056486 0.635578 -0.476163
8 -0.573081 -0.743632 -0.440984 -1.087663 1.738954 1.425448 -0.041238 2.107048 -0.722511 0.431713 -0.610489 -0.614536 -0.063146 -0.805883
7 -4.550005 -3.507422 -2.815807 -3.875102 -3.739124 -4.289758 49.578466 -3.154041 -4.134245 -4.563625 -3.270143 -4.081742 -3.705500 -3.891952
8 0.000000 0.000000 0.000000 0.000000 0.000000 0.000000 -0.038246 0.399521 -0.301597 -0.003746 -0.024741 0.000000 -0.031190 0.000000
11 -0.410430 0.005555 -0.256306 -0.896942 -0.247411 0.355197 -0.738710 -0.707703 -0.356917 -1.152023 5.790539 -0.487445 -0.591204 -0.306201
10 0.611339 -0.846007 0.444299 -0.279105 -0.386434 -0.606804 -2.314835 -0.782590 -0.210730 4.599988 0.200864 0.534450 -1.127735 0.163299
14 0.908642 0.575173 0.089947 -0.639656 0.082305 -0.667681 -0.186580 -0.802263 0.645864 -0.515427 -0.310425 0.924318 -1.673524 1.569307
13 -0.341248 -0.414193 1.632230 -0.472060 -0.352062 -0.405921 -0.413447 -0.555168 -1.197616 -0.223078 -0.275558 -0.429794 4.381795 -0.933880
2 9.197961 17.240471 -3.727388 -2.688259 -1.855946 -1.214121 -2.899714 -2.046092 -2.077389 -2.828717 -0.680064 -2.481048 -1.917317 -2.022376
12 0.089977 0.000000 -0.019812 -0.257253 -0.099726 -0.140360 0.240514 0.215117 -0.213696 -0.101007 -0.012533 0.348889 0.149634 -0.199744
2 -0.699862 11.278814 -1.604140 -1.151126 -0.619598 -0.553664 -1.471039 0.293505 -0.514720 -1.185860 -0.696710 -1.793148 -0.951114 -0.331337
4 -0.624009 0.348752 0.040610 0.641067 0.108782 -0.061165 0.293876 -0.116882 -0.975949 -0.025466 0.413012 0.156506 -0.516505 0.317370
4 -3.595940 -4.281831 -4.149696 40.430551 -4.643091 7.956518 -4.074038 -3.567037 -3.547209 -4.369909 -4.581178 -3.493352 -3.665716 -4.418072
1 51.294162 -4.042550 -3.934476 -3.834935 -3.904134 -4.015423 -3.908395 -4.224044 -3.151745 -3.990435 -3.710932 -4.002022 -4.316535 -4.258536
1 50.608675 -2.443990 -4.075561 -3.627532 -3.846710 -3.838472 -5.303163 -3.725726 -3.766895 -3.157936 -3.634836 -4.686888 -4.529266 -3.971702
1 29.452766 -1.636129 -2.385300 -2.835727 -2.624302 -2.769894 -2.106206 -1.831982 -1.082932 -2.622143 -2.253464 -2.326628 -2.542027 -2.436032
8 -1.378281 1.959227 -0.389672 -1.492743 0.090094 -0.862434 -1.257715 2.316290 1.928447 0.469179 1.525500 -2.324277 0.599579 -1.183194
4 -3.443635 -3.739894 -3.652897 44.358796 -3.596607 -3.095701 -3.052416 -3.456420 -3.981866 -3.174598 -2.884281 -3.283285 -4.604469 -2.392728
7 -0.566899 -1.174795 -0.538751 -0.510066 -0.021852 0.358729 1.461899 0.165280 -0.023190 -0.722678 -0.056865 -0.544428 1.402342 0.771272
2 -2.255615 13.210320 -1.035564 -0.816740 -1.796186 -0.443782 0.466721 -1.342916 -1.138471 -1.173109 -0.701979 -0.512102 -0.508517 -1.952060
1 4.115231 -0.882132 -0.442024 0.301964 0.325759 -0.415171 0.014141 -0.632089 -0.676500 -0.482312 -0.643159 -0.201963 0.138135 -0.519882
10 0.942030 -0.608853 -0.230650 -1.398962 -0.899790 0.591295 2.448737 0.787351 -1.294589 2.999873 -0.473482 -1.077725 -0.690729 -1.094505
13 0.187202 0.348977 0.157084 -0.986427 -0.525872 -0.728798 -0.381942 -1.337655 0.870901 -0.511944 0.482137 0.550357 1.210475 0.665506
9 0.251641 0.309193 0.075118 -0.801708 0.976455 0.882366 -0.669985 -0.670832 1.611284 -0.226119 -0.282953 -0.225148 0.038938 -1.268248
9 -0.937556 -0.549571 0.513231 -1.114733 -0.000592 -0.310875 -0.233230 0.633196 2.922015 -0.187519 -0.486932 -0.963728 0.696345 0.019948
3 0.823330 -1.690732 3.135379 -0.615527 2.219852 1.708432 0.498423 0.354423 -0.985540 -1.392547 -0.493156 -0.133222 -2.844725 -0.584390
4 -2.904132 -3.314718 -3.048035 42.418228 -3.723177 -4.190164 -3.533409 -2.712921 -3.043221 -3.734404 -2.916934 -3.202446 -2.504165 -3.590502
4 -3.721279 -3.286548 -2.173965 41.896012 -3.359314 -3.626944 -2.375098 -3.037942 -2.624096 -3.376300 -3.948744 -2.585712 -4.108715 -3.671354
4 -3.431691 -3.936021 -2.501131 46.016344 -4.419616 -4.676427 -4.204514 -3.009357 -3.985534 -2.186478 -3.611444 -2.641636 -4.691952 -2.720542
4 -2.358882 -1.663243 -1.807302 24.212779 -1.836235 -2.168009 -1.740035 -1.436538 -2.268203 -1.726157 -1.456127 -1.672213 -2.407257 -1.672578
4 1.047971 -1.721345 -0.629992 4.011741 -0.743881 0.752043 -2.486778 1.530303 0.549394 -0.367637 -1.563602 0.458664 -0.155718 -0.681162
1 27.598565 -2.790566 -2.191457 -2.616510 -2.232583 -1.773638 -3.116507 -1.971616 -1.601172 -0.865265 -2.484298 -1.240133 -2.070862 -2.643959
7 0.024364 -2.359619 0.505029 -1.044220 -0.712578 -0.565403 4.195321 -0.286041 0.003067 0.138715 0.041771 0.456842 0.045135 -0.442385
8 0.351799 -0.921128 -0.687629 0.258515 -0.106585 -0.465043 -0.074705 1.115961 -0.956203 0.489568 -0.170984 -0.420197 0.736207 0.850424
1 31.600730 -2.684217 -2.350698 -2.528342 -2.210043 -3.641481 -2.891899 -2.586972 -1.231817 -2.860868 -2.286577 -2.126057 -1.610851 -2.590908
1 30.981179 -1.895404 -2.603943 -0.320105 -2.925339 -3.217478 -1.970016 -3.224800 -1.553742 -3.302225 -2.749156 -2.106979 -2.056032 -3.055961
3 -0.144458 -1.893249 3.300176 -0.531409 -0.673946 -0.438130 -0.138143 -0.767653 -0.079373 -0.640882 0.717898 0.958702 0.535205 -0.204740
3 -1.300492 -1.321163 7.625581 -1.289543 -1.218445 0.818825 0.065560 0.564372 -0.041760 -0.390718 -1.242285 -0.336494 -0.625990 -1.307447
1 19.775840 -2.380720 -1.964675 -0.611186 -1.795959 -1.453136 -1.924895 -0.588316 -1.295134 -2.336567 -1.507067 -1.539489 -1.216302 -1.162393
3 -1.175109 -0.993515 21.025609 -2.162182 -1.171809 -1.400747 -1.452981 -1.182759 -1.853648 -1.670824 -1.030065 -1.851845 -2.359360 -2.720766
14 0.039216 -1.571928 -0.593060 -1.100472 0.444446 1.034136 -0.545596 -0.150827 -0.600731 0.585495 0.324566 0.247066 0.111518 1.776170
14 -1.013818 -1.881802 0.083755 -0.409082 -0.134786 -0.561979 -0.378124 -0.647996 -1.610004 -0.618659 0.209107 -1.184187 -0.878444 9.026020
8 -0.844797 -0.284051 -0.514796 0.196838 -1.612153 -1.358956 2.358121 7.335680 -0.884033 0.604739 -1.296528 -1.040920 -1.289188 -1.369957
3 -0.148602 -0.960018 6.735905 0.583324 -0.918951 -0.762982 -0.583721 -1.319551 0.013498 -0.814932 -0.765696 -0.456494 -1.505307 0.903530
6 -1.043265 -1.160515 -0.840654 -0.778319 -1.133422 11.159438 2.838094 -1.911104 -0.986170 -1.300561 -0.969415 -1.044491 -1.667637 -1.161978
3 -0.860302 -0.911888 2.276358 -0.593909 -0.071809 0.966186 -1.538147 -1.487251 0.701317 0.509213 0.910694 0.763415 -0.761294 0.097417
3 -0.704202 -1.905944 15.415193 -2.442866 -1.630108 -0.742165 -1.833699 -1.626205 -0.791826 -0.663678 -0.742727 -0.028002 -1.542897 -0.760874
14 0.236301 -0.157756 0.289159 -0.121581 0.022175 -0.242859 -0.301282 -0.182745 0.302065 -0.488010 -0.112247 0.200420 0.060418 0.495942
11 -0.984278 -1.324210 -0.725007 -0.202410 0.351816 -1.040017 1.656829 0.266987 -0.288347 -0.506500 2.937314 -0.412544 -0.373174 0.643542
11 -1.307657 -0.965924 -0.259935 0.783417 -0.320967 -0.024118 0.393677 0.079703 -0.326327 0.205926 1.966839 0.257098 -0.116096 -0.365637
11 -2.780581 -2.974985 -2.411548 -1.233825 -2.084102 -3.159281 -2.118527 -1.806317 -2.528163 -2.780804 30.253108 -2.285305 -2.355034 -1.734636
11 -0.537844 0.557027 -0.405279 0.355965 0.813971 -0.184573 -0.565721 0.134901 -2.216367 -1.159599 3.039629 0.219068 -0.172965 0.121787
1 31.127890 -2.085810 -0.685004 -2.703468 -2.030284 -2.167554 -3.188590 -2.364547 -2.664006 -2.723289 -2.974682 -2.159993 -3.232277 -2.148386
5 -1.794931 -0.709502 -0.407211 0.178792 6.013626 -0.277534 -0.201989 -0.824277 -1.104090 -0.276728 0.274170 -0.010586 -0.382151 -0.477587
4 -3.938964 -2.471596 -4.099579 44.564867 -2.267116 -3.544695 -3.305777 -3.168922 -3.238633 -3.209953 -4.316332 -2.259312 -4.722343 -4.021644
7 -4.912476 -4.065791 -4.705008 -4.930172 -4.198736 -5.569279 62.384875 -4.834181 -4.792758 -4.145593 -6.679738 -4.898180 -3.969873 -4.683089
3 1.491759 -0.984696 1.906722 -0.184522 -0.011313 0.519120 0.109212 -0.429244 0.142214 1.234111 -0.946055 0.186774 -3.588041 0.553959
5 -1.651506 -0.022003 -0.387771 -0.493296 10.975301 -0.055326 -0.895953 -1.037918 -1.146607 -1.134912 -1.117870 -0.463372 -1.992342 -0.576423
4 -3.333325 -3.106513 -3.002000 42.750993 -2.214286 -4.109182 -3.200989 -2.462450 -3.027533 -3.252947 -4.280428 -2.960396 -3.708207 -4.092738
6 -2.325251 -2.460994 -2.788954 -2.973767 -2.448156 32.982609 -2.450180 -2.316724 -2.353679 -2.471490 -3.250961 -2.424259 -2.401763 -2.316429
8 -1.740743 -1.075098 -0.496891 0.089778 0.059001 1.845912 -0.315096 2.836946 -0.310968 -0.922723 -1.083631 1.745711 0.483920 -1.116119
6 -1.491913 -1.668639 -1.295551 -1.494632 -1.646876 21.448840 -1.907038 -1.277696 -1.536796 -1.494115 -1.395147 -1.916730 -2.089047 -2.234660
6 0.460850 -0.999027 -0.252742 -0.469532 -0.694011 2.116142 0.766919 -0.680280 0.531235 -0.637821 -0.439209 0.145573 -0.575069 0.726971
3 0.874871 0.739157 1.386871 0.167738 -1.023291 -0.456554 0.379918 -0.117005 1.090788 -0.414490 0.911733 -1.023623 -1.625542 -0.890571
13 -0.519710 -0.775699 -0.002975 0.326553 -0.678917 -1.309974 -0.720236 -1.312311 2.132899 -1.000376 -0.686989 -0.281969 4.889235 -0.059531
13 1.357136 0.353393 0.072309 -0.558314 -0.647141 -0.003642 -0.598429 -1.264111 -0.491159 -0.184002 0.341468 -0.190613 2.741385 -0.928280
6 -0.516154 -0.142511 -0.371459 -0.252816 0.161322 1.015639 -0.364581 0.094130 0.034126 -0.577877 -0.090041 -0.485620 0.733461 0.762381
9 -1.641497 -1.251957 -0.374449 -1.206452 1.484439 0.044458 0.158343 -0.937501 3.832685 0.190462 -0.834087 -1.357466 0.834608 1.058414
12 0.268580 -1.104170 0.868922 -0.363310 -0.843741 -0.142542 0.213042 -0.351179 -0.933382 0.628580 -0.562338 2.117963 0.389171 -0.185596
4 -3.150477 -4.198908 -2.938114 41.933173 -3.716345 -4.285061 -2.556510 -1.614091 -3.295555 -3.513234 -3.563232 -2.660826 -4.120101 -2.320719
14 0.891034 -1.207126 -0.126598 -0.600356 0.176918 -0.190364 -0.128794 -0.193145 0.018630 -0.547062 -0.368389 0.631657 0.459998 1.183597
4 -1.911228 -2.177825 -2.242567 27.612150 -2.724264 -3.414890 -1.612248 -2.392069 -2.713641 -1.746385 -1.698450 -2.340133 -0.468532 -2.169919
4 -3.836664 -2.963298 -4.001890 48.036861 -3.963459 -2.930828 -2.808645 -3.134540 -3.876970 -4.339168 -3.580065 -4.062122 -4.687401 -3.851811
3 -2.317974 -0.515823 25.901241 -2.611273 -3.128949 -0.178065 -1.365076 -1.939641 -1.173255 -3.415372 -0.816256 -2.760180 -1.831356 -3.848021
3 0.894406 -0.086356 2.935506 1.278395 -1.374162 -0.883011 -0.109390 -0.349085 -1.198996 0.190800 0.112544 -0.597448 -0.128357 -0.684847
8 0.785287 0.065459 -0.565271 -0.368475 -0.448081 -0.233067 -0.056778 1.391116 0.320907 -0.078058 -0.863630 0.577787 0.690194 -1.217389
6 -0.447332 -0.004372 0.275909 0.403687 0.259839 0.679433 -1.101646 -0.106056 -0.874590 0.370985 0.436290 -0.393046 0.119293 0.381604
13 -0.938545 -0.672907 0.237639 1.182367 0.008881 -0.417584 0.568800 -0.340348 -0.462898 -0.695319 0.211327 -0.142407 1.678717 -0.217722
14 -0.017891 1.073969 -0.376453 -0.003366 -0.357098 0.033983 -0.047895 0.115932 -0.545439 0.016609 0.509301 -1.144345 -1.150495 1.893189
7 -1.753924 0.190283 0.413039 -1.132354 1.253051 0.909360 2.430714 0.116546 -2.094746 -1.042071 1.138777 -0.343709 -1.169022 1.084054
4 0.702977 -1.592052 -0.298171 1.071335 -0.049774 -0.034884 -0.187315 -0.279244 -0.106327 -0.312182 -0.439279 0.187315 1.008997 0.328605
6 0.798791 -1.381372 0.602206 -0.146155 -0.189648 1.759266 -0.032649 -0.623127 -0.399798 0.224033 -0.832030 -1.126943 0.419520 0.927906
4 -2.946067 -3.188392 -3.460211 40.661673 -4.036481 -3.193198 -2.593377 -1.890750 -1.253815 -4.632806 -2.669486 -3.640272 -4.021479 -3.135337
4 -3.345471 -3.891231 -3.155266 41.615860 -3.417256 -3.546110 -2.804465 -2.118091 -3.180689 -3.012227 -3.285484 -2.977825 -3.246421 -3.635325
1 2.691761 -0.699485 -0.353836 -0.138211 -0.598205 0.231849 -0.111689 0.472315 -0.510757 -0.360595 -0.707125 0.484203 -0.881117 0.480890
12 1.069786 1.403273 0.268697 -1.657044 0.134501 1.080719 -1.323073 0.416072 -2.104795 -1.019430 -0.873884 3.176350 0.477274 -1.048443
1 16.780206 -0.549149 -0.451287 -1.090892 -3.378568 -0.494347 -1.667428 -1.734329 -1.001746 -1.043971 -1.222449 -0.887847 -2.200996 -1.057196
14 0.070189 -1.302225 0.234848 0.176945 0.185984 0.350693 0.044012 -0.234833 0.874953 -0.773045 -1.354036 0.689706 -0.698867 1.735677
2 1.300776 1.559758 0.791756 -0.525530 -0.032470 -0.361140 -0.167837 -1.070425 -1.750068 0.616501 1.174280 0.317770 -2.211679 0.358307
4 -2.006605 -3.190468 -2.338804 25.287258 -2.184694 -2.336905 -1.209466 -1.506137 -1.407547 -1.061719 -2.524993 -0.779393 -3.803245 -0.937282
5 -0.948490 -1.592029 -1.109522 -0.379132 12.289468 -0.934477 -0.988421 -1.612114 -0.924404 -0.820056 -0.380655 -0.382686 0.100030 -2.317512
4 -2.958881 -3.494415 -3.552372 43.716361 -2.804532 -3.113199 -4.418466 -3.159719 -3.784852 -2.192168 -3.668272 -2.586987 -4.891587 -3.090910
14 0.415638 -1.491411 -0.280294 -1.175119 -0.112351 -0.944943 -0.093689 -0.804459 0.026281 -0.582284 -0.456996 -0.339042 -0.363283 6.201952
5 -0.311562 0.689576 0.051700 -0.092776 0.710613 0.359181 -0.289788 -0.337771 -0.109757 -0.111465 -0.393611 -0.063974 -0.123172 0.022807
7 -0.070175 -0.112329 -0.381135 -0.667151 0.051205 0.359190 0.448151 0.416608 -0.006223 -0.024094 -0.025985 -0.000730 0.104918 -0.092248
4 -3.597643 -4.303172 -3.443386 41.640386 -4.494801 -2.721104 -0.422249 -1.938327 -3.168927 -3.187138 -3.770714 -2.378901 -4.024711 -4.189314
10 1.034591 -3.323813 2.207956 -1.585442 -1.472053 -1.872214 -0.718353 -1.883535 -0.197962 4.214122 -0.069748 3.942437 -1.514942 1.238954
14 -0.267955 -1.263225 -0.278001 -1.295959 0.294956 0.462255 -0.591365 -0.366671 -0.542205 1.036291 0.054689 -0.859946 0.491070 3.126063
6 -2.784266 -1.850074 -1.690457 -1.332069 -2.220295 21.934674 -2.923162 -1.762059 -0.502375 -1.560944 -1.095869 -0.507493 -1.578610 -2.127002
6 -0.568357 0.227505 -0.358800 -0.489175 0.277287 1.454935 -1.103456 -0.374146 0.703582 -0.038625 -0.138800 0.433270 0.403292 -0.428513
4 -0.268316 -0.450648 0.086223 0.821949 -0.049461 0.406336 0.712042 -0.916009 -0.276104 0.011838 0.308304 -0.437008 0.346150 -0.295296
4 -4.547607 -3.915115 -3.844517 43.905133 -4.127232 -0.975568 -2.910308 -2.287096 -3.704045 -4.171837 -3.118931 -2.799895 -3.735996 -3.766987
10 -2.016602 -0.871783 -0.684603 -0.607379 -0.028367 -1.467899 -2.097971 -0.163508 0.065750 11.689957 -1.219135 -1.179313 0.799210 -2.218357
8 -0.377344 0.840272 -0.438691 -1.120406 -0.654442 -0.539563 -1.610722 6.059721 -0.144246 1.583603 -1.247031 -0.608482 -0.953898 -0.788770
8 -0.931670 -0.506747 0.489091 -0.414669 -1.248901 0.174262 -0.806556 5.191512 0.277237 -0.614641 -1.148366 -0.429003 0.550455 -0.582005
1 27.923919 -3.128274 -1.286246 -0.770169 -1.157026 -3.508907 -2.676694 -2.965727 -1.791071 -2.717764 -1.968806 -3.680425 -0.707259 -1.565552
4 -1.672955 -0.120015 -2.062055 23.797422 -2.397030 -2.759701 -2.484537 -1.393571 -2.773520 -1.930782 -1.328991 -2.314729 -1.144494 -1.415045
5 -0.405203 -1.438433 -0.607440 -1.111361 9.932173 -1.610044 -1.531980 0.315234 -0.687737 -0.784795 -1.899000 -1.405479 2.006449 -0.772385
11 -2.391892 -0.499124 -2.324191 -0.706600 -0.991701 -2.666163 -1.282113 -2.405113 -2.524824 -1.332898 24.902726 -2.545777 -2.588406 -2.643925
4 -0.498334 0.281460 0.356112 0.957069 -0.091145 -0.328673 0.767275 -0.387148 -1.184780 -0.343153 0.288617 -0.012321 -0.556118 0.751141
1 1.343002 -1.962717 0.455075 -0.679614 0.227241 -0.255179 -0.410934 1.000618 0.977583 1.191693 -1.584911 1.036544 -0.355050 -0.983352
8 -0.288747 -1.308044 -0.924604 -0.136905 1.912879 0.886097 -0.847323 1.941074 0.791290 -0.485065 -0.426459 -0.380777 -0.489641 -0.243774
8 0.825972 0.103531 0.438575 0.426516 1.053214 -0.617783 -0.652694 1.477437 -0.742475 -0.854589 -0.993744 -0.000558 0.104111 -0.567515
4 -0.237860 -1.875486 -0.002768 3.338744 1.792843 0.468946 -1.336344 -0.234088 0.414112 -1.068846 -0.834447 -0.103446 0.304518 -0.625877
1 2.242186 -0.023078 -0.115841 -0.424134 0.307320 -1.191835 -0.111974 0.101356 -0.479987 0.754722 -0.748696 -0.276006 0.694167 -0.728201
4 -3.704005 -4.144551 -2.310631 42.382266 -3.718686 -3.759854 -3.177261 -2.104830 -2.924081 -3.405072 -3.181451 -2.701021 -3.671904 -3.578920
7 -1.414221 -0.277604 -1.598232 0.505645 0.659990 0.610958 2.494275 0.580471 -1.696625 -0.318391 0.857989 0.432865 -1.102353 0.265233
13 -0.123316 1.103393 -0.044549 0.226537 -0.506195 -0.072546 -1.857881 -0.990156 -0.200512 1.749273 -0.953273 -0.412604 1.933976 0.147854
1 7.323783 -3.004447 -0.099700 0.130499 -1.047576 -1.927396 -0.244938 -1.622987 -1.472926 1.329444 -1.683264 2.813980 -1.632315 1.137844
6 -1.267858 -1.268666 -1.619041 -1.183874 -1.014271 16.333909 -1.414574 -1.225069 -0.849465 -2.229354 -0.556315 -1.949654 -1.318077 -0.437691
3 -1.134027 -1.682800 3.712947 -2.016795 0.697911 0.165593 0.381168 -0.830832 -0.857021 -0.702392 0.060010 1.218058 0.979541 0.008638
5 0.054125 1.735062 -2.052630 -0.577141 3.134230 -1.268450 -0.068462 2.837336 -0.462474 -0.903918 -1.670998 -0.750647 0.551259 -0.557291
8 -1.641211 -1.295045 -0.731318 0.024972 -0.583069 0.932546 -0.809793 8.933733 -1.651076 -1.709790 -0.838421 0.381805 -0.824507 -0.188826
14 -0.409853 -0.283685 0.074275 -0.491424 0.248568 -0.544271 0.101271 0.218823 -0.014044 0.487679 -0.001475 -0.133095 0.184278 0.562953
1 1.330449 0.878146 0.286825 -0.351378 -0.282058 -0.641545 0.471405 -0.059698 -1.186953 0.410804 1.128254 -0.196404 -0.910949 -0.876897
6 1.470576 -1.032453 -1.599381 -0.668736 -0.131256 8.301641 -1.786569 -0.889228 -0.559164 -1.020570 -1.360890 -0.006550 0.028529 -0.745949
4 -1.188310 0.135671 -0.384151 1.384091 -0.535930 0.414631 -0.587429 1.298787 -0.532462 -1.423730 -0.455676 0.833713 1.195323 -0.154527
3 -0.115621 -0.799527 6.788107 -0.328099 -0.477962 -0.815290 -0.389804 -0.437962 -0.609372 0.051823 -0.811697 -1.076090 -0.394393 -0.584112
9 -0.381181 0.183528 0.266437 -0.148931 -0.031516 -0.372524 0.960245 -0.340444 0.991089 -0.400044 -0.122793 0.085285 -0.253261 -0.435889
14 -0.287667 0.208375 -1.200288 -0.174431 -1.325044 1.099341 -1.191946 -0.334380 0.292020 0.808177 -1.468907 0.878399 0.878472 1.817880
6 0.245139 -0.125287 0.093041 -0.257947 0.114678 1.797627 -0.378109 -0.354383 -1.480209 -0.106602 -0.040132 -0.819971 0.537574 0.774583
11 -0.475739 -0.396919 -1.408132 -0.992519 -0.897565 -2.211875 -1.408438 -0.683681 -0.973003 -0.225158 11.497106 -0.792348 -1.355651 0.323922
13 -0.615360 0.601840 0.302603 -0.035861 -0.093237 -0.214807 -0.163798 -0.483667 -0.324253 0.525699 -0.311112 -0.486863 1.124007 0.174810
14 0.213136 0.161162 -0.178028 -0.550541 -0.447718 -0.119109 -1.464072 -0.560255 0.445892 1.080817 -0.501116 1.011137 -0.496406 1.405103
1 54.153396 -4.337963 -4.067184 -3.985438 -3.966265 -4.296683 -5.561779 -4.009560 -4.012600 -3.956340 -4.148913 -3.489364 -3.970188 -4.351119
12 0.168375 -0.478472 -0.560447 -0.392295 0.432514 -0.445788 1.046164 -0.989624 0.200722 -0.428287 -0.304726 1.584963 -0.162661 0.329563
12 -0.803890 -0.481000 0.640648 0.717348 0.818827 -0.970966 -0.400986 0.238217 -1.599945 0.141831 -0.186118 1.454756 0.922067 -0.490789
13 -0.429776 -0.734774 0.256371 -1.051140 0.054272 -0.004767 0.262746 0.455041 -0.792507 -0.569522 0.121347 0.163788 1.334022 0.934898
1 28.217511 -2.429458 -2.021750 -2.604458 -2.623449 -3.269110 -2.052038 -2.017640 -1.555929 -2.132234 -1.216462 -2.803843 -1.251281 -2.239860
1 18.994522 -1.953344 -0.463400 -1.653659 -1.437534 -1.433398 -2.238941 -0.458504 -1.402637 -0.516056 -1.501412 -2.372661 -2.319186 -1.243789
2 -0.950681 2.137053 -0.289581 -0.707817 -0.035132 -0.297679 0.144078 -0.814094 -1.089677 -0.454162 -0.210890 0.918767 0.492359 1.157453
6 -0.443218 0.054703 -0.744008 -1.100878 -0.504908 10.195631 -2.960784 -1.095548 -1.452295 -1.053776 -0.585105 -1.552243 1.715894 -0.473464
5 -2.537987 -0.539759 0.036631 -1.546918 9.999988 -1.209211 1.320890 -0.046371 -2.074371 0.036029 -1.437906 -1.462247 -1.903908 1.365142
6 -0.112656 0.484434 -1.699270 -0.621443 -1.226704 8.756299 -1.611164 -0.201369 -1.194606 -0.649586 -1.571707 -0.997163 -1.046586 1.691521
3 0.212186 -1.885452 2.746198 -0.175187 -1.038466 -0.546963 -1.600143 -0.566535 -0.140918 0.031549 1.627493 2.151894 -0.093839 -0.721817
2 -0.771159 1.865561 -0.337427 -1.389605 -0.557979 0.493353 0.699995 0.005630 -2.188845 0.246177 -1.670749 1.855676 0.881058 0.868314
3 -0.734052 -1.639533 15.415193 -2.404328 -1.636025 -0.854100 -1.895354 -1.600776 -0.927537 -0.740455 -0.644875 0.007676 -1.675416 -0.670419
10 -0.335025 1.018638 0.531349 -1.320976 -0.327883 0.132092 -1.345929 -0.673003 0.583460 2.485963 -0.655402 -0.687477 -1.368491 1.962685
6 0.353783 -0.346962 0.233471 0.241670 -0.229669 0.525722 -0.010833 -0.174828 -0.211313 -0.077942 -0.055957 -0.100486 -0.063174 -0.083483
3 -2.484729 0.253870 2.786548 0.373609 0.321231 1.980565 0.161556 0.222476 -1.357158 -0.078802 0.445992 -1.476272 -1.555770 0.406884
10 -1.377774 0.060185 -0.080575 -0.025661 -0.329903 -0.054385 -1.420991 -0.979471 -0.403718 8.651624 -1.033631 0.086341 -1.847544 -1.244497
10 -0.494540 -2.260200 0.497392 -0.190772 1.240006 0.259575 -0.533244 -0.976563 -0.767713 2.290211 0.466292 0.795953 -1.131536 0.805139
7 -4.217867 -4.326574 -4.295501 -4.394640 -4.726275 -4.273362 59.129044 -4.428930 -4.041412 -4.045564 -6.944318 -4.274372 -4.298959 -4.861269
11 -0.463708 0.391538 -0.055893 1.203226 -0.732183 -0.008303 0.569180 0.516757 -1.678074 -0.841427 1.651290 0.419305 -0.070897 -0.900811
12 -1.191670 -1.218396 0.409313 -0.093836 -0.302503 -1.395672 0.445222 -1.256863 -0.578973 -0.358316 0.060096 7.038944 -1.595814 0.038469
4 -0.624009 0.348752 0.040610 0.641067 0.108782 -0.061165 0.293876 -0.116882 -0.975949 -0.025466 0.413012 0.156506 -0.516505 0.317370
11 -2.616078 -2.756244 -1.215030 -1.732979 -0.218857 -2.381597 -3.434939 -2.510092 0.088983 -2.226967 23.485417 -1.590780 -1.172617 -1.718220
11 -3.656830 -1.724763 -1.604317 -1.521585 -1.808730 -1.600669 -2.912201 -1.553748 -2.383232 -1.743681 25.503808 -1.546770 -1.845335 -1.601945
2 0.002634 1.974419 1.094731 -0.775956 0.469443 -0.076388 -0.027533 1.036610 -1.451969 -0.981968 -0.155315 -0.224320 -1.110924 0.226537
3 -0.649061 -1.639533 14.550151 -2.326374 -1.271007 -0.762542 -1.760759 -1.456722 -0.889783 -0.678980 -0.716858 0.006490 -1.681850 -0.723174
11 -0.478845 1.120509 -0.545016 -0.393534 -0.513731 -0.771545 1.023793 0.120103 -1.490703 0.515869 1.603140 -0.314715 0.039328 0.085346
13 -1.202687 -0.436193 0.606586 0.244641 0.124604 0.541131 0.126833 -0.672120 -1.272647 -0.639494 0.280294 0.713048 0.905240 0.680763
11 -1.400589 0.617231 -0.185774 -0.660709 0.724560 -1.074720 -0.343942 -0.636517 -1.031148 0.388189 3.073523 0.731544 0.162874 -0.364521
7 0.403512 0.672016 -1.627156 -0.022640 -0.296825 -0.205935 1.224841 0.384723 -0.315727 -0.889818 0.821442 -0.654458 -0.146149 0.652173
4 -0.427860 0.999586 -0.122355 1.728199 -0.147570 -0.398315 0.489353 -0.461471 -0.893515 -0.246909 0.175036 -0.034114 -0.467723 -0.192341
10 0.061189 -0.811236 1.081481 -0.896748 -0.206520 -1.472601 0.237705 -0.229554 0.503960 1.934263 0.992866 0.597277 -0.770657 -1.021426
11 -2.793137 7.741390 -2.618172 -2.371834 -1.894210 -3.816757 -1.011483 -2.445878 -2.916972 -2.809601 22.493804 -2.856091 -2.762647 -1.938412
10 -0.463322 -0.573257 -0.226358 -0.783045 -0.172408 -0.184907 -0.204354 -0.680689 -0.528760 5.321024 -0.680602 -0.100955 0.253966 -0.976332
11 -1.373827 -2.099654 -2.680774 -1.410956 -1.520226 -1.606173 -4.759099 -1.870700 -2.805496 -1.000226 26.268466 -1.063937 -2.662438 -1.414959
11 -1.336753 -0.601444 -0.648366 -0.663896 -0.967135 -0.973358 -1.080749 -0.193244 -2.195227 -0.176803 10.144831 -0.160910 -0.707426 -0.439520
6 0.455338 -1.143090 -1.407645 1.970915 -0.569087 9.382574 -0.866568 -1.164439 -1.321676 -1.708817 -1.689838 0.003061 -1.237098 -0.703630
13 -0.527685 -1.651742 -0.439312 -1.492861 -0.080323 -2.501704 -0.794082 -0.388550 1.161439 -1.023997 -0.150438 -0.006569 7.810870 0.084955
2 0.031638 3.527478 -1.150538 -0.267394 3.098164 -1.248948 -0.768211 1.082214 -0.794720 -0.815376 -0.877551 -1.117892 0.341534 -1.040399
2 -1.001956 2.682365 -1.127168 -0.430915 -0.077165 0.405457 0.518936 0.034793 -2.125369 0.406448 0.055590 -0.237438 -0.831447 1.727868
14 -0.388252 -0.073025 -0.064769 0.284022 0.169090 -0.820417 0.501249 0.531744 -1.091483 -0.251936 0.635841 -0.212168 -0.555435 1.335537
14 -0.247092 0.017774 -0.796275 -0.366062 0.513063 -1.171005 -0.522922 0.230589 -1.646123 -1.630848 1.939474 -0.495562 0.362546 3.812441
7 -1.418113 -0.133841 -0.289021 1.057607 0.868202 -0.073066 1.089700 0.272471 -1.896385 -0.727568 0.830106 0.436122 -0.601613 0.585397
8 -2.098029 1.157679 -0.578969 1.559122 -0.201373 0.475563 0.662701 2.626846 -1.801251 0.996488 -0.346063 -1.043503 -1.541422 0.132211
5 -0.470543 0.007308 -0.887117 -1.232091 8.523793 -0.511973 -2.045233 0.415213 -1.230578 0.908638 0.402149 -1.234650 -1.817638 -0.827276
8 0.679558 0.719405 -1.026099 -0.770759 0.459168 -0.928192 -0.830067 1.134181 0.131118 -0.658234 0.006262 0.616637 0.843463 -0.376441
12 -0.186333 0.298987 -0.196588 0.071178 -0.519595 -0.629681 -0.239999 -0.377210 -1.301344 0.609482 -0.483284 1.763156 0.483738 0.707493
5 -0.276808 -0.166287 0.426471 -0.302461 1.669639 -0.817034 0.471477 -0.671547 -1.192449 0.304727 -0.330766 -0.758889 1.535330 0.108597
2 -1.119182 8.321061 -0.558799 -0.459346 -0.380967 -0.837172 -0.223674 -0.610632 -1.379073 -1.004675 -0.326796 -0.618903 -0.467182 -0.334660
13 -0.359098 -0.463592 0.089919 0.393449 -0.546466 -0.111434 -0.434709 -0.565694 -0.490664 -0.774462 -0.075062 -0.929966 3.792766 0.475015
14 -0.081180 -0.260168 0.057898 -1.668287 -0.010667 -0.261930 -0.630802 -1.101966 -0.583627 -0.703951 -2.071686 -0.704098 0.018467 8.001996
8 0.002301 -1.198767 -0.551723 0.248605 -0.572380 -0.366457 0.792350 1.461281 1.345094 -1.088877 -0.147625 0.084069 0.586795 -0.594666
3 -1.577027 0.111982 8.734110 -0.294276 -1.072752 -1.049175 -0.378083 -0.545687 -0.852077 -0.294977 -0.063365 -1.000098 -1.350518 -0.368056
4 -1.069236 -0.553269 0.200682 1.068882 0.116806 0.042353 0.617198 0.054799 -0.182513 -0.459863 0.170290 0.356409 0.078135 -0.440671
6 0.174706 2.586510 -0.266737 -0.952206 -1.716632 5.341882 0.449059 -0.564336 -2.741015 -2.362076 -0.165697 -1.357607 -0.069179 1.643326
6 0.094742 -0.147699 -0.055346 0.102311 -0.931010 2.324262 -0.811692 0.552197 -0.887327 -0.375704 -0.542314 -0.127038 1.540428 -0.735810
3 0.446749 -0.723812 3.752857 -0.564689 -0.175318 -0.487834 -0.957445 0.178135 -0.490755 -0.799839 -0.297256 1.030595 -0.466581 -0.444808
1 9.859018 -0.902596 0.157643 -2.518170 -1.770637 -2.279767 -0.170738 -0.131500 1.649931 -1.030105 -1.458603 0.574434 -1.054890 -0.924021
5 -0.798343 -0.026634 -0.114730 -0.082653 0.320809 0.204521 -0.028068 0.288938 -0.530296 0.171022 0.100455 0.222705 0.224565 0.047709
2 0.844185 1.856416 -0.486460 0.327696 -0.523083 -0.044135 1.086607 -0.515630 -0.649594 -0.774191 -1.326210 -0.234161 0.669205 -0.230644
6 -0.344288 -0.169736 -1.073544 -0.339618 0.598280 1.791009 0.026767 0.533641 -0.108481 -0.372390 0.420271 -0.811238 0.561410 -0.712081
6 -0.189507 0.036598 -0.323395 -0.052054 0.465544 4.374797 -1.204971 0.347256 -1.463578 -1.122883 -0.174780 -0.026392 -0.406161 -0.260475
3 -1.041931 -0.087385 4.166983 0.317509 -0.486536 0.140586 -0.221797 -0.795271 -1.454610 0.233198 0.018171 0.438965 -1.832202 0.604318
6 0.724498 -0.298089 -1.694684 0.853383 -0.325797 5.629787 -1.272272 -0.254725 -2.506478 0.236489 -0.298666 0.183093 -0.952200 -0.024339
1 27.484969 -2.012144 -2.096861 -2.456348 -1.469271 -1.785017 -1.786509 -3.514485 -0.522557 -1.765842 -2.441904 -1.444355 -4.179563 -2.010112
14 -0.543083 0.505756 0.135618 0.084380 -0.352749 -1.847381 0.091307 0.054604 0.446441 -0.377540 0.025040 -1.084569 0.547501 2.314674
11 -1.160376 -0.290079 0.287236 0.252228 0.289018 -0.468352 0.047789 -0.174969 -0.387593 0.644147 0.991248 -0.358269 0.196755 0.131218
11 -0.737519 0.214892 0.014902 0.589102 0.000238 0.338356 0.213816 -0.153516 -1.001004 -0.050839 0.804350 0.050381 -0.600529 0.317370
12 1.840395 -1.266398 -1.244463 -0.585606 -1.640227 0.910481 0.882131 -1.201945 -0.642653 -1.703461 -1.522565 9.080835 -1.694596 -1.211927
1 6.080341 -1.939495 -0.364618 -1.563632 0.590238 -2.040711 0.903121 -1.369068 2.184885 0.078735 0.235496 -1.306780 -2.962224 1.473713
13 0.297377 -0.286646 -0.290941 -0.314538 -0.295331 -0.716465 -0.063468 0.325304 -0.286595 0.187859 -0.251617 0.013933 2.594636 -0.913509
13 0.390189 -1.082094 -0.241986 -1.169399 -0.816750 -0.508001 1.038277 -0.616073 0.844729 -0.367068 -0.030112 -0.693632 4.098316 -0.846397
12 -0.928072 -1.186833 0.163828 -0.356068 0.783256 -0.398408 0.936900 0.165338 -1.638809 -0.393907 0.893799 1.534893 -0.386389 0.810471
9 -0.943125 -0.153228 -0.221638 0.436792 -0.682434 -0.427617 -0.075005 -0.173563 3.681074 -0.603731 -0.464058 0.083733 -0.654325 0.197126
3 -1.218291 -0.918531 19.827048 -2.101171 -1.117465 -1.283118 -1.389764 -1.006346 -1.781531 -1.558447 -0.938360 -1.579924 -2.231362 -2.702737
7 -4.814242 -3.771685 -4.014086 -4.645871 -4.028105 -3.983974 48.840033 -3.267070 -2.933290 -4.420424 -4.542817 -4.098978 -1.911287 -2.408204
11 -0.736605 -1.093044 -0.664320 0.102589 -0.570203 -1.049780 1.221161 0.484595 -2.157535 -1.065265 4.734331 -0.418143 0.738794 0.473424
8 -0.017938 1.139316 0.390983 -1.117764 -0.992822 -1.021870 -1.640932 5.357363 -0.353056 0.467646 -0.721206 -0.353678 -0.706805 -0.429237
9 -0.996499 -1.133732 -0.108209 -0.649556 -0.346384 -0.860354 0.159185 -1.119161 4.801452 -1.012940 0.146337 -0.926911 0.661684 1.385089
3 -0.567720 -0.122879 2.377545 -0.559341 0.112762 -0.816747 1.195532 0.314829 -0.412315 0.084701 -0.994902 1.101069 -0.746168 -0.966368
6 -1.321121 -1.349804 -1.523455 -1.092891 -1.446235 17.578905 -1.603132 -1.378465 -1.219159 -1.140257 -1.678682 -1.138327 -1.473683 -1.213695
1 4.327899 -0.156225 0.752227 -0.169997 -0.964822 0.463659 -0.603891 -1.217437 -0.074112 -0.417532 -0.742901 2.726562 -3.408066 -0.515364
9 0.422234 -0.554659 -0.706999 -0.360761 -0.070041 -0.681529 -0.030024 0.203785 0.759190 -0.441485 0.162284 0.080731 0.588405 0.628870
9 -1.124832 -0.752227 -0.554829 -0.459421 -0.342476 0.037352 -0.852289 -0.965383 7.222722 -0.107370 -1.234595 -0.204305 -0.012052 -0.650296
5 2.025963 -0.729160 0.771275 -0.007899 6.922788 -0.355669 -0.905862 -0.645152 -1.505317 -0.179019 -1.355486 -1.933540 -1.431079 -0.671843
5 -0.196873 -1.112604 -0.789017 -0.593232 3.779408 -0.356326 -0.821662 0.398998 -0.514971 -0.463614 -0.582866 -0.440177 2.448554 -0.755618
3 -1.340778 -0.370539 0.867212 0.482004 0.316798 0.701057 0.114573 -0.709901 -0.808235 -0.444679 0.760393 0.495127 -0.503540 0.440509
1 17.606783 -1.161083 -1.812016 -1.454368 -0.078314 -2.822847 -0.917189 -0.722393 -0.961171 -1.565334 -1.377185 -1.815504 -1.383506 -1.535872
1 2.829373 0.929259 -0.316941 -1.343508 -0.446551 1.361658 -1.470034 -1.446452 0.225854 -1.503045 -0.585205 0.213425 1.206035 0.346132
12 -1.019946 -0.656161 0.228067 -0.345921 -0.235900 0.366018 0.290638 -1.172704 0.369424 -0.806108 -0.450302 4.423356 -0.650470 -0.339990
1 3.018473 0.855386 0.010418 -1.164922 -1.015272 1.688881 -0.472966 -1.638983 -0.204314 -0.543277 -0.636058 -0.717511 0.271737 0.548409
1 38.078758 -3.282274 -3.579649 -3.198514 -3.398488 -2.991702 -2.441910 -2.734533 -1.571312 -3.054358 -2.342776 -2.868763 -3.152832 -3.461648
1 14.597633 -1.241931 -0.778392 -1.415358 -1.247837 -1.838482 -1.294438 -1.058760 -1.446015 -0.857897 -1.502366 -1.316518 -0.955499 0.355860
1 21.014252 -2.519087 -1.796637 -1.784836 0.119427 -1.925749 -2.077675 -2.501589 -2.597054 -0.647930 -1.626999 -1.233879 -1.230349 -1.191894
1 26.474313 -2.171780 -1.872663 -2.477702 -1.970980 -1.634907 -2.207980 -2.063615 -2.253611 -2.122719 -2.082687 -1.964789 -1.440217 -2.210664
1 33.572561 -1.895166 -2.747027 -2.336779 -2.994243 -2.497169 -2.473949 -2.518722 -2.667857 -2.605956 -2.636475 -2.153122 -3.271080 -2.775018
1 27.869879 -3.331673 -2.684080 -2.966776 -2.776167 -2.383139 -1.203033 -1.718416 -1.985093 -2.160382 -1.889770 -1.066997 -1.139591 -2.564763
1 31.551993 -1.605972 -2.857044 -1.305665 -2.114142 -2.888310 -3.229975 -1.740398 -2.020668 -3.093709 -2.851631 -2.402838 -3.014977 -2.426663
1 29.632967 -2.995661 -1.687487 -1.492148 -2.043953 -2.785037 -2.301774 -2.871418 -1.444538 -1.240959 -1.591442 -2.742559 -3.838593 -2.597398
1 27.700554 -2.748556 -1.980042 -2.542995 -2.222794 -2.607844 -1.858094 -1.837543 -0.933467 -2.655478 -2.025376 -2.595319 -2.362243 -1.330803
1 13.657539 -1.006749 -0.789410 -1.933346 -1.706542 -1.301495 -0.754691 -0.387042 -1.066851 -1.365746 -1.464577 0.104893 -0.476722 -1.509261
1 8.134331 -0.952685 -0.748215 -0.533714 -1.317589 -0.278836 0.433099 -0.607090 -0.196523 -0.914446 -0.980182 -0.281549 -0.609203 -1.147397
2 0.529528 2.027686 0.205021 0.475632 0.699561 -0.284635 0.036449 0.313155 -1.618477 -0.863959 -0.444851 -0.383856 -1.183918 0.492664
1 18.155730 -1.964477 -0.552691 -2.292916 -1.314207 -0.713640 -1.224254 -1.218258 -0.711150 -1.635494 -2.534984 -1.020171 -2.018921 -0.954566
13 0.542115 -0.122935 -0.422318 -0.334114 -0.511130 -0.319930 -0.302452 -0.276468 -0.220962 -0.133929 -0.120491 0.168861 1.570641 0.483112
1 31.074227 -3.163642 -2.261291 -2.505692 -2.739655 -2.425645 -2.814468 -2.111620 -1.238917 -2.575396 -2.302691 -2.082297 -3.353737 -1.499176
1 8.841481 -1.056375 -1.428364 -0.970052 -1.163967 -0.583893 0.120272 0.025199 0.583292 -1.019784 -0.907208 -0.494907 -0.692821 -1.252872
1 16.219937 -1.781234 -1.103579 -0.247293 -1.000729 -1.936099 -0.354788 -1.303397 -2.008060 -1.467185 -1.020715 -0.682237 -1.917746 -1.396874
1 27.717382 -2.591384 -2.105519 -2.722533 -2.912471 -0.552714 -0.114146 -3.430112 -3.208887 -2.780815 -2.181578 -2.215907 -0.917048 -1.984268
1 3.414401 -1.469049 0.637822 0.068383 0.071721 0.850891 -0.845052 -0.014740 0.014970 -1.280211 -0.211366 -0.202102 -1.290969 0.255301
7 -0.466682 0.318839 0.218526 -0.094600 -0.407267 0.478795 0.821657 -0.521532 0.141635 0.265145 -0.008876 0.065056 -0.364862 -0.445833
10 -2.227605 0.735908 1.266847 -0.328597 -0.235727 0.600613 2.347314 -0.636934 -2.128002 3.056661 1.430115 -1.040960 -2.504209 -0.335425
13 -0.345518 -0.777644 1.164870 -0.700098 0.288262 0.000031 -2.849120 1.433484 -1.118961 -0.444423 0.764174 0.667854 2.447780 -0.530693
7 -0.331875 0.261350 -0.251572 -0.124284 -0.146342 -0.711296 1.061894 0.464898 0.993670 -0.243507 -0.310146 0.047849 -0.574058 -0.136580
10 -0.980262 -0.961195 0.963432 -1.208876 -0.478903 -0.627435 -0.544875 0.326137 -0.509110 1.264836 0.462635 1.052559 0.573754 0.667305
10 0.013202 -1.167580 0.697366 -0.843844 -0.088649 -0.524796 0.682020 0.154193 -0.462675 2.744036 -0.646493 -0.181067 -0.101387 -0.274326
9 -0.323843 -0.732372 0.074448 -0.333739 -0.062613 -0.226627 0.205354 -0.293754 1.335460 0.630605 0.177015 -0.039577 0.240433 -0.650791
10 -1.337830 -1.990925 -1.830349 -1.361684 -1.732023 -1.376439 -1.893255 -1.742790 -1.398951 21.679993 -1.320136 -1.978564 -1.678508 -2.038540
1 3.336924 -0.279960 -0.257879 -1.585267 -1.123436 2.086809 -0.494133 -0.359188 -2.052783 -1.059131 1.476952 -1.297446 0.546321 1.062219
6 -1.685532 -1.192220 -0.274318 -0.613320 0.028444 2.984644 0.665732 -0.426539 0.160693 0.422041 -0.587268 -0.250105 0.746509 0.021239
10 -1.208666 -1.491929 -0.848644 -0.768071 -0.215461 -1.238716 -0.209794 -1.176062 0.506111 7.545654 -1.620733 1.171414 0.482180 -0.927281
8 -0.212040 -1.780711 -0.207642 -0.106325 0.469208 -0.594668 -0.106043 1.494102 -0.445753 1.127569 0.307892 0.636156 0.606726 -1.188471
12 0.127936 -0.988417 0.557086 -0.681246 -0.035491 -1.042520 -0.214942 0.351038 0.454225 -0.335687 -0.049611 0.696341 0.598970 0.562317
10 -0.820055 -0.107189 0.541981 -0.378764 -0.080054 -1.029373 -0.553899 -0.272814 -1.127655 5.283445 -0.284324 -0.306985 -0.207858 -0.656455
7 -0.505844 1.103267 -0.844674 -0.106831 0.380923 -0.725919 1.246095 0.486643 0.996620 -1.114648 0.822548 -1.538216 -0.199213 -0.000751
10 -0.667838 -2.221039 -0.789692 -2.065424 -0.298538 -0.789583 0.018245 0.061571 -1.906501 13.626879 -2.111291 -1.573029 0.084371 -1.368130
10 -0.037613 -0.872874 -0.674887 0.309429 0.680435 -0.069159 -0.496821 -1.011124 -0.884544 4.818826 -0.258753 -0.679026 -1.550778 0.726889
4 -0.939545 -0.634016 0.246519 3.979824 0.039794 -0.415689 -0.243584 -0.941702 -1.070334 1.224356 0.062560 -0.430028 -0.769913 -0.108242
13 1.129075 0.252158 -0.819180 0.764492 -0.892692 -0.554550 0.019681 1.073413 0.807351 -0.429829 -1.046096 -0.570956 1.142671 -0.875538
11 -0.519207 0.101579 0.213749 -0.146205 0.241495 0.607392 0.567383 -0.520961 -0.665314 0.041014 0.685479 0.496519 -0.988021 -0.114903
2 -0.685347 0.621332 -0.451699 0.213998 0.058092 0.305920 -0.344762 0.415487 -0.128305 0.280603 0.188706 -0.419766 -0.001192 -0.053066
2 -1.678680 12.522929 -0.818148 -2.139528 -0.117368 -2.200332 -1.162430 0.836126 -0.814207 -0.641478 -1.571201 -0.806068 -1.214738 -0.194877
2 -0.370796 1.500390 -0.223998 -0.485402 -0.794597 -0.857474 -0.061777 0.137392 -0.529546 0.225343 0.160634 1.029871 -0.819007 1.088968
1 0.000000 0.000000 0.000000 0.000000 0.000000 0.000000 0.000000 0.000000 0.000000 0.000000 0.000000 0.000000 0.000000 0.000000
2 -0.963424 11.944005 -0.733857 -1.164496 -0.775129 -0.671474 -0.968867 -0.567381 -0.660426 -1.074870 -1.175873 -0.813470 -1.358712 -1.016024
2 -1.530066 14.930156 -0.912173 -0.340402 -1.509817 -2.349692 -0.892437 -0.103924 -1.963374 -1.341143 -1.283916 -0.693682 -1.472108 -0.537421
2 -1.968289 3.486176 -1.075032 -0.361354 -0.092888 0.354150 0.522535 0.601068 -0.506784 -0.273131 1.001475 -1.453478 -0.208473 -0.025976
10 -2.582314 -0.326304 0.833251 -0.350786 -0.007043 -0.651335 0.812463 -0.261088 -0.711015 1.494978 0.397545 1.189418 -0.957124 1.119356
2 -0.629416 10.154155 -0.657125 -0.951466 -0.491438 -0.240483 -1.262177 -1.109350 -0.395703 -0.799957 -0.808303 -0.947529 -1.067672 -0.793534
2 -0.438848 2.692921 -0.632946 -1.379199 -0.484651 1.708141 0.727808 1.058518 -1.475097 -0.341714 -0.863007 0.783016 -1.633076 0.278134
2 -0.643402 13.936722 -1.255247 -1.106107 -0.068655 -0.530952 -1.762199 0.644503 -1.547918 -2.071279 -1.622355 -1.719796 -1.448369 -0.804945
3 -2.207292 -2.394640 1.433192 -1.394050 -0.006418 0.580178 0.316460 0.355082 1.394213 -0.373295 -0.948369 0.761114 1.386215 1.097611
2 -0.136354 7.694023 -1.147510 -0.327414 -0.149448 -0.295113 -1.023919 -0.637556 -0.864762 -1.186128 -0.676222 -0.326646 -0.183350 -0.739600
2 1.914899 3.675097 -1.159904 -0.410381 -0.028325 -1.124243 0.568496 -0.121284 -1.584005 -0.527807 0.532241 -0.596652 -0.902620 -0.235511
2 -0.324963 10.485538 -0.972845 -0.825118 -0.988026 -0.906559 -1.355988 -0.691800 -0.169655 -0.713988 -1.112600 -0.870036 -1.007304 -0.546655
2 0.111254 3.888603 -0.620435 -0.588807 0.291412 0.454541 -1.142279 -0.328812 -0.638199 -0.887653 -0.032706 0.598442 -0.980697 -0.124662
2 -0.971116 5.216356 -0.455288 -0.520978 2.673256 -0.514450 -0.287260 -0.476518 -1.642500 -1.227883 0.149552 -0.802667 -0.699136 -0.441367
7 -0.786625 -1.292370 -1.136836 -1.072065 0.428809 1.696397 1.905079 0.480808 -0.698346 -0.423708 0.199811 -0.683927 0.700229 0.682744
6 -0.547897 0.173019 -0.777677 -0.617211 -0.106302 1.711171 -1.483246 1.137061 0.205617 -0.830776 0.023158 -0.499364 1.237003 0.375443
6 -0.359732 -2.279771 -0.260450 -0.211823 0.204114 1.610521 1.405099 0.582120 -0.902580 -1.107672 -1.097952 0.119797 1.448150 0.850178
14 -0.341332 -0.663455 0.438635 0.556006 0.909345 0.168936 0.404946 -1.383589 -0.212495 -0.861865 -0.161217 0.167950 0.043452 0.934684
4 -0.412455 -0.949684 -0.394356 1.999793 0.810796 0.336604 -0.032178 -0.069934 -1.165160 -0.911558 0.687033 0.328319 -0.580369 0.353148
5 -0.501126 -0.085255 0.214961 -0.081137 1.710482 -0.904018 -0.074840 0.293532 -0.778472 -0.270571 -0.204117 -0.116558 -0.668917 1.466038
5 0.293664 -0.989379 -0.599614 -0.639091 8.296549 -1.198215 -2.252397 -0.268775 -0.229598 2.402856 -1.140792 -1.073941 -2.920163 0.318897
4 0.200539 0.476901 -0.129508 0.898813 -0.310985 0.743805 -0.730625 0.626175 -1.222900 -0.707126 -0.330289 0.752322 -1.012155 0.745033
5 -0.087982 -0.098518 0.010577 0.834640 0.924255 -0.237859 0.387603 -0.292755 -1.106697 -0.479624 -0.318703 0.209275 -0.636206 0.891995
5 0.076730 -1.664395 -1.038029 0.132640 3.472939 0.594383 -0.816942 0.118894 -0.909550 0.401304 -0.992355 0.490210 -0.615874 0.750044
14 0.540111 -0.952656 -0.607768 -0.111296 -0.090262 -0.690023 0.224001 -0.166480 0.990789 -0.200521 -0.676449 0.391338 0.266663 1.082553
3 0.265485 -0.202308 1.930139 0.085094 -0.544463 -0.071824 -0.598408 0.073543 -0.151915 0.722840 -1.005193 0.097961 -0.120125 -0.480826
5 -0.578577 0.630081 -0.249591 -0.412763 3.332109 0.298846 -0.424897 -0.216911 0.697271 -0.681339 -0.955037 -1.521724 1.400379 -1.317848
5 -2.753254 -2.452194 -2.286915 -0.635445 28.392023 -2.240621 -2.294766 -3.067903 -2.652344 -2.613556 -1.106483 -1.041793 -2.108497 -3.138253
5 -0.980333 -1.655136 -0.236945 1.429036 7.907678 -0.818155 -0.132282 -1.037010 -1.048316 -0.797338 -1.586768 -0.968419 -0.908210 0.832199
5 -1.136462 -1.364568 -1.253005 -1.639551 20.346058 -1.838344 -1.097099 -1.887791 -0.977005 -2.346203 -0.917331 -1.609182 -1.704443 -2.575072
5 -0.549745 -1.699788 -0.806308 -0.985016 9.273285 -1.016528 -0.896093 -0.674225 -0.257306 -0.255958 -0.892159 -0.118688 -0.272222 -0.849249
5 -1.472783 -1.838110 -1.758192 -1.432302 21.010390 -1.604824 -1.769430 -2.179631 -0.180977 -1.561686 -1.550222 -2.566663 -1.141719 -1.953851
5 -0.446458 0.172151 -0.355908 -0.086875 2.339312 0.795187 -0.535426 -1.163366 -1.460836 -0.133117 1.251019 -0.325367 -1.837327 1.787011
5 0.258788 -0.876495 -0.399784 -1.180282 8.035881 -1.266144 -0.270173 -0.876867 -1.196838 -0.511684 -0.951447 -0.793770 1.394003 -1.365188
5 -0.103792 -0.265405 -0.361971 0.693019 2.451950 1.369167 -0.438415 -0.145881 -1.380754 0.110015 -0.093346 -0.092715 -0.829737 -0.912134
11 -0.319671 -0.156398 -0.129768 0.208718 -0.109994 -0.162281 -0.168292 -0.188192 -0.127479 -0.093621 1.820011 -0.267408 -0.163501 -0.142124
11 -0.427720 -2.448834 -0.459358 -2.061345 -1.424737 -0.260554 -3.273501 -1.731185 -2.531247 -1.103531 19.332333 -1.360216 -1.674888 -0.575217
7 -0.534845 -0.182907 -0.479972 -0.924153 -0.911526 -0.105676 4.391826 -0.844760 -0.369342 -0.721953 0.695449 -0.421228 -0.409948 0.819034
11 -0.801200 -0.956680 -0.667453 -0.430413 -0.868671 -0.137517 -1.515523 -0.280708 -0.628604 -0.810433 9.302062 -0.742429 -0.472840 -0.989592
11 -0.226234 -1.247852 -0.947136 -0.683919 -0.520463 -0.812320 0.964484 0.122087 -0.158483 -0.270246 4.076221 -0.744068 0.246354 0.201576
11 -0.256666 0.194046 -0.659557 0.673502 -0.021718 0.103267 0.412785 0.069268 -1.467364 -0.398529 2.532557 -0.752844 -0.945252 0.516505
11 0.178208 0.979374 -0.327254 0.582462 -1.223432 -0.027368 0.550663 -0.704325 -0.605388 0.357533 2.436122 -1.280555 -0.721590 -0.194448
1 2.146959 -0.647056 0.161068 -0.593652 -0.976977 0.029520 0.434282 -0.858561 -0.572989 0.177708 0.562001 -0.036840 0.599695 -0.425158
1 1.097588 -0.756374 -0.316456 -0.744807 -0.394014 -0.204118 0.013092 0.549480 -0.280084 -0.666894 0.881936 0.436055 0.196037 0.188558
11 0.235069 -0.147774 1.127538 0.072776 -0.252450 -0.249770 0.125195 -0.335654 -1.447431 -0.246697 1.384108 0.998677 -1.290490 0.026904
11 -0.845885 -1.837323 -1.291859 -0.703266 -1.300219 -1.187177 -2.695547 0.140054 -0.639803 -1.468958 13.553170 -0.279807 -0.822267 -0.621110
11 -2.127573 -1.148515 -1.565835 -1.489336 -0.223720 0.605080 -1.710518 -0.568225 -1.152866 -1.312635 12.685294 -0.713354 -0.270478 -1.007318
11 -0.459878 -1.541566 -0.497610 -0.656838 -0.383548 -0.649081 -1.666247 -0.162397 0.292662 -0.372146 6.950666 -0.357316 -0.123497 -0.373204
11 -0.376741 -0.552942 -0.468616 0.158684 0.705739 -1.520773 -0.104582 -0.067657 -0.998262 -0.258633 2.529821 0.854570 0.132340 -0.032949
11 -0.768592 -0.419127 -0.653386 -1.053298 -0.510660 -0.453041 -0.562173 -0.585881 -0.813870 -0.588025 8.023769 -0.557030 -0.419103 -0.639583
11 -1.523659 -1.392184 -0.811099 -2.132555 -1.323774 -2.424753 -4.571471 -1.870523 -1.656296 -1.510141 24.336204 -1.028615 -1.433562 -2.657572
11 -1.788512 -1.619354 -1.058545 -0.519709 -1.264325 -1.314275 -1.144248 -1.374168 -0.803830 -1.427759 15.653613 -1.489721 0.244767 -2.093935
11 -1.693202 -1.464174 -1.073256 -0.955687 -0.989314 -1.419956 -2.377923 -0.787098 -1.120407 -1.931837 17.004450 -1.285252 -0.081868 -1.824476
11 -0.707094 -0.963597 -0.528225 -0.818043 -0.864446 -0.695501 -0.960009 -0.342929 -0.424686 -0.530403 7.571725 -0.223814 -0.198447 -0.314532
7 -0.037901 -0.250430 0.145216 0.102279 -0.255158 0.154824 1.007227 -0.254800 0.663808 -0.217294 -0.283996 -0.046606 -0.364302 -0.362868
11 -1.048344 0.016765 -0.478133 -2.172458 0.590398 -0.713417 0.203976 -0.440829 -1.676951 -1.273006 8.961191 0.245523 -0.676803 -1.537911
6 0.858933 0.037449 0.078021 -0.418715 0.218434 0.978750 -0.747169 -0.285443 0.380155 -0.091292 -0.419282 0.731065 -0.981570 -0.339337
4 -0.068234 -0.820710 -0.965152 3.154332 -0.190763 -0.338396 -0.416339 -1.226645 0.084598 -0.684330 0.246781 0.393585 -1.395853 2.227124
9 0.114094 1.104428 -0.811469 0.029181 0.012540 -0.615510 1.184083 -0.922233 2.606272 0.236855 -0.629543 -0.840345 -0.817723 -0.650630
11 -0.092363 -0.644112 -1.245227 0.692307 0.452561 -0.262505 0.327501 -0.529684 0.359067 -0.586785 1.218557 0.315396 -0.375665 0.370953
7 -0.722948 -0.274984 -0.172998 0.483905 -0.419607 -1.094217 1.267391 0.227202 -1.119688 0.572406 0.454264 -0.268284 0.092076 0.975483
7 -6.094432 -4.895318 -5.111669 14.329492 -0.645391 -5.484635 49.405481 -5.902299 -6.179372 -5.749749 -5.896645 -5.541729 -6.069140 -6.164593
14 0.310577 0.090410 -0.406235 -0.063315 -0.331877 -0.486482 -0.840518 0.721617 -0.548197 -0.128540 0.167573 0.346068 0.233058 0.935860
4 -0.230714 -0.335171 0.846414 4.778731 -1.888079 -0.357939 0.405844 -1.423246 -1.124260 -0.917245 -0.150392 -0.133981 0.460861 0.069177
5 -0.628265 -1.482085 -0.394561 0.659894 8.884066 -0.900801 -0.672613 -1.276728 -0.107005 -0.615328 -0.877147 -0.778149 -0.670293 -1.140987
4 -0.782461 -0.477476 0.573186 1.668917 0.119510 0.153189 0.269138 -0.911222 -0.430203 -0.525674 1.178567 -0.521729 -0.824559 0.510814
4 -0.465768 -0.558066 0.052794 5.140990 0.088647 0.649747 0.275841 -0.108756 -1.865186 -0.848990 -0.269673 -1.610344 0.086860 -0.568095
8 0.347117 -1.177032 -1.003252 -0.055306 0.017989 0.707400 -0.244613 1.217891 0.684997 0.310831 -1.056383 0.097556 -0.153415 0.306219
4 -0.242102 -0.863523 -1.581856 6.927587 -0.161306 0.346777 0.733512 -0.801825 -1.131573 -1.415346 -0.504852 -0.581700 -1.289522 0.565730
4 -0.613733 -1.011160 -1.397497 5.013277 -0.335455 1.085978 -0.632841 -0.601201 -1.291897 0.717590 0.445314 -0.142329 -0.245074 -0.990971
11 -0.144061 1.389073 0.230760 -0.039981 -0.353796 1.029138 -1.847878 0.712521 -2.578743 0.736353 1.978429 0.348566 -1.674908 0.214525
4 -0.444759 -0.296606 -0.440154 2.150848 0.327797 -0.229147 -0.473284 -0.496694 -0.249029 0.285294 -0.115438 0.357606 -0.286223 -0.090211
9 -0.752927 -0.264187 0.865955 -0.861384 0.439388 -1.168924 0.997651 -1.184926 5.203405 -0.450766 -0.125870 -1.588610 -1.372747 0.263942
4 0.114187 -0.427430 -1.037663 4.198710 -0.107430 0.000777 -1.851357 -0.666969 0.412918 -0.719151 -0.224031 -0.199921 0.519692 -0.012333
4 0.309602 -0.328112 -0.141781 1.731949 -0.876076 0.490587 -0.394923 0.109082 0.069370 -0.975230 0.013469 -0.751933 0.989218 -0.245223
1 1.290691 0.229828 -0.662668 0.318418 -0.401658 -0.250820 -0.309560 1.133303 -0.940571 1.114032 -0.043653 -1.043268 -1.014595 0.580520
5 0.658968 -1.069669 -1.004576 -0.501319 1.043833 -0.409598 0.753999 -0.378219 -0.563556 0.315634 0.672275 -0.054512 0.423519 0.113222
9 -0.150697 -0.298816 -0.127320 0.123847 -0.268030 -0.137863 -0.121593 0.055787 0.797251 -0.429723 0.333792 -0.302787 0.746956 -0.220805
12 -1.126168 -0.700950 -0.111433 -0.478621 0.399782 0.522793 0.257399 -0.394491 0.982189 -0.835022 -0.160090 1.420957 -0.642838 0.866493
3 -0.842178 -0.685348 4.762993 -0.393517 -0.660693 -0.267511 -0.212536 -0.574320 -0.296958 -0.601542 -0.378032 1.729007 -0.622261 -0.957102
3 -0.837464 -0.155886 1.870851 1.093780 -0.126538 -1.019815 0.399672 -1.323140 -0.075147 0.811628 0.037872 0.304342 -0.959658 -0.020496
6 0.303502 -1.908137 0.072610 -0.912689 -0.471524 2.010643 1.309339 0.384667 -0.104965 -1.424648 0.802227 1.302961 -0.849682 -0.514305
3 -1.242574 -0.895494 4.449212 -0.844161 -0.798242 -0.184312 1.723740 -0.097833 0.101731 0.466052 -0.092273 -1.735736 -0.615336 -0.234775
3 0.172846 -0.045820 3.778470 -0.207884 -0.325626 -0.603595 -0.348582 -0.220486 0.111785 -0.749566 -0.250622 -0.257112 -0.810653 -0.243156
1 0.932309 0.793985 0.249367 0.050892 -0.595054 0.238754 -0.334831 -0.430370 -0.882260 0.509582 0.415962 -0.141709 -0.696644 -0.109982
10 -0.059508 -0.329993 0.908320 0.071319 -1.051595 -1.976751 -0.983978 2.533086 -0.090019 3.345578 0.080358 -0.816182 -1.718872 0.088236
3 -0.367644 -2.161105 1.819034 -0.273833 0.502499 1.257423 -1.539197 -0.451986 0.700785 0.040747 -0.663695 0.983173 -0.008605 0.162403
3 0.004829 -0.104391 2.798167 0.191571 -0.676615 1.254473 -1.359125 0.077918 -2.494548 -0.073783 0.265588 0.306502 -0.401295 0.210710
3 -0.284095 -0.019768 3.285495 -0.029193 -0.315897 0.145185 -0.725596 0.090620 -1.287375 0.354351 -0.017695 0.356532 -1.188344 -0.364219
3 -0.322851 -1.611944 6.289463 0.472829 -0.029986 -0.700156 0.277695 -1.297227 -0.974445 -0.598514 0.327428 0.014802 -2.010810 0.163716
8 -1.061342 0.133067 -0.691448 -0.800058 0.820229 0.362172 -0.156144 1.009690 -0.636947 -0.749572 0.025384 0.948408 -0.015216 0.811776
3 0.822938 -0.693125 3.536163 -0.432724 -0.383109 -0.860803 -0.367519 -0.154544 -0.636819 -0.976598 -0.345352 0.396584 0.580110 -0.485201
3 -0.822050 -0.197160 3.584134 -0.483053 -0.508490 -0.195486 -0.388934 -0.134637 1.453754 -0.289473 -0.300149 -0.204454 -0.758571 -0.755430
6 0.048330 -0.783064 -2.522001 0.346482 -0.690725 11.916018 -0.606217 -2.337473 -1.367914 -1.614146 -0.602295 -0.217455 0.503554 -2.073094
6 0.166083 -0.696967 -0.459700 0.352095 -0.846105 3.141952 -0.556449 0.628498 -0.379830 -0.159926 -0.793442 -0.681935 0.630961 -0.345235
6 0.706225 -1.639642 -0.030196 -0.813273 0.652095 2.456927 0.553039 -0.818917 -0.525718 -0.410343 0.049351 -0.563895 0.222959 0.161388
6 -4.754806 -4.670967 -3.707765 -3.290883 -5.036294 58.163634 -2.964837 -5.169619 -5.344035 -5.295050 -5.445892 -2.669147 -4.763849 -5.050488
6 -0.935642 -0.955191 -0.940280 -0.165519 0.278569 4.833654 0.099763 -0.299973 -0.913963 -0.575195 -0.896166 0.242297 -0.139514 0.367159
6 -1.619502 -1.495428 -0.889226 -1.189267 -2.324119 20.603309 -1.514430 -1.607261 -1.328235 -1.521560 -1.836414 -1.674164 -2.024785 -1.578919
6 0.125128 -1.184789 -1.583190 -0.830150 0.587419 6.477303 -1.501397 0.034332 -1.304903 -0.848103 -1.122250 -1.432599 3.578032 -0.994834
6 -2.530910 -1.220976 -1.398272 -1.861698 -0.761102 20.237746 -2.457346 -1.130005 -1.972082 -1.300694 -0.572175 -1.050383 -2.549994 -1.432110
6 -4.754806 -4.670967 -3.707765 -3.290883 -5.036294 58.163634 -2.964837 -5.169619 -5.344035 -5.295050 -5.445892 -2.669147 -4.763849 -5.050488
6 -0.562839 -0.445513 -0.316196 -0.282288 0.260421 2.334147 0.489269 1.001258 -0.790174 0.776086 -0.277648 -1.000660 -0.616338 -0.569526
13 -0.541666 -0.576511 0.300649 0.001327 -0.520947 -0.046605 -0.127749 -0.260788 0.707622 -0.130148 -0.092744 0.527908 0.804013 -0.044361
6 -0.323195 -0.811134 -1.787027 -1.875236 0.111778 7.155535 -0.343425 -0.071235 -1.171324 1.619421 -0.513528 -0.527194 -1.153208 -0.310228
6 0.587590 -3.008656 -3.544191 -3.144428 -2.478978 29.347368 -2.068319 -1.115195 -2.689859 -2.942678 -3.322970 -1.668572 -2.396284 -1.554828
6 -2.426752 -2.820183 -1.817513 -1.339201 -3.004045 32.724139 -2.784057 -2.612355 -1.730446 -2.953767 -2.833012 -2.577284 -2.824541 -3.000980
7 -0.332150 -0.934378 0.485352 0.564253 0.462745 0.505279 0.821648 -0.841783 -0.578661 0.186199 -0.006589 0.178046 -0.301257 -0.208704
6 -1.590359 -2.452009 -0.869266 -2.694363 1.711958 14.285701 -1.771532 -1.551287 -1.457930 -0.389936 0.582424 -2.527036 -1.317890 0.041526
3 -0.210969 0.176541 0.685708 -0.330024 0.196733 0.186900 0.514274 -0.131241 0.197061 -0.200924 0.074541 -0.267095 -0.348689 -0.542816
14 0.123608 -0.456799 -0.910934 -0.371796 0.585659 1.702473 -1.841140 -0.245316 -1.476274 1.202535 -0.980769 0.275870 -0.632854 3.025737
6 -4.754806 -4.670967 -3.707765 -3.290883 -5.036294 58.163634 -2.964837 -5.169619 -5.344035 -5.295050 -5.445892 -2.669147 -4.763849 -5.050488
2 -1.659271 1.542388 0.011599 0.930661 0.334955 0.369539 0.061284 1.114873 -1.664171 -0.810693 -0.007610 -0.364353 -0.031939 0.172739
6 -0.734276 -2.095422 -0.209768 -0.721950 1.625189 4.130533 -1.166772 1.434664 -1.589171 -1.808315 -0.528695 -0.455812 0.140605 1.979190
6 -4.754806 -4.670967 -3.707765 -3.290883 -5.036294 58.163634 -2.964837 -5.169619 -5.344035 -5.295050 -5.445892 -2.669147 -4.763849 -5.050488
6 -1.076273 -1.464016 1.140160 -0.550724 -0.922169 5.905693 -0.384687 -0.773473 -1.437601 -0.821359 0.484130 0.999097 -1.599278 0.500498
6 -0.342748 -1.494362 -0.511743 -0.952680 -0.993391 7.912336 -0.771364 -1.005237 0.304658 -0.130501 -0.584051 -0.688241 -0.084259 -0.658416
3 0.135636 -0.001066 3.027461 -0.639509 -0.046500 1.385037 -0.632877 -0.581073 -0.200790 0.304625 0.217637 -1.088142 -1.430265 -0.450174
13 -0.357256 -1.120552 -1.458352 -0.582973 0.417335 -1.028427 -1.343460 -0.888055 -0.649698 -1.339467 -1.510637 -0.951996 10.337256 0.476282
13 0.919990 -0.138297 -0.200318 -0.283700 0.327243 -0.381434 -0.215203 -0.141661 0.313504 -0.491190 -0.192265 -0.054681 0.979861 -0.441850
14 -0.883506 -0.306028 0.774433 -0.664428 0.265946 -0.249495 -1.027256 -0.810305 -0.562527 1.347551 -0.102329 0.405480 0.201980 1.610483
8 -0.443623 -0.620657 0.325776 -0.387775 -0.608708 0.403631 -0.247145 0.930911 0.275089 0.524619 0.013530 0.066232 -0.343682 0.111801
4 -0.259783 -1.491895 -0.107563 2.047096 -0.613883 -0.388202 -0.647663 -1.095195 1.274099 -0.728561 0.171167 1.095005 1.238283 -0.492906
13 -1.134854 -0.886415 -0.317264 -0.762846 -0.047374 -0.575015 -0.290682 -0.280868 -0.340623 -0.485050 -0.343828 -0.764155 6.725390 -0.496415
12 0.624056 -1.525142 0.522302 -0.197134 -0.422202 -0.091225 0.540859 0.496693 0.849175 -0.245977 -1.409880 0.951324 0.437801 -0.530650
10 1.204836 0.322407 -0.220340 -0.153325 -0.340328 1.053490 -2.515574 -0.415384 -0.374503 1.355783 -0.412438 -0.362383 1.152385 -0.294624
13 -0.573875 -0.981631 -0.194177 -0.208848 -0.062624 -0.256792 -0.460228 -0.483468 0.670292 0.144343 -0.632251 -0.152472 3.623968 -0.432237
13 -1.855773 1.098501 -0.798498 -0.221851 -0.622208 -0.721419 0.155264 -0.296428 -1.376260 -0.012435 -0.109568 -0.570574 6.254554 -0.923304
13 -0.606115 -1.626009 -0.459508 1.576985 -1.816294 -1.161627 -0.636799 -1.078799 2.354551 0.089110 -0.521314 -1.203337 5.549761 -0.460604
13 -0.262249 -0.245572 -1.299244 -0.841292 0.568137 0.353068 -0.018753 -0.380973 0.494283 -1.366059 0.361684 -0.218747 3.116546 -0.260830
13 -0.281163 -0.901710 -0.381887 0.406311 -0.148093 0.156441 -0.980708 -0.609937 1.260494 0.095688 -1.325056 -0.013825 3.294304 -0.570858
13 -0.081515 -0.891295 0.525779 -1.171616 0.050929 0.062223 -0.429826 0.321010 0.710540 -0.734604 -0.997450 0.417688 2.614834 -0.396698
13 2.344561 -0.537267 -0.415144 -0.471889 -0.671008 -0.270089 -0.923808 -0.854994 -0.641824 -0.981148 -0.642653 -0.167143 4.927561 -0.695156
4 -1.326198 -0.817192 0.631349 3.978523 -0.280528 -0.759879 -0.705081 -0.277439 -0.128926 -0.984418 -0.391345 -0.731941 2.326155 -0.533080
13 1.066618 -0.358485 -0.092886 0.914377 -0.329391 -0.313297 -2.126813 -1.180242 2.224772 -1.049600 -0.539045 -0.942759 3.490396 -0.763646
8 -1.213166 2.467771 -0.276408 -0.025420 -0.225053 -0.991220 -1.538431 3.377186 -1.117704 0.605329 0.082283 0.165893 -1.454323 0.143264
13 0.721146 -0.165383 -0.145299 -0.294813 -0.173179 -0.492046 -0.742011 0.881357 -0.113582 0.426243 -0.976786 0.083503 1.154945 -0.164094
12 0.509487 -0.808187 -0.366695 -0.168384 -0.216477 0.048878 0.203567 -0.301849 0.604145 0.081200 -0.544329 1.106288 0.002875 -0.150521
13 -0.816384 -0.563515 -0.024048 -0.445284 -1.497775 -1.274600 -0.152909 0.083445 -0.246211 -0.912169 -1.151991 0.319268 6.685819 -0.003646
13 0.785540 1.003166 -0.639969 -1.238370 -0.747786 -0.869839 -0.859849 -0.597128 -0.010424 0.774836 0.461795 0.477359 1.932168 -0.471501
13 -0.127946 -1.375264 0.646215 0.132752 -0.100447 -0.569560 0.296785 0.024287 0.037590 -0.788484 -0.984681 -0.942406 4.287123 -0.535966
13 1.434038 -0.628134 0.351409 -0.598708 -0.198402 -0.166296 -0.902577 0.531829 -0.225920 -0.374105 -0.654627 -0.388444 2.030690 -0.210752
13 -1.203415 1.064510 0.156718 0.173055 -0.568069 -0.653155 -0.694387 -0.691316 1.140634 -1.167839 -0.978457 0.621072 3.750654 -0.950004
13 0.196617 -0.640551 -1.124644 -0.495844 -0.538124 -0.767272 -0.396145 0.373365 0.055246 -0.900579 0.793873 -0.113328 3.843310 -0.285926
7 -3.645299 -5.026251 -3.756782 -4.422929 -4.362677 -4.630055 51.819545 -3.192675 -3.490598 -4.066366 -3.424698 -4.026520 -3.785781 -3.988912
7 -0.262434 -0.000381 -0.261458 -0.415065 -0.185440 -0.390490 2.481050 -0.060878 -0.362958 -0.419043 0.595637 0.036329 -0.090521 -0.664348
7 -4.339405 -4.617698 -4.168813 -5.173616 -4.289768 -3.960512 52.093749 -4.622411 -3.210279 -4.006631 -2.145358 -4.125017 -2.843284 -4.590955
5 0.278796 0.946437 -0.222090 -1.008156 1.670140 1.285007 -0.515871 1.047543 -0.408693 -0.996426 0.164862 -0.996503 -1.008676 -0.236368
7 -0.062261 -0.993034 -0.348596 -2.166554 -0.027126 -1.018359 12.118326 -0.428759 -1.831984 -1.233378 -1.134091 -1.113622 -1.274170 -0.486394
7 -0.639650 -0.122257 0.063979 0.588958 0.127327 1.668919 2.558524 -1.845243 0.329629 -0.135307 -0.874948 -0.749006 0.209643 -1.180569
7 -4.545131 -3.758622 -4.464668 -4.382231 -4.144272 -3.955908 55.457113 -4.162226 -4.365969 -3.778050 -4.742129 -4.598427 -4.059325 -4.500153
7 -1.479787 -0.829404 -0.366387 -0.037274 1.293879 -0.799545 3.610961 -0.225875 -0.463071 0.108361 -1.183472 -0.123727 0.234482 0.260858
7 -0.714699 -0.925548 -1.012768 -0.864551 -0.687080 -0.394666 9.313285 -0.943687 -0.746242 -0.762832 -0.856906 -0.423001 -0.370847 -0.610457
13 -0.283871 0.517784 -0.552231 -0.346046 -0.391623 0.747354 1.158658 -0.769186 -0.488571 -1.069965 -0.092396 -0.694611 1.909039 0.355665
7 -4.035194 -4.282834 -4.311804 -4.048871 -4.361366 -4.632509 52.734400 -4.508015 -3.856202 -3.735444 -4.804165 -4.195803 -1.128166 -4.834026
7 -3.498703 -3.232279 -4.221957 -4.578139 -3.670879 -4.577960 49.304765 -4.252905 -3.696412 -3.603576 -3.978081 -4.639905 -4.287445 -1.066523
7 -5.219333 -5.545404 -5.845334 -6.599287 -6.801726 -4.726873 71.898742 -4.852645 -5.156634 -5.668385 -5.752890 -4.354752 -4.673855 -6.701622
7 -3.985043 -4.507038 -3.633074 -4.388337 -3.539762 -4.213040 52.832634 -4.148775 -4.142387 -4.519710 -4.215539 -4.007113 -3.649389 -3.883426
12 -0.023485 -1.424799 1.684309 -1.314445 0.069738 0.502628 -0.962925 -0.532808 0.102299 0.928070 -0.536462 2.463438 -0.899322 -0.056238
7 -4.106773 -4.254432 -3.794233 -3.794840 -3.715829 -3.887597 52.746389 -4.593716 -2.989521 -4.199416 -5.261165 -4.000842 -4.454059 -3.693965
7 -6.302217 -6.305114 -5.531906 -5.650968 -5.894299 -6.363992 76.312781 -4.713931 -5.355316 -6.361052 -6.774837 -4.944235 -5.812291 -6.302623
7 0.160108 -1.479374 0.211377 0.038724 -0.049158 -0.636049 4.091093 -0.580358 0.107545 0.694584 -0.909980 -0.616028 0.077348 -1.109834
7 -5.560130 -3.602169 -3.973364 -3.732443 -3.603171 -4.108691 53.210988 -3.737447 -4.957698 -4.164997 -3.898345 -3.938647 -4.067660 -3.866225
11 -0.808778 -1.914605 -0.577204 -0.871009 -0.383342 -0.160201 -1.666074 -0.124434 -0.321704 -0.772269 7.884603 0.273858 -0.060792 -0.498049
7 -4.641164 -4.154485 -4.198879 -4.069511 -3.841887 -3.854595 55.656986 -4.088544 -5.459574 -4.319527 -3.855896 -4.123521 -4.547642 -4.501760
7 -3.315266 -5.258595 -4.092121 -4.979975 -3.460360 -4.897984 54.582558 -4.174840 -3.614596 -3.583010 -5.400725 -4.246216 -4.260938 -3.297930
7 -3.906262 -4.805559 -4.951323 -5.238296 -4.714240 -4.961473 60.053993 -4.827167 -4.645896 -4.550226 -4.598988 -5.080182 -3.522621 -4.251760
7 3.403587 0.135701 -1.686521 -0.760312 -0.193922 -1.443235 3.476407 -0.036155 -1.218558 -1.137936 0.135670 -0.368805 0.772134 -1.078057
7 -4.380886 -3.982835 -3.058091 -4.134680 -4.030434 -4.081222 50.813766 -4.030333 -3.802702 -4.207699 -3.325047 -4.068766 -4.104285 -3.606787
12 -0.930028 -0.001684 1.362781 -0.309229 -0.273689 -0.073059 -0.996367 -0.117973 -0.658533 0.719428 0.447651 1.548939 -0.303124 -0.415114
13 0.144614 -0.419917 1.491103 -0.160179 -1.084517 -0.816419 -0.838120 -1.421729 -0.032374 -0.824405 -0.572038 0.876706 3.727590 -0.070314
6 -0.078574 -0.644841 -0.163028 -0.026897 -0.576516 0.983103 0.480811 0.474093 -0.335934 -0.215487 0.042855 0.471082 0.226173 -0.636839
12 0.111169 -1.074659 -0.043945 -0.380984 -0.571519 0.309831 0.005135 0.137361 0.457259 -0.190974 -0.784373 1.112282 0.725242 0.188176
12 0.799711 0.946494 -0.486366 -0.146638 -0.949522 -1.318182 -0.786145 -0.445097 0.060434 -0.084978 -0.052821 1.143059 0.821679 0.498370
9 -0.038872 -0.850658 0.410541 0.222274 0.309847 0.051944 -0.685580 -1.252070 2.097693 -0.578871 0.306945 0.480104 -0.830435 0.357138
3 -1.657659 0.433330 2.688008 -0.494324 0.311781 -0.424278 -0.182088 -0.732759 -1.286882 -0.966909 0.902768 -0.574876 0.032467 1.951421
8 0.288660 0.179543 -0.418447 -0.136880 -0.021814 -0.035904 -0.317293 0.646636 -0.252623 -0.275781 -0.317466 0.253778 0.358274 0.049317
12 -1.165990 -0.211647 -0.262481 -0.286926 -0.049053 -0.180631 1.090249 -0.562732 0.036858 -1.000382 -0.450959 5.051080 -0.907204 -1.100183
7 1.192791 0.393716 -0.287045 0.606208 -0.253176 0.160676 1.627115 -0.396836 -1.644673 -0.583949 0.117243 -0.764683 -0.773248 0.605862
10 -0.075524 0.659464 -0.072256 -0.435092 -0.236299 -0.520337 -0.207894 -0.048812 0.001821 1.652557 -0.317848 0.182499 -0.422390 -0.159889
7 -0.123441 -0.715749 0.135395 -0.973909 0.991729 -0.327896 3.021153 -0.594763 -0.236474 -0.031140 -0.641632 -0.547905 0.565090 -0.520459
12 -1.193481 -0.646465 -1.149688 -0.949116 -0.501565 -1.024616 -1.168809 -0.507233 -0.638649 -1.088234 -0.246709 9.609368 -0.110378 -0.384425
12 -0.323696 -0.549231 0.344215 -0.099941 -0.505981 -0.038877 0.271852 -0.728138 0.032939 0.426509 -0.178072 0.985912 0.287367 0.075142
12 -0.516042 -0.595239 -0.446936 -0.628536 1.210917 -0.723560 0.458055 0.530193 0.158220 0.028009 -0.898860 2.390926 -1.506918 0.539769
12 -0.335374 -0.204121 -0.276902 0.490601 0.111815 -0.478592 0.738950 -0.701848 -1.172930 -0.148925 0.047512 1.929620 -0.267437 0.267632
5 -2.380030 2.727682 -2.554485 -0.550569 8.392709 -1.413557 -0.744852 1.418061 -2.506370 -0.819920 -2.275551 1.578115 -0.379482 -0.491750
3 -0.212191 0.268260 0.748811 0.208576 -0.146217 0.266594 -0.032212 -0.406508 -0.796919 0.160089 0.296192 0.577346 -1.334800 0.402981
10 0.365706 -2.436688 -0.351818 -0.811214 0.573003 -0.345340 -0.743000 0.813443 -0.072644 2.593804 -1.188861 1.354225 0.220697 0.028687
2 0.795878 1.200841 0.308314 -0.430944 -0.587458 -0.792873 -0.428203 -1.238694 0.149294 0.955113 -0.368951 1.059100 -0.312968 -0.308450
14 0.086648 -1.327168 -0.042251 -0.507045 -0.272644 -0.374136 0.257836 -0.543603 0.798326 0.316428 -1.236985 0.943607 0.238660 1.662328
12 -2.647230 -0.116204 0.314147 -1.211267 -0.885179 -0.001567 1.502195 -0.109959 -1.326023 -1.509422 0.379315 7.291550 -1.538883 -0.141473
12 -0.396328 -0.450742 0.392906 -0.285462 -0.535692 0.860623 0.624191 -0.685316 0.983445 -0.136949 0.834372 0.990501 -1.688703 -0.506847
14 -0.984608 -1.401146 -0.582131 -1.974888 -1.232953 -1.272167 -0.930415 -0.859321 -0.401706 -0.088699 -0.774776 -0.213626 -0.872695 11.589130
14 0.493452 0.812084 0.422317 -0.624311 -0.724491 -0.281000 -0.402891 -1.043152 0.301435 -0.577656 -0.277557 -0.232632 0.237213 1.897190
14 -2.240070 -0.887602 -1.067398 -1.621455 -0.818425 -0.795565 0.189027 -0.922251 -2.608068 3.076932 -0.357542 -0.840155 -1.281443 10.174017
14 -1.913815 -0.280058 -1.682965 -0.887842 -0.726826 -2.675204 0.487019 -0.578499 1.968420 -1.422300 -0.144852 -1.939634 -1.094152 10.890707
4 -0.780715 1.284657 -0.169616 1.697204 -0.238675 -2.123565 -0.576705 0.063832 0.180275 -0.487816 -1.077418 -0.263522 1.427874 1.064189
14 -1.205735 -0.307626 -0.025295 -0.024001 -0.073821 -0.037036 -0.911606 -0.937233 -1.564689 0.235783 0.571780 0.474309 0.429211 3.375962
6 0.282426 0.477506 0.055373 -0.454165 -0.275916 0.962496 -1.384152 -0.367114 0.239229 -0.602472 0.570798 -0.200224 0.536436 0.159779
14 -1.317603 -0.709224 -0.134568 -0.041797 0.207669 -0.828686 0.615060 0.803084 0.982747 -1.540602 -0.453385 0.719720 0.216353 1.481231
14 0.024462 -1.309914 0.225016 -1.826716 -1.064175 -1.349150 -1.411194 -1.174614 -0.190590 -0.361351 -0.027151 -0.166269 0.647453 7.984194
14 -0.355754 -1.583590 -0.126076 -0.222253 -0.541083 -0.943084 -0.348114 -0.845944 -1.207470 -0.334002 -0.752371 -1.381356 -0.191412 8.832508
14 -0.403641 -0.369245 -0.225142 -0.705402 -0.280544 -0.131487 0.130815 -0.077037 0.720476 -0.927017 -0.196271 0.325901 0.776714 1.361880
14 -0.125787 -1.055848 0.856634 -0.271396 -0.162818 -0.245736 -0.304501 -1.003980 -0.006944 -0.330612 -0.871201 -0.055239 1.593221 1.984205
5 0.023748 -0.669489 0.251039 -0.523783 1.107897 0.187365 0.540471 -0.940647 0.442818 0.644203 -0.382679 -0.438824 -0.637243 0.395123
8 -0.919045 -1.037592 -0.421739 -0.801709 -0.241495 0.476629 0.295974 1.238979 0.926283 -0.570593 -0.009615 0.507773 -0.058275 0.614425
5 -0.403087 0.497833 -0.221445 0.377768 1.603734 0.087773 0.314369 -0.829709 -0.702157 -0.401292 0.503672 0.746402 -1.404597 -0.169263
14 -0.558892 -0.449863 0.230799 0.180079 -0.323515 -0.480427 0.601620 -0.631361 -1.178654 0.269133 0.306818 -0.023916 -0.805292 2.863470
14 -0.928605 -0.451023 -0.287600 -0.559856 -0.747600 -0.907087 0.668708 0.327500 -0.059948 -1.233116 0.257688 -0.459984 -0.391199 4.772121
14 1.348028 -1.503000 0.049177 -0.107678 -0.150617 -0.855752 -0.380739 -0.062981 0.207785 -0.361260 -0.547048 0.395054 0.177572 1.791459
14 -0.764177 -0.853044 -0.130740 -1.440844 -0.595485 -1.301419 -0.882747 -0.944525 0.305370 -0.875369 -1.066358 -0.204086 0.492539 8.260885
14 -0.295463 -0.752530 -0.086304 -1.478649 -0.602767 0.840708 -1.275659 -0.685379 -0.339959 0.184937 0.957608 0.305602 0.369976 2.857879
4 -0.247405 0.553227 0.283997 0.899056 0.609261 -1.006432 0.807935 0.198063 -1.727382 0.537688 0.385858 -0.815763 -1.095174 0.617072
14 -0.178601 -1.207838 0.160494 0.478501 -0.296833 0.155845 -1.518454 -0.373804 0.308073 -0.428972 -0.428243 -0.844842 1.143439 3.031236
8 -0.888704 0.828396 -0.016281 0.322472 0.104339 0.187883 0.236543 2.886322 -1.669014 -0.921195 -0.096068 -0.463751 -0.831531 0.320587
8 0.544337 0.383732 -1.099856 -0.274340 -1.628529 0.695733 -0.388930 8.352594 -1.010671 -1.722086 -1.809592 0.465246 -0.914224 -1.593414
5 0.708144 -1.541488 -0.949332 -1.636708 12.820932 0.351575 -1.936042 -0.858146 -0.457835 -1.150213 -1.514688 -0.948659 -1.367029 -1.520510
8 -0.525887 -1.694000 -1.012454 -0.650032 -0.931010 -1.211516 0.093509 10.218590 -0.527511 -0.580468 -1.408452 -0.607068 0.124718 -1.288421
1 1.691360 -2.230909 0.892854 -0.781629 -0.654496 -0.549084 -1.463269 1.542051 1.638758 1.604635 -1.479121 0.135425 0.376924 -0.723499
10 1.301433 -0.706932 -0.641556 -0.070879 -0.893083 -0.290452 -1.113459 -0.556793 0.836309 1.322482 0.203407 0.252236 0.253801 0.103485
8 -1.137391 -0.083022 0.212905 -2.102655 -0.520560 1.042617 0.432898 6.059134 -0.544944 -0.524414 -0.723772 -0.761980 -0.491711 -0.857103
8 -1.391450 -1.125814 -2.303596 -1.076722 -1.173404 -0.886856 4.659922 6.571218 -1.607520 -0.767591 -1.826144 1.284408 0.211391 -0.567844
8 -0.168440 0.295144 -0.732994 -0.510602 -0.431029 -0.274538 -2.042668 6.499796 -1.042109 -1.662609 0.321483 1.315897 -1.449231 -0.118102
1 1.406690 0.564424 -0.065728 -0.224577 -0.956276 0.302481 -0.204015 0.364386 0.064921 -0.400681 -0.318149 0.760075 -1.290778 -0.002774
6 -0.324575 0.906705 -0.250179 0.633865 -0.067192 1.135654 -0.371010 0.575446 -2.015162 0.213228 1.026822 -0.501064 -0.947493 -0.015044
8 -0.841683 0.601509 1.957132 -0.384158 0.966869 0.335603 0.012466 4.731000 -1.507314 -0.817205 -1.233182 -0.909606 -2.873896 -0.037533
14 -0.253265 1.157746 -1.335629 -0.186613 -0.850765 -0.338679 -1.268581 -0.235432 -0.216164 -0.466686 -0.282756 0.830524 1.661475 1.784826
7 0.199337 0.076310 -0.224350 -0.368214 -0.029564 0.003230 0.764942 -0.135432 0.096399 0.098859 0.064879 -0.278903 0.105126 -0.372619
8 -0.448645 0.968099 -0.024647 -0.893117 -0.231768 -0.072209 -0.268577 3.278106 0.670529 -0.624097 -0.780358 -0.379947 -0.797051 -0.396318
2 -0.567106 1.244864 0.053328 0.587386 0.958258 -0.060178 -0.164838 0.553440 -0.929338 -0.706410 -0.544828 -0.048474 -0.021058 -0.355047
13 0.432781 -0.050884 -0.401054 -0.635634 -0.929409 -0.485561 0.804284 0.227635 -0.088783 -0.662246 -0.127551 -0.500872 1.941294 0.476003
8 -0.140129 0.001396 -1.177529 0.388018 -0.412533 -1.108172 0.132239 1.900863 0.620692 -1.039681 -0.043752 -0.233344 0.079440 1.032494
6 -0.094079 1.440261 -1.250455 -0.329344 -0.623696 1.908504 0.151822 -0.183195 -0.678288 -0.367943 0.398286 -0.387986 -0.441750 0.457863
8 -0.738906 -0.564734 1.341618 -1.650926 -0.402265 1.872459 0.906252 2.591671 -1.725854 0.518375 -0.598055 -0.308892 -1.097746 -0.142996
8 -0.959849 0.530238 -0.245489 -0.552826 0.282789 -0.686964 -0.238725 3.029606 -0.480006 -0.496359 -0.354725 0.409212 -0.107842 -0.129060
8 -0.816013 -0.897396 0.337549 1.172799 -1.144735 1.038146 -1.267189 3.774281 -0.404296 -0.022258 -0.734661 -0.054985 -0.726715 -0.254527
2 -0.684517 2.072771 -0.541682 0.358086 -0.313057 0.534857 1.005463 -2.180865 -0.302212 0.162473 1.203756 -0.064567 -0.374043 -0.876461
3 0.081373 -1.525152 0.977361 -0.086754 0.201695 -0.417929 -0.302955 0.081050 0.751721 0.416547 -0.485630 0.812108 -0.532676 0.029240
9 -0.517403 -1.401160 -0.144223 -0.060634 0.007942 -0.410861 0.303896 0.064449 2.026572 -0.505185 -0.540022 0.981083 -0.293666 0.489212
9 0.207159 -0.138487 -0.075759 0.025537 0.417332 0.379950 -0.488605 -0.164972 0.423749 -0.562342 -0.059211 -0.011898 0.269955 -0.222408
9 0.730922 -0.383165 0.007623 -0.751197 -0.279566 -1.404197 -0.186761 -0.561707 1.546133 1.420100 -0.780157 0.558967 1.353145 -1.270140
9 1.095135 -1.637150 0.040188 -0.626675 0.085793 0.239366 -0.163156 -0.733486 3.283334 -0.238294 -0.014629 0.181554 -0.416001 -1.095978
13 -0.303890 -0.854890 0.862814 -1.091203 -0.413969 -0.630421 -0.154460 -0.354727 1.184031 -0.079339 -0.611177 -0.100454 3.389713 -0.842029
13 0.230797 -0.214185 0.468373 -0.707597 0.382586 -0.560289 -0.334025 -0.755417 0.152386 0.325171 -0.209855 -0.163463 2.038519 -0.653001
9 0.231491 -0.542728 0.098873 -0.224512 -0.096577 -0.042117 -0.164757 -0.246551 0.750639 0.098710 -0.243261 0.266986 0.071850 0.041955
14 -0.634719 -0.338693 0.248846 0.374570 -0.204429 0.520607 -0.646947 -0.780463 0.828010 -0.589143 0.196761 0.358006 -0.702307 1.369899
9 -0.510837 -0.846900 0.312792 -0.023969 -0.382436 -0.140937 -0.007637 0.077715 2.750845 0.754375 0.227229 -0.716418 -0.621446 -0.872375
9 0.453127 -0.800637 0.140161 0.266898 0.122080 -0.245855 -0.332818 -0.388087 1.194054 -0.233696 -0.315306 0.137816 0.142035 -0.139771
9 -0.522107 -1.226243 0.915458 -0.901899 0.374249 -0.707229 0.216324 -0.418902 1.775163 0.553039 -0.940619 0.584743 -0.178664 0.476689
3 -0.171717 -0.082867 0.884679 -0.770255 0.375406 -0.123013 -0.550285 0.752146 0.671928 0.136188 -0.392145 -0.171858 -0.716173 0.157965
1 1.031312 -2.283657 -0.175308 0.853998 0.895634 -0.105572 -1.044092 -0.704527 0.979972 0.617782 -0.546328 0.531572 0.528988 -0.579773
14 -0.154656 -0.268604 0.259672 0.782998 -0.505010 -0.076552 0.159458 -0.100551 0.136137 -0.063396 -0.558077 -0.522352 -0.090159 1.001092
7 0.109736 0.084457 -0.411721 -1.640101 0.907665 0.078187 1.649514 0.050673 0.309838 0.204957 -1.331695 -0.607136 0.447968 0.147656
14 0.312048 -0.870247 -0.029680 0.996701 -0.417052 -0.853975 -0.272887 -0.528073 -0.374519 0.613749 0.105296 -0.233663 0.218282 1.334020
4 0.912753 -2.143048 -0.711462 2.528298 -0.011247 -0.818539 -0.336782 -0.227353 1.859510 -0.776711 -0.946852 0.410762 0.827132 -0.566460
6 -0.198659 -1.047574 0.432544 -0.844377 -0.308201 1.685389 -0.448585 -0.455219 0.311738 0.420875 -1.162866 -0.143157 0.900473 0.857619
